[1.533s] Invoking command in '/home/xelf/warehouse-automation-001/cuopt_bridge': PYTHONPATH=/home/xelf/warehouse-automation-001/build/cuopt_bridge/prefix_override:/usr/lib/python3/dist-packages/colcon_core/task/python/colcon_distutils_commands:/home/xelf/warehouse-automation-001/install/cuopt_bridge/lib/python3.10/site-packages:${PYTHONPATH} /usr/bin/python3 -W ignore:setup.py install is deprecated -W ignore:easy_install command is deprecated setup.py egg_info --egg-base ../build/cuopt_bridge build --build-base /home/xelf/warehouse-automation-001/build/cuopt_bridge/build install --record /home/xelf/warehouse-automation-001/build/cuopt_bridge/install.log --single-version-externally-managed install_data
[1.742s] running egg_info
[1.742s] writing ../build/cuopt_bridge/cuopt_bridge.egg-info/PKG-INFO
[1.743s] writing dependency_links to ../build/cuopt_bridge/cuopt_bridge.egg-info/dependency_links.txt
[1.743s] writing entry points to ../build/cuopt_bridge/cuopt_bridge.egg-info/entry_points.txt
[1.744s] writing requirements to ../build/cuopt_bridge/cuopt_bridge.egg-info/requires.txt
[1.744s] writing top-level names to ../build/cuopt_bridge/cuopt_bridge.egg-info/top_level.txt
[1.747s] reading manifest file '../build/cuopt_bridge/cuopt_bridge.egg-info/SOURCES.txt'
[1.747s] writing manifest file '../build/cuopt_bridge/cuopt_bridge.egg-info/SOURCES.txt'
[1.747s] running build
[1.747s] running build_py
[1.747s] running install
[1.747s] running install_lib
[1.748s] running install_data
[1.748s] running install_egg_info
[1.750s] removing '/home/xelf/warehouse-automation-001/install/cuopt_bridge/lib/python3.10/site-packages/cuopt_bridge-0.0.0-py3.10.egg-info' (and everything under it)
[1.750s] Copying ../build/cuopt_bridge/cuopt_bridge.egg-info to /home/xelf/warehouse-automation-001/install/cuopt_bridge/lib/python3.10/site-packages/cuopt_bridge-0.0.0-py3.10.egg-info
[1.751s] running install_scripts
[1.773s] Installing cuopt_bridge script to /home/xelf/warehouse-automation-001/install/cuopt_bridge/lib/cuopt_bridge
[1.773s] Installing cuopt_client script to /home/xelf/warehouse-automation-001/install/cuopt_bridge/lib/cuopt_bridge
[1.773s] writing list of installed files to '/home/xelf/warehouse-automation-001/build/cuopt_bridge/install.log'
[1.844s] Invoked command in '/home/xelf/warehouse-automation-001/cuopt_bridge' returned '0': PYTHONPATH=/home/xelf/warehouse-automation-001/build/cuopt_bridge/prefix_override:/usr/lib/python3/dist-packages/colcon_core/task/python/colcon_distutils_commands:/home/xelf/warehouse-automation-001/install/cuopt_bridge/lib/python3.10/site-packages:${PYTHONPATH} /usr/bin/python3 -W ignore:setup.py install is deprecated -W ignore:easy_install command is deprecated setup.py egg_info --egg-base ../build/cuopt_bridge build --build-base /home/xelf/warehouse-automation-001/build/cuopt_bridge/build install --record /home/xelf/warehouse-automation-001/build/cuopt_bridge/install.log --single-version-externally-managed install_data
