[0.444s] Invoking command in '/home/xelf/warehouse-automation/build/orchestrator': PYTHONPATH=/home/xelf/warehouse-automation/build/orchestrator/prefix_override:/usr/lib/python3/dist-packages/colcon_core/task/python/colcon_distutils_commands:/home/xelf/warehouse-automation/install/orchestrator/lib/python3.10/site-packages:${PYTHONPATH} /usr/bin/python3 -W ignore:setup.py install is deprecated -W ignore:easy_install command is deprecated setup.py develop --editable --build-directory /home/xelf/warehouse-automation/build/orchestrator/build --no-deps symlink_data
[0.639s] running develop
[0.736s] running egg_info
[0.736s] writing orchestrator.egg-info/PKG-INFO
[0.737s] writing dependency_links to orchestrator.egg-info/dependency_links.txt
[0.737s] writing entry points to orchestrator.egg-info/entry_points.txt
[0.737s] writing requirements to orchestrator.egg-info/requires.txt
[0.737s] writing top-level names to orchestrator.egg-info/top_level.txt
[0.739s] reading manifest file 'orchestrator.egg-info/SOURCES.txt'
[0.739s] writing manifest file 'orchestrator.egg-info/SOURCES.txt'
[0.740s] running build_ext
[0.740s] Creating /home/xelf/warehouse-automation/install/orchestrator/lib/python3.10/site-packages/orchestrator.egg-link (link to .)
[0.741s] Installing amr_robot script to /home/xelf/warehouse-automation/install/orchestrator/lib/orchestrator
[0.741s] Installing fleet_manager script to /home/xelf/warehouse-automation/install/orchestrator/lib/orchestrator
[0.741s] Installing fleet_task_generator script to /home/xelf/warehouse-automation/install/orchestrator/lib/orchestrator
[0.741s] Installing fleet_visualization script to /home/xelf/warehouse-automation/install/orchestrator/lib/orchestrator
[0.741s] Installing gazebo_fleet_mover script to /home/xelf/warehouse-automation/install/orchestrator/lib/orchestrator
[0.741s] Installing orchestrator script to /home/xelf/warehouse-automation/install/orchestrator/lib/orchestrator
[0.742s] Installing robot_state_monitor script to /home/xelf/warehouse-automation/install/orchestrator/lib/orchestrator
[0.742s] Installing task_executor script to /home/xelf/warehouse-automation/install/orchestrator/lib/orchestrator
[0.742s] Installing test_gazebo_mover script to /home/xelf/warehouse-automation/install/orchestrator/lib/orchestrator
[0.742s] 
[0.742s] Installed /home/xelf/warehouse-automation/build/orchestrator
[0.742s] running symlink_data
[0.765s] Invoked command in '/home/xelf/warehouse-automation/build/orchestrator' returned '0': PYTHONPATH=/home/xelf/warehouse-automation/build/orchestrator/prefix_override:/usr/lib/python3/dist-packages/colcon_core/task/python/colcon_distutils_commands:/home/xelf/warehouse-automation/install/orchestrator/lib/python3.10/site-packages:${PYTHONPATH} /usr/bin/python3 -W ignore:setup.py install is deprecated -W ignore:easy_install command is deprecated setup.py develop --editable --build-directory /home/xelf/warehouse-automation/build/orchestrator/build --no-deps symlink_data
