[1.448s] DEBUG:colcon:Command line arguments: ['/usr/bin/colcon', 'build', '--packages-select', 'orchestrator', '--symlink-install']
[1.448s] DEBUG:colcon:Parsed command line arguments: Namespace(log_base=None, log_level=None, verb_name='build', build_base='build', install_base='install', merge_install=False, symlink_install=True, test_result_base=None, continue_on_error=False, executor='parallel', parallel_workers=12, event_handlers=None, ignore_user_meta=False, metas=['./colcon.meta'], base_paths=['.'], packages_ignore=None, packages_ignore_regex=None, paths=None, packages_up_to=None, packages_up_to_regex=None, packages_above=None, packages_above_and_dependencies=None, packages_above_depth=None, packages_select_by_dep=None, packages_skip_by_dep=None, packages_skip_up_to=None, packages_select_build_failed=False, packages_skip_build_finished=False, packages_select_test_failures=False, packages_skip_test_passed=False, packages_select=['orchestrator'], packages_skip=None, packages_select_regex=None, packages_skip_regex=None, packages_start=None, packages_end=None, allow_overriding=[], cmake_args=None, cmake_target=None, cmake_target_skip_unavailable=False, cmake_clean_cache=False, cmake_clean_first=False, cmake_force_configure=False, ament_cmake_args=None, catkin_cmake_args=None, catkin_skip_building_tests=False, mixin_files=None, mixin=None, verb_parser=<colcon_mixin.mixin.mixin_argument.MixinArgumentDecorator object at 0x7fa11b5498a0>, verb_extension=<colcon_core.verb.build.BuildVerb object at 0x7fa11b5492a0>, main=<bound method BuildVerb.main of <colcon_core.verb.build.BuildVerb object at 0x7fa11b5492a0>>, mixin_verb=('build',))
[1.795s] Level 1:colcon.colcon_core.package_discovery:discover_packages(colcon_meta) check parameters
[1.795s] Level 1:colcon.colcon_core.package_discovery:discover_packages(recursive) check parameters
[1.795s] Level 1:colcon.colcon_core.package_discovery:discover_packages(ignore) check parameters
[1.795s] Level 1:colcon.colcon_core.package_discovery:discover_packages(path) check parameters
[1.795s] Level 1:colcon.colcon_core.package_discovery:discover_packages(colcon_meta) discover
[1.795s] Level 1:colcon.colcon_core.package_discovery:discover_packages(recursive) discover
[1.795s] INFO:colcon.colcon_core.package_discovery:Crawling recursively for packages in '/home/xelf/warehouse-automation-001'
[1.795s] Level 1:colcon.colcon_core.package_identification:_identify(.) by extensions ['ignore', 'ignore_ament_install']
[1.796s] Level 1:colcon.colcon_core.package_identification:_identify(.) by extension 'ignore'
[1.796s] Level 1:colcon.colcon_core.package_identification:_identify(.) by extension 'ignore_ament_install'
[1.796s] Level 1:colcon.colcon_core.package_identification:_identify(.) by extensions ['colcon_pkg']
[1.796s] Level 1:colcon.colcon_core.package_identification:_identify(.) by extension 'colcon_pkg'
[1.796s] Level 1:colcon.colcon_core.package_identification:_identify(.) by extensions ['colcon_meta']
[1.796s] Level 1:colcon.colcon_core.package_identification:_identify(.) by extension 'colcon_meta'
[1.796s] Level 1:colcon.colcon_core.package_identification:_identify(.) by extensions ['ros']
[1.796s] Level 1:colcon.colcon_core.package_identification:_identify(.) by extension 'ros'
[1.817s] Level 1:colcon.colcon_core.package_identification:_identify(.) by extensions ['cmake', 'python']
[1.817s] Level 1:colcon.colcon_core.package_identification:_identify(.) by extension 'cmake'
[1.817s] Level 1:colcon.colcon_core.package_identification:_identify(.) by extension 'python'
[1.817s] Level 1:colcon.colcon_core.package_identification:_identify(.) by extensions ['python_setup_py']
[1.817s] Level 1:colcon.colcon_core.package_identification:_identify(.) by extension 'python_setup_py'
[1.817s] Level 1:colcon.colcon_core.package_identification:_identify(amr_description) by extensions ['ignore', 'ignore_ament_install']
[1.817s] Level 1:colcon.colcon_core.package_identification:_identify(amr_description) by extension 'ignore'
[1.817s] Level 1:colcon.colcon_core.package_identification:_identify(amr_description) by extension 'ignore_ament_install'
[1.818s] Level 1:colcon.colcon_core.package_identification:_identify(amr_description) by extensions ['colcon_pkg']
[1.818s] Level 1:colcon.colcon_core.package_identification:_identify(amr_description) by extension 'colcon_pkg'
[1.818s] Level 1:colcon.colcon_core.package_identification:_identify(amr_description) by extensions ['colcon_meta']
[1.818s] Level 1:colcon.colcon_core.package_identification:_identify(amr_description) by extension 'colcon_meta'
[1.818s] Level 1:colcon.colcon_core.package_identification:_identify(amr_description) by extensions ['ros']
[1.818s] Level 1:colcon.colcon_core.package_identification:_identify(amr_description) by extension 'ros'
[1.822s] DEBUG:colcon.colcon_core.package_identification:Package 'amr_description' with type 'ros.ament_python' and name 'amr_description'
[1.823s] Level 1:colcon.colcon_core.package_identification:_identify(build) by extensions ['ignore', 'ignore_ament_install']
[1.823s] Level 1:colcon.colcon_core.package_identification:_identify(build) by extension 'ignore'
[1.823s] Level 1:colcon.colcon_core.package_identification:_identify(build) ignored
[1.823s] Level 1:colcon.colcon_core.package_identification:_identify(cuopt_bridge) by extensions ['ignore', 'ignore_ament_install']
[1.823s] Level 1:colcon.colcon_core.package_identification:_identify(cuopt_bridge) by extension 'ignore'
[1.823s] Level 1:colcon.colcon_core.package_identification:_identify(cuopt_bridge) by extension 'ignore_ament_install'
[1.823s] Level 1:colcon.colcon_core.package_identification:_identify(cuopt_bridge) by extensions ['colcon_pkg']
[1.823s] Level 1:colcon.colcon_core.package_identification:_identify(cuopt_bridge) by extension 'colcon_pkg'
[1.823s] Level 1:colcon.colcon_core.package_identification:_identify(cuopt_bridge) by extensions ['colcon_meta']
[1.823s] Level 1:colcon.colcon_core.package_identification:_identify(cuopt_bridge) by extension 'colcon_meta'
[1.824s] Level 1:colcon.colcon_core.package_identification:_identify(cuopt_bridge) by extensions ['ros']
[1.824s] Level 1:colcon.colcon_core.package_identification:_identify(cuopt_bridge) by extension 'ros'
[1.824s] DEBUG:colcon.colcon_core.package_identification:Package 'cuopt_bridge' with type 'ros.ament_python' and name 'cuopt_bridge'
[1.825s] Level 1:colcon.colcon_core.package_identification:_identify(hello_world_pkgs) by extensions ['ignore', 'ignore_ament_install']
[1.825s] Level 1:colcon.colcon_core.package_identification:_identify(hello_world_pkgs) by extension 'ignore'
[1.825s] Level 1:colcon.colcon_core.package_identification:_identify(hello_world_pkgs) by extension 'ignore_ament_install'
[1.825s] Level 1:colcon.colcon_core.package_identification:_identify(hello_world_pkgs) by extensions ['colcon_pkg']
[1.825s] Level 1:colcon.colcon_core.package_identification:_identify(hello_world_pkgs) by extension 'colcon_pkg'
[1.825s] Level 1:colcon.colcon_core.package_identification:_identify(hello_world_pkgs) by extensions ['colcon_meta']
[1.825s] Level 1:colcon.colcon_core.package_identification:_identify(hello_world_pkgs) by extension 'colcon_meta'
[1.825s] Level 1:colcon.colcon_core.package_identification:_identify(hello_world_pkgs) by extensions ['ros']
[1.825s] Level 1:colcon.colcon_core.package_identification:_identify(hello_world_pkgs) by extension 'ros'
[1.827s] DEBUG:colcon.colcon_core.package_identification:Package 'hello_world_pkgs' with type 'ros.ament_python' and name 'hello_world_pkgs'
[1.827s] Level 1:colcon.colcon_core.package_identification:_identify(install) by extensions ['ignore', 'ignore_ament_install']
[1.827s] Level 1:colcon.colcon_core.package_identification:_identify(install) by extension 'ignore'
[1.827s] Level 1:colcon.colcon_core.package_identification:_identify(install) ignored
[1.827s] Level 1:colcon.colcon_core.package_identification:_identify(log) by extensions ['ignore', 'ignore_ament_install']
[1.828s] Level 1:colcon.colcon_core.package_identification:_identify(log) by extension 'ignore'
[1.828s] Level 1:colcon.colcon_core.package_identification:_identify(log) ignored
[1.828s] Level 1:colcon.colcon_core.package_identification:_identify(orchestrator) by extensions ['ignore', 'ignore_ament_install']
[1.831s] Level 1:colcon.colcon_core.package_identification:_identify(orchestrator) by extension 'ignore'
[1.832s] Level 1:colcon.colcon_core.package_identification:_identify(orchestrator) by extension 'ignore_ament_install'
[1.832s] Level 1:colcon.colcon_core.package_identification:_identify(orchestrator) by extensions ['colcon_pkg']
[1.832s] Level 1:colcon.colcon_core.package_identification:_identify(orchestrator) by extension 'colcon_pkg'
[1.832s] Level 1:colcon.colcon_core.package_identification:_identify(orchestrator) by extensions ['colcon_meta']
[1.832s] Level 1:colcon.colcon_core.package_identification:_identify(orchestrator) by extension 'colcon_meta'
[1.832s] Level 1:colcon.colcon_core.package_identification:_identify(orchestrator) by extensions ['ros']
[1.832s] Level 1:colcon.colcon_core.package_identification:_identify(orchestrator) by extension 'ros'
[1.836s] DEBUG:colcon.colcon_core.package_identification:Package 'orchestrator' with type 'ros.ament_python' and name 'orchestrator'
[1.837s] Level 1:colcon.colcon_core.package_identification:_identify(order_system) by extensions ['ignore', 'ignore_ament_install']
[1.837s] Level 1:colcon.colcon_core.package_identification:_identify(order_system) by extension 'ignore'
[1.837s] Level 1:colcon.colcon_core.package_identification:_identify(order_system) by extension 'ignore_ament_install'
[1.837s] Level 1:colcon.colcon_core.package_identification:_identify(order_system) by extensions ['colcon_pkg']
[1.837s] Level 1:colcon.colcon_core.package_identification:_identify(order_system) by extension 'colcon_pkg'
[1.838s] Level 1:colcon.colcon_core.package_identification:_identify(order_system) by extensions ['colcon_meta']
[1.838s] Level 1:colcon.colcon_core.package_identification:_identify(order_system) by extension 'colcon_meta'
[1.838s] Level 1:colcon.colcon_core.package_identification:_identify(order_system) by extensions ['ros']
[1.838s] Level 1:colcon.colcon_core.package_identification:_identify(order_system) by extension 'ros'
[1.839s] DEBUG:colcon.colcon_core.package_identification:Package 'order_system' with type 'ros.ament_python' and name 'order_system'
[1.839s] Level 1:colcon.colcon_core.package_identification:_identify(warehouse_msgs) by extensions ['ignore', 'ignore_ament_install']
[1.839s] Level 1:colcon.colcon_core.package_identification:_identify(warehouse_msgs) by extension 'ignore'
[1.839s] Level 1:colcon.colcon_core.package_identification:_identify(warehouse_msgs) by extension 'ignore_ament_install'
[1.839s] Level 1:colcon.colcon_core.package_identification:_identify(warehouse_msgs) by extensions ['colcon_pkg']
[1.839s] Level 1:colcon.colcon_core.package_identification:_identify(warehouse_msgs) by extension 'colcon_pkg'
[1.839s] Level 1:colcon.colcon_core.package_identification:_identify(warehouse_msgs) by extensions ['colcon_meta']
[1.839s] Level 1:colcon.colcon_core.package_identification:_identify(warehouse_msgs) by extension 'colcon_meta'
[1.839s] Level 1:colcon.colcon_core.package_identification:_identify(warehouse_msgs) by extensions ['ros']
[1.839s] Level 1:colcon.colcon_core.package_identification:_identify(warehouse_msgs) by extension 'ros'
[1.841s] DEBUG:colcon.colcon_core.package_identification:Package 'warehouse_msgs' with type 'ros.ament_python' and name 'warehouse_msgs'
[1.841s] Level 1:colcon.colcon_core.package_identification:_identify(wsl.localhost) by extensions ['ignore', 'ignore_ament_install']
[1.841s] Level 1:colcon.colcon_core.package_identification:_identify(wsl.localhost) by extension 'ignore'
[1.841s] Level 1:colcon.colcon_core.package_identification:_identify(wsl.localhost) by extension 'ignore_ament_install'
[1.841s] Level 1:colcon.colcon_core.package_identification:_identify(wsl.localhost) by extensions ['colcon_pkg']
[1.841s] Level 1:colcon.colcon_core.package_identification:_identify(wsl.localhost) by extension 'colcon_pkg'
[1.841s] Level 1:colcon.colcon_core.package_identification:_identify(wsl.localhost) by extensions ['colcon_meta']
[1.841s] Level 1:colcon.colcon_core.package_identification:_identify(wsl.localhost) by extension 'colcon_meta'
[1.841s] Level 1:colcon.colcon_core.package_identification:_identify(wsl.localhost) by extensions ['ros']
[1.841s] Level 1:colcon.colcon_core.package_identification:_identify(wsl.localhost) by extension 'ros'
[1.842s] Level 1:colcon.colcon_core.package_identification:_identify(wsl.localhost) by extensions ['cmake', 'python']
[1.842s] Level 1:colcon.colcon_core.package_identification:_identify(wsl.localhost) by extension 'cmake'
[1.842s] Level 1:colcon.colcon_core.package_identification:_identify(wsl.localhost) by extension 'python'
[1.842s] Level 1:colcon.colcon_core.package_identification:_identify(wsl.localhost) by extensions ['python_setup_py']
[1.842s] Level 1:colcon.colcon_core.package_identification:_identify(wsl.localhost) by extension 'python_setup_py'
[1.844s] Level 1:colcon.colcon_core.package_identification:_identify(wsl.localhost/Ubuntu-22.04) by extensions ['ignore', 'ignore_ament_install']
[1.845s] Level 1:colcon.colcon_core.package_identification:_identify(wsl.localhost/Ubuntu-22.04) by extension 'ignore'
[1.845s] Level 1:colcon.colcon_core.package_identification:_identify(wsl.localhost/Ubuntu-22.04) by extension 'ignore_ament_install'
[1.846s] Level 1:colcon.colcon_core.package_identification:_identify(wsl.localhost/Ubuntu-22.04) by extensions ['colcon_pkg']
[1.846s] Level 1:colcon.colcon_core.package_identification:_identify(wsl.localhost/Ubuntu-22.04) by extension 'colcon_pkg'
[1.846s] Level 1:colcon.colcon_core.package_identification:_identify(wsl.localhost/Ubuntu-22.04) by extensions ['colcon_meta']
[1.846s] Level 1:colcon.colcon_core.package_identification:_identify(wsl.localhost/Ubuntu-22.04) by extension 'colcon_meta'
[1.847s] Level 1:colcon.colcon_core.package_identification:_identify(wsl.localhost/Ubuntu-22.04) by extensions ['ros']
[1.847s] Level 1:colcon.colcon_core.package_identification:_identify(wsl.localhost/Ubuntu-22.04) by extension 'ros'
[1.851s] Level 1:colcon.colcon_core.package_identification:_identify(wsl.localhost/Ubuntu-22.04) by extensions ['cmake', 'python']
[1.851s] Level 1:colcon.colcon_core.package_identification:_identify(wsl.localhost/Ubuntu-22.04) by extension 'cmake'
[1.852s] Level 1:colcon.colcon_core.package_identification:_identify(wsl.localhost/Ubuntu-22.04) by extension 'python'
[1.852s] Level 1:colcon.colcon_core.package_identification:_identify(wsl.localhost/Ubuntu-22.04) by extensions ['python_setup_py']
[1.852s] Level 1:colcon.colcon_core.package_identification:_identify(wsl.localhost/Ubuntu-22.04) by extension 'python_setup_py'
[1.852s] Level 1:colcon.colcon_core.package_identification:_identify(wsl.localhost/Ubuntu-22.04/home) by extensions ['ignore', 'ignore_ament_install']
[1.852s] Level 1:colcon.colcon_core.package_identification:_identify(wsl.localhost/Ubuntu-22.04/home) by extension 'ignore'
[1.853s] Level 1:colcon.colcon_core.package_identification:_identify(wsl.localhost/Ubuntu-22.04/home) by extension 'ignore_ament_install'
[1.853s] Level 1:colcon.colcon_core.package_identification:_identify(wsl.localhost/Ubuntu-22.04/home) by extensions ['colcon_pkg']
[1.853s] Level 1:colcon.colcon_core.package_identification:_identify(wsl.localhost/Ubuntu-22.04/home) by extension 'colcon_pkg'
[1.853s] Level 1:colcon.colcon_core.package_identification:_identify(wsl.localhost/Ubuntu-22.04/home) by extensions ['colcon_meta']
[1.853s] Level 1:colcon.colcon_core.package_identification:_identify(wsl.localhost/Ubuntu-22.04/home) by extension 'colcon_meta'
[1.853s] Level 1:colcon.colcon_core.package_identification:_identify(wsl.localhost/Ubuntu-22.04/home) by extensions ['ros']
[1.853s] Level 1:colcon.colcon_core.package_identification:_identify(wsl.localhost/Ubuntu-22.04/home) by extension 'ros'
[1.853s] Level 1:colcon.colcon_core.package_identification:_identify(wsl.localhost/Ubuntu-22.04/home) by extensions ['cmake', 'python']
[1.854s] Level 1:colcon.colcon_core.package_identification:_identify(wsl.localhost/Ubuntu-22.04/home) by extension 'cmake'
[1.854s] Level 1:colcon.colcon_core.package_identification:_identify(wsl.localhost/Ubuntu-22.04/home) by extension 'python'
[1.854s] Level 1:colcon.colcon_core.package_identification:_identify(wsl.localhost/Ubuntu-22.04/home) by extensions ['python_setup_py']
[1.854s] Level 1:colcon.colcon_core.package_identification:_identify(wsl.localhost/Ubuntu-22.04/home) by extension 'python_setup_py'
[1.854s] Level 1:colcon.colcon_core.package_identification:_identify(wsl.localhost/Ubuntu-22.04/home/xelf) by extensions ['ignore', 'ignore_ament_install']
[1.854s] Level 1:colcon.colcon_core.package_identification:_identify(wsl.localhost/Ubuntu-22.04/home/xelf) by extension 'ignore'
[1.854s] Level 1:colcon.colcon_core.package_identification:_identify(wsl.localhost/Ubuntu-22.04/home/xelf) by extension 'ignore_ament_install'
[1.854s] Level 1:colcon.colcon_core.package_identification:_identify(wsl.localhost/Ubuntu-22.04/home/xelf) by extensions ['colcon_pkg']
[1.854s] Level 1:colcon.colcon_core.package_identification:_identify(wsl.localhost/Ubuntu-22.04/home/xelf) by extension 'colcon_pkg'
[1.854s] Level 1:colcon.colcon_core.package_identification:_identify(wsl.localhost/Ubuntu-22.04/home/xelf) by extensions ['colcon_meta']
[1.854s] Level 1:colcon.colcon_core.package_identification:_identify(wsl.localhost/Ubuntu-22.04/home/xelf) by extension 'colcon_meta'
[1.854s] Level 1:colcon.colcon_core.package_identification:_identify(wsl.localhost/Ubuntu-22.04/home/xelf) by extensions ['ros']
[1.854s] Level 1:colcon.colcon_core.package_identification:_identify(wsl.localhost/Ubuntu-22.04/home/xelf) by extension 'ros'
[1.854s] Level 1:colcon.colcon_core.package_identification:_identify(wsl.localhost/Ubuntu-22.04/home/xelf) by extensions ['cmake', 'python']
[1.854s] Level 1:colcon.colcon_core.package_identification:_identify(wsl.localhost/Ubuntu-22.04/home/xelf) by extension 'cmake'
[1.854s] Level 1:colcon.colcon_core.package_identification:_identify(wsl.localhost/Ubuntu-22.04/home/xelf) by extension 'python'
[1.854s] Level 1:colcon.colcon_core.package_identification:_identify(wsl.localhost/Ubuntu-22.04/home/xelf) by extensions ['python_setup_py']
[1.854s] Level 1:colcon.colcon_core.package_identification:_identify(wsl.localhost/Ubuntu-22.04/home/xelf) by extension 'python_setup_py'
[1.855s] Level 1:colcon.colcon_core.package_identification:_identify(wsl.localhost/Ubuntu-22.04/home/xelf/warehouse-automation-001) by extensions ['ignore', 'ignore_ament_install']
[1.855s] Level 1:colcon.colcon_core.package_identification:_identify(wsl.localhost/Ubuntu-22.04/home/xelf/warehouse-automation-001) by extension 'ignore'
[1.855s] Level 1:colcon.colcon_core.package_identification:_identify(wsl.localhost/Ubuntu-22.04/home/xelf/warehouse-automation-001) by extension 'ignore_ament_install'
[1.855s] Level 1:colcon.colcon_core.package_identification:_identify(wsl.localhost/Ubuntu-22.04/home/xelf/warehouse-automation-001) by extensions ['colcon_pkg']
[1.855s] Level 1:colcon.colcon_core.package_identification:_identify(wsl.localhost/Ubuntu-22.04/home/xelf/warehouse-automation-001) by extension 'colcon_pkg'
[1.855s] Level 1:colcon.colcon_core.package_identification:_identify(wsl.localhost/Ubuntu-22.04/home/xelf/warehouse-automation-001) by extensions ['colcon_meta']
[1.855s] Level 1:colcon.colcon_core.package_identification:_identify(wsl.localhost/Ubuntu-22.04/home/xelf/warehouse-automation-001) by extension 'colcon_meta'
[1.855s] Level 1:colcon.colcon_core.package_identification:_identify(wsl.localhost/Ubuntu-22.04/home/xelf/warehouse-automation-001) by extensions ['ros']
[1.855s] Level 1:colcon.colcon_core.package_identification:_identify(wsl.localhost/Ubuntu-22.04/home/xelf/warehouse-automation-001) by extension 'ros'
[1.855s] Level 1:colcon.colcon_core.package_identification:_identify(wsl.localhost/Ubuntu-22.04/home/xelf/warehouse-automation-001) by extensions ['cmake', 'python']
[1.855s] Level 1:colcon.colcon_core.package_identification:_identify(wsl.localhost/Ubuntu-22.04/home/xelf/warehouse-automation-001) by extension 'cmake'
[1.855s] Level 1:colcon.colcon_core.package_identification:_identify(wsl.localhost/Ubuntu-22.04/home/xelf/warehouse-automation-001) by extension 'python'
[1.855s] Level 1:colcon.colcon_core.package_identification:_identify(wsl.localhost/Ubuntu-22.04/home/xelf/warehouse-automation-001) by extensions ['python_setup_py']
[1.855s] Level 1:colcon.colcon_core.package_identification:_identify(wsl.localhost/Ubuntu-22.04/home/xelf/warehouse-automation-001) by extension 'python_setup_py'
[1.855s] Level 1:colcon.colcon_core.package_identification:_identify(wsl.localhost/Ubuntu-22.04/home/xelf/warehouse-automation-001/amr_description) by extensions ['ignore', 'ignore_ament_install']
[1.856s] Level 1:colcon.colcon_core.package_identification:_identify(wsl.localhost/Ubuntu-22.04/home/xelf/warehouse-automation-001/amr_description) by extension 'ignore'
[1.856s] Level 1:colcon.colcon_core.package_identification:_identify(wsl.localhost/Ubuntu-22.04/home/xelf/warehouse-automation-001/amr_description) by extension 'ignore_ament_install'
[1.856s] Level 1:colcon.colcon_core.package_identification:_identify(wsl.localhost/Ubuntu-22.04/home/xelf/warehouse-automation-001/amr_description) by extensions ['colcon_pkg']
[1.856s] Level 1:colcon.colcon_core.package_identification:_identify(wsl.localhost/Ubuntu-22.04/home/xelf/warehouse-automation-001/amr_description) by extension 'colcon_pkg'
[1.856s] Level 1:colcon.colcon_core.package_identification:_identify(wsl.localhost/Ubuntu-22.04/home/xelf/warehouse-automation-001/amr_description) by extensions ['colcon_meta']
[1.856s] Level 1:colcon.colcon_core.package_identification:_identify(wsl.localhost/Ubuntu-22.04/home/xelf/warehouse-automation-001/amr_description) by extension 'colcon_meta'
[1.856s] Level 1:colcon.colcon_core.package_identification:_identify(wsl.localhost/Ubuntu-22.04/home/xelf/warehouse-automation-001/amr_description) by extensions ['ros']
[1.856s] Level 1:colcon.colcon_core.package_identification:_identify(wsl.localhost/Ubuntu-22.04/home/xelf/warehouse-automation-001/amr_description) by extension 'ros'
[1.856s] Level 1:colcon.colcon_core.package_identification:_identify(wsl.localhost/Ubuntu-22.04/home/xelf/warehouse-automation-001/amr_description) by extensions ['cmake', 'python']
[1.856s] Level 1:colcon.colcon_core.package_identification:_identify(wsl.localhost/Ubuntu-22.04/home/xelf/warehouse-automation-001/amr_description) by extension 'cmake'
[1.856s] Level 1:colcon.colcon_core.package_identification:_identify(wsl.localhost/Ubuntu-22.04/home/xelf/warehouse-automation-001/amr_description) by extension 'python'
[1.856s] Level 1:colcon.colcon_core.package_identification:_identify(wsl.localhost/Ubuntu-22.04/home/xelf/warehouse-automation-001/amr_description) by extensions ['python_setup_py']
[1.856s] Level 1:colcon.colcon_core.package_identification:_identify(wsl.localhost/Ubuntu-22.04/home/xelf/warehouse-automation-001/amr_description) by extension 'python_setup_py'
[1.857s] Level 1:colcon.colcon_core.package_identification:_identify(wsl.localhost/Ubuntu-22.04/home/xelf/warehouse-automation-001/amr_description/gazebo) by extensions ['ignore', 'ignore_ament_install']
[1.857s] Level 1:colcon.colcon_core.package_identification:_identify(wsl.localhost/Ubuntu-22.04/home/xelf/warehouse-automation-001/amr_description/gazebo) by extension 'ignore'
[1.857s] Level 1:colcon.colcon_core.package_identification:_identify(wsl.localhost/Ubuntu-22.04/home/xelf/warehouse-automation-001/amr_description/gazebo) by extension 'ignore_ament_install'
[1.857s] Level 1:colcon.colcon_core.package_identification:_identify(wsl.localhost/Ubuntu-22.04/home/xelf/warehouse-automation-001/amr_description/gazebo) by extensions ['colcon_pkg']
[1.857s] Level 1:colcon.colcon_core.package_identification:_identify(wsl.localhost/Ubuntu-22.04/home/xelf/warehouse-automation-001/amr_description/gazebo) by extension 'colcon_pkg'
[1.857s] Level 1:colcon.colcon_core.package_identification:_identify(wsl.localhost/Ubuntu-22.04/home/xelf/warehouse-automation-001/amr_description/gazebo) by extensions ['colcon_meta']
[1.857s] Level 1:colcon.colcon_core.package_identification:_identify(wsl.localhost/Ubuntu-22.04/home/xelf/warehouse-automation-001/amr_description/gazebo) by extension 'colcon_meta'
[1.857s] Level 1:colcon.colcon_core.package_identification:_identify(wsl.localhost/Ubuntu-22.04/home/xelf/warehouse-automation-001/amr_description/gazebo) by extensions ['ros']
[1.857s] Level 1:colcon.colcon_core.package_identification:_identify(wsl.localhost/Ubuntu-22.04/home/xelf/warehouse-automation-001/amr_description/gazebo) by extension 'ros'
[1.857s] Level 1:colcon.colcon_core.package_identification:_identify(wsl.localhost/Ubuntu-22.04/home/xelf/warehouse-automation-001/amr_description/gazebo) by extensions ['cmake', 'python']
[1.857s] Level 1:colcon.colcon_core.package_identification:_identify(wsl.localhost/Ubuntu-22.04/home/xelf/warehouse-automation-001/amr_description/gazebo) by extension 'cmake'
[1.857s] Level 1:colcon.colcon_core.package_identification:_identify(wsl.localhost/Ubuntu-22.04/home/xelf/warehouse-automation-001/amr_description/gazebo) by extension 'python'
[1.857s] Level 1:colcon.colcon_core.package_identification:_identify(wsl.localhost/Ubuntu-22.04/home/xelf/warehouse-automation-001/amr_description/gazebo) by extensions ['python_setup_py']
[1.857s] Level 1:colcon.colcon_core.package_identification:_identify(wsl.localhost/Ubuntu-22.04/home/xelf/warehouse-automation-001/amr_description/gazebo) by extension 'python_setup_py'
[1.858s] Level 1:colcon.colcon_core.package_identification:_identify(wsl.localhost/Ubuntu-22.04/home/xelf/warehouse-automation-001/orchestrator) by extensions ['ignore', 'ignore_ament_install']
[1.858s] Level 1:colcon.colcon_core.package_identification:_identify(wsl.localhost/Ubuntu-22.04/home/xelf/warehouse-automation-001/orchestrator) by extension 'ignore'
[1.858s] Level 1:colcon.colcon_core.package_identification:_identify(wsl.localhost/Ubuntu-22.04/home/xelf/warehouse-automation-001/orchestrator) by extension 'ignore_ament_install'
[1.858s] Level 1:colcon.colcon_core.package_identification:_identify(wsl.localhost/Ubuntu-22.04/home/xelf/warehouse-automation-001/orchestrator) by extensions ['colcon_pkg']
[1.858s] Level 1:colcon.colcon_core.package_identification:_identify(wsl.localhost/Ubuntu-22.04/home/xelf/warehouse-automation-001/orchestrator) by extension 'colcon_pkg'
[1.858s] Level 1:colcon.colcon_core.package_identification:_identify(wsl.localhost/Ubuntu-22.04/home/xelf/warehouse-automation-001/orchestrator) by extensions ['colcon_meta']
[1.858s] Level 1:colcon.colcon_core.package_identification:_identify(wsl.localhost/Ubuntu-22.04/home/xelf/warehouse-automation-001/orchestrator) by extension 'colcon_meta'
[1.858s] Level 1:colcon.colcon_core.package_identification:_identify(wsl.localhost/Ubuntu-22.04/home/xelf/warehouse-automation-001/orchestrator) by extensions ['ros']
[1.858s] Level 1:colcon.colcon_core.package_identification:_identify(wsl.localhost/Ubuntu-22.04/home/xelf/warehouse-automation-001/orchestrator) by extension 'ros'
[1.858s] Level 1:colcon.colcon_core.package_identification:_identify(wsl.localhost/Ubuntu-22.04/home/xelf/warehouse-automation-001/orchestrator) by extensions ['cmake', 'python']
[1.858s] Level 1:colcon.colcon_core.package_identification:_identify(wsl.localhost/Ubuntu-22.04/home/xelf/warehouse-automation-001/orchestrator) by extension 'cmake'
[1.858s] Level 1:colcon.colcon_core.package_identification:_identify(wsl.localhost/Ubuntu-22.04/home/xelf/warehouse-automation-001/orchestrator) by extension 'python'
[1.858s] Level 1:colcon.colcon_core.package_identification:_identify(wsl.localhost/Ubuntu-22.04/home/xelf/warehouse-automation-001/orchestrator) by extensions ['python_setup_py']
[1.859s] Level 1:colcon.colcon_core.package_identification:_identify(wsl.localhost/Ubuntu-22.04/home/xelf/warehouse-automation-001/orchestrator) by extension 'python_setup_py'
[1.859s] Level 1:colcon.colcon_core.package_identification:_identify(wsl.localhost/Ubuntu-22.04/home/xelf/warehouse-automation-001/orchestrator/params) by extensions ['ignore', 'ignore_ament_install']
[1.859s] Level 1:colcon.colcon_core.package_identification:_identify(wsl.localhost/Ubuntu-22.04/home/xelf/warehouse-automation-001/orchestrator/params) by extension 'ignore'
[1.859s] Level 1:colcon.colcon_core.package_identification:_identify(wsl.localhost/Ubuntu-22.04/home/xelf/warehouse-automation-001/orchestrator/params) by extension 'ignore_ament_install'
[1.859s] Level 1:colcon.colcon_core.package_identification:_identify(wsl.localhost/Ubuntu-22.04/home/xelf/warehouse-automation-001/orchestrator/params) by extensions ['colcon_pkg']
[1.859s] Level 1:colcon.colcon_core.package_identification:_identify(wsl.localhost/Ubuntu-22.04/home/xelf/warehouse-automation-001/orchestrator/params) by extension 'colcon_pkg'
[1.859s] Level 1:colcon.colcon_core.package_identification:_identify(wsl.localhost/Ubuntu-22.04/home/xelf/warehouse-automation-001/orchestrator/params) by extensions ['colcon_meta']
[1.859s] Level 1:colcon.colcon_core.package_identification:_identify(wsl.localhost/Ubuntu-22.04/home/xelf/warehouse-automation-001/orchestrator/params) by extension 'colcon_meta'
[1.859s] Level 1:colcon.colcon_core.package_identification:_identify(wsl.localhost/Ubuntu-22.04/home/xelf/warehouse-automation-001/orchestrator/params) by extensions ['ros']
[1.859s] Level 1:colcon.colcon_core.package_identification:_identify(wsl.localhost/Ubuntu-22.04/home/xelf/warehouse-automation-001/orchestrator/params) by extension 'ros'
[1.859s] Level 1:colcon.colcon_core.package_identification:_identify(wsl.localhost/Ubuntu-22.04/home/xelf/warehouse-automation-001/orchestrator/params) by extensions ['cmake', 'python']
[1.859s] Level 1:colcon.colcon_core.package_identification:_identify(wsl.localhost/Ubuntu-22.04/home/xelf/warehouse-automation-001/orchestrator/params) by extension 'cmake'
[1.859s] Level 1:colcon.colcon_core.package_identification:_identify(wsl.localhost/Ubuntu-22.04/home/xelf/warehouse-automation-001/orchestrator/params) by extension 'python'
[1.859s] Level 1:colcon.colcon_core.package_identification:_identify(wsl.localhost/Ubuntu-22.04/home/xelf/warehouse-automation-001/orchestrator/params) by extensions ['python_setup_py']
[1.859s] Level 1:colcon.colcon_core.package_identification:_identify(wsl.localhost/Ubuntu-22.04/home/xelf/warehouse-automation-001/orchestrator/params) by extension 'python_setup_py'
[1.860s] Level 1:colcon.colcon_core.package_discovery:discover_packages(recursive) using defaults
[1.860s] Level 1:colcon.colcon_core.package_discovery:discover_packages(ignore) discover
[1.860s] Level 1:colcon.colcon_core.package_discovery:discover_packages(ignore) using defaults
[1.860s] Level 1:colcon.colcon_core.package_discovery:discover_packages(path) discover
[1.860s] Level 1:colcon.colcon_core.package_discovery:discover_packages(path) using defaults
[1.942s] INFO:colcon.colcon_core.package_selection:Skipping not selected package 'amr_description' in 'amr_description'
[1.942s] INFO:colcon.colcon_core.package_selection:Skipping not selected package 'cuopt_bridge' in 'cuopt_bridge'
[1.943s] INFO:colcon.colcon_core.package_selection:Skipping not selected package 'hello_world_pkgs' in 'hello_world_pkgs'
[1.943s] INFO:colcon.colcon_core.package_selection:Skipping not selected package 'order_system' in 'order_system'
[1.943s] INFO:colcon.colcon_core.package_selection:Skipping not selected package 'warehouse_msgs' in 'warehouse_msgs'
[1.945s] Level 1:colcon.colcon_core.package_discovery:discover_packages(prefix_path) check parameters
[1.946s] Level 1:colcon.colcon_core.package_discovery:discover_packages(prefix_path) discover
[1.955s] DEBUG:colcon.colcon_installed_package_information.package_discovery:Found 383 installed packages in /opt/ros/humble
[1.960s] Level 1:colcon.colcon_core.package_discovery:discover_packages(prefix_path) using defaults
[2.056s] Level 5:colcon.colcon_core.verb:set package 'orchestrator' build argument 'cmake_args' from command line to 'None'
[2.057s] Level 5:colcon.colcon_core.verb:set package 'orchestrator' build argument 'cmake_target' from command line to 'None'
[2.057s] Level 5:colcon.colcon_core.verb:set package 'orchestrator' build argument 'cmake_target_skip_unavailable' from command line to 'False'
[2.057s] Level 5:colcon.colcon_core.verb:set package 'orchestrator' build argument 'cmake_clean_cache' from command line to 'False'
[2.057s] Level 5:colcon.colcon_core.verb:set package 'orchestrator' build argument 'cmake_clean_first' from command line to 'False'
[2.057s] Level 5:colcon.colcon_core.verb:set package 'orchestrator' build argument 'cmake_force_configure' from command line to 'False'
[2.057s] Level 5:colcon.colcon_core.verb:set package 'orchestrator' build argument 'ament_cmake_args' from command line to 'None'
[2.057s] Level 5:colcon.colcon_core.verb:set package 'orchestrator' build argument 'catkin_cmake_args' from command line to 'None'
[2.057s] Level 5:colcon.colcon_core.verb:set package 'orchestrator' build argument 'catkin_skip_building_tests' from command line to 'False'
[2.057s] DEBUG:colcon.colcon_core.verb:Building package 'orchestrator' with the following arguments: {'ament_cmake_args': None, 'build_base': '/home/xelf/warehouse-automation-001/build/orchestrator', 'catkin_cmake_args': None, 'catkin_skip_building_tests': False, 'cmake_args': None, 'cmake_clean_cache': False, 'cmake_clean_first': False, 'cmake_force_configure': False, 'cmake_target': None, 'cmake_target_skip_unavailable': False, 'install_base': '/home/xelf/warehouse-automation-001/install/orchestrator', 'merge_install': False, 'path': '/home/xelf/warehouse-automation-001/orchestrator', 'symlink_install': True, 'test_result_base': None}
[2.057s] INFO:colcon.colcon_core.executor:Executing jobs using 'parallel' executor
[2.060s] DEBUG:colcon.colcon_parallel_executor.executor.parallel:run_until_complete
[2.060s] INFO:colcon.colcon_ros.task.ament_python.build:Building ROS package in '/home/xelf/warehouse-automation-001/orchestrator' with build type 'ament_python'
[2.060s] Level 1:colcon.colcon_core.shell:create_environment_hook('orchestrator', 'ament_prefix_path')
[2.065s] INFO:colcon.colcon_core.plugin_system:Skipping extension 'colcon_core.shell.bat': Not used on non-Windows systems
[2.066s] INFO:colcon.colcon_core.shell:Creating environment hook '/home/xelf/warehouse-automation-001/install/orchestrator/share/orchestrator/hook/ament_prefix_path.ps1'
[2.067s] INFO:colcon.colcon_core.shell:Creating environment descriptor '/home/xelf/warehouse-automation-001/install/orchestrator/share/orchestrator/hook/ament_prefix_path.dsv'
[2.068s] INFO:colcon.colcon_core.shell:Creating environment hook '/home/xelf/warehouse-automation-001/install/orchestrator/share/orchestrator/hook/ament_prefix_path.sh'
[2.069s] INFO:colcon.colcon_core.shell:Skip shell extension 'powershell' for command environment: Not usable outside of PowerShell
[2.070s] DEBUG:colcon.colcon_core.shell:Skip shell extension 'dsv' for command environment
[2.609s] INFO:colcon.colcon_core.task.python.build:Building Python package in '/home/xelf/warehouse-automation-001/orchestrator'
[2.609s] INFO:colcon.colcon_core.shell:Skip shell extension 'powershell' for command environment: Not usable outside of PowerShell
[2.610s] DEBUG:colcon.colcon_core.shell:Skip shell extension 'dsv' for command environment
[3.302s] DEBUG:colcon.colcon_core.event_handler.log_command:Invoking command in '/home/xelf/warehouse-automation-001/build/orchestrator': PYTHONPATH=/home/xelf/warehouse-automation-001/build/orchestrator/prefix_override:/usr/lib/python3/dist-packages/colcon_core/task/python/colcon_distutils_commands:/home/xelf/warehouse-automation-001/install/orchestrator/lib/python3.10/site-packages:${PYTHONPATH} /usr/bin/python3 -W ignore:setup.py install is deprecated -W ignore:easy_install command is deprecated setup.py develop --editable --build-directory /home/xelf/warehouse-automation-001/build/orchestrator/build --no-deps symlink_data
[3.928s] Level 1:colcon.colcon_core.shell:create_environment_hook('orchestrator', 'pythonpath_develop')
[3.929s] DEBUG:colcon.colcon_core.event_handler.log_command:Invoked command in '/home/xelf/warehouse-automation-001/build/orchestrator' returned '0': PYTHONPATH=/home/xelf/warehouse-automation-001/build/orchestrator/prefix_override:/usr/lib/python3/dist-packages/colcon_core/task/python/colcon_distutils_commands:/home/xelf/warehouse-automation-001/install/orchestrator/lib/python3.10/site-packages:${PYTHONPATH} /usr/bin/python3 -W ignore:setup.py install is deprecated -W ignore:easy_install command is deprecated setup.py develop --editable --build-directory /home/xelf/warehouse-automation-001/build/orchestrator/build --no-deps symlink_data
[3.929s] INFO:colcon.colcon_core.shell:Creating environment hook '/home/xelf/warehouse-automation-001/build/orchestrator/share/orchestrator/hook/pythonpath_develop.ps1'
[3.931s] INFO:colcon.colcon_core.shell:Creating environment descriptor '/home/xelf/warehouse-automation-001/build/orchestrator/share/orchestrator/hook/pythonpath_develop.dsv'
[3.931s] INFO:colcon.colcon_core.shell:Creating environment hook '/home/xelf/warehouse-automation-001/build/orchestrator/share/orchestrator/hook/pythonpath_develop.sh'
[3.934s] Level 1:colcon.colcon_core.environment:checking '/home/xelf/warehouse-automation-001/install/orchestrator' for CMake module files
[3.935s] Level 1:colcon.colcon_core.environment:checking '/home/xelf/warehouse-automation-001/install/orchestrator' for CMake config files
[3.936s] Level 1:colcon.colcon_core.environment:checking '/home/xelf/warehouse-automation-001/install/orchestrator/lib'
[3.936s] Level 1:colcon.colcon_core.environment:checking '/home/xelf/warehouse-automation-001/install/orchestrator/bin'
[3.936s] Level 1:colcon.colcon_core.environment:checking '/home/xelf/warehouse-automation-001/install/orchestrator/lib/pkgconfig/orchestrator.pc'
[3.936s] Level 1:colcon.colcon_core.environment:checking '/home/xelf/warehouse-automation-001/install/orchestrator/lib/python3.10/site-packages'
[3.937s] Level 1:colcon.colcon_core.shell:create_environment_hook('orchestrator', 'pythonpath')
[3.937s] INFO:colcon.colcon_core.shell:Creating environment hook '/home/xelf/warehouse-automation-001/install/orchestrator/share/orchestrator/hook/pythonpath.ps1'
[3.938s] INFO:colcon.colcon_core.shell:Creating environment descriptor '/home/xelf/warehouse-automation-001/install/orchestrator/share/orchestrator/hook/pythonpath.dsv'
[3.938s] INFO:colcon.colcon_core.shell:Creating environment hook '/home/xelf/warehouse-automation-001/install/orchestrator/share/orchestrator/hook/pythonpath.sh'
[3.939s] Level 1:colcon.colcon_core.environment:checking '/home/xelf/warehouse-automation-001/install/orchestrator/bin'
[3.939s] Level 1:colcon.colcon_core.environment:create_environment_scripts_only(orchestrator)
[3.940s] INFO:colcon.colcon_core.shell:Creating package script '/home/xelf/warehouse-automation-001/install/orchestrator/share/orchestrator/package.ps1'
[3.941s] INFO:colcon.colcon_core.shell:Creating package descriptor '/home/xelf/warehouse-automation-001/install/orchestrator/share/orchestrator/package.dsv'
[3.942s] INFO:colcon.colcon_core.shell:Creating package script '/home/xelf/warehouse-automation-001/install/orchestrator/share/orchestrator/package.sh'
[3.943s] INFO:colcon.colcon_core.shell:Creating package script '/home/xelf/warehouse-automation-001/install/orchestrator/share/orchestrator/package.bash'
[3.944s] INFO:colcon.colcon_core.shell:Creating package script '/home/xelf/warehouse-automation-001/install/orchestrator/share/orchestrator/package.zsh'
[3.944s] Level 1:colcon.colcon_core.environment:create_file_with_runtime_dependencies(/home/xelf/warehouse-automation-001/install/orchestrator/share/colcon-core/packages/orchestrator)
[3.945s] DEBUG:colcon.colcon_parallel_executor.executor.parallel:closing loop
[3.947s] DEBUG:colcon.colcon_parallel_executor.executor.parallel:loop closed
[3.947s] DEBUG:colcon.colcon_parallel_executor.executor.parallel:run_until_complete finished with '0'
[3.947s] DEBUG:colcon.colcon_core.event_reactor:joining thread
[4.240s] INFO:colcon.colcon_core.plugin_system:Skipping extension 'colcon_notification.desktop_notification.notify_send': Could not find 'notify-send'
[4.241s] INFO:colcon.colcon_core.plugin_system:Skipping extension 'colcon_notification.desktop_notification.terminal_notifier': Not used on non-Darwin systems
[4.241s] INFO:colcon.colcon_core.plugin_system:Skipping extension 'colcon_notification.desktop_notification.win32': Not used on non-Windows systems
[4.241s] INFO:colcon.colcon_notification.desktop_notification:Sending desktop notification using 'notify2'
[4.241s] DEBUG:colcon.colcon_notification.desktop_notification.notify2:Failed to initialize notify2: org.freedesktop.DBus.Error.FileNotFound: Failed to connect to socket /run/user/1000/bus: No such file or directory
[4.241s] DEBUG:colcon.colcon_core.event_reactor:joined thread
[4.242s] INFO:colcon.colcon_core.shell:Creating prefix script '/home/xelf/warehouse-automation-001/install/local_setup.ps1'
[4.244s] INFO:colcon.colcon_core.shell:Creating prefix util module '/home/xelf/warehouse-automation-001/install/_local_setup_util_ps1.py'
[4.245s] INFO:colcon.colcon_core.shell:Creating prefix chain script '/home/xelf/warehouse-automation-001/install/setup.ps1'
[4.247s] INFO:colcon.colcon_core.shell:Creating prefix script '/home/xelf/warehouse-automation-001/install/local_setup.sh'
[4.248s] INFO:colcon.colcon_core.shell:Creating prefix util module '/home/xelf/warehouse-automation-001/install/_local_setup_util_sh.py'
[4.250s] INFO:colcon.colcon_core.shell:Creating prefix chain script '/home/xelf/warehouse-automation-001/install/setup.sh'
[4.252s] INFO:colcon.colcon_core.shell:Creating prefix script '/home/xelf/warehouse-automation-001/install/local_setup.bash'
[4.253s] INFO:colcon.colcon_core.shell:Creating prefix chain script '/home/xelf/warehouse-automation-001/install/setup.bash'
[4.256s] INFO:colcon.colcon_core.shell:Creating prefix script '/home/xelf/warehouse-automation-001/install/local_setup.zsh'
[4.257s] INFO:colcon.colcon_core.shell:Creating prefix chain script '/home/xelf/warehouse-automation-001/install/setup.zsh'
