running egg_info
creating ../build/hello_world_pkgs/hello_world_pkgs.egg-info
writing ../build/hello_world_pkgs/hello_world_pkgs.egg-info/PKG-INFO
writing dependency_links to ../build/hello_world_pkgs/hello_world_pkgs.egg-info/dependency_links.txt
writing entry points to ../build/hello_world_pkgs/hello_world_pkgs.egg-info/entry_points.txt
writing requirements to ../build/hello_world_pkgs/hello_world_pkgs.egg-info/requires.txt
writing top-level names to ../build/hello_world_pkgs/hello_world_pkgs.egg-info/top_level.txt
writing manifest file '../build/hello_world_pkgs/hello_world_pkgs.egg-info/SOURCES.txt'
reading manifest file '../build/hello_world_pkgs/hello_world_pkgs.egg-info/SOURCES.txt'
writing manifest file '../build/hello_world_pkgs/hello_world_pkgs.egg-info/SOURCES.txt'
running build
running build_py
creating /home/xelf/warehouse-automation/build/hello_world_pkgs/build
creating /home/xelf/warehouse-automation/build/hello_world_pkgs/build/lib
creating /home/xelf/warehouse-automation/build/hello_world_pkgs/build/lib/hello_world_pkgs
copying hello_world_pkgs/hello_listener.py -> /home/xelf/warehouse-automation/build/hello_world_pkgs/build/lib/hello_world_pkgs
copying hello_world_pkgs/__init__.py -> /home/xelf/warehouse-automation/build/hello_world_pkgs/build/lib/hello_world_pkgs
copying hello_world_pkgs/hello_talker.py -> /home/xelf/warehouse-automation/build/hello_world_pkgs/build/lib/hello_world_pkgs
running install
running install_lib
creating /home/xelf/warehouse-automation/install/hello_world_pkgs/lib/python3.10/site-packages/hello_world_pkgs
copying /home/xelf/warehouse-automation/build/hello_world_pkgs/build/lib/hello_world_pkgs/hello_listener.py -> /home/xelf/warehouse-automation/install/hello_world_pkgs/lib/python3.10/site-packages/hello_world_pkgs
copying /home/xelf/warehouse-automation/build/hello_world_pkgs/build/lib/hello_world_pkgs/__init__.py -> /home/xelf/warehouse-automation/install/hello_world_pkgs/lib/python3.10/site-packages/hello_world_pkgs
copying /home/xelf/warehouse-automation/build/hello_world_pkgs/build/lib/hello_world_pkgs/hello_talker.py -> /home/xelf/warehouse-automation/install/hello_world_pkgs/lib/python3.10/site-packages/hello_world_pkgs
byte-compiling /home/xelf/warehouse-automation/install/hello_world_pkgs/lib/python3.10/site-packages/hello_world_pkgs/hello_listener.py to hello_listener.cpython-310.pyc
byte-compiling /home/xelf/warehouse-automation/install/hello_world_pkgs/lib/python3.10/site-packages/hello_world_pkgs/__init__.py to __init__.cpython-310.pyc
byte-compiling /home/xelf/warehouse-automation/install/hello_world_pkgs/lib/python3.10/site-packages/hello_world_pkgs/hello_talker.py to hello_talker.cpython-310.pyc
running install_data
creating /home/xelf/warehouse-automation/install/hello_world_pkgs/share/ament_index
creating /home/xelf/warehouse-automation/install/hello_world_pkgs/share/ament_index/resource_index
creating /home/xelf/warehouse-automation/install/hello_world_pkgs/share/ament_index/resource_index/packages
copying resource/hello_world_pkgs -> /home/xelf/warehouse-automation/install/hello_world_pkgs/share/ament_index/resource_index/packages
copying package.xml -> /home/xelf/warehouse-automation/install/hello_world_pkgs/share/hello_world_pkgs
creating /home/xelf/warehouse-automation/install/hello_world_pkgs/share/hello_world_pkgs/launch
copying launch/hello_world_launch.py -> /home/xelf/warehouse-automation/install/hello_world_pkgs/share/hello_world_pkgs/launch
running install_egg_info
Copying ../build/hello_world_pkgs/hello_world_pkgs.egg-info to /home/xelf/warehouse-automation/install/hello_world_pkgs/lib/python3.10/site-packages/hello_world_pkgs-0.0.0-py3.10.egg-info
running install_scripts
Installing hello_listener script to /home/xelf/warehouse-automation/install/hello_world_pkgs/lib/hello_world_pkgs
Installing hello_talker script to /home/xelf/warehouse-automation/install/hello_world_pkgs/lib/hello_world_pkgs
writing list of installed files to '/home/xelf/warehouse-automation/build/hello_world_pkgs/install.log'
