[1.419s] Invoking command in '/home/xelf/warehouse-automation/hello_world_pkgs': PYTHONPATH=/home/xelf/warehouse-automation/build/hello_world_pkgs/prefix_override:/usr/lib/python3/dist-packages/colcon_core/task/python/colcon_distutils_commands:/home/xelf/warehouse-automation/install/hello_world_pkgs/lib/python3.10/site-packages:${PYTHONPATH} /usr/bin/python3 -W ignore:setup.py install is deprecated -W ignore:easy_install command is deprecated setup.py egg_info --egg-base ../build/hello_world_pkgs build --build-base /home/xelf/warehouse-automation/build/hello_world_pkgs/build install --record /home/xelf/warehouse-automation/build/hello_world_pkgs/install.log --single-version-externally-managed install_data
[1.613s] running egg_info
[1.613s] creating ../build/hello_world_pkgs/hello_world_pkgs.egg-info
[1.614s] writing ../build/hello_world_pkgs/hello_world_pkgs.egg-info/PKG-INFO
[1.615s] writing dependency_links to ../build/hello_world_pkgs/hello_world_pkgs.egg-info/dependency_links.txt
[1.615s] writing entry points to ../build/hello_world_pkgs/hello_world_pkgs.egg-info/entry_points.txt
[1.615s] writing requirements to ../build/hello_world_pkgs/hello_world_pkgs.egg-info/requires.txt
[1.615s] writing top-level names to ../build/hello_world_pkgs/hello_world_pkgs.egg-info/top_level.txt
[1.615s] writing manifest file '../build/hello_world_pkgs/hello_world_pkgs.egg-info/SOURCES.txt'
[1.617s] reading manifest file '../build/hello_world_pkgs/hello_world_pkgs.egg-info/SOURCES.txt'
[1.618s] writing manifest file '../build/hello_world_pkgs/hello_world_pkgs.egg-info/SOURCES.txt'
[1.618s] running build
[1.618s] running build_py
[1.619s] creating /home/xelf/warehouse-automation/build/hello_world_pkgs/build
[1.619s] creating /home/xelf/warehouse-automation/build/hello_world_pkgs/build/lib
[1.619s] creating /home/xelf/warehouse-automation/build/hello_world_pkgs/build/lib/hello_world_pkgs
[1.621s] copying hello_world_pkgs/hello_listener.py -> /home/xelf/warehouse-automation/build/hello_world_pkgs/build/lib/hello_world_pkgs
[1.622s] copying hello_world_pkgs/__init__.py -> /home/xelf/warehouse-automation/build/hello_world_pkgs/build/lib/hello_world_pkgs
[1.622s] copying hello_world_pkgs/hello_talker.py -> /home/xelf/warehouse-automation/build/hello_world_pkgs/build/lib/hello_world_pkgs
[1.622s] running install
[1.623s] running install_lib
[1.624s] creating /home/xelf/warehouse-automation/install/hello_world_pkgs/lib/python3.10/site-packages/hello_world_pkgs
[1.624s] copying /home/xelf/warehouse-automation/build/hello_world_pkgs/build/lib/hello_world_pkgs/hello_listener.py -> /home/xelf/warehouse-automation/install/hello_world_pkgs/lib/python3.10/site-packages/hello_world_pkgs
[1.624s] copying /home/xelf/warehouse-automation/build/hello_world_pkgs/build/lib/hello_world_pkgs/__init__.py -> /home/xelf/warehouse-automation/install/hello_world_pkgs/lib/python3.10/site-packages/hello_world_pkgs
[1.624s] copying /home/xelf/warehouse-automation/build/hello_world_pkgs/build/lib/hello_world_pkgs/hello_talker.py -> /home/xelf/warehouse-automation/install/hello_world_pkgs/lib/python3.10/site-packages/hello_world_pkgs
[1.625s] byte-compiling /home/xelf/warehouse-automation/install/hello_world_pkgs/lib/python3.10/site-packages/hello_world_pkgs/hello_listener.py to hello_listener.cpython-310.pyc
[1.627s] byte-compiling /home/xelf/warehouse-automation/install/hello_world_pkgs/lib/python3.10/site-packages/hello_world_pkgs/__init__.py to __init__.cpython-310.pyc
[1.627s] byte-compiling /home/xelf/warehouse-automation/install/hello_world_pkgs/lib/python3.10/site-packages/hello_world_pkgs/hello_talker.py to hello_talker.cpython-310.pyc
[1.627s] running install_data
[1.628s] creating /home/xelf/warehouse-automation/install/hello_world_pkgs/share/ament_index
[1.628s] creating /home/xelf/warehouse-automation/install/hello_world_pkgs/share/ament_index/resource_index
[1.629s] creating /home/xelf/warehouse-automation/install/hello_world_pkgs/share/ament_index/resource_index/packages
[1.630s] copying resource/hello_world_pkgs -> /home/xelf/warehouse-automation/install/hello_world_pkgs/share/ament_index/resource_index/packages
[1.630s] copying package.xml -> /home/xelf/warehouse-automation/install/hello_world_pkgs/share/hello_world_pkgs
[1.630s] creating /home/xelf/warehouse-automation/install/hello_world_pkgs/share/hello_world_pkgs/launch
[1.630s] copying launch/hello_world_launch.py -> /home/xelf/warehouse-automation/install/hello_world_pkgs/share/hello_world_pkgs/launch
[1.630s] running install_egg_info
[1.633s] Copying ../build/hello_world_pkgs/hello_world_pkgs.egg-info to /home/xelf/warehouse-automation/install/hello_world_pkgs/lib/python3.10/site-packages/hello_world_pkgs-0.0.0-py3.10.egg-info
[1.633s] running install_scripts
[1.655s] Installing hello_listener script to /home/xelf/warehouse-automation/install/hello_world_pkgs/lib/hello_world_pkgs
[1.655s] Installing hello_talker script to /home/xelf/warehouse-automation/install/hello_world_pkgs/lib/hello_world_pkgs
[1.655s] writing list of installed files to '/home/xelf/warehouse-automation/build/hello_world_pkgs/install.log'
[1.692s] Invoked command in '/home/xelf/warehouse-automation/hello_world_pkgs' returned '0': PYTHONPATH=/home/xelf/warehouse-automation/build/hello_world_pkgs/prefix_override:/usr/lib/python3/dist-packages/colcon_core/task/python/colcon_distutils_commands:/home/xelf/warehouse-automation/install/hello_world_pkgs/lib/python3.10/site-packages:${PYTHONPATH} /usr/bin/python3 -W ignore:setup.py install is deprecated -W ignore:easy_install command is deprecated setup.py egg_info --egg-base ../build/hello_world_pkgs build --build-base /home/xelf/warehouse-automation/build/hello_world_pkgs/build install --record /home/xelf/warehouse-automation/build/hello_world_pkgs/install.log --single-version-externally-managed install_data
