running egg_info
writing ../build/order_system/order_system.egg-info/PKG-INFO
writing dependency_links to ../build/order_system/order_system.egg-info/dependency_links.txt
writing entry points to ../build/order_system/order_system.egg-info/entry_points.txt
writing requirements to ../build/order_system/order_system.egg-info/requires.txt
writing top-level names to ../build/order_system/order_system.egg-info/top_level.txt
reading manifest file '../build/order_system/order_system.egg-info/SOURCES.txt'
writing manifest file '../build/order_system/order_system.egg-info/SOURCES.txt'
running build
running build_py
copying order_system/order_publisher.py -> /home/ubuntu/warehouse-automation-001/build/order_system/build/lib/order_system
copying order_system/__init__.py -> /home/ubuntu/warehouse-automation-001/build/order_system/build/lib/order_system
copying order_system/order_generator.py -> /home/ubuntu/warehouse-automation-001/build/order_system/build/lib/order_system
copying order_system/order_listener.py -> /home/ubuntu/warehouse-automation-001/build/order_system/build/lib/order_system
running install
running install_lib
running install_data
copying resource/order_system -> /home/ubuntu/warehouse-automation-001/install/order_system/share/ament_index/resource_index/packages
copying package.xml -> /home/ubuntu/warehouse-automation-001/install/order_system/share/order_system
copying launch/order_system_launch.py -> /home/ubuntu/warehouse-automation-001/install/order_system/share/order_system/launch
copying launch/warehouse_launch.py -> /home/ubuntu/warehouse-automation-001/install/order_system/share/order_system/launch
copying launch/complete_warehouse.launch.py -> /home/ubuntu/warehouse-automation-001/install/order_system/share/order_system/launch
copying launch/complete_warehouse_fleet.launch.py -> /home/ubuntu/warehouse-automation-001/install/order_system/share/order_system/launch
copying launch/ros_nodes.launch.py -> /home/ubuntu/warehouse-automation-001/install/order_system/share/order_system/launch
running install_egg_info
removing '/home/ubuntu/warehouse-automation-001/install/order_system/lib/python3.10/site-packages/order_system-0.0.0-py3.10.egg-info' (and everything under it)
Copying ../build/order_system/order_system.egg-info to /home/ubuntu/warehouse-automation-001/install/order_system/lib/python3.10/site-packages/order_system-0.0.0-py3.10.egg-info
running install_scripts
Installing order_generator script to /home/ubuntu/warehouse-automation-001/install/order_system/lib/order_system
Installing order_listener script to /home/ubuntu/warehouse-automation-001/install/order_system/lib/order_system
writing list of installed files to '/home/ubuntu/warehouse-automation-001/build/order_system/install.log'
