/home/xelf/warehouse-automation-001/install/order_system/lib/python3.10/site-packages/order_system/order_publisher.py
/home/xelf/warehouse-automation-001/install/order_system/lib/python3.10/site-packages/order_system/order_generator.py
/home/xelf/warehouse-automation-001/install/order_system/lib/python3.10/site-packages/order_system/order_listener.py
/home/xelf/warehouse-automation-001/install/order_system/lib/python3.10/site-packages/order_system/__init__.py
/home/xelf/warehouse-automation-001/install/order_system/lib/python3.10/site-packages/order_system/__pycache__/order_publisher.cpython-310.pyc
/home/xelf/warehouse-automation-001/install/order_system/lib/python3.10/site-packages/order_system/__pycache__/order_generator.cpython-310.pyc
/home/xelf/warehouse-automation-001/install/order_system/lib/python3.10/site-packages/order_system/__pycache__/order_listener.cpython-310.pyc
/home/xelf/warehouse-automation-001/install/order_system/lib/python3.10/site-packages/order_system/__pycache__/__init__.cpython-310.pyc
/home/xelf/warehouse-automation-001/install/order_system/share/ament_index/resource_index/packages/order_system
/home/xelf/warehouse-automation-001/install/order_system/share/order_system/package.xml
/home/xelf/warehouse-automation-001/install/order_system/share/order_system/launch/order_system_launch.py
/home/xelf/warehouse-automation-001/install/order_system/share/order_system/launch/warehouse_launch.py
/home/xelf/warehouse-automation-001/install/order_system/share/order_system/launch/complete_warehouse.launch.py
/home/xelf/warehouse-automation-001/install/order_system/share/order_system/launch/complete_warehouse_fleet.launch.py
/home/xelf/warehouse-automation-001/install/order_system/share/order_system/launch/ros_nodes.launch.py
/home/xelf/warehouse-automation-001/install/order_system/lib/python3.10/site-packages/order_system-0.0.0-py3.10.egg-info/PKG-INFO
/home/xelf/warehouse-automation-001/install/order_system/lib/python3.10/site-packages/order_system-0.0.0-py3.10.egg-info/top_level.txt
/home/xelf/warehouse-automation-001/install/order_system/lib/python3.10/site-packages/order_system-0.0.0-py3.10.egg-info/zip-safe
/home/xelf/warehouse-automation-001/install/order_system/lib/python3.10/site-packages/order_system-0.0.0-py3.10.egg-info/dependency_links.txt
/home/xelf/warehouse-automation-001/install/order_system/lib/python3.10/site-packages/order_system-0.0.0-py3.10.egg-info/entry_points.txt
/home/xelf/warehouse-automation-001/install/order_system/lib/python3.10/site-packages/order_system-0.0.0-py3.10.egg-info/SOURCES.txt
/home/xelf/warehouse-automation-001/install/order_system/lib/python3.10/site-packages/order_system-0.0.0-py3.10.egg-info/requires.txt
/home/xelf/warehouse-automation-001/install/order_system/lib/order_system/order_generator
/home/xelf/warehouse-automation-001/install/order_system/lib/order_system/order_listener
