[1.660s] Invoking command in '/home/ubuntu/warehouse-automation-001/amr_description': PYTHONPATH=/home/ubuntu/warehouse-automation-001/build/amr_description/prefix_override:/usr/lib/python3/dist-packages/colcon_core/task/python/colcon_distutils_commands:/home/ubuntu/warehouse-automation-001/install/amr_description/lib/python3.10/site-packages:${PYTHONPATH} /usr/bin/python3 -W ignore:setup.py install is deprecated -W ignore:easy_install command is deprecated setup.py egg_info --egg-base ../build/amr_description build --build-base /home/ubuntu/warehouse-automation-001/build/amr_description/build install --record /home/ubuntu/warehouse-automation-001/build/amr_description/install.log --single-version-externally-managed install_data
[1.917s] running egg_info
[1.936s] writing ../build/amr_description/amr_description.egg-info/PKG-INFO
[1.936s] writing dependency_links to ../build/amr_description/amr_description.egg-info/dependency_links.txt
[1.937s] writing requirements to ../build/amr_description/amr_description.egg-info/requires.txt
[1.937s] writing top-level names to ../build/amr_description/amr_description.egg-info/top_level.txt
[1.980s] reading manifest file '../build/amr_description/amr_description.egg-info/SOURCES.txt'
[1.982s] writing manifest file '../build/amr_description/amr_description.egg-info/SOURCES.txt'
[1.982s] running build
[1.982s] running build_py
[1.982s] copying amr_description/__init__.py -> /home/ubuntu/warehouse-automation-001/build/amr_description/build/lib/amr_description
[1.982s] running install
[1.986s] running install_lib
[2.005s] running install_data
[2.005s] copying resource/amr_description -> /home/ubuntu/warehouse-automation-001/install/amr_description/share/ament_index/resource_index/packages
[2.005s] copying package.xml -> /home/ubuntu/warehouse-automation-001/install/amr_description/share/amr_description
[2.005s] copying urdf/amr_robot.urdf -> /home/ubuntu/warehouse-automation-001/install/amr_description/share/amr_description/urdf
[2.006s] copying urdf/amr_robot_diffdrive.urdf -> /home/ubuntu/warehouse-automation-001/install/amr_description/share/amr_description/urdf
[2.006s] copying worlds/warehouse.world -> /home/ubuntu/warehouse-automation-001/install/amr_description/share/amr_description/worlds
[2.006s] copying launch/gazebo_simple.launch.py -> /home/ubuntu/warehouse-automation-001/install/amr_description/share/amr_description/launch
[2.006s] copying launch/spawn_robots.launch.py -> /home/ubuntu/warehouse-automation-001/install/amr_description/share/amr_description/launch
[2.006s] copying launch/warehouse_gzros.launch.py -> /home/ubuntu/warehouse-automation-001/install/amr_description/share/amr_description/launch
[2.007s] copying launch/gazebo.launch.py -> /home/ubuntu/warehouse-automation-001/install/amr_description/share/amr_description/launch
[2.007s] copying launch/spawn_amrs.launch.py -> /home/ubuntu/warehouse-automation-001/install/amr_description/share/amr_description/launch
[2.007s] copying launch/gazebo_ros.launch.py -> /home/ubuntu/warehouse-automation-001/install/amr_description/share/amr_description/launch
[2.007s] copying launch/spawn_amr_diffdrive.launch.py -> /home/ubuntu/warehouse-automation-001/install/amr_description/share/amr_description/launch
[2.007s] copying launch/warehouse_complete.launch.py -> /home/ubuntu/warehouse-automation-001/install/amr_description/share/amr_description/launch
[2.008s] copying config/amr_controllers.yaml -> /home/ubuntu/warehouse-automation-001/install/amr_description/share/amr_description/config
[2.008s] running install_egg_info
[2.026s] removing '/home/ubuntu/warehouse-automation-001/install/amr_description/lib/python3.10/site-packages/amr_description-0.0.0-py3.10.egg-info' (and everything under it)
[2.027s] Copying ../build/amr_description/amr_description.egg-info to /home/ubuntu/warehouse-automation-001/install/amr_description/lib/python3.10/site-packages/amr_description-0.0.0-py3.10.egg-info
[2.027s] running install_scripts
[2.065s] writing list of installed files to '/home/ubuntu/warehouse-automation-001/build/amr_description/install.log'
[2.097s] Invoked command in '/home/ubuntu/warehouse-automation-001/amr_description' returned '0': PYTHONPATH=/home/ubuntu/warehouse-automation-001/build/amr_description/prefix_override:/usr/lib/python3/dist-packages/colcon_core/task/python/colcon_distutils_commands:/home/ubuntu/warehouse-automation-001/install/amr_description/lib/python3.10/site-packages:${PYTHONPATH} /usr/bin/python3 -W ignore:setup.py install is deprecated -W ignore:easy_install command is deprecated setup.py egg_info --egg-base ../build/amr_description build --build-base /home/ubuntu/warehouse-automation-001/build/amr_description/build install --record /home/ubuntu/warehouse-automation-001/build/amr_description/install.log --single-version-externally-managed install_data
