[1.431s] Invoking command in '/home/xelf/warehouse-automation/warehouse_msgs': PYTHONPATH=/home/xelf/warehouse-automation/build/warehouse_msgs/prefix_override:/usr/lib/python3/dist-packages/colcon_core/task/python/colcon_distutils_commands:/home/xelf/warehouse-automation/install/warehouse_msgs/lib/python3.10/site-packages:${PYTHONPATH} /usr/bin/python3 -W ignore:setup.py install is deprecated -W ignore:easy_install command is deprecated setup.py egg_info --egg-base ../build/warehouse_msgs build --build-base /home/xelf/warehouse-automation/build/warehouse_msgs/build install --record /home/xelf/warehouse-automation/build/warehouse_msgs/install.log --single-version-externally-managed install_data
[1.637s] running egg_info
[1.637s] creating ../build/warehouse_msgs/warehouse_msgs.egg-info
[1.638s] writing ../build/warehouse_msgs/warehouse_msgs.egg-info/PKG-INFO
[1.639s] writing dependency_links to ../build/warehouse_msgs/warehouse_msgs.egg-info/dependency_links.txt
[1.639s] writing requirements to ../build/warehouse_msgs/warehouse_msgs.egg-info/requires.txt
[1.639s] writing top-level names to ../build/warehouse_msgs/warehouse_msgs.egg-info/top_level.txt
[1.639s] writing manifest file '../build/warehouse_msgs/warehouse_msgs.egg-info/SOURCES.txt'
[1.641s] reading manifest file '../build/warehouse_msgs/warehouse_msgs.egg-info/SOURCES.txt'
[1.642s] writing manifest file '../build/warehouse_msgs/warehouse_msgs.egg-info/SOURCES.txt'
[1.643s] running build
[1.643s] running build_py
[1.644s] creating /home/xelf/warehouse-automation/build/warehouse_msgs/build
[1.644s] creating /home/xelf/warehouse-automation/build/warehouse_msgs/build/lib
[1.644s] creating /home/xelf/warehouse-automation/build/warehouse_msgs/build/lib/warehouse_msgs
[1.644s] copying warehouse_msgs/__init__.py -> /home/xelf/warehouse-automation/build/warehouse_msgs/build/lib/warehouse_msgs
[1.644s] running install
[1.645s] running install_lib
[1.645s] creating /home/xelf/warehouse-automation/install/warehouse_msgs/lib/python3.10/site-packages/warehouse_msgs
[1.646s] copying /home/xelf/warehouse-automation/build/warehouse_msgs/build/lib/warehouse_msgs/__init__.py -> /home/xelf/warehouse-automation/install/warehouse_msgs/lib/python3.10/site-packages/warehouse_msgs
[1.648s] byte-compiling /home/xelf/warehouse-automation/install/warehouse_msgs/lib/python3.10/site-packages/warehouse_msgs/__init__.py to __init__.cpython-310.pyc
[1.649s] running install_data
[1.649s] creating /home/xelf/warehouse-automation/install/warehouse_msgs/share/ament_index
[1.650s] creating /home/xelf/warehouse-automation/install/warehouse_msgs/share/ament_index/resource_index
[1.650s] creating /home/xelf/warehouse-automation/install/warehouse_msgs/share/ament_index/resource_index/packages
[1.650s] copying resource/warehouse_msgs -> /home/xelf/warehouse-automation/install/warehouse_msgs/share/ament_index/resource_index/packages
[1.650s] copying package.xml -> /home/xelf/warehouse-automation/install/warehouse_msgs/share/warehouse_msgs
[1.650s] creating /home/xelf/warehouse-automation/install/warehouse_msgs/share/warehouse_msgs/msg
[1.650s] copying msg/Order.msg -> /home/xelf/warehouse-automation/install/warehouse_msgs/share/warehouse_msgs/msg
[1.650s] running install_egg_info
[1.652s] Copying ../build/warehouse_msgs/warehouse_msgs.egg-info to /home/xelf/warehouse-automation/install/warehouse_msgs/lib/python3.10/site-packages/warehouse_msgs-0.0.0-py3.10.egg-info
[1.653s] running install_scripts
[1.687s] writing list of installed files to '/home/xelf/warehouse-automation/build/warehouse_msgs/install.log'
[1.718s] Invoked command in '/home/xelf/warehouse-automation/warehouse_msgs' returned '0': PYTHONPATH=/home/xelf/warehouse-automation/build/warehouse_msgs/prefix_override:/usr/lib/python3/dist-packages/colcon_core/task/python/colcon_distutils_commands:/home/xelf/warehouse-automation/install/warehouse_msgs/lib/python3.10/site-packages:${PYTHONPATH} /usr/bin/python3 -W ignore:setup.py install is deprecated -W ignore:easy_install command is deprecated setup.py egg_info --egg-base ../build/warehouse_msgs build --build-base /home/xelf/warehouse-automation/build/warehouse_msgs/build install --record /home/xelf/warehouse-automation/build/warehouse_msgs/install.log --single-version-externally-managed install_data
