[0.911s] Invoking command in '/home/xelf/warehouse-automation/build/orchestrator': PYTHONPATH=/home/xelf/warehouse-automation/build/orchestrator/prefix_override:/usr/lib/python3/dist-packages/colcon_core/task/python/colcon_distutils_commands:/home/xelf/warehouse-automation/install/orchestrator/lib/python3.10/site-packages:${PYTHONPATH} /usr/bin/python3 -W ignore:setup.py install is deprecated -W ignore:easy_install command is deprecated setup.py develop --editable --build-directory /home/xelf/warehouse-automation/build/orchestrator/build --no-deps symlink_data
[1.137s] running develop
[1.253s] running egg_info
[1.253s] writing orchestrator.egg-info/PKG-INFO
[1.254s] writing dependency_links to orchestrator.egg-info/dependency_links.txt
[1.254s] writing entry points to orchestrator.egg-info/entry_points.txt
[1.255s] writing requirements to orchestrator.egg-info/requires.txt
[1.255s] writing top-level names to orchestrator.egg-info/top_level.txt
[1.257s] reading manifest file 'orchestrator.egg-info/SOURCES.txt'
[1.258s] writing manifest file 'orchestrator.egg-info/SOURCES.txt'
[1.260s] running build_ext
[1.260s] Creating /home/xelf/warehouse-automation/install/orchestrator/lib/python3.10/site-packages/orchestrator.egg-link (link to .)
[1.262s] Installing amr_robot script to /home/xelf/warehouse-automation/install/orchestrator/lib/orchestrator
[1.262s] Installing fleet_manager script to /home/xelf/warehouse-automation/install/orchestrator/lib/orchestrator
[1.262s] Installing fleet_task_generator script to /home/xelf/warehouse-automation/install/orchestrator/lib/orchestrator
[1.262s] Installing orchestrator script to /home/xelf/warehouse-automation/install/orchestrator/lib/orchestrator
[1.263s] Installing robot_state_monitor script to /home/xelf/warehouse-automation/install/orchestrator/lib/orchestrator
[1.263s] Installing task_executor script to /home/xelf/warehouse-automation/install/orchestrator/lib/orchestrator
[1.263s] 
[1.263s] Installed /home/xelf/warehouse-automation/build/orchestrator
[1.263s] running symlink_data
[1.304s] Invoked command in '/home/xelf/warehouse-automation/build/orchestrator' returned '0': PYTHONPATH=/home/xelf/warehouse-automation/build/orchestrator/prefix_override:/usr/lib/python3/dist-packages/colcon_core/task/python/colcon_distutils_commands:/home/xelf/warehouse-automation/install/orchestrator/lib/python3.10/site-packages:${PYTHONPATH} /usr/bin/python3 -W ignore:setup.py install is deprecated -W ignore:easy_install command is deprecated setup.py develop --editable --build-directory /home/xelf/warehouse-automation/build/orchestrator/build --no-deps symlink_data
