[1.456s] Invoking command in '/home/xelf/warehouse-automation/build/orchestrator': PYTHONPATH=/home/xelf/warehouse-automation/build/orchestrator/prefix_override:/usr/lib/python3/dist-packages/colcon_core/task/python/colcon_distutils_commands:/home/xelf/warehouse-automation/install/orchestrator/lib/python3.10/site-packages:${PYTHONPATH} /usr/bin/python3 -W ignore:setup.py install is deprecated -W ignore:easy_install command is deprecated setup.py develop --editable --build-directory /home/xelf/warehouse-automation/build/orchestrator/build --no-deps symlink_data --force
[1.696s] running develop
[1.810s] running egg_info
[1.811s] writing orchestrator.egg-info/PKG-INFO
[1.811s] writing dependency_links to orchestrator.egg-info/dependency_links.txt
[1.812s] writing entry points to orchestrator.egg-info/entry_points.txt
[1.812s] writing requirements to orchestrator.egg-info/requires.txt
[1.812s] writing top-level names to orchestrator.egg-info/top_level.txt
[1.813s] reading manifest file 'orchestrator.egg-info/SOURCES.txt'
[1.814s] writing manifest file 'orchestrator.egg-info/SOURCES.txt'
[1.816s] running build_ext
[1.816s] Creating /home/xelf/warehouse-automation/install/orchestrator/lib/python3.10/site-packages/orchestrator.egg-link (link to .)
[1.817s] Installing amr_robot script to /home/xelf/warehouse-automation/install/orchestrator/lib/orchestrator
[1.818s] Installing orchestrator script to /home/xelf/warehouse-automation/install/orchestrator/lib/orchestrator
[1.818s] 
[1.818s] Installed /home/xelf/warehouse-automation/build/orchestrator
[1.819s] running symlink_data
[1.819s] symbolically linking /home/xelf/warehouse-automation/build/orchestrator/resource/orchestrator -> /home/xelf/warehouse-automation/install/orchestrator/share/ament_index/resource_index/packages
[1.820s] symbolically linking /home/xelf/warehouse-automation/build/orchestrator/package.xml -> /home/xelf/warehouse-automation/install/orchestrator/share/orchestrator
[1.820s] symbolically linking /home/xelf/warehouse-automation/build/orchestrator/launch/orchestrator_launch.py -> /home/xelf/warehouse-automation/install/orchestrator/share/orchestrator/launch
[1.890s] Invoked command in '/home/xelf/warehouse-automation/build/orchestrator' returned '0': PYTHONPATH=/home/xelf/warehouse-automation/build/orchestrator/prefix_override:/usr/lib/python3/dist-packages/colcon_core/task/python/colcon_distutils_commands:/home/xelf/warehouse-automation/install/orchestrator/lib/python3.10/site-packages:${PYTHONPATH} /usr/bin/python3 -W ignore:setup.py install is deprecated -W ignore:easy_install command is deprecated setup.py develop --editable --build-directory /home/xelf/warehouse-automation/build/orchestrator/build --no-deps symlink_data --force
