[0.099s] DEBUG:colcon:Command line arguments: ['/usr/bin/colcon', 'build', '--packages-select', 'orchestrator']
[0.099s] DEBUG:colcon:Parsed command line arguments: Namespace(log_base=None, log_level=None, verb_name='build', build_base='build', install_base='install', merge_install=False, symlink_install=False, test_result_base=None, continue_on_error=False, executor='parallel', parallel_workers=16, event_handlers=None, ignore_user_meta=False, metas=['./colcon.meta'], base_paths=['.'], packages_ignore=None, packages_ignore_regex=None, paths=None, packages_up_to=None, packages_up_to_regex=None, packages_above=None, packages_above_and_dependencies=None, packages_above_depth=None, packages_select_by_dep=None, packages_skip_by_dep=None, packages_skip_up_to=None, packages_select_build_failed=False, packages_skip_build_finished=False, packages_select_test_failures=False, packages_skip_test_passed=False, packages_select=['orchestrator'], packages_skip=None, packages_select_regex=None, packages_skip_regex=None, packages_start=None, packages_end=None, allow_overriding=[], cmake_args=None, cmake_target=None, cmake_target_skip_unavailable=False, cmake_clean_cache=False, cmake_clean_first=False, cmake_force_configure=False, ament_cmake_args=None, catkin_cmake_args=None, catkin_skip_building_tests=False, mixin_files=None, mixin=None, verb_parser=<colcon_mixin.mixin.mixin_argument.MixinArgumentDecorator object at 0x78a1f03a8550>, verb_extension=<colcon_core.verb.build.BuildVerb object at 0x78a1f0367df0>, main=<bound method BuildVerb.main of <colcon_core.verb.build.BuildVerb object at 0x78a1f0367df0>>, mixin_verb=('build',))
[0.135s] Level 1:colcon.colcon_core.package_discovery:discover_packages(colcon_meta) check parameters
[0.135s] Level 1:colcon.colcon_core.package_discovery:discover_packages(recursive) check parameters
[0.135s] Level 1:colcon.colcon_core.package_discovery:discover_packages(ignore) check parameters
[0.135s] Level 1:colcon.colcon_core.package_discovery:discover_packages(path) check parameters
[0.135s] Level 1:colcon.colcon_core.package_discovery:discover_packages(colcon_meta) discover
[0.135s] Level 1:colcon.colcon_core.package_discovery:discover_packages(recursive) discover
[0.136s] INFO:colcon.colcon_core.package_discovery:Crawling recursively for packages in '/home/ubuntu/warehouse-automation-001'
[0.136s] Level 1:colcon.colcon_core.package_identification:_identify(.) by extensions ['ignore', 'ignore_ament_install']
[0.136s] Level 1:colcon.colcon_core.package_identification:_identify(.) by extension 'ignore'
[0.136s] Level 1:colcon.colcon_core.package_identification:_identify(.) by extension 'ignore_ament_install'
[0.136s] Level 1:colcon.colcon_core.package_identification:_identify(.) by extensions ['colcon_pkg']
[0.136s] Level 1:colcon.colcon_core.package_identification:_identify(.) by extension 'colcon_pkg'
[0.136s] Level 1:colcon.colcon_core.package_identification:_identify(.) by extensions ['colcon_meta']
[0.136s] Level 1:colcon.colcon_core.package_identification:_identify(.) by extension 'colcon_meta'
[0.136s] Level 1:colcon.colcon_core.package_identification:_identify(.) by extensions ['ros']
[0.136s] Level 1:colcon.colcon_core.package_identification:_identify(.) by extension 'ros'
[0.160s] Level 1:colcon.colcon_core.package_identification:_identify(.) by extensions ['cmake', 'python']
[0.161s] Level 1:colcon.colcon_core.package_identification:_identify(.) by extension 'cmake'
[0.161s] Level 1:colcon.colcon_core.package_identification:_identify(.) by extension 'python'
[0.161s] Level 1:colcon.colcon_core.package_identification:_identify(.) by extensions ['python_setup_py']
[0.161s] Level 1:colcon.colcon_core.package_identification:_identify(.) by extension 'python_setup_py'
[0.161s] Level 1:colcon.colcon_core.package_identification:_identify(amr_description) by extensions ['ignore', 'ignore_ament_install']
[0.161s] Level 1:colcon.colcon_core.package_identification:_identify(amr_description) by extension 'ignore'
[0.161s] Level 1:colcon.colcon_core.package_identification:_identify(amr_description) by extension 'ignore_ament_install'
[0.161s] Level 1:colcon.colcon_core.package_identification:_identify(amr_description) by extensions ['colcon_pkg']
[0.161s] Level 1:colcon.colcon_core.package_identification:_identify(amr_description) by extension 'colcon_pkg'
[0.161s] Level 1:colcon.colcon_core.package_identification:_identify(amr_description) by extensions ['colcon_meta']
[0.161s] Level 1:colcon.colcon_core.package_identification:_identify(amr_description) by extension 'colcon_meta'
[0.161s] Level 1:colcon.colcon_core.package_identification:_identify(amr_description) by extensions ['ros']
[0.161s] Level 1:colcon.colcon_core.package_identification:_identify(amr_description) by extension 'ros'
[0.163s] DEBUG:colcon.colcon_core.package_identification:Package 'amr_description' with type 'ros.ament_python' and name 'amr_description'
[0.163s] Level 1:colcon.colcon_core.package_identification:_identify(build) by extensions ['ignore', 'ignore_ament_install']
[0.163s] Level 1:colcon.colcon_core.package_identification:_identify(build) by extension 'ignore'
[0.163s] Level 1:colcon.colcon_core.package_identification:_identify(build) ignored
[0.163s] Level 1:colcon.colcon_core.package_identification:_identify(cuopt_bridge) by extensions ['ignore', 'ignore_ament_install']
[0.164s] Level 1:colcon.colcon_core.package_identification:_identify(cuopt_bridge) by extension 'ignore'
[0.164s] Level 1:colcon.colcon_core.package_identification:_identify(cuopt_bridge) by extension 'ignore_ament_install'
[0.164s] Level 1:colcon.colcon_core.package_identification:_identify(cuopt_bridge) by extensions ['colcon_pkg']
[0.164s] Level 1:colcon.colcon_core.package_identification:_identify(cuopt_bridge) by extension 'colcon_pkg'
[0.164s] Level 1:colcon.colcon_core.package_identification:_identify(cuopt_bridge) by extensions ['colcon_meta']
[0.164s] Level 1:colcon.colcon_core.package_identification:_identify(cuopt_bridge) by extension 'colcon_meta'
[0.164s] Level 1:colcon.colcon_core.package_identification:_identify(cuopt_bridge) by extensions ['ros']
[0.164s] Level 1:colcon.colcon_core.package_identification:_identify(cuopt_bridge) by extension 'ros'
[0.164s] DEBUG:colcon.colcon_core.package_identification:Package 'cuopt_bridge' with type 'ros.ament_python' and name 'cuopt_bridge'
[0.164s] Level 1:colcon.colcon_core.package_identification:_identify(hello_world_pkgs) by extensions ['ignore', 'ignore_ament_install']
[0.164s] Level 1:colcon.colcon_core.package_identification:_identify(hello_world_pkgs) by extension 'ignore'
[0.164s] Level 1:colcon.colcon_core.package_identification:_identify(hello_world_pkgs) by extension 'ignore_ament_install'
[0.165s] Level 1:colcon.colcon_core.package_identification:_identify(hello_world_pkgs) by extensions ['colcon_pkg']
[0.165s] Level 1:colcon.colcon_core.package_identification:_identify(hello_world_pkgs) by extension 'colcon_pkg'
[0.165s] Level 1:colcon.colcon_core.package_identification:_identify(hello_world_pkgs) by extensions ['colcon_meta']
[0.165s] Level 1:colcon.colcon_core.package_identification:_identify(hello_world_pkgs) by extension 'colcon_meta'
[0.165s] Level 1:colcon.colcon_core.package_identification:_identify(hello_world_pkgs) by extensions ['ros']
[0.165s] Level 1:colcon.colcon_core.package_identification:_identify(hello_world_pkgs) by extension 'ros'
[0.165s] DEBUG:colcon.colcon_core.package_identification:Package 'hello_world_pkgs' with type 'ros.ament_python' and name 'hello_world_pkgs'
[0.165s] Level 1:colcon.colcon_core.package_identification:_identify(install) by extensions ['ignore', 'ignore_ament_install']
[0.165s] Level 1:colcon.colcon_core.package_identification:_identify(install) by extension 'ignore'
[0.165s] Level 1:colcon.colcon_core.package_identification:_identify(install) ignored
[0.165s] Level 1:colcon.colcon_core.package_identification:_identify(log) by extensions ['ignore', 'ignore_ament_install']
[0.165s] Level 1:colcon.colcon_core.package_identification:_identify(log) by extension 'ignore'
[0.166s] Level 1:colcon.colcon_core.package_identification:_identify(log) ignored
[0.166s] Level 1:colcon.colcon_core.package_identification:_identify(orchestrator) by extensions ['ignore', 'ignore_ament_install']
[0.166s] Level 1:colcon.colcon_core.package_identification:_identify(orchestrator) by extension 'ignore'
[0.166s] Level 1:colcon.colcon_core.package_identification:_identify(orchestrator) by extension 'ignore_ament_install'
[0.166s] Level 1:colcon.colcon_core.package_identification:_identify(orchestrator) by extensions ['colcon_pkg']
[0.166s] Level 1:colcon.colcon_core.package_identification:_identify(orchestrator) by extension 'colcon_pkg'
[0.166s] Level 1:colcon.colcon_core.package_identification:_identify(orchestrator) by extensions ['colcon_meta']
[0.166s] Level 1:colcon.colcon_core.package_identification:_identify(orchestrator) by extension 'colcon_meta'
[0.166s] Level 1:colcon.colcon_core.package_identification:_identify(orchestrator) by extensions ['ros']
[0.166s] Level 1:colcon.colcon_core.package_identification:_identify(orchestrator) by extension 'ros'
[0.166s] DEBUG:colcon.colcon_core.package_identification:Package 'orchestrator' with type 'ros.ament_python' and name 'orchestrator'
[0.166s] Level 1:colcon.colcon_core.package_identification:_identify(order_system) by extensions ['ignore', 'ignore_ament_install']
[0.167s] Level 1:colcon.colcon_core.package_identification:_identify(order_system) by extension 'ignore'
[0.167s] Level 1:colcon.colcon_core.package_identification:_identify(order_system) by extension 'ignore_ament_install'
[0.167s] Level 1:colcon.colcon_core.package_identification:_identify(order_system) by extensions ['colcon_pkg']
[0.167s] Level 1:colcon.colcon_core.package_identification:_identify(order_system) by extension 'colcon_pkg'
[0.167s] Level 1:colcon.colcon_core.package_identification:_identify(order_system) by extensions ['colcon_meta']
[0.167s] Level 1:colcon.colcon_core.package_identification:_identify(order_system) by extension 'colcon_meta'
[0.167s] Level 1:colcon.colcon_core.package_identification:_identify(order_system) by extensions ['ros']
[0.167s] Level 1:colcon.colcon_core.package_identification:_identify(order_system) by extension 'ros'
[0.167s] DEBUG:colcon.colcon_core.package_identification:Package 'order_system' with type 'ros.ament_python' and name 'order_system'
[0.167s] Level 1:colcon.colcon_core.package_identification:_identify(warehouse_msgs) by extensions ['ignore', 'ignore_ament_install']
[0.167s] Level 1:colcon.colcon_core.package_identification:_identify(warehouse_msgs) by extension 'ignore'
[0.167s] Level 1:colcon.colcon_core.package_identification:_identify(warehouse_msgs) by extension 'ignore_ament_install'
[0.167s] Level 1:colcon.colcon_core.package_identification:_identify(warehouse_msgs) by extensions ['colcon_pkg']
[0.168s] Level 1:colcon.colcon_core.package_identification:_identify(warehouse_msgs) by extension 'colcon_pkg'
[0.168s] Level 1:colcon.colcon_core.package_identification:_identify(warehouse_msgs) by extensions ['colcon_meta']
[0.168s] Level 1:colcon.colcon_core.package_identification:_identify(warehouse_msgs) by extension 'colcon_meta'
[0.168s] Level 1:colcon.colcon_core.package_identification:_identify(warehouse_msgs) by extensions ['ros']
[0.168s] Level 1:colcon.colcon_core.package_identification:_identify(warehouse_msgs) by extension 'ros'
[0.168s] DEBUG:colcon.colcon_core.package_identification:Package 'warehouse_msgs' with type 'ros.ament_python' and name 'warehouse_msgs'
[0.168s] Level 1:colcon.colcon_core.package_discovery:discover_packages(recursive) using defaults
[0.168s] Level 1:colcon.colcon_core.package_discovery:discover_packages(ignore) discover
[0.168s] Level 1:colcon.colcon_core.package_discovery:discover_packages(ignore) using defaults
[0.168s] Level 1:colcon.colcon_core.package_discovery:discover_packages(path) discover
[0.168s] Level 1:colcon.colcon_core.package_discovery:discover_packages(path) using defaults
[0.185s] INFO:colcon.colcon_core.package_selection:Skipping not selected package 'amr_description' in 'amr_description'
[0.185s] INFO:colcon.colcon_core.package_selection:Skipping not selected package 'cuopt_bridge' in 'cuopt_bridge'
[0.185s] INFO:colcon.colcon_core.package_selection:Skipping not selected package 'hello_world_pkgs' in 'hello_world_pkgs'
[0.185s] INFO:colcon.colcon_core.package_selection:Skipping not selected package 'order_system' in 'order_system'
[0.185s] INFO:colcon.colcon_core.package_selection:Skipping not selected package 'warehouse_msgs' in 'warehouse_msgs'
[0.185s] Level 1:colcon.colcon_core.package_discovery:discover_packages(prefix_path) check parameters
[0.185s] Level 1:colcon.colcon_core.package_discovery:discover_packages(prefix_path) discover
[0.187s] DEBUG:colcon.colcon_installed_package_information.package_discovery:Found 274 installed packages in /opt/ros/humble
[0.189s] Level 1:colcon.colcon_core.package_discovery:discover_packages(prefix_path) using defaults
[0.226s] Level 5:colcon.colcon_core.verb:set package 'orchestrator' build argument 'cmake_args' from command line to 'None'
[0.226s] Level 5:colcon.colcon_core.verb:set package 'orchestrator' build argument 'cmake_target' from command line to 'None'
[0.226s] Level 5:colcon.colcon_core.verb:set package 'orchestrator' build argument 'cmake_target_skip_unavailable' from command line to 'False'
[0.226s] Level 5:colcon.colcon_core.verb:set package 'orchestrator' build argument 'cmake_clean_cache' from command line to 'False'
[0.226s] Level 5:colcon.colcon_core.verb:set package 'orchestrator' build argument 'cmake_clean_first' from command line to 'False'
[0.226s] Level 5:colcon.colcon_core.verb:set package 'orchestrator' build argument 'cmake_force_configure' from command line to 'False'
[0.226s] Level 5:colcon.colcon_core.verb:set package 'orchestrator' build argument 'ament_cmake_args' from command line to 'None'
[0.226s] Level 5:colcon.colcon_core.verb:set package 'orchestrator' build argument 'catkin_cmake_args' from command line to 'None'
[0.226s] Level 5:colcon.colcon_core.verb:set package 'orchestrator' build argument 'catkin_skip_building_tests' from command line to 'False'
[0.226s] DEBUG:colcon.colcon_core.verb:Building package 'orchestrator' with the following arguments: {'ament_cmake_args': None, 'build_base': '/home/ubuntu/warehouse-automation-001/build/orchestrator', 'catkin_cmake_args': None, 'catkin_skip_building_tests': False, 'cmake_args': None, 'cmake_clean_cache': False, 'cmake_clean_first': False, 'cmake_force_configure': False, 'cmake_target': None, 'cmake_target_skip_unavailable': False, 'install_base': '/home/ubuntu/warehouse-automation-001/install/orchestrator', 'merge_install': False, 'path': '/home/ubuntu/warehouse-automation-001/orchestrator', 'symlink_install': False, 'test_result_base': None}
[0.226s] INFO:colcon.colcon_core.executor:Executing jobs using 'parallel' executor
[0.228s] DEBUG:colcon.colcon_parallel_executor.executor.parallel:run_until_complete
[0.228s] INFO:colcon.colcon_ros.task.ament_python.build:Building ROS package in '/home/ubuntu/warehouse-automation-001/orchestrator' with build type 'ament_python'
[0.228s] Level 1:colcon.colcon_core.shell:create_environment_hook('orchestrator', 'ament_prefix_path')
[0.230s] INFO:colcon.colcon_core.plugin_system:Skipping extension 'colcon_core.shell.bat': Not used on non-Windows systems
[0.230s] INFO:colcon.colcon_core.shell:Creating environment hook '/home/ubuntu/warehouse-automation-001/install/orchestrator/share/orchestrator/hook/ament_prefix_path.ps1'
[0.230s] INFO:colcon.colcon_core.shell:Creating environment descriptor '/home/ubuntu/warehouse-automation-001/install/orchestrator/share/orchestrator/hook/ament_prefix_path.dsv'
[0.231s] INFO:colcon.colcon_core.shell:Creating environment hook '/home/ubuntu/warehouse-automation-001/install/orchestrator/share/orchestrator/hook/ament_prefix_path.sh'
[0.231s] INFO:colcon.colcon_core.shell:Skip shell extension 'powershell' for command environment: Not usable outside of PowerShell
[0.232s] DEBUG:colcon.colcon_core.shell:Skip shell extension 'dsv' for command environment
[0.426s] INFO:colcon.colcon_core.task.python.build:Building Python package in '/home/ubuntu/warehouse-automation-001/orchestrator'
[0.427s] INFO:colcon.colcon_core.shell:Skip shell extension 'powershell' for command environment: Not usable outside of PowerShell
[0.427s] DEBUG:colcon.colcon_core.shell:Skip shell extension 'dsv' for command environment
[0.835s] DEBUG:colcon.colcon_core.event_handler.log_command:Invoking command in '/home/ubuntu/warehouse-automation-001/orchestrator': PYTHONPATH=/home/ubuntu/warehouse-automation-001/build/orchestrator/prefix_override:/usr/lib/python3/dist-packages/colcon_core/task/python/colcon_distutils_commands:/home/ubuntu/warehouse-automation-001/install/orchestrator/lib/python3.10/site-packages:${PYTHONPATH} /usr/bin/python3 -W ignore:setup.py install is deprecated -W ignore:easy_install command is deprecated setup.py egg_info --egg-base ../build/orchestrator build --build-base /home/ubuntu/warehouse-automation-001/build/orchestrator/build install --record /home/ubuntu/warehouse-automation-001/build/orchestrator/install.log --single-version-externally-managed install_data
[1.235s] DEBUG:colcon.colcon_core.event_handler.log_command:Invoked command in '/home/ubuntu/warehouse-automation-001/orchestrator' returned '0': PYTHONPATH=/home/ubuntu/warehouse-automation-001/build/orchestrator/prefix_override:/usr/lib/python3/dist-packages/colcon_core/task/python/colcon_distutils_commands:/home/ubuntu/warehouse-automation-001/install/orchestrator/lib/python3.10/site-packages:${PYTHONPATH} /usr/bin/python3 -W ignore:setup.py install is deprecated -W ignore:easy_install command is deprecated setup.py egg_info --egg-base ../build/orchestrator build --build-base /home/ubuntu/warehouse-automation-001/build/orchestrator/build install --record /home/ubuntu/warehouse-automation-001/build/orchestrator/install.log --single-version-externally-managed install_data
[1.237s] Level 1:colcon.colcon_core.environment:checking '/home/ubuntu/warehouse-automation-001/install/orchestrator' for CMake module files
[1.238s] Level 1:colcon.colcon_core.environment:checking '/home/ubuntu/warehouse-automation-001/install/orchestrator' for CMake config files
[1.239s] Level 1:colcon.colcon_core.environment:checking '/home/ubuntu/warehouse-automation-001/install/orchestrator/lib'
[1.239s] Level 1:colcon.colcon_core.environment:checking '/home/ubuntu/warehouse-automation-001/install/orchestrator/bin'
[1.239s] Level 1:colcon.colcon_core.environment:checking '/home/ubuntu/warehouse-automation-001/install/orchestrator/lib/pkgconfig/orchestrator.pc'
[1.239s] Level 1:colcon.colcon_core.environment:checking '/home/ubuntu/warehouse-automation-001/install/orchestrator/lib/python3.10/site-packages'
[1.239s] Level 1:colcon.colcon_core.shell:create_environment_hook('orchestrator', 'pythonpath')
[1.239s] INFO:colcon.colcon_core.shell:Creating environment hook '/home/ubuntu/warehouse-automation-001/install/orchestrator/share/orchestrator/hook/pythonpath.ps1'
[1.240s] INFO:colcon.colcon_core.shell:Creating environment descriptor '/home/ubuntu/warehouse-automation-001/install/orchestrator/share/orchestrator/hook/pythonpath.dsv'
[1.240s] INFO:colcon.colcon_core.shell:Creating environment hook '/home/ubuntu/warehouse-automation-001/install/orchestrator/share/orchestrator/hook/pythonpath.sh'
[1.241s] Level 1:colcon.colcon_core.environment:checking '/home/ubuntu/warehouse-automation-001/install/orchestrator/bin'
[1.241s] Level 1:colcon.colcon_core.environment:create_environment_scripts_only(orchestrator)
[1.241s] INFO:colcon.colcon_core.shell:Creating package script '/home/ubuntu/warehouse-automation-001/install/orchestrator/share/orchestrator/package.ps1'
[1.242s] INFO:colcon.colcon_core.shell:Creating package descriptor '/home/ubuntu/warehouse-automation-001/install/orchestrator/share/orchestrator/package.dsv'
[1.242s] INFO:colcon.colcon_core.shell:Creating package script '/home/ubuntu/warehouse-automation-001/install/orchestrator/share/orchestrator/package.sh'
[1.243s] INFO:colcon.colcon_core.shell:Creating package script '/home/ubuntu/warehouse-automation-001/install/orchestrator/share/orchestrator/package.bash'
[1.243s] INFO:colcon.colcon_core.shell:Creating package script '/home/ubuntu/warehouse-automation-001/install/orchestrator/share/orchestrator/package.zsh'
[1.244s] Level 1:colcon.colcon_core.environment:create_file_with_runtime_dependencies(/home/ubuntu/warehouse-automation-001/install/orchestrator/share/colcon-core/packages/orchestrator)
[1.244s] DEBUG:colcon.colcon_parallel_executor.executor.parallel:closing loop
[1.244s] DEBUG:colcon.colcon_parallel_executor.executor.parallel:loop closed
[1.245s] DEBUG:colcon.colcon_parallel_executor.executor.parallel:run_until_complete finished with '0'
[1.245s] DEBUG:colcon.colcon_core.event_reactor:joining thread
[1.250s] INFO:colcon.colcon_core.plugin_system:Skipping extension 'colcon_notification.desktop_notification.terminal_notifier': Not used on non-Darwin systems
[1.250s] INFO:colcon.colcon_core.plugin_system:Skipping extension 'colcon_notification.desktop_notification.win32': Not used on non-Windows systems
[1.250s] INFO:colcon.colcon_notification.desktop_notification:Sending desktop notification using 'notify2'
[22.258s] DEBUG:colcon.colcon_notification.desktop_notification.notify2:Failed to initialize notify2: org.freedesktop.DBus.Error.TimedOut: Failed to activate service 'org.freedesktop.Notifications': timed out (service_start_timeout=120000ms)
[22.258s] DEBUG:colcon.colcon_core.event_reactor:joined thread
[22.259s] INFO:colcon.colcon_core.shell:Creating prefix script '/home/ubuntu/warehouse-automation-001/install/local_setup.ps1'
[22.260s] INFO:colcon.colcon_core.shell:Creating prefix util module '/home/ubuntu/warehouse-automation-001/install/_local_setup_util_ps1.py'
[22.261s] INFO:colcon.colcon_core.shell:Creating prefix chain script '/home/ubuntu/warehouse-automation-001/install/setup.ps1'
[22.262s] INFO:colcon.colcon_core.shell:Creating prefix script '/home/ubuntu/warehouse-automation-001/install/local_setup.sh'
[22.262s] INFO:colcon.colcon_core.shell:Creating prefix util module '/home/ubuntu/warehouse-automation-001/install/_local_setup_util_sh.py'
[22.263s] INFO:colcon.colcon_core.shell:Creating prefix chain script '/home/ubuntu/warehouse-automation-001/install/setup.sh'
[22.264s] INFO:colcon.colcon_core.shell:Creating prefix script '/home/ubuntu/warehouse-automation-001/install/local_setup.bash'
[22.264s] INFO:colcon.colcon_core.shell:Creating prefix chain script '/home/ubuntu/warehouse-automation-001/install/setup.bash'
[22.265s] INFO:colcon.colcon_core.shell:Creating prefix script '/home/ubuntu/warehouse-automation-001/install/local_setup.zsh'
[22.265s] INFO:colcon.colcon_core.shell:Creating prefix chain script '/home/ubuntu/warehouse-automation-001/install/setup.zsh'
