[1.687s] Invoking command in '/home/ubuntu/warehouse-automation-001/warehouse_msgs': PYTHONPATH=/home/ubuntu/warehouse-automation-001/build/warehouse_msgs/prefix_override:/usr/lib/python3/dist-packages/colcon_core/task/python/colcon_distutils_commands:/home/ubuntu/warehouse-automation-001/install/warehouse_msgs/lib/python3.10/site-packages:${PYTHONPATH} /usr/bin/python3 -W ignore:setup.py install is deprecated -W ignore:easy_install command is deprecated setup.py egg_info --egg-base ../build/warehouse_msgs build --build-base /home/ubuntu/warehouse-automation-001/build/warehouse_msgs/build install --record /home/ubuntu/warehouse-automation-001/build/warehouse_msgs/install.log --single-version-externally-managed install_data
[1.951s] running egg_info
[1.970s] creating ../build/warehouse_msgs/warehouse_msgs.egg-info
[1.970s] writing ../build/warehouse_msgs/warehouse_msgs.egg-info/PKG-INFO
[1.970s] writing dependency_links to ../build/warehouse_msgs/warehouse_msgs.egg-info/dependency_links.txt
[1.971s] writing requirements to ../build/warehouse_msgs/warehouse_msgs.egg-info/requires.txt
[1.971s] writing top-level names to ../build/warehouse_msgs/warehouse_msgs.egg-info/top_level.txt
[1.975s] writing manifest file '../build/warehouse_msgs/warehouse_msgs.egg-info/SOURCES.txt'
[2.012s] reading manifest file '../build/warehouse_msgs/warehouse_msgs.egg-info/SOURCES.txt'
[2.014s] writing manifest file '../build/warehouse_msgs/warehouse_msgs.egg-info/SOURCES.txt'
[2.014s] running build
[2.014s] running build_py
[2.014s] creating /home/ubuntu/warehouse-automation-001/build/warehouse_msgs/build/lib/warehouse_msgs
[2.014s] copying warehouse_msgs/__init__.py -> /home/ubuntu/warehouse-automation-001/build/warehouse_msgs/build/lib/warehouse_msgs
[2.014s] running install
[2.018s] running install_lib
[2.036s] creating /home/ubuntu/warehouse-automation-001/install/warehouse_msgs/lib/python3.10/site-packages/warehouse_msgs
[2.036s] copying /home/ubuntu/warehouse-automation-001/build/warehouse_msgs/build/lib/warehouse_msgs/__init__.py -> /home/ubuntu/warehouse-automation-001/install/warehouse_msgs/lib/python3.10/site-packages/warehouse_msgs
[2.037s] byte-compiling /home/ubuntu/warehouse-automation-001/install/warehouse_msgs/lib/python3.10/site-packages/warehouse_msgs/__init__.py to __init__.cpython-310.pyc
[2.037s] running install_data
[2.038s] creating /home/ubuntu/warehouse-automation-001/install/warehouse_msgs/share/ament_index/resource_index/packages
[2.038s] copying resource/warehouse_msgs -> /home/ubuntu/warehouse-automation-001/install/warehouse_msgs/share/ament_index/resource_index/packages
[2.038s] copying package.xml -> /home/ubuntu/warehouse-automation-001/install/warehouse_msgs/share/warehouse_msgs
[2.038s] creating /home/ubuntu/warehouse-automation-001/install/warehouse_msgs/share/warehouse_msgs/msg
[2.038s] copying msg/Order.msg -> /home/ubuntu/warehouse-automation-001/install/warehouse_msgs/share/warehouse_msgs/msg
[2.038s] copying msg/Task.msg -> /home/ubuntu/warehouse-automation-001/install/warehouse_msgs/share/warehouse_msgs/msg
[2.038s] copying msg/FleetPlan.msg -> /home/ubuntu/warehouse-automation-001/install/warehouse_msgs/share/warehouse_msgs/msg
[2.039s] copying msg/RobotState.msg -> /home/ubuntu/warehouse-automation-001/install/warehouse_msgs/share/warehouse_msgs/msg
[2.039s] running install_egg_info
[2.060s] Copying ../build/warehouse_msgs/warehouse_msgs.egg-info to /home/ubuntu/warehouse-automation-001/install/warehouse_msgs/lib/python3.10/site-packages/warehouse_msgs-0.0.0-py3.10.egg-info
[2.060s] running install_scripts
[2.099s] writing list of installed files to '/home/ubuntu/warehouse-automation-001/build/warehouse_msgs/install.log'
[2.132s] Invoked command in '/home/ubuntu/warehouse-automation-001/warehouse_msgs' returned '0': PYTHONPATH=/home/ubuntu/warehouse-automation-001/build/warehouse_msgs/prefix_override:/usr/lib/python3/dist-packages/colcon_core/task/python/colcon_distutils_commands:/home/ubuntu/warehouse-automation-001/install/warehouse_msgs/lib/python3.10/site-packages:${PYTHONPATH} /usr/bin/python3 -W ignore:setup.py install is deprecated -W ignore:easy_install command is deprecated setup.py egg_info --egg-base ../build/warehouse_msgs build --build-base /home/ubuntu/warehouse-automation-001/build/warehouse_msgs/build install --record /home/ubuntu/warehouse-automation-001/build/warehouse_msgs/install.log --single-version-externally-managed install_data
