[1.539s] Invoking command in '/home/xelf/warehouse-automation-001/build/orchestrator': PYTHONPATH=/home/xelf/warehouse-automation-001/build/orchestrator/prefix_override:/usr/lib/python3/dist-packages/colcon_core/task/python/colcon_distutils_commands:/home/xelf/warehouse-automation-001/install/orchestrator/lib/python3.10/site-packages:${PYTHONPATH} /usr/bin/python3 -W ignore:setup.py install is deprecated -W ignore:easy_install command is deprecated setup.py develop --editable --build-directory /home/xelf/warehouse-automation-001/build/orchestrator/build --no-deps symlink_data --force
[1.796s] running develop
[1.917s] running egg_info
[1.917s] writing orchestrator.egg-info/PKG-INFO
[1.919s] writing dependency_links to orchestrator.egg-info/dependency_links.txt
[1.920s] writing entry points to orchestrator.egg-info/entry_points.txt
[1.920s] writing requirements to orchestrator.egg-info/requires.txt
[1.920s] writing top-level names to orchestrator.egg-info/top_level.txt
[1.923s] reading manifest file 'orchestrator.egg-info/SOURCES.txt'
[1.924s] writing manifest file 'orchestrator.egg-info/SOURCES.txt'
[1.926s] running build_ext
[1.926s] Creating /home/xelf/warehouse-automation-001/install/orchestrator/lib/python3.10/site-packages/orchestrator.egg-link (link to .)
[1.927s] Installing amr_robot script to /home/xelf/warehouse-automation-001/install/orchestrator/lib/orchestrator
[1.927s] Installing fleet_dashboard script to /home/xelf/warehouse-automation-001/install/orchestrator/lib/orchestrator
[1.928s] Installing fleet_manager script to /home/xelf/warehouse-automation-001/install/orchestrator/lib/orchestrator
[1.928s] Installing fleet_task_generator script to /home/xelf/warehouse-automation-001/install/orchestrator/lib/orchestrator
[1.928s] Installing fleet_visualization script to /home/xelf/warehouse-automation-001/install/orchestrator/lib/orchestrator
[1.929s] Installing gazebo_fleet_mover script to /home/xelf/warehouse-automation-001/install/orchestrator/lib/orchestrator
[1.930s] Installing gazebo_velocity_mover script to /home/xelf/warehouse-automation-001/install/orchestrator/lib/orchestrator
[1.930s] Installing mock_odom_publisher script to /home/xelf/warehouse-automation-001/install/orchestrator/lib/orchestrator
[1.930s] Installing orchestrator script to /home/xelf/warehouse-automation-001/install/orchestrator/lib/orchestrator
[1.930s] Installing robot_state_monitor script to /home/xelf/warehouse-automation-001/install/orchestrator/lib/orchestrator
[1.931s] Installing simple_mover script to /home/xelf/warehouse-automation-001/install/orchestrator/lib/orchestrator
[1.931s] Installing task_executor script to /home/xelf/warehouse-automation-001/install/orchestrator/lib/orchestrator
[1.931s] Installing test_gazebo_mover script to /home/xelf/warehouse-automation-001/install/orchestrator/lib/orchestrator
[1.932s] 
[1.932s] Installed /home/xelf/warehouse-automation-001/build/orchestrator
[1.932s] running symlink_data
[1.932s] symbolically linking /home/xelf/warehouse-automation-001/build/orchestrator/resource/orchestrator -> /home/xelf/warehouse-automation-001/install/orchestrator/share/ament_index/resource_index/packages
[1.934s] symbolically linking /home/xelf/warehouse-automation-001/build/orchestrator/package.xml -> /home/xelf/warehouse-automation-001/install/orchestrator/share/orchestrator
[1.934s] symbolically linking /home/xelf/warehouse-automation-001/build/orchestrator/launch/production_fleet.launch.py -> /home/xelf/warehouse-automation-001/install/orchestrator/share/orchestrator/launch
[1.935s] symbolically linking /home/xelf/warehouse-automation-001/build/orchestrator/launch/nav2_amr.launch.py -> /home/xelf/warehouse-automation-001/install/orchestrator/share/orchestrator/launch
[1.935s] error: [Errno 2] No such file or directory: '/home/xelf/warehouse-automation-001/install/orchestrator/share/orchestrator/params/nav2_isaacsim.yaml'
[1.969s] Invoked command in '/home/xelf/warehouse-automation-001/build/orchestrator' returned '1': PYTHONPATH=/home/xelf/warehouse-automation-001/build/orchestrator/prefix_override:/usr/lib/python3/dist-packages/colcon_core/task/python/colcon_distutils_commands:/home/xelf/warehouse-automation-001/install/orchestrator/lib/python3.10/site-packages:${PYTHONPATH} /usr/bin/python3 -W ignore:setup.py install is deprecated -W ignore:easy_install command is deprecated setup.py develop --editable --build-directory /home/xelf/warehouse-automation-001/build/orchestrator/build --no-deps symlink_data --force
