[0.467s] DEBUG:colcon:Command line arguments: ['/usr/bin/colcon', 'build', '--symlink-install']
[0.467s] DEBUG:colcon:Parsed command line arguments: Namespace(log_base=None, log_level=None, verb_name='build', build_base='build', install_base='install', merge_install=False, symlink_install=True, test_result_base=None, continue_on_error=False, executor='parallel', parallel_workers=12, event_handlers=None, ignore_user_meta=False, metas=['./colcon.meta'], base_paths=['.'], packages_ignore=None, packages_ignore_regex=None, paths=None, packages_up_to=None, packages_up_to_regex=None, packages_above=None, packages_above_and_dependencies=None, packages_above_depth=None, packages_select_by_dep=None, packages_skip_by_dep=None, packages_skip_up_to=None, packages_select_build_failed=False, packages_skip_build_finished=False, packages_select_test_failures=False, packages_skip_test_passed=False, packages_select=None, packages_skip=None, packages_select_regex=None, packages_skip_regex=None, packages_start=None, packages_end=None, allow_overriding=[], cmake_args=None, cmake_target=None, cmake_target_skip_unavailable=False, cmake_clean_cache=False, cmake_clean_first=False, cmake_force_configure=False, ament_cmake_args=None, catkin_cmake_args=None, catkin_skip_building_tests=False, verb_parser=<colcon_defaults.argument_parser.defaults.DefaultArgumentsDecorator object at 0x7ad99001b430>, verb_extension=<colcon_core.verb.build.BuildVerb object at 0x7ad99001ab30>, main=<bound method BuildVerb.main of <colcon_core.verb.build.BuildVerb object at 0x7ad99001ab30>>)
[0.565s] Level 1:colcon.colcon_core.package_discovery:discover_packages(colcon_meta) check parameters
[0.565s] Level 1:colcon.colcon_core.package_discovery:discover_packages(recursive) check parameters
[0.565s] Level 1:colcon.colcon_core.package_discovery:discover_packages(ignore) check parameters
[0.565s] Level 1:colcon.colcon_core.package_discovery:discover_packages(path) check parameters
[0.565s] Level 1:colcon.colcon_core.package_discovery:discover_packages(colcon_meta) discover
[0.565s] Level 1:colcon.colcon_core.package_discovery:discover_packages(recursive) discover
[0.565s] INFO:colcon.colcon_core.package_discovery:Crawling recursively for packages in '/home/xelf/warehouse-automation'
[0.565s] Level 1:colcon.colcon_core.package_identification:_identify(.) by extensions ['ignore', 'ignore_ament_install']
[0.565s] Level 1:colcon.colcon_core.package_identification:_identify(.) by extension 'ignore'
[0.565s] Level 1:colcon.colcon_core.package_identification:_identify(.) by extension 'ignore_ament_install'
[0.565s] Level 1:colcon.colcon_core.package_identification:_identify(.) by extensions ['colcon_pkg']
[0.565s] Level 1:colcon.colcon_core.package_identification:_identify(.) by extension 'colcon_pkg'
[0.565s] Level 1:colcon.colcon_core.package_identification:_identify(.) by extensions ['colcon_meta']
[0.565s] Level 1:colcon.colcon_core.package_identification:_identify(.) by extension 'colcon_meta'
[0.565s] Level 1:colcon.colcon_core.package_identification:_identify(.) by extensions ['ros']
[0.566s] Level 1:colcon.colcon_core.package_identification:_identify(.) by extension 'ros'
[0.575s] Level 1:colcon.colcon_core.package_identification:_identify(.) by extensions ['cmake', 'python']
[0.575s] Level 1:colcon.colcon_core.package_identification:_identify(.) by extension 'cmake'
[0.575s] Level 1:colcon.colcon_core.package_identification:_identify(.) by extension 'python'
[0.575s] Level 1:colcon.colcon_core.package_identification:_identify(.) by extensions ['python_setup_py']
[0.575s] Level 1:colcon.colcon_core.package_identification:_identify(.) by extension 'python_setup_py'
[0.575s] Level 1:colcon.colcon_core.package_identification:_identify(amr_description) by extensions ['ignore', 'ignore_ament_install']
[0.575s] Level 1:colcon.colcon_core.package_identification:_identify(amr_description) by extension 'ignore'
[0.575s] Level 1:colcon.colcon_core.package_identification:_identify(amr_description) by extension 'ignore_ament_install'
[0.575s] Level 1:colcon.colcon_core.package_identification:_identify(amr_description) by extensions ['colcon_pkg']
[0.575s] Level 1:colcon.colcon_core.package_identification:_identify(amr_description) by extension 'colcon_pkg'
[0.575s] Level 1:colcon.colcon_core.package_identification:_identify(amr_description) by extensions ['colcon_meta']
[0.575s] Level 1:colcon.colcon_core.package_identification:_identify(amr_description) by extension 'colcon_meta'
[0.575s] Level 1:colcon.colcon_core.package_identification:_identify(amr_description) by extensions ['ros']
[0.575s] Level 1:colcon.colcon_core.package_identification:_identify(amr_description) by extension 'ros'
[0.577s] DEBUG:colcon.colcon_core.package_identification:Package 'amr_description' with type 'ros.ament_python' and name 'amr_description'
[0.577s] Level 1:colcon.colcon_core.package_identification:_identify(build) by extensions ['ignore', 'ignore_ament_install']
[0.577s] Level 1:colcon.colcon_core.package_identification:_identify(build) by extension 'ignore'
[0.577s] Level 1:colcon.colcon_core.package_identification:_identify(build) ignored
[0.577s] Level 1:colcon.colcon_core.package_identification:_identify(cuopt_bridge) by extensions ['ignore', 'ignore_ament_install']
[0.577s] Level 1:colcon.colcon_core.package_identification:_identify(cuopt_bridge) by extension 'ignore'
[0.577s] Level 1:colcon.colcon_core.package_identification:_identify(cuopt_bridge) by extension 'ignore_ament_install'
[0.577s] Level 1:colcon.colcon_core.package_identification:_identify(cuopt_bridge) by extensions ['colcon_pkg']
[0.577s] Level 1:colcon.colcon_core.package_identification:_identify(cuopt_bridge) by extension 'colcon_pkg'
[0.577s] Level 1:colcon.colcon_core.package_identification:_identify(cuopt_bridge) by extensions ['colcon_meta']
[0.577s] Level 1:colcon.colcon_core.package_identification:_identify(cuopt_bridge) by extension 'colcon_meta'
[0.577s] Level 1:colcon.colcon_core.package_identification:_identify(cuopt_bridge) by extensions ['ros']
[0.577s] Level 1:colcon.colcon_core.package_identification:_identify(cuopt_bridge) by extension 'ros'
[0.578s] DEBUG:colcon.colcon_core.package_identification:Package 'cuopt_bridge' with type 'ros.ament_python' and name 'cuopt_bridge'
[0.578s] Level 1:colcon.colcon_core.package_identification:_identify(hello_world_pkgs) by extensions ['ignore', 'ignore_ament_install']
[0.578s] Level 1:colcon.colcon_core.package_identification:_identify(hello_world_pkgs) by extension 'ignore'
[0.578s] Level 1:colcon.colcon_core.package_identification:_identify(hello_world_pkgs) by extension 'ignore_ament_install'
[0.578s] Level 1:colcon.colcon_core.package_identification:_identify(hello_world_pkgs) by extensions ['colcon_pkg']
[0.578s] Level 1:colcon.colcon_core.package_identification:_identify(hello_world_pkgs) by extension 'colcon_pkg'
[0.578s] Level 1:colcon.colcon_core.package_identification:_identify(hello_world_pkgs) by extensions ['colcon_meta']
[0.578s] Level 1:colcon.colcon_core.package_identification:_identify(hello_world_pkgs) by extension 'colcon_meta'
[0.578s] Level 1:colcon.colcon_core.package_identification:_identify(hello_world_pkgs) by extensions ['ros']
[0.578s] Level 1:colcon.colcon_core.package_identification:_identify(hello_world_pkgs) by extension 'ros'
[0.578s] DEBUG:colcon.colcon_core.package_identification:Package 'hello_world_pkgs' with type 'ros.ament_python' and name 'hello_world_pkgs'
[0.578s] Level 1:colcon.colcon_core.package_identification:_identify(install) by extensions ['ignore', 'ignore_ament_install']
[0.578s] Level 1:colcon.colcon_core.package_identification:_identify(install) by extension 'ignore'
[0.579s] Level 1:colcon.colcon_core.package_identification:_identify(install) ignored
[0.579s] Level 1:colcon.colcon_core.package_identification:_identify(log) by extensions ['ignore', 'ignore_ament_install']
[0.579s] Level 1:colcon.colcon_core.package_identification:_identify(log) by extension 'ignore'
[0.579s] Level 1:colcon.colcon_core.package_identification:_identify(log) ignored
[0.579s] Level 1:colcon.colcon_core.package_identification:_identify(orchestrator) by extensions ['ignore', 'ignore_ament_install']
[0.579s] Level 1:colcon.colcon_core.package_identification:_identify(orchestrator) by extension 'ignore'
[0.579s] Level 1:colcon.colcon_core.package_identification:_identify(orchestrator) by extension 'ignore_ament_install'
[0.579s] Level 1:colcon.colcon_core.package_identification:_identify(orchestrator) by extensions ['colcon_pkg']
[0.579s] Level 1:colcon.colcon_core.package_identification:_identify(orchestrator) by extension 'colcon_pkg'
[0.579s] Level 1:colcon.colcon_core.package_identification:_identify(orchestrator) by extensions ['colcon_meta']
[0.579s] Level 1:colcon.colcon_core.package_identification:_identify(orchestrator) by extension 'colcon_meta'
[0.579s] Level 1:colcon.colcon_core.package_identification:_identify(orchestrator) by extensions ['ros']
[0.579s] Level 1:colcon.colcon_core.package_identification:_identify(orchestrator) by extension 'ros'
[0.579s] DEBUG:colcon.colcon_core.package_identification:Package 'orchestrator' with type 'ros.ament_python' and name 'orchestrator'
[0.579s] Level 1:colcon.colcon_core.package_identification:_identify(order_system) by extensions ['ignore', 'ignore_ament_install']
[0.579s] Level 1:colcon.colcon_core.package_identification:_identify(order_system) by extension 'ignore'
[0.579s] Level 1:colcon.colcon_core.package_identification:_identify(order_system) by extension 'ignore_ament_install'
[0.579s] Level 1:colcon.colcon_core.package_identification:_identify(order_system) by extensions ['colcon_pkg']
[0.579s] Level 1:colcon.colcon_core.package_identification:_identify(order_system) by extension 'colcon_pkg'
[0.579s] Level 1:colcon.colcon_core.package_identification:_identify(order_system) by extensions ['colcon_meta']
[0.579s] Level 1:colcon.colcon_core.package_identification:_identify(order_system) by extension 'colcon_meta'
[0.579s] Level 1:colcon.colcon_core.package_identification:_identify(order_system) by extensions ['ros']
[0.579s] Level 1:colcon.colcon_core.package_identification:_identify(order_system) by extension 'ros'
[0.580s] DEBUG:colcon.colcon_core.package_identification:Package 'order_system' with type 'ros.ament_python' and name 'order_system'
[0.580s] Level 1:colcon.colcon_core.package_identification:_identify(warehouse_msgs) by extensions ['ignore', 'ignore_ament_install']
[0.580s] Level 1:colcon.colcon_core.package_identification:_identify(warehouse_msgs) by extension 'ignore'
[0.580s] Level 1:colcon.colcon_core.package_identification:_identify(warehouse_msgs) by extension 'ignore_ament_install'
[0.580s] Level 1:colcon.colcon_core.package_identification:_identify(warehouse_msgs) by extensions ['colcon_pkg']
[0.580s] Level 1:colcon.colcon_core.package_identification:_identify(warehouse_msgs) by extension 'colcon_pkg'
[0.580s] Level 1:colcon.colcon_core.package_identification:_identify(warehouse_msgs) by extensions ['colcon_meta']
[0.580s] Level 1:colcon.colcon_core.package_identification:_identify(warehouse_msgs) by extension 'colcon_meta'
[0.580s] Level 1:colcon.colcon_core.package_identification:_identify(warehouse_msgs) by extensions ['ros']
[0.580s] Level 1:colcon.colcon_core.package_identification:_identify(warehouse_msgs) by extension 'ros'
[0.581s] DEBUG:colcon.colcon_core.package_identification:Package 'warehouse_msgs' with type 'ros.ament_python' and name 'warehouse_msgs'
[0.581s] Level 1:colcon.colcon_core.package_discovery:discover_packages(recursive) using defaults
[0.581s] Level 1:colcon.colcon_core.package_discovery:discover_packages(ignore) discover
[0.581s] Level 1:colcon.colcon_core.package_discovery:discover_packages(ignore) using defaults
[0.581s] Level 1:colcon.colcon_core.package_discovery:discover_packages(path) discover
[0.581s] Level 1:colcon.colcon_core.package_discovery:discover_packages(path) using defaults
[0.596s] Level 1:colcon.colcon_core.package_discovery:discover_packages(prefix_path) check parameters
[0.596s] Level 1:colcon.colcon_core.package_discovery:discover_packages(prefix_path) discover
[0.598s] DEBUG:colcon.colcon_installed_package_information.package_discovery:Found 410 installed packages in /opt/ros/humble
[0.607s] Level 1:colcon.colcon_core.package_discovery:discover_packages(prefix_path) using defaults
[0.637s] Level 5:colcon.colcon_core.verb:set package 'amr_description' build argument 'cmake_args' from command line to 'None'
[0.637s] Level 5:colcon.colcon_core.verb:set package 'amr_description' build argument 'cmake_target' from command line to 'None'
[0.637s] Level 5:colcon.colcon_core.verb:set package 'amr_description' build argument 'cmake_target_skip_unavailable' from command line to 'False'
[0.637s] Level 5:colcon.colcon_core.verb:set package 'amr_description' build argument 'cmake_clean_cache' from command line to 'False'
[0.637s] Level 5:colcon.colcon_core.verb:set package 'amr_description' build argument 'cmake_clean_first' from command line to 'False'
[0.637s] Level 5:colcon.colcon_core.verb:set package 'amr_description' build argument 'cmake_force_configure' from command line to 'False'
[0.637s] Level 5:colcon.colcon_core.verb:set package 'amr_description' build argument 'ament_cmake_args' from command line to 'None'
[0.637s] Level 5:colcon.colcon_core.verb:set package 'amr_description' build argument 'catkin_cmake_args' from command line to 'None'
[0.637s] Level 5:colcon.colcon_core.verb:set package 'amr_description' build argument 'catkin_skip_building_tests' from command line to 'False'
[0.637s] DEBUG:colcon.colcon_core.verb:Building package 'amr_description' with the following arguments: {'ament_cmake_args': None, 'build_base': '/home/xelf/warehouse-automation/build/amr_description', 'catkin_cmake_args': None, 'catkin_skip_building_tests': False, 'cmake_args': None, 'cmake_clean_cache': False, 'cmake_clean_first': False, 'cmake_force_configure': False, 'cmake_target': None, 'cmake_target_skip_unavailable': False, 'install_base': '/home/xelf/warehouse-automation/install/amr_description', 'merge_install': False, 'path': '/home/xelf/warehouse-automation/amr_description', 'symlink_install': True, 'test_result_base': None}
[0.638s] Level 5:colcon.colcon_core.verb:set package 'cuopt_bridge' build argument 'cmake_args' from command line to 'None'
[0.638s] Level 5:colcon.colcon_core.verb:set package 'cuopt_bridge' build argument 'cmake_target' from command line to 'None'
[0.638s] Level 5:colcon.colcon_core.verb:set package 'cuopt_bridge' build argument 'cmake_target_skip_unavailable' from command line to 'False'
[0.638s] Level 5:colcon.colcon_core.verb:set package 'cuopt_bridge' build argument 'cmake_clean_cache' from command line to 'False'
[0.638s] Level 5:colcon.colcon_core.verb:set package 'cuopt_bridge' build argument 'cmake_clean_first' from command line to 'False'
[0.638s] Level 5:colcon.colcon_core.verb:set package 'cuopt_bridge' build argument 'cmake_force_configure' from command line to 'False'
[0.638s] Level 5:colcon.colcon_core.verb:set package 'cuopt_bridge' build argument 'ament_cmake_args' from command line to 'None'
[0.638s] Level 5:colcon.colcon_core.verb:set package 'cuopt_bridge' build argument 'catkin_cmake_args' from command line to 'None'
[0.638s] Level 5:colcon.colcon_core.verb:set package 'cuopt_bridge' build argument 'catkin_skip_building_tests' from command line to 'False'
[0.638s] DEBUG:colcon.colcon_core.verb:Building package 'cuopt_bridge' with the following arguments: {'ament_cmake_args': None, 'build_base': '/home/xelf/warehouse-automation/build/cuopt_bridge', 'catkin_cmake_args': None, 'catkin_skip_building_tests': False, 'cmake_args': None, 'cmake_clean_cache': False, 'cmake_clean_first': False, 'cmake_force_configure': False, 'cmake_target': None, 'cmake_target_skip_unavailable': False, 'install_base': '/home/xelf/warehouse-automation/install/cuopt_bridge', 'merge_install': False, 'path': '/home/xelf/warehouse-automation/cuopt_bridge', 'symlink_install': True, 'test_result_base': None}
[0.638s] Level 5:colcon.colcon_core.verb:set package 'hello_world_pkgs' build argument 'cmake_args' from command line to 'None'
[0.638s] Level 5:colcon.colcon_core.verb:set package 'hello_world_pkgs' build argument 'cmake_target' from command line to 'None'
[0.638s] Level 5:colcon.colcon_core.verb:set package 'hello_world_pkgs' build argument 'cmake_target_skip_unavailable' from command line to 'False'
[0.638s] Level 5:colcon.colcon_core.verb:set package 'hello_world_pkgs' build argument 'cmake_clean_cache' from command line to 'False'
[0.638s] Level 5:colcon.colcon_core.verb:set package 'hello_world_pkgs' build argument 'cmake_clean_first' from command line to 'False'
[0.638s] Level 5:colcon.colcon_core.verb:set package 'hello_world_pkgs' build argument 'cmake_force_configure' from command line to 'False'
[0.638s] Level 5:colcon.colcon_core.verb:set package 'hello_world_pkgs' build argument 'ament_cmake_args' from command line to 'None'
[0.638s] Level 5:colcon.colcon_core.verb:set package 'hello_world_pkgs' build argument 'catkin_cmake_args' from command line to 'None'
[0.638s] Level 5:colcon.colcon_core.verb:set package 'hello_world_pkgs' build argument 'catkin_skip_building_tests' from command line to 'False'
[0.638s] DEBUG:colcon.colcon_core.verb:Building package 'hello_world_pkgs' with the following arguments: {'ament_cmake_args': None, 'build_base': '/home/xelf/warehouse-automation/build/hello_world_pkgs', 'catkin_cmake_args': None, 'catkin_skip_building_tests': False, 'cmake_args': None, 'cmake_clean_cache': False, 'cmake_clean_first': False, 'cmake_force_configure': False, 'cmake_target': None, 'cmake_target_skip_unavailable': False, 'install_base': '/home/xelf/warehouse-automation/install/hello_world_pkgs', 'merge_install': False, 'path': '/home/xelf/warehouse-automation/hello_world_pkgs', 'symlink_install': True, 'test_result_base': None}
[0.638s] Level 5:colcon.colcon_core.verb:set package 'orchestrator' build argument 'cmake_args' from command line to 'None'
[0.638s] Level 5:colcon.colcon_core.verb:set package 'orchestrator' build argument 'cmake_target' from command line to 'None'
[0.638s] Level 5:colcon.colcon_core.verb:set package 'orchestrator' build argument 'cmake_target_skip_unavailable' from command line to 'False'
[0.638s] Level 5:colcon.colcon_core.verb:set package 'orchestrator' build argument 'cmake_clean_cache' from command line to 'False'
[0.638s] Level 5:colcon.colcon_core.verb:set package 'orchestrator' build argument 'cmake_clean_first' from command line to 'False'
[0.638s] Level 5:colcon.colcon_core.verb:set package 'orchestrator' build argument 'cmake_force_configure' from command line to 'False'
[0.638s] Level 5:colcon.colcon_core.verb:set package 'orchestrator' build argument 'ament_cmake_args' from command line to 'None'
[0.638s] Level 5:colcon.colcon_core.verb:set package 'orchestrator' build argument 'catkin_cmake_args' from command line to 'None'
[0.638s] Level 5:colcon.colcon_core.verb:set package 'orchestrator' build argument 'catkin_skip_building_tests' from command line to 'False'
[0.638s] DEBUG:colcon.colcon_core.verb:Building package 'orchestrator' with the following arguments: {'ament_cmake_args': None, 'build_base': '/home/xelf/warehouse-automation/build/orchestrator', 'catkin_cmake_args': None, 'catkin_skip_building_tests': False, 'cmake_args': None, 'cmake_clean_cache': False, 'cmake_clean_first': False, 'cmake_force_configure': False, 'cmake_target': None, 'cmake_target_skip_unavailable': False, 'install_base': '/home/xelf/warehouse-automation/install/orchestrator', 'merge_install': False, 'path': '/home/xelf/warehouse-automation/orchestrator', 'symlink_install': True, 'test_result_base': None}
[0.638s] Level 5:colcon.colcon_core.verb:set package 'order_system' build argument 'cmake_args' from command line to 'None'
[0.638s] Level 5:colcon.colcon_core.verb:set package 'order_system' build argument 'cmake_target' from command line to 'None'
[0.638s] Level 5:colcon.colcon_core.verb:set package 'order_system' build argument 'cmake_target_skip_unavailable' from command line to 'False'
[0.638s] Level 5:colcon.colcon_core.verb:set package 'order_system' build argument 'cmake_clean_cache' from command line to 'False'
[0.638s] Level 5:colcon.colcon_core.verb:set package 'order_system' build argument 'cmake_clean_first' from command line to 'False'
[0.638s] Level 5:colcon.colcon_core.verb:set package 'order_system' build argument 'cmake_force_configure' from command line to 'False'
[0.638s] Level 5:colcon.colcon_core.verb:set package 'order_system' build argument 'ament_cmake_args' from command line to 'None'
[0.638s] Level 5:colcon.colcon_core.verb:set package 'order_system' build argument 'catkin_cmake_args' from command line to 'None'
[0.638s] Level 5:colcon.colcon_core.verb:set package 'order_system' build argument 'catkin_skip_building_tests' from command line to 'False'
[0.638s] DEBUG:colcon.colcon_core.verb:Building package 'order_system' with the following arguments: {'ament_cmake_args': None, 'build_base': '/home/xelf/warehouse-automation/build/order_system', 'catkin_cmake_args': None, 'catkin_skip_building_tests': False, 'cmake_args': None, 'cmake_clean_cache': False, 'cmake_clean_first': False, 'cmake_force_configure': False, 'cmake_target': None, 'cmake_target_skip_unavailable': False, 'install_base': '/home/xelf/warehouse-automation/install/order_system', 'merge_install': False, 'path': '/home/xelf/warehouse-automation/order_system', 'symlink_install': True, 'test_result_base': None}
[0.639s] Level 5:colcon.colcon_core.verb:set package 'warehouse_msgs' build argument 'cmake_args' from command line to 'None'
[0.639s] Level 5:colcon.colcon_core.verb:set package 'warehouse_msgs' build argument 'cmake_target' from command line to 'None'
[0.639s] Level 5:colcon.colcon_core.verb:set package 'warehouse_msgs' build argument 'cmake_target_skip_unavailable' from command line to 'False'
[0.639s] Level 5:colcon.colcon_core.verb:set package 'warehouse_msgs' build argument 'cmake_clean_cache' from command line to 'False'
[0.639s] Level 5:colcon.colcon_core.verb:set package 'warehouse_msgs' build argument 'cmake_clean_first' from command line to 'False'
[0.639s] Level 5:colcon.colcon_core.verb:set package 'warehouse_msgs' build argument 'cmake_force_configure' from command line to 'False'
[0.639s] Level 5:colcon.colcon_core.verb:set package 'warehouse_msgs' build argument 'ament_cmake_args' from command line to 'None'
[0.639s] Level 5:colcon.colcon_core.verb:set package 'warehouse_msgs' build argument 'catkin_cmake_args' from command line to 'None'
[0.639s] Level 5:colcon.colcon_core.verb:set package 'warehouse_msgs' build argument 'catkin_skip_building_tests' from command line to 'False'
[0.639s] DEBUG:colcon.colcon_core.verb:Building package 'warehouse_msgs' with the following arguments: {'ament_cmake_args': None, 'build_base': '/home/xelf/warehouse-automation/build/warehouse_msgs', 'catkin_cmake_args': None, 'catkin_skip_building_tests': False, 'cmake_args': None, 'cmake_clean_cache': False, 'cmake_clean_first': False, 'cmake_force_configure': False, 'cmake_target': None, 'cmake_target_skip_unavailable': False, 'install_base': '/home/xelf/warehouse-automation/install/warehouse_msgs', 'merge_install': False, 'path': '/home/xelf/warehouse-automation/warehouse_msgs', 'symlink_install': True, 'test_result_base': None}
[0.639s] INFO:colcon.colcon_core.executor:Executing jobs using 'parallel' executor
[0.640s] DEBUG:colcon.colcon_parallel_executor.executor.parallel:run_until_complete
[0.640s] INFO:colcon.colcon_ros.task.ament_python.build:Building ROS package in '/home/xelf/warehouse-automation/amr_description' with build type 'ament_python'
[0.640s] Level 1:colcon.colcon_core.shell:create_environment_hook('amr_description', 'ament_prefix_path')
[0.642s] INFO:colcon.colcon_core.plugin_system:Skipping extension 'colcon_core.shell.bat': Not used on non-Windows systems
[0.642s] INFO:colcon.colcon_core.shell:Creating environment hook '/home/xelf/warehouse-automation/install/amr_description/share/amr_description/hook/ament_prefix_path.ps1'
[0.643s] INFO:colcon.colcon_core.shell:Creating environment descriptor '/home/xelf/warehouse-automation/install/amr_description/share/amr_description/hook/ament_prefix_path.dsv'
[0.644s] INFO:colcon.colcon_core.shell:Creating environment hook '/home/xelf/warehouse-automation/install/amr_description/share/amr_description/hook/ament_prefix_path.sh'
[0.644s] INFO:colcon.colcon_core.shell:Skip shell extension 'powershell' for command environment: Not usable outside of PowerShell
[0.644s] DEBUG:colcon.colcon_core.shell:Skip shell extension 'dsv' for command environment
[0.647s] INFO:colcon.colcon_ros.task.ament_python.build:Building ROS package in '/home/xelf/warehouse-automation/cuopt_bridge' with build type 'ament_python'
[0.647s] Level 1:colcon.colcon_core.shell:create_environment_hook('cuopt_bridge', 'ament_prefix_path')
[0.648s] INFO:colcon.colcon_core.shell:Creating environment hook '/home/xelf/warehouse-automation/install/cuopt_bridge/share/cuopt_bridge/hook/ament_prefix_path.ps1'
[0.648s] INFO:colcon.colcon_core.shell:Creating environment descriptor '/home/xelf/warehouse-automation/install/cuopt_bridge/share/cuopt_bridge/hook/ament_prefix_path.dsv'
[0.649s] INFO:colcon.colcon_core.shell:Creating environment hook '/home/xelf/warehouse-automation/install/cuopt_bridge/share/cuopt_bridge/hook/ament_prefix_path.sh'
[0.650s] INFO:colcon.colcon_core.shell:Skip shell extension 'powershell' for command environment: Not usable outside of PowerShell
[0.650s] DEBUG:colcon.colcon_core.shell:Skip shell extension 'dsv' for command environment
[0.652s] INFO:colcon.colcon_ros.task.ament_python.build:Building ROS package in '/home/xelf/warehouse-automation/hello_world_pkgs' with build type 'ament_python'
[0.652s] Level 1:colcon.colcon_core.shell:create_environment_hook('hello_world_pkgs', 'ament_prefix_path')
[0.652s] INFO:colcon.colcon_core.shell:Creating environment hook '/home/xelf/warehouse-automation/install/hello_world_pkgs/share/hello_world_pkgs/hook/ament_prefix_path.ps1'
[0.653s] INFO:colcon.colcon_core.shell:Creating environment descriptor '/home/xelf/warehouse-automation/install/hello_world_pkgs/share/hello_world_pkgs/hook/ament_prefix_path.dsv'
[0.653s] INFO:colcon.colcon_core.shell:Creating environment hook '/home/xelf/warehouse-automation/install/hello_world_pkgs/share/hello_world_pkgs/hook/ament_prefix_path.sh'
[0.654s] INFO:colcon.colcon_core.shell:Skip shell extension 'powershell' for command environment: Not usable outside of PowerShell
[0.654s] DEBUG:colcon.colcon_core.shell:Skip shell extension 'dsv' for command environment
[0.657s] INFO:colcon.colcon_ros.task.ament_python.build:Building ROS package in '/home/xelf/warehouse-automation/orchestrator' with build type 'ament_python'
[0.657s] Level 1:colcon.colcon_core.shell:create_environment_hook('orchestrator', 'ament_prefix_path')
[0.657s] INFO:colcon.colcon_core.shell:Creating environment hook '/home/xelf/warehouse-automation/install/orchestrator/share/orchestrator/hook/ament_prefix_path.ps1'
[0.658s] INFO:colcon.colcon_core.shell:Creating environment descriptor '/home/xelf/warehouse-automation/install/orchestrator/share/orchestrator/hook/ament_prefix_path.dsv'
[0.658s] INFO:colcon.colcon_core.shell:Creating environment hook '/home/xelf/warehouse-automation/install/orchestrator/share/orchestrator/hook/ament_prefix_path.sh'
[0.658s] INFO:colcon.colcon_core.shell:Skip shell extension 'powershell' for command environment: Not usable outside of PowerShell
[0.658s] DEBUG:colcon.colcon_core.shell:Skip shell extension 'dsv' for command environment
[0.660s] INFO:colcon.colcon_ros.task.ament_python.build:Building ROS package in '/home/xelf/warehouse-automation/order_system' with build type 'ament_python'
[0.660s] Level 1:colcon.colcon_core.shell:create_environment_hook('order_system', 'ament_prefix_path')
[0.661s] INFO:colcon.colcon_core.shell:Creating environment hook '/home/xelf/warehouse-automation/install/order_system/share/order_system/hook/ament_prefix_path.ps1'
[0.661s] INFO:colcon.colcon_core.shell:Creating environment descriptor '/home/xelf/warehouse-automation/install/order_system/share/order_system/hook/ament_prefix_path.dsv'
[0.661s] INFO:colcon.colcon_core.shell:Creating environment hook '/home/xelf/warehouse-automation/install/order_system/share/order_system/hook/ament_prefix_path.sh'
[0.662s] INFO:colcon.colcon_core.shell:Skip shell extension 'powershell' for command environment: Not usable outside of PowerShell
[0.662s] DEBUG:colcon.colcon_core.shell:Skip shell extension 'dsv' for command environment
[0.664s] INFO:colcon.colcon_ros.task.ament_python.build:Building ROS package in '/home/xelf/warehouse-automation/warehouse_msgs' with build type 'ament_python'
[0.664s] Level 1:colcon.colcon_core.shell:create_environment_hook('warehouse_msgs', 'ament_prefix_path')
[0.664s] INFO:colcon.colcon_core.shell:Creating environment hook '/home/xelf/warehouse-automation/install/warehouse_msgs/share/warehouse_msgs/hook/ament_prefix_path.ps1'
[0.665s] INFO:colcon.colcon_core.shell:Creating environment descriptor '/home/xelf/warehouse-automation/install/warehouse_msgs/share/warehouse_msgs/hook/ament_prefix_path.dsv'
[0.665s] INFO:colcon.colcon_core.shell:Creating environment hook '/home/xelf/warehouse-automation/install/warehouse_msgs/share/warehouse_msgs/hook/ament_prefix_path.sh'
[0.666s] INFO:colcon.colcon_core.shell:Skip shell extension 'powershell' for command environment: Not usable outside of PowerShell
[0.666s] DEBUG:colcon.colcon_core.shell:Skip shell extension 'dsv' for command environment
[0.843s] INFO:colcon.colcon_core.task.python.build:Building Python package in '/home/xelf/warehouse-automation/amr_description'
[0.844s] INFO:colcon.colcon_core.shell:Skip shell extension 'powershell' for command environment: Not usable outside of PowerShell
[0.844s] DEBUG:colcon.colcon_core.shell:Skip shell extension 'dsv' for command environment
[1.008s] INFO:colcon.colcon_core.task.python.build:Building Python package in '/home/xelf/warehouse-automation/cuopt_bridge'
[1.008s] INFO:colcon.colcon_core.shell:Skip shell extension 'powershell' for command environment: Not usable outside of PowerShell
[1.008s] DEBUG:colcon.colcon_core.shell:Skip shell extension 'dsv' for command environment
[1.166s] INFO:colcon.colcon_core.task.python.build:Building Python package in '/home/xelf/warehouse-automation/hello_world_pkgs'
[1.166s] INFO:colcon.colcon_core.shell:Skip shell extension 'powershell' for command environment: Not usable outside of PowerShell
[1.166s] DEBUG:colcon.colcon_core.shell:Skip shell extension 'dsv' for command environment
[1.322s] INFO:colcon.colcon_core.task.python.build:Building Python package in '/home/xelf/warehouse-automation/orchestrator'
[1.322s] INFO:colcon.colcon_core.shell:Skip shell extension 'powershell' for command environment: Not usable outside of PowerShell
[1.322s] DEBUG:colcon.colcon_core.shell:Skip shell extension 'dsv' for command environment
[1.482s] INFO:colcon.colcon_core.task.python.build:Building Python package in '/home/xelf/warehouse-automation/order_system'
[1.483s] INFO:colcon.colcon_core.shell:Skip shell extension 'powershell' for command environment: Not usable outside of PowerShell
[1.483s] DEBUG:colcon.colcon_core.shell:Skip shell extension 'dsv' for command environment
[1.641s] INFO:colcon.colcon_core.task.python.build:Building Python package in '/home/xelf/warehouse-automation/warehouse_msgs'
[1.641s] INFO:colcon.colcon_core.shell:Skip shell extension 'powershell' for command environment: Not usable outside of PowerShell
[1.641s] DEBUG:colcon.colcon_core.shell:Skip shell extension 'dsv' for command environment
[1.983s] DEBUG:colcon.colcon_core.event_handler.log_command:Invoking command in '/home/xelf/warehouse-automation/build/cuopt_bridge': PYTHONPATH=/home/xelf/warehouse-automation/build/cuopt_bridge/prefix_override:/usr/lib/python3/dist-packages/colcon_core/task/python/colcon_distutils_commands:/home/xelf/warehouse-automation/install/cuopt_bridge/lib/python3.10/site-packages:${PYTHONPATH} /usr/bin/python3 -W ignore:setup.py install is deprecated -W ignore:easy_install command is deprecated setup.py develop --editable --build-directory /home/xelf/warehouse-automation/build/cuopt_bridge/build --no-deps symlink_data
[2.004s] DEBUG:colcon.colcon_core.event_handler.log_command:Invoking command in '/home/xelf/warehouse-automation/build/amr_description': PYTHONPATH=/home/xelf/warehouse-automation/build/amr_description/prefix_override:/usr/lib/python3/dist-packages/colcon_core/task/python/colcon_distutils_commands:/home/xelf/warehouse-automation/install/amr_description/lib/python3.10/site-packages:${PYTHONPATH} /usr/bin/python3 -W ignore:setup.py install is deprecated -W ignore:easy_install command is deprecated setup.py develop --editable --build-directory /home/xelf/warehouse-automation/build/amr_description/build --no-deps symlink_data
[2.007s] DEBUG:colcon.colcon_core.event_handler.log_command:Invoking command in '/home/xelf/warehouse-automation/build/orchestrator': PYTHONPATH=/home/xelf/warehouse-automation/build/orchestrator/prefix_override:/usr/lib/python3/dist-packages/colcon_core/task/python/colcon_distutils_commands:/home/xelf/warehouse-automation/install/orchestrator/lib/python3.10/site-packages:${PYTHONPATH} /usr/bin/python3 -W ignore:setup.py install is deprecated -W ignore:easy_install command is deprecated setup.py develop --editable --build-directory /home/xelf/warehouse-automation/build/orchestrator/build --no-deps symlink_data
[2.011s] DEBUG:colcon.colcon_core.event_handler.log_command:Invoking command in '/home/xelf/warehouse-automation/build/hello_world_pkgs': PYTHONPATH=/home/xelf/warehouse-automation/build/hello_world_pkgs/prefix_override:/usr/lib/python3/dist-packages/colcon_core/task/python/colcon_distutils_commands:/home/xelf/warehouse-automation/install/hello_world_pkgs/lib/python3.10/site-packages:${PYTHONPATH} /usr/bin/python3 -W ignore:setup.py install is deprecated -W ignore:easy_install command is deprecated setup.py develop --editable --build-directory /home/xelf/warehouse-automation/build/hello_world_pkgs/build --no-deps symlink_data
[2.023s] DEBUG:colcon.colcon_core.event_handler.log_command:Invoking command in '/home/xelf/warehouse-automation/build/order_system': PYTHONPATH=/home/xelf/warehouse-automation/build/order_system/prefix_override:/usr/lib/python3/dist-packages/colcon_core/task/python/colcon_distutils_commands:/home/xelf/warehouse-automation/install/order_system/lib/python3.10/site-packages:${PYTHONPATH} /usr/bin/python3 -W ignore:setup.py install is deprecated -W ignore:easy_install command is deprecated setup.py develop --editable --build-directory /home/xelf/warehouse-automation/build/order_system/build --no-deps symlink_data
[2.024s] DEBUG:colcon.colcon_core.event_handler.log_command:Invoking command in '/home/xelf/warehouse-automation/build/warehouse_msgs': PYTHONPATH=/home/xelf/warehouse-automation/build/warehouse_msgs/prefix_override:/usr/lib/python3/dist-packages/colcon_core/task/python/colcon_distutils_commands:/home/xelf/warehouse-automation/install/warehouse_msgs/lib/python3.10/site-packages:${PYTHONPATH} /usr/bin/python3 -W ignore:setup.py install is deprecated -W ignore:easy_install command is deprecated setup.py develop --editable --build-directory /home/xelf/warehouse-automation/build/warehouse_msgs/build --no-deps symlink_data
[2.331s] Level 1:colcon.colcon_core.shell:create_environment_hook('cuopt_bridge', 'pythonpath_develop')
[2.331s] INFO:colcon.colcon_core.shell:Creating environment hook '/home/xelf/warehouse-automation/build/cuopt_bridge/share/cuopt_bridge/hook/pythonpath_develop.ps1'
[2.332s] DEBUG:colcon.colcon_core.event_handler.log_command:Invoked command in '/home/xelf/warehouse-automation/build/cuopt_bridge' returned '0': PYTHONPATH=/home/xelf/warehouse-automation/build/cuopt_bridge/prefix_override:/usr/lib/python3/dist-packages/colcon_core/task/python/colcon_distutils_commands:/home/xelf/warehouse-automation/install/cuopt_bridge/lib/python3.10/site-packages:${PYTHONPATH} /usr/bin/python3 -W ignore:setup.py install is deprecated -W ignore:easy_install command is deprecated setup.py develop --editable --build-directory /home/xelf/warehouse-automation/build/cuopt_bridge/build --no-deps symlink_data
[2.332s] INFO:colcon.colcon_core.shell:Creating environment descriptor '/home/xelf/warehouse-automation/build/cuopt_bridge/share/cuopt_bridge/hook/pythonpath_develop.dsv'
[2.333s] INFO:colcon.colcon_core.shell:Creating environment hook '/home/xelf/warehouse-automation/build/cuopt_bridge/share/cuopt_bridge/hook/pythonpath_develop.sh'
[2.336s] Level 1:colcon.colcon_core.environment:checking '/home/xelf/warehouse-automation/install/cuopt_bridge' for CMake module files
[2.336s] Level 1:colcon.colcon_core.environment:checking '/home/xelf/warehouse-automation/install/cuopt_bridge' for CMake config files
[2.337s] Level 1:colcon.colcon_core.environment:checking '/home/xelf/warehouse-automation/install/cuopt_bridge/lib'
[2.338s] Level 1:colcon.colcon_core.environment:checking '/home/xelf/warehouse-automation/install/cuopt_bridge/bin'
[2.338s] Level 1:colcon.colcon_core.environment:checking '/home/xelf/warehouse-automation/install/cuopt_bridge/lib/pkgconfig/cuopt_bridge.pc'
[2.338s] Level 1:colcon.colcon_core.environment:checking '/home/xelf/warehouse-automation/install/cuopt_bridge/lib/python3.10/site-packages'
[2.338s] Level 1:colcon.colcon_core.shell:create_environment_hook('cuopt_bridge', 'pythonpath')
[2.338s] INFO:colcon.colcon_core.shell:Creating environment hook '/home/xelf/warehouse-automation/install/cuopt_bridge/share/cuopt_bridge/hook/pythonpath.ps1'
[2.339s] INFO:colcon.colcon_core.shell:Creating environment descriptor '/home/xelf/warehouse-automation/install/cuopt_bridge/share/cuopt_bridge/hook/pythonpath.dsv'
[2.339s] INFO:colcon.colcon_core.shell:Creating environment hook '/home/xelf/warehouse-automation/install/cuopt_bridge/share/cuopt_bridge/hook/pythonpath.sh'
[2.340s] Level 1:colcon.colcon_core.environment:checking '/home/xelf/warehouse-automation/install/cuopt_bridge/bin'
[2.340s] Level 1:colcon.colcon_core.environment:create_environment_scripts_only(cuopt_bridge)
[2.340s] INFO:colcon.colcon_core.shell:Creating package script '/home/xelf/warehouse-automation/install/cuopt_bridge/share/cuopt_bridge/package.ps1'
[2.341s] INFO:colcon.colcon_core.shell:Creating package descriptor '/home/xelf/warehouse-automation/install/cuopt_bridge/share/cuopt_bridge/package.dsv'
[2.341s] INFO:colcon.colcon_core.shell:Creating package script '/home/xelf/warehouse-automation/install/cuopt_bridge/share/cuopt_bridge/package.sh'
[2.342s] INFO:colcon.colcon_core.shell:Creating package script '/home/xelf/warehouse-automation/install/cuopt_bridge/share/cuopt_bridge/package.bash'
[2.342s] INFO:colcon.colcon_core.shell:Creating package script '/home/xelf/warehouse-automation/install/cuopt_bridge/share/cuopt_bridge/package.zsh'
[2.343s] Level 1:colcon.colcon_core.environment:create_file_with_runtime_dependencies(/home/xelf/warehouse-automation/install/cuopt_bridge/share/colcon-core/packages/cuopt_bridge)
[2.372s] Level 1:colcon.colcon_core.shell:create_environment_hook('amr_description', 'pythonpath_develop')
[2.373s] INFO:colcon.colcon_core.shell:Creating environment hook '/home/xelf/warehouse-automation/build/amr_description/share/amr_description/hook/pythonpath_develop.ps1'
[2.374s] DEBUG:colcon.colcon_core.event_handler.log_command:Invoked command in '/home/xelf/warehouse-automation/build/amr_description' returned '0': PYTHONPATH=/home/xelf/warehouse-automation/build/amr_description/prefix_override:/usr/lib/python3/dist-packages/colcon_core/task/python/colcon_distutils_commands:/home/xelf/warehouse-automation/install/amr_description/lib/python3.10/site-packages:${PYTHONPATH} /usr/bin/python3 -W ignore:setup.py install is deprecated -W ignore:easy_install command is deprecated setup.py develop --editable --build-directory /home/xelf/warehouse-automation/build/amr_description/build --no-deps symlink_data
[2.374s] INFO:colcon.colcon_core.shell:Creating environment descriptor '/home/xelf/warehouse-automation/build/amr_description/share/amr_description/hook/pythonpath_develop.dsv'
[2.375s] INFO:colcon.colcon_core.shell:Creating environment hook '/home/xelf/warehouse-automation/build/amr_description/share/amr_description/hook/pythonpath_develop.sh'
[2.375s] Level 1:colcon.colcon_core.environment:checking '/home/xelf/warehouse-automation/install/amr_description' for CMake module files
[2.376s] Level 1:colcon.colcon_core.environment:checking '/home/xelf/warehouse-automation/install/amr_description' for CMake config files
[2.377s] Level 1:colcon.colcon_core.environment:checking '/home/xelf/warehouse-automation/install/amr_description/lib'
[2.377s] Level 1:colcon.colcon_core.environment:checking '/home/xelf/warehouse-automation/install/amr_description/bin'
[2.377s] Level 1:colcon.colcon_core.environment:checking '/home/xelf/warehouse-automation/install/amr_description/lib/pkgconfig/amr_description.pc'
[2.377s] Level 1:colcon.colcon_core.environment:checking '/home/xelf/warehouse-automation/install/amr_description/lib/python3.10/site-packages'
[2.377s] Level 1:colcon.colcon_core.shell:create_environment_hook('amr_description', 'pythonpath')
[2.377s] INFO:colcon.colcon_core.shell:Creating environment hook '/home/xelf/warehouse-automation/install/amr_description/share/amr_description/hook/pythonpath.ps1'
[2.378s] INFO:colcon.colcon_core.shell:Creating environment descriptor '/home/xelf/warehouse-automation/install/amr_description/share/amr_description/hook/pythonpath.dsv'
[2.378s] INFO:colcon.colcon_core.shell:Creating environment hook '/home/xelf/warehouse-automation/install/amr_description/share/amr_description/hook/pythonpath.sh'
[2.379s] Level 1:colcon.colcon_core.environment:checking '/home/xelf/warehouse-automation/install/amr_description/bin'
[2.379s] Level 1:colcon.colcon_core.environment:create_environment_scripts_only(amr_description)
[2.379s] INFO:colcon.colcon_core.shell:Creating package script '/home/xelf/warehouse-automation/install/amr_description/share/amr_description/package.ps1'
[2.380s] INFO:colcon.colcon_core.shell:Creating package descriptor '/home/xelf/warehouse-automation/install/amr_description/share/amr_description/package.dsv'
[2.380s] INFO:colcon.colcon_core.shell:Creating package script '/home/xelf/warehouse-automation/install/amr_description/share/amr_description/package.sh'
[2.381s] INFO:colcon.colcon_core.shell:Creating package script '/home/xelf/warehouse-automation/install/amr_description/share/amr_description/package.bash'
[2.381s] INFO:colcon.colcon_core.shell:Creating package script '/home/xelf/warehouse-automation/install/amr_description/share/amr_description/package.zsh'
[2.381s] Level 1:colcon.colcon_core.environment:create_file_with_runtime_dependencies(/home/xelf/warehouse-automation/install/amr_description/share/colcon-core/packages/amr_description)
[2.383s] Level 1:colcon.colcon_core.shell:create_environment_hook('warehouse_msgs', 'pythonpath_develop')
[2.383s] INFO:colcon.colcon_core.shell:Creating environment hook '/home/xelf/warehouse-automation/build/warehouse_msgs/share/warehouse_msgs/hook/pythonpath_develop.ps1'
[2.384s] DEBUG:colcon.colcon_core.event_handler.log_command:Invoked command in '/home/xelf/warehouse-automation/build/warehouse_msgs' returned '0': PYTHONPATH=/home/xelf/warehouse-automation/build/warehouse_msgs/prefix_override:/usr/lib/python3/dist-packages/colcon_core/task/python/colcon_distutils_commands:/home/xelf/warehouse-automation/install/warehouse_msgs/lib/python3.10/site-packages:${PYTHONPATH} /usr/bin/python3 -W ignore:setup.py install is deprecated -W ignore:easy_install command is deprecated setup.py develop --editable --build-directory /home/xelf/warehouse-automation/build/warehouse_msgs/build --no-deps symlink_data
[2.384s] INFO:colcon.colcon_core.shell:Creating environment descriptor '/home/xelf/warehouse-automation/build/warehouse_msgs/share/warehouse_msgs/hook/pythonpath_develop.dsv'
[2.385s] INFO:colcon.colcon_core.shell:Creating environment hook '/home/xelf/warehouse-automation/build/warehouse_msgs/share/warehouse_msgs/hook/pythonpath_develop.sh'
[2.386s] Level 1:colcon.colcon_core.environment:checking '/home/xelf/warehouse-automation/install/warehouse_msgs' for CMake module files
[2.387s] Level 1:colcon.colcon_core.environment:checking '/home/xelf/warehouse-automation/install/warehouse_msgs' for CMake config files
[2.387s] Level 1:colcon.colcon_core.environment:checking '/home/xelf/warehouse-automation/install/warehouse_msgs/lib'
[2.387s] Level 1:colcon.colcon_core.environment:checking '/home/xelf/warehouse-automation/install/warehouse_msgs/bin'
[2.387s] Level 1:colcon.colcon_core.environment:checking '/home/xelf/warehouse-automation/install/warehouse_msgs/lib/pkgconfig/warehouse_msgs.pc'
[2.387s] Level 1:colcon.colcon_core.environment:checking '/home/xelf/warehouse-automation/install/warehouse_msgs/lib/python3.10/site-packages'
[2.387s] Level 1:colcon.colcon_core.shell:create_environment_hook('warehouse_msgs', 'pythonpath')
[2.388s] INFO:colcon.colcon_core.shell:Creating environment hook '/home/xelf/warehouse-automation/install/warehouse_msgs/share/warehouse_msgs/hook/pythonpath.ps1'
[2.388s] INFO:colcon.colcon_core.shell:Creating environment descriptor '/home/xelf/warehouse-automation/install/warehouse_msgs/share/warehouse_msgs/hook/pythonpath.dsv'
[2.388s] INFO:colcon.colcon_core.shell:Creating environment hook '/home/xelf/warehouse-automation/install/warehouse_msgs/share/warehouse_msgs/hook/pythonpath.sh'
[2.389s] Level 1:colcon.colcon_core.environment:checking '/home/xelf/warehouse-automation/install/warehouse_msgs/bin'
[2.389s] Level 1:colcon.colcon_core.environment:create_environment_scripts_only(warehouse_msgs)
[2.389s] INFO:colcon.colcon_core.shell:Creating package script '/home/xelf/warehouse-automation/install/warehouse_msgs/share/warehouse_msgs/package.ps1'
[2.390s] INFO:colcon.colcon_core.shell:Creating package descriptor '/home/xelf/warehouse-automation/install/warehouse_msgs/share/warehouse_msgs/package.dsv'
[2.390s] INFO:colcon.colcon_core.shell:Creating package script '/home/xelf/warehouse-automation/install/warehouse_msgs/share/warehouse_msgs/package.sh'
[2.390s] INFO:colcon.colcon_core.shell:Creating package script '/home/xelf/warehouse-automation/install/warehouse_msgs/share/warehouse_msgs/package.bash'
[2.390s] INFO:colcon.colcon_core.shell:Creating package script '/home/xelf/warehouse-automation/install/warehouse_msgs/share/warehouse_msgs/package.zsh'
[2.391s] Level 1:colcon.colcon_core.environment:create_file_with_runtime_dependencies(/home/xelf/warehouse-automation/install/warehouse_msgs/share/colcon-core/packages/warehouse_msgs)
[2.392s] Level 1:colcon.colcon_core.shell:create_environment_hook('orchestrator', 'pythonpath_develop')
[2.392s] INFO:colcon.colcon_core.shell:Creating environment hook '/home/xelf/warehouse-automation/build/orchestrator/share/orchestrator/hook/pythonpath_develop.ps1'
[2.393s] DEBUG:colcon.colcon_core.event_handler.log_command:Invoked command in '/home/xelf/warehouse-automation/build/orchestrator' returned '0': PYTHONPATH=/home/xelf/warehouse-automation/build/orchestrator/prefix_override:/usr/lib/python3/dist-packages/colcon_core/task/python/colcon_distutils_commands:/home/xelf/warehouse-automation/install/orchestrator/lib/python3.10/site-packages:${PYTHONPATH} /usr/bin/python3 -W ignore:setup.py install is deprecated -W ignore:easy_install command is deprecated setup.py develop --editable --build-directory /home/xelf/warehouse-automation/build/orchestrator/build --no-deps symlink_data
[2.393s] INFO:colcon.colcon_core.shell:Creating environment descriptor '/home/xelf/warehouse-automation/build/orchestrator/share/orchestrator/hook/pythonpath_develop.dsv'
[2.393s] INFO:colcon.colcon_core.shell:Creating environment hook '/home/xelf/warehouse-automation/build/orchestrator/share/orchestrator/hook/pythonpath_develop.sh'
[2.394s] Level 1:colcon.colcon_core.environment:checking '/home/xelf/warehouse-automation/install/orchestrator' for CMake module files
[2.394s] Level 1:colcon.colcon_core.environment:checking '/home/xelf/warehouse-automation/install/orchestrator' for CMake config files
[2.394s] Level 1:colcon.colcon_core.environment:checking '/home/xelf/warehouse-automation/install/orchestrator/lib'
[2.394s] Level 1:colcon.colcon_core.environment:checking '/home/xelf/warehouse-automation/install/orchestrator/bin'
[2.394s] Level 1:colcon.colcon_core.environment:checking '/home/xelf/warehouse-automation/install/orchestrator/lib/pkgconfig/orchestrator.pc'
[2.395s] Level 1:colcon.colcon_core.environment:checking '/home/xelf/warehouse-automation/install/orchestrator/lib/python3.10/site-packages'
[2.395s] Level 1:colcon.colcon_core.shell:create_environment_hook('orchestrator', 'pythonpath')
[2.395s] INFO:colcon.colcon_core.shell:Creating environment hook '/home/xelf/warehouse-automation/install/orchestrator/share/orchestrator/hook/pythonpath.ps1'
[2.395s] INFO:colcon.colcon_core.shell:Creating environment descriptor '/home/xelf/warehouse-automation/install/orchestrator/share/orchestrator/hook/pythonpath.dsv'
[2.396s] INFO:colcon.colcon_core.shell:Creating environment hook '/home/xelf/warehouse-automation/install/orchestrator/share/orchestrator/hook/pythonpath.sh'
[2.396s] Level 1:colcon.colcon_core.environment:checking '/home/xelf/warehouse-automation/install/orchestrator/bin'
[2.396s] Level 1:colcon.colcon_core.environment:create_environment_scripts_only(orchestrator)
[2.396s] INFO:colcon.colcon_core.shell:Creating package script '/home/xelf/warehouse-automation/install/orchestrator/share/orchestrator/package.ps1'
[2.397s] INFO:colcon.colcon_core.shell:Creating package descriptor '/home/xelf/warehouse-automation/install/orchestrator/share/orchestrator/package.dsv'
[2.397s] INFO:colcon.colcon_core.shell:Creating package script '/home/xelf/warehouse-automation/install/orchestrator/share/orchestrator/package.sh'
[2.397s] INFO:colcon.colcon_core.shell:Creating package script '/home/xelf/warehouse-automation/install/orchestrator/share/orchestrator/package.bash'
[2.397s] INFO:colcon.colcon_core.shell:Creating package script '/home/xelf/warehouse-automation/install/orchestrator/share/orchestrator/package.zsh'
[2.398s] Level 1:colcon.colcon_core.environment:create_file_with_runtime_dependencies(/home/xelf/warehouse-automation/install/orchestrator/share/colcon-core/packages/orchestrator)
[2.398s] Level 1:colcon.colcon_core.shell:create_environment_hook('hello_world_pkgs', 'pythonpath_develop')
[2.398s] INFO:colcon.colcon_core.shell:Creating environment hook '/home/xelf/warehouse-automation/build/hello_world_pkgs/share/hello_world_pkgs/hook/pythonpath_develop.ps1'
[2.399s] DEBUG:colcon.colcon_core.event_handler.log_command:Invoked command in '/home/xelf/warehouse-automation/build/hello_world_pkgs' returned '0': PYTHONPATH=/home/xelf/warehouse-automation/build/hello_world_pkgs/prefix_override:/usr/lib/python3/dist-packages/colcon_core/task/python/colcon_distutils_commands:/home/xelf/warehouse-automation/install/hello_world_pkgs/lib/python3.10/site-packages:${PYTHONPATH} /usr/bin/python3 -W ignore:setup.py install is deprecated -W ignore:easy_install command is deprecated setup.py develop --editable --build-directory /home/xelf/warehouse-automation/build/hello_world_pkgs/build --no-deps symlink_data
[2.399s] INFO:colcon.colcon_core.shell:Creating environment descriptor '/home/xelf/warehouse-automation/build/hello_world_pkgs/share/hello_world_pkgs/hook/pythonpath_develop.dsv'
[2.399s] INFO:colcon.colcon_core.shell:Creating environment hook '/home/xelf/warehouse-automation/build/hello_world_pkgs/share/hello_world_pkgs/hook/pythonpath_develop.sh'
[2.400s] Level 1:colcon.colcon_core.environment:checking '/home/xelf/warehouse-automation/install/hello_world_pkgs' for CMake module files
[2.400s] Level 1:colcon.colcon_core.environment:checking '/home/xelf/warehouse-automation/install/hello_world_pkgs' for CMake config files
[2.400s] Level 1:colcon.colcon_core.environment:checking '/home/xelf/warehouse-automation/install/hello_world_pkgs/lib'
[2.400s] Level 1:colcon.colcon_core.environment:checking '/home/xelf/warehouse-automation/install/hello_world_pkgs/bin'
[2.401s] Level 1:colcon.colcon_core.environment:checking '/home/xelf/warehouse-automation/install/hello_world_pkgs/lib/pkgconfig/hello_world_pkgs.pc'
[2.401s] Level 1:colcon.colcon_core.environment:checking '/home/xelf/warehouse-automation/install/hello_world_pkgs/lib/python3.10/site-packages'
[2.401s] Level 1:colcon.colcon_core.shell:create_environment_hook('hello_world_pkgs', 'pythonpath')
[2.401s] INFO:colcon.colcon_core.shell:Creating environment hook '/home/xelf/warehouse-automation/install/hello_world_pkgs/share/hello_world_pkgs/hook/pythonpath.ps1'
[2.401s] INFO:colcon.colcon_core.shell:Creating environment descriptor '/home/xelf/warehouse-automation/install/hello_world_pkgs/share/hello_world_pkgs/hook/pythonpath.dsv'
[2.402s] INFO:colcon.colcon_core.shell:Creating environment hook '/home/xelf/warehouse-automation/install/hello_world_pkgs/share/hello_world_pkgs/hook/pythonpath.sh'
[2.402s] Level 1:colcon.colcon_core.environment:checking '/home/xelf/warehouse-automation/install/hello_world_pkgs/bin'
[2.402s] Level 1:colcon.colcon_core.environment:create_environment_scripts_only(hello_world_pkgs)
[2.402s] INFO:colcon.colcon_core.shell:Creating package script '/home/xelf/warehouse-automation/install/hello_world_pkgs/share/hello_world_pkgs/package.ps1'
[2.403s] INFO:colcon.colcon_core.shell:Creating package descriptor '/home/xelf/warehouse-automation/install/hello_world_pkgs/share/hello_world_pkgs/package.dsv'
[2.403s] INFO:colcon.colcon_core.shell:Creating package script '/home/xelf/warehouse-automation/install/hello_world_pkgs/share/hello_world_pkgs/package.sh'
[2.404s] INFO:colcon.colcon_core.shell:Creating package script '/home/xelf/warehouse-automation/install/hello_world_pkgs/share/hello_world_pkgs/package.bash'
[2.404s] INFO:colcon.colcon_core.shell:Creating package script '/home/xelf/warehouse-automation/install/hello_world_pkgs/share/hello_world_pkgs/package.zsh'
[2.404s] Level 1:colcon.colcon_core.environment:create_file_with_runtime_dependencies(/home/xelf/warehouse-automation/install/hello_world_pkgs/share/colcon-core/packages/hello_world_pkgs)
[2.405s] Level 1:colcon.colcon_core.shell:create_environment_hook('order_system', 'pythonpath_develop')
[2.406s] INFO:colcon.colcon_core.shell:Creating environment hook '/home/xelf/warehouse-automation/build/order_system/share/order_system/hook/pythonpath_develop.ps1'
[2.406s] DEBUG:colcon.colcon_core.event_handler.log_command:Invoked command in '/home/xelf/warehouse-automation/build/order_system' returned '0': PYTHONPATH=/home/xelf/warehouse-automation/build/order_system/prefix_override:/usr/lib/python3/dist-packages/colcon_core/task/python/colcon_distutils_commands:/home/xelf/warehouse-automation/install/order_system/lib/python3.10/site-packages:${PYTHONPATH} /usr/bin/python3 -W ignore:setup.py install is deprecated -W ignore:easy_install command is deprecated setup.py develop --editable --build-directory /home/xelf/warehouse-automation/build/order_system/build --no-deps symlink_data
[2.406s] INFO:colcon.colcon_core.shell:Creating environment descriptor '/home/xelf/warehouse-automation/build/order_system/share/order_system/hook/pythonpath_develop.dsv'
[2.407s] INFO:colcon.colcon_core.shell:Creating environment hook '/home/xelf/warehouse-automation/build/order_system/share/order_system/hook/pythonpath_develop.sh'
[2.408s] Level 1:colcon.colcon_core.environment:checking '/home/xelf/warehouse-automation/install/order_system' for CMake module files
[2.408s] Level 1:colcon.colcon_core.environment:checking '/home/xelf/warehouse-automation/install/order_system' for CMake config files
[2.409s] Level 1:colcon.colcon_core.environment:checking '/home/xelf/warehouse-automation/install/order_system/lib'
[2.409s] Level 1:colcon.colcon_core.environment:checking '/home/xelf/warehouse-automation/install/order_system/bin'
[2.409s] Level 1:colcon.colcon_core.environment:checking '/home/xelf/warehouse-automation/install/order_system/lib/pkgconfig/order_system.pc'
[2.409s] Level 1:colcon.colcon_core.environment:checking '/home/xelf/warehouse-automation/install/order_system/lib/python3.10/site-packages'
[2.409s] Level 1:colcon.colcon_core.shell:create_environment_hook('order_system', 'pythonpath')
[2.409s] INFO:colcon.colcon_core.shell:Creating environment hook '/home/xelf/warehouse-automation/install/order_system/share/order_system/hook/pythonpath.ps1'
[2.410s] INFO:colcon.colcon_core.shell:Creating environment descriptor '/home/xelf/warehouse-automation/install/order_system/share/order_system/hook/pythonpath.dsv'
[2.410s] INFO:colcon.colcon_core.shell:Creating environment hook '/home/xelf/warehouse-automation/install/order_system/share/order_system/hook/pythonpath.sh'
[2.411s] Level 1:colcon.colcon_core.environment:checking '/home/xelf/warehouse-automation/install/order_system/bin'
[2.411s] Level 1:colcon.colcon_core.environment:create_environment_scripts_only(order_system)
[2.411s] INFO:colcon.colcon_core.shell:Creating package script '/home/xelf/warehouse-automation/install/order_system/share/order_system/package.ps1'
[2.411s] INFO:colcon.colcon_core.shell:Creating package descriptor '/home/xelf/warehouse-automation/install/order_system/share/order_system/package.dsv'
[2.412s] INFO:colcon.colcon_core.shell:Creating package script '/home/xelf/warehouse-automation/install/order_system/share/order_system/package.sh'
[2.412s] INFO:colcon.colcon_core.shell:Creating package script '/home/xelf/warehouse-automation/install/order_system/share/order_system/package.bash'
[2.412s] INFO:colcon.colcon_core.shell:Creating package script '/home/xelf/warehouse-automation/install/order_system/share/order_system/package.zsh'
[2.412s] Level 1:colcon.colcon_core.environment:create_file_with_runtime_dependencies(/home/xelf/warehouse-automation/install/order_system/share/colcon-core/packages/order_system)
[2.412s] DEBUG:colcon.colcon_parallel_executor.executor.parallel:closing loop
[2.413s] DEBUG:colcon.colcon_parallel_executor.executor.parallel:loop closed
[2.413s] DEBUG:colcon.colcon_parallel_executor.executor.parallel:run_until_complete finished with '0'
[2.413s] DEBUG:colcon.colcon_core.event_reactor:joining thread
[2.852s] INFO:colcon.colcon_core.plugin_system:Skipping extension 'colcon_notification.desktop_notification.notify_send': Could not find 'notify-send'
[2.852s] INFO:colcon.colcon_core.plugin_system:Skipping extension 'colcon_notification.desktop_notification.terminal_notifier': Not used on non-Darwin systems
[2.852s] INFO:colcon.colcon_core.plugin_system:Skipping extension 'colcon_notification.desktop_notification.win32': Not used on non-Windows systems
[2.853s] INFO:colcon.colcon_notification.desktop_notification:Sending desktop notification using 'notify2'
[2.853s] DEBUG:colcon.colcon_notification.desktop_notification.notify2:Failed to initialize notify2: org.freedesktop.DBus.Error.FileNotFound: Failed to connect to socket /run/user/1000/bus: No such file or directory
[2.853s] DEBUG:colcon.colcon_core.event_reactor:joined thread
[2.853s] INFO:colcon.colcon_core.shell:Creating prefix script '/home/xelf/warehouse-automation/install/local_setup.ps1'
[2.854s] INFO:colcon.colcon_core.shell:Creating prefix util module '/home/xelf/warehouse-automation/install/_local_setup_util_ps1.py'
[2.855s] INFO:colcon.colcon_core.shell:Creating prefix chain script '/home/xelf/warehouse-automation/install/setup.ps1'
[2.856s] INFO:colcon.colcon_core.shell:Creating prefix script '/home/xelf/warehouse-automation/install/local_setup.sh'
[2.856s] INFO:colcon.colcon_core.shell:Creating prefix util module '/home/xelf/warehouse-automation/install/_local_setup_util_sh.py'
[2.857s] INFO:colcon.colcon_core.shell:Creating prefix chain script '/home/xelf/warehouse-automation/install/setup.sh'
[2.858s] INFO:colcon.colcon_core.shell:Creating prefix script '/home/xelf/warehouse-automation/install/local_setup.bash'
[2.858s] INFO:colcon.colcon_core.shell:Creating prefix chain script '/home/xelf/warehouse-automation/install/setup.bash'
[2.859s] INFO:colcon.colcon_core.shell:Creating prefix script '/home/xelf/warehouse-automation/install/local_setup.zsh'
[2.859s] INFO:colcon.colcon_core.shell:Creating prefix chain script '/home/xelf/warehouse-automation/install/setup.zsh'
