[1.446s] Invoking command in '/home/xelf/warehouse-automation/cuopt_bridge': PYTHONPATH=/home/xelf/warehouse-automation/build/cuopt_bridge/prefix_override:/usr/lib/python3/dist-packages/colcon_core/task/python/colcon_distutils_commands:/home/xelf/warehouse-automation/install/cuopt_bridge/lib/python3.10/site-packages:${PYTHONPATH} /usr/bin/python3 -W ignore:setup.py install is deprecated -W ignore:easy_install command is deprecated setup.py egg_info --egg-base ../build/cuopt_bridge build --build-base /home/xelf/warehouse-automation/build/cuopt_bridge/build install --record /home/xelf/warehouse-automation/build/cuopt_bridge/install.log --single-version-externally-managed install_data
[1.638s] running egg_info
[1.639s] creating ../build/cuopt_bridge/cuopt_bridge.egg-info
[1.639s] writing ../build/cuopt_bridge/cuopt_bridge.egg-info/PKG-INFO
[1.640s] writing dependency_links to ../build/cuopt_bridge/cuopt_bridge.egg-info/dependency_links.txt
[1.641s] writing entry points to ../build/cuopt_bridge/cuopt_bridge.egg-info/entry_points.txt
[1.641s] writing requirements to ../build/cuopt_bridge/cuopt_bridge.egg-info/requires.txt
[1.642s] writing top-level names to ../build/cuopt_bridge/cuopt_bridge.egg-info/top_level.txt
[1.642s] writing manifest file '../build/cuopt_bridge/cuopt_bridge.egg-info/SOURCES.txt'
[1.646s] reading manifest file '../build/cuopt_bridge/cuopt_bridge.egg-info/SOURCES.txt'
[1.646s] writing manifest file '../build/cuopt_bridge/cuopt_bridge.egg-info/SOURCES.txt'
[1.646s] running build
[1.647s] running build_py
[1.647s] creating /home/xelf/warehouse-automation/build/cuopt_bridge/build
[1.647s] creating /home/xelf/warehouse-automation/build/cuopt_bridge/build/lib
[1.653s] creating /home/xelf/warehouse-automation/build/cuopt_bridge/build/lib/cuopt_bridge
[1.653s] copying cuopt_bridge/cuopt_bridge.py -> /home/xelf/warehouse-automation/build/cuopt_bridge/build/lib/cuopt_bridge
[1.654s] copying cuopt_bridge/__init__.py -> /home/xelf/warehouse-automation/build/cuopt_bridge/build/lib/cuopt_bridge
[1.654s] running install
[1.654s] running install_lib
[1.655s] creating /home/xelf/warehouse-automation/install/cuopt_bridge/lib/python3.10/site-packages/cuopt_bridge
[1.655s] copying /home/xelf/warehouse-automation/build/cuopt_bridge/build/lib/cuopt_bridge/cuopt_bridge.py -> /home/xelf/warehouse-automation/install/cuopt_bridge/lib/python3.10/site-packages/cuopt_bridge
[1.655s] copying /home/xelf/warehouse-automation/build/cuopt_bridge/build/lib/cuopt_bridge/__init__.py -> /home/xelf/warehouse-automation/install/cuopt_bridge/lib/python3.10/site-packages/cuopt_bridge
[1.656s] byte-compiling /home/xelf/warehouse-automation/install/cuopt_bridge/lib/python3.10/site-packages/cuopt_bridge/cuopt_bridge.py to cuopt_bridge.cpython-310.pyc
[1.659s] byte-compiling /home/xelf/warehouse-automation/install/cuopt_bridge/lib/python3.10/site-packages/cuopt_bridge/__init__.py to __init__.cpython-310.pyc
[1.659s] running install_data
[1.659s] creating /home/xelf/warehouse-automation/install/cuopt_bridge/share/ament_index
[1.660s] creating /home/xelf/warehouse-automation/install/cuopt_bridge/share/ament_index/resource_index
[1.660s] creating /home/xelf/warehouse-automation/install/cuopt_bridge/share/ament_index/resource_index/packages
[1.660s] copying resource/cuopt_bridge -> /home/xelf/warehouse-automation/install/cuopt_bridge/share/ament_index/resource_index/packages
[1.660s] copying package.xml -> /home/xelf/warehouse-automation/install/cuopt_bridge/share/cuopt_bridge
[1.660s] creating /home/xelf/warehouse-automation/install/cuopt_bridge/share/cuopt_bridge/launch
[1.660s] copying launch/cuopt_bridge_launch.py -> /home/xelf/warehouse-automation/install/cuopt_bridge/share/cuopt_bridge/launch
[1.660s] running install_egg_info
[1.661s] Copying ../build/cuopt_bridge/cuopt_bridge.egg-info to /home/xelf/warehouse-automation/install/cuopt_bridge/lib/python3.10/site-packages/cuopt_bridge-0.0.0-py3.10.egg-info
[1.661s] running install_scripts
[1.675s] Installing cuopt_bridge script to /home/xelf/warehouse-automation/install/cuopt_bridge/lib/cuopt_bridge
[1.676s] writing list of installed files to '/home/xelf/warehouse-automation/build/cuopt_bridge/install.log'
[1.723s] Invoked command in '/home/xelf/warehouse-automation/cuopt_bridge' returned '0': PYTHONPATH=/home/xelf/warehouse-automation/build/cuopt_bridge/prefix_override:/usr/lib/python3/dist-packages/colcon_core/task/python/colcon_distutils_commands:/home/xelf/warehouse-automation/install/cuopt_bridge/lib/python3.10/site-packages:${PYTHONPATH} /usr/bin/python3 -W ignore:setup.py install is deprecated -W ignore:easy_install command is deprecated setup.py egg_info --egg-base ../build/cuopt_bridge build --build-base /home/xelf/warehouse-automation/build/cuopt_bridge/build install --record /home/xelf/warehouse-automation/build/cuopt_bridge/install.log --single-version-externally-managed install_data
