running develop
running egg_info
writing amr_description.egg-info/PKG-INFO
writing dependency_links to amr_description.egg-info/dependency_links.txt
writing entry points to amr_description.egg-info/entry_points.txt
writing requirements to amr_description.egg-info/requires.txt
writing top-level names to amr_description.egg-info/top_level.txt
reading manifest file 'amr_description.egg-info/SOURCES.txt'
writing manifest file 'amr_description.egg-info/SOURCES.txt'
running build_ext
Creating /home/xelf/warehouse-automation-001/install/amr_description/lib/python3.10/site-packages/amr-description.egg-link (link to .)
Installing spawn_waypoints script to /home/xelf/warehouse-automation-001/install/amr_description/lib/amr_description

Installed /home/xelf/warehouse-automation-001/build/amr_description
running symlink_data
symbolically linking /home/xelf/warehouse-automation-001/build/amr_description/resource/amr_description -> /home/xelf/warehouse-automation-001/install/amr_description/share/ament_index/resource_index/packages
symbolically linking /home/xelf/warehouse-automation-001/build/amr_description/package.xml -> /home/xelf/warehouse-automation-001/install/amr_description/share/amr_description
symbolically linking /home/xelf/warehouse-automation-001/build/amr_description/urdf/amr_robot.urdf -> /home/xelf/warehouse-automation-001/install/amr_description/share/amr_description/urdf
symbolically linking /home/xelf/warehouse-automation-001/build/amr_description/urdf/amr_robot_diffdrive.urdf -> /home/xelf/warehouse-automation-001/install/amr_description/share/amr_description/urdf
symbolically linking /home/xelf/warehouse-automation-001/build/amr_description/worlds/warehouse.world -> /home/xelf/warehouse-automation-001/install/amr_description/share/amr_description/worlds
symbolically linking /home/xelf/warehouse-automation-001/build/amr_description/launch/gazebo.launch.py -> /home/xelf/warehouse-automation-001/install/amr_description/share/amr_description/launch
symbolically linking /home/xelf/warehouse-automation-001/build/amr_description/launch/spawn_amr_diffdrive.launch.py -> /home/xelf/warehouse-automation-001/install/amr_description/share/amr_description/launch
symbolically linking /home/xelf/warehouse-automation-001/build/amr_description/launch/spawn_robots.launch.py -> /home/xelf/warehouse-automation-001/install/amr_description/share/amr_description/launch
symbolically linking /home/xelf/warehouse-automation-001/build/amr_description/launch/gazebo_simple.launch.py -> /home/xelf/warehouse-automation-001/install/amr_description/share/amr_description/launch
symbolically linking /home/xelf/warehouse-automation-001/build/amr_description/launch/spawn_amrs.launch.py -> /home/xelf/warehouse-automation-001/install/amr_description/share/amr_description/launch
symbolically linking /home/xelf/warehouse-automation-001/build/amr_description/launch/warehouse_gzros.launch.py -> /home/xelf/warehouse-automation-001/install/amr_description/share/amr_description/launch
symbolically linking /home/xelf/warehouse-automation-001/build/amr_description/launch/gazebo_ros.launch.py -> /home/xelf/warehouse-automation-001/install/amr_description/share/amr_description/launch
symbolically linking /home/xelf/warehouse-automation-001/build/amr_description/launch/warehouse_complete.launch.py -> /home/xelf/warehouse-automation-001/install/amr_description/share/amr_description/launch
symbolically linking /home/xelf/warehouse-automation-001/build/amr_description/config/amr_controllers.yaml -> /home/xelf/warehouse-automation-001/install/amr_description/share/amr_description/config
symbolically linking /home/xelf/warehouse-automation-001/build/amr_description/gazebo/gazebo_warehouse.launch.py -> /home/xelf/warehouse-automation-001/install/amr_description/share/amr_description/gazebo
symbolically linking /home/xelf/warehouse-automation-001/build/amr_description/gazebo/warehouse.world -> /home/xelf/warehouse-automation-001/install/amr_description/share/amr_description/gazebo
symbolically linking /home/xelf/warehouse-automation-001/build/amr_description/gazebo/spawn_waypoints.py -> /home/xelf/warehouse-automation-001/install/amr_description/share/amr_description/gazebo
symbolically linking /home/xelf/warehouse-automation-001/build/amr_description/maps/iw_hub_warehouse_navigation.yaml -> /home/xelf/warehouse-automation-001/install/amr_description/share/amr_description/maps
symbolically linking /home/xelf/warehouse-automation-001/build/amr_description/maps/iw_hub_warehouse_navigation.png -> /home/xelf/warehouse-automation-001/install/amr_description/share/amr_description/maps
symbolically linking /home/xelf/warehouse-automation-001/build/amr_description/maps/cuopt_costmap.png -> /home/xelf/warehouse-automation-001/install/amr_description/share/amr_description/maps
