[0.810s] Invoking command in '/home/xelf/warehouse-automation-001/build/orchestrator': PYTHONPATH=/home/xelf/warehouse-automation-001/build/orchestrator/prefix_override:/usr/lib/python3/dist-packages/colcon_core/task/python/colcon_distutils_commands:/home/xelf/warehouse-automation-001/install/orchestrator/lib/python3.10/site-packages:${PYTHONPATH} /usr/bin/python3 -W ignore:setup.py install is deprecated -W ignore:easy_install command is deprecated setup.py develop --editable --build-directory /home/xelf/warehouse-automation-001/build/orchestrator/build --no-deps symlink_data
[1.113s] running develop
[1.303s] running egg_info
[1.303s] writing orchestrator.egg-info/PKG-INFO
[1.304s] writing dependency_links to orchestrator.egg-info/dependency_links.txt
[1.304s] writing entry points to orchestrator.egg-info/entry_points.txt
[1.305s] writing requirements to orchestrator.egg-info/requires.txt
[1.305s] writing top-level names to orchestrator.egg-info/top_level.txt
[1.308s] reading manifest file 'orchestrator.egg-info/SOURCES.txt'
[1.309s] writing manifest file 'orchestrator.egg-info/SOURCES.txt'
[1.310s] running build_ext
[1.310s] Creating /home/xelf/warehouse-automation-001/install/orchestrator/lib/python3.10/site-packages/orchestrator.egg-link (link to .)
[1.313s] Installing amr_robot script to /home/xelf/warehouse-automation-001/install/orchestrator/lib/orchestrator
[1.313s] Installing fleet_dashboard script to /home/xelf/warehouse-automation-001/install/orchestrator/lib/orchestrator
[1.313s] Installing fleet_manager script to /home/xelf/warehouse-automation-001/install/orchestrator/lib/orchestrator
[1.314s] Installing fleet_task_generator script to /home/xelf/warehouse-automation-001/install/orchestrator/lib/orchestrator
[1.314s] Installing fleet_visualization script to /home/xelf/warehouse-automation-001/install/orchestrator/lib/orchestrator
[1.314s] Installing gazebo_fleet_mover script to /home/xelf/warehouse-automation-001/install/orchestrator/lib/orchestrator
[1.315s] Installing gazebo_velocity_mover script to /home/xelf/warehouse-automation-001/install/orchestrator/lib/orchestrator
[1.315s] Installing mock_odom_publisher script to /home/xelf/warehouse-automation-001/install/orchestrator/lib/orchestrator
[1.315s] Installing orchestrator script to /home/xelf/warehouse-automation-001/install/orchestrator/lib/orchestrator
[1.315s] Installing robot_state_monitor script to /home/xelf/warehouse-automation-001/install/orchestrator/lib/orchestrator
[1.315s] Installing simple_mover script to /home/xelf/warehouse-automation-001/install/orchestrator/lib/orchestrator
[1.315s] Installing task_executor script to /home/xelf/warehouse-automation-001/install/orchestrator/lib/orchestrator
[1.315s] Installing test_gazebo_mover script to /home/xelf/warehouse-automation-001/install/orchestrator/lib/orchestrator
[1.315s] 
[1.315s] Installed /home/xelf/warehouse-automation-001/build/orchestrator
[1.315s] running symlink_data
[1.350s] Invoked command in '/home/xelf/warehouse-automation-001/build/orchestrator' returned '0': PYTHONPATH=/home/xelf/warehouse-automation-001/build/orchestrator/prefix_override:/usr/lib/python3/dist-packages/colcon_core/task/python/colcon_distutils_commands:/home/xelf/warehouse-automation-001/install/orchestrator/lib/python3.10/site-packages:${PYTHONPATH} /usr/bin/python3 -W ignore:setup.py install is deprecated -W ignore:easy_install command is deprecated setup.py develop --editable --build-directory /home/xelf/warehouse-automation-001/build/orchestrator/build --no-deps symlink_data
