[2.613s] Invoking command in '/home/xelf/warehouse-automation-001/order_system': PYTHONPATH=/home/xelf/warehouse-automation-001/build/order_system/prefix_override:/usr/lib/python3/dist-packages/colcon_core/task/python/colcon_distutils_commands:/home/xelf/warehouse-automation-001/install/order_system/lib/python3.10/site-packages:${PYTHONPATH} /usr/bin/python3 -W ignore:setup.py install is deprecated -W ignore:easy_install command is deprecated setup.py egg_info --egg-base ../build/order_system build --build-base /home/xelf/warehouse-automation-001/build/order_system/build install --record /home/xelf/warehouse-automation-001/build/order_system/install.log --single-version-externally-managed install_data
[3.062s] running egg_info
[3.064s] writing ../build/order_system/order_system.egg-info/PKG-INFO
[3.064s] writing dependency_links to ../build/order_system/order_system.egg-info/dependency_links.txt
[3.065s] writing entry points to ../build/order_system/order_system.egg-info/entry_points.txt
[3.065s] writing requirements to ../build/order_system/order_system.egg-info/requires.txt
[3.066s] writing top-level names to ../build/order_system/order_system.egg-info/top_level.txt
[3.069s] reading manifest file '../build/order_system/order_system.egg-info/SOURCES.txt'
[3.072s] writing manifest file '../build/order_system/order_system.egg-info/SOURCES.txt'
[3.072s] running build
[3.073s] running build_py
[3.073s] running install
[3.074s] running install_lib
[3.078s] running install_data
[3.078s] running install_egg_info
[3.083s] removing '/home/xelf/warehouse-automation-001/install/order_system/lib/python3.10/site-packages/order_system-0.0.0-py3.10.egg-info' (and everything under it)
[3.084s] Copying ../build/order_system/order_system.egg-info to /home/xelf/warehouse-automation-001/install/order_system/lib/python3.10/site-packages/order_system-0.0.0-py3.10.egg-info
[3.087s] running install_scripts
[3.124s] Installing order_generator script to /home/xelf/warehouse-automation-001/install/order_system/lib/order_system
[3.125s] Installing order_listener script to /home/xelf/warehouse-automation-001/install/order_system/lib/order_system
[3.129s] writing list of installed files to '/home/xelf/warehouse-automation-001/build/order_system/install.log'
[3.212s] Invoked command in '/home/xelf/warehouse-automation-001/order_system' returned '0': PYTHONPATH=/home/xelf/warehouse-automation-001/build/order_system/prefix_override:/usr/lib/python3/dist-packages/colcon_core/task/python/colcon_distutils_commands:/home/xelf/warehouse-automation-001/install/order_system/lib/python3.10/site-packages:${PYTHONPATH} /usr/bin/python3 -W ignore:setup.py install is deprecated -W ignore:easy_install command is deprecated setup.py egg_info --egg-base ../build/order_system build --build-base /home/xelf/warehouse-automation-001/build/order_system/build install --record /home/xelf/warehouse-automation-001/build/order_system/install.log --single-version-externally-managed install_data
