[0.108s] DEBUG:colcon:Command line arguments: ['/usr/bin/colcon', 'build']
[0.108s] DEBUG:colcon:Parsed command line arguments: Namespace(log_base=None, log_level=None, verb_name='build', build_base='build', install_base='install', merge_install=False, symlink_install=False, test_result_base=None, continue_on_error=False, executor='parallel', parallel_workers=16, event_handlers=None, ignore_user_meta=False, metas=['./colcon.meta'], base_paths=['.'], packages_ignore=None, packages_ignore_regex=None, paths=None, packages_up_to=None, packages_up_to_regex=None, packages_above=None, packages_above_and_dependencies=None, packages_above_depth=None, packages_select_by_dep=None, packages_skip_by_dep=None, packages_skip_up_to=None, packages_select_build_failed=False, packages_skip_build_finished=False, packages_select_test_failures=False, packages_skip_test_passed=False, packages_select=None, packages_skip=None, packages_select_regex=None, packages_skip_regex=None, packages_start=None, packages_end=None, allow_overriding=[], cmake_args=None, cmake_target=None, cmake_target_skip_unavailable=False, cmake_clean_cache=False, cmake_clean_first=False, cmake_force_configure=False, ament_cmake_args=None, catkin_cmake_args=None, catkin_skip_building_tests=False, mixin_files=None, mixin=None, verb_parser=<colcon_mixin.mixin.mixin_argument.MixinArgumentDecorator object at 0x7dc10c66ca90>, verb_extension=<colcon_core.verb.build.BuildVerb object at 0x7dc10c66c340>, main=<bound method BuildVerb.main of <colcon_core.verb.build.BuildVerb object at 0x7dc10c66c340>>, mixin_verb=('build',))
[0.151s] Level 1:colcon.colcon_core.package_discovery:discover_packages(colcon_meta) check parameters
[0.151s] Level 1:colcon.colcon_core.package_discovery:discover_packages(recursive) check parameters
[0.151s] Level 1:colcon.colcon_core.package_discovery:discover_packages(ignore) check parameters
[0.151s] Level 1:colcon.colcon_core.package_discovery:discover_packages(path) check parameters
[0.151s] Level 1:colcon.colcon_core.package_discovery:discover_packages(colcon_meta) discover
[0.151s] Level 1:colcon.colcon_core.package_discovery:discover_packages(recursive) discover
[0.151s] INFO:colcon.colcon_core.package_discovery:Crawling recursively for packages in '/home/ubuntu/warehouse-automation-001'
[0.151s] Level 1:colcon.colcon_core.package_identification:_identify(.) by extensions ['ignore', 'ignore_ament_install']
[0.151s] Level 1:colcon.colcon_core.package_identification:_identify(.) by extension 'ignore'
[0.151s] Level 1:colcon.colcon_core.package_identification:_identify(.) by extension 'ignore_ament_install'
[0.151s] Level 1:colcon.colcon_core.package_identification:_identify(.) by extensions ['colcon_pkg']
[0.151s] Level 1:colcon.colcon_core.package_identification:_identify(.) by extension 'colcon_pkg'
[0.151s] Level 1:colcon.colcon_core.package_identification:_identify(.) by extensions ['colcon_meta']
[0.151s] Level 1:colcon.colcon_core.package_identification:_identify(.) by extension 'colcon_meta'
[0.152s] Level 1:colcon.colcon_core.package_identification:_identify(.) by extensions ['ros']
[0.152s] Level 1:colcon.colcon_core.package_identification:_identify(.) by extension 'ros'
[0.181s] Level 1:colcon.colcon_core.package_identification:_identify(.) by extensions ['cmake', 'python']
[0.181s] Level 1:colcon.colcon_core.package_identification:_identify(.) by extension 'cmake'
[0.181s] Level 1:colcon.colcon_core.package_identification:_identify(.) by extension 'python'
[0.181s] Level 1:colcon.colcon_core.package_identification:_identify(.) by extensions ['python_setup_py']
[0.181s] Level 1:colcon.colcon_core.package_identification:_identify(.) by extension 'python_setup_py'
[0.181s] Level 1:colcon.colcon_core.package_identification:_identify(amr_description) by extensions ['ignore', 'ignore_ament_install']
[0.181s] Level 1:colcon.colcon_core.package_identification:_identify(amr_description) by extension 'ignore'
[0.181s] Level 1:colcon.colcon_core.package_identification:_identify(amr_description) by extension 'ignore_ament_install'
[0.181s] Level 1:colcon.colcon_core.package_identification:_identify(amr_description) by extensions ['colcon_pkg']
[0.181s] Level 1:colcon.colcon_core.package_identification:_identify(amr_description) by extension 'colcon_pkg'
[0.182s] Level 1:colcon.colcon_core.package_identification:_identify(amr_description) by extensions ['colcon_meta']
[0.182s] Level 1:colcon.colcon_core.package_identification:_identify(amr_description) by extension 'colcon_meta'
[0.182s] Level 1:colcon.colcon_core.package_identification:_identify(amr_description) by extensions ['ros']
[0.182s] Level 1:colcon.colcon_core.package_identification:_identify(amr_description) by extension 'ros'
[0.184s] DEBUG:colcon.colcon_core.package_identification:Package 'amr_description' with type 'ros.ament_python' and name 'amr_description'
[0.184s] Level 1:colcon.colcon_core.package_identification:_identify(build) by extensions ['ignore', 'ignore_ament_install']
[0.184s] Level 1:colcon.colcon_core.package_identification:_identify(build) by extension 'ignore'
[0.184s] Level 1:colcon.colcon_core.package_identification:_identify(build) ignored
[0.184s] Level 1:colcon.colcon_core.package_identification:_identify(cuopt_bridge) by extensions ['ignore', 'ignore_ament_install']
[0.184s] Level 1:colcon.colcon_core.package_identification:_identify(cuopt_bridge) by extension 'ignore'
[0.184s] Level 1:colcon.colcon_core.package_identification:_identify(cuopt_bridge) by extension 'ignore_ament_install'
[0.184s] Level 1:colcon.colcon_core.package_identification:_identify(cuopt_bridge) by extensions ['colcon_pkg']
[0.185s] Level 1:colcon.colcon_core.package_identification:_identify(cuopt_bridge) by extension 'colcon_pkg'
[0.185s] Level 1:colcon.colcon_core.package_identification:_identify(cuopt_bridge) by extensions ['colcon_meta']
[0.185s] Level 1:colcon.colcon_core.package_identification:_identify(cuopt_bridge) by extension 'colcon_meta'
[0.185s] Level 1:colcon.colcon_core.package_identification:_identify(cuopt_bridge) by extensions ['ros']
[0.185s] Level 1:colcon.colcon_core.package_identification:_identify(cuopt_bridge) by extension 'ros'
[0.185s] DEBUG:colcon.colcon_core.package_identification:Package 'cuopt_bridge' with type 'ros.ament_python' and name 'cuopt_bridge'
[0.185s] Level 1:colcon.colcon_core.package_identification:_identify(hello_world_pkgs) by extensions ['ignore', 'ignore_ament_install']
[0.185s] Level 1:colcon.colcon_core.package_identification:_identify(hello_world_pkgs) by extension 'ignore'
[0.185s] Level 1:colcon.colcon_core.package_identification:_identify(hello_world_pkgs) by extension 'ignore_ament_install'
[0.185s] Level 1:colcon.colcon_core.package_identification:_identify(hello_world_pkgs) by extensions ['colcon_pkg']
[0.185s] Level 1:colcon.colcon_core.package_identification:_identify(hello_world_pkgs) by extension 'colcon_pkg'
[0.185s] Level 1:colcon.colcon_core.package_identification:_identify(hello_world_pkgs) by extensions ['colcon_meta']
[0.185s] Level 1:colcon.colcon_core.package_identification:_identify(hello_world_pkgs) by extension 'colcon_meta'
[0.185s] Level 1:colcon.colcon_core.package_identification:_identify(hello_world_pkgs) by extensions ['ros']
[0.185s] Level 1:colcon.colcon_core.package_identification:_identify(hello_world_pkgs) by extension 'ros'
[0.186s] DEBUG:colcon.colcon_core.package_identification:Package 'hello_world_pkgs' with type 'ros.ament_python' and name 'hello_world_pkgs'
[0.186s] Level 1:colcon.colcon_core.package_identification:_identify(install) by extensions ['ignore', 'ignore_ament_install']
[0.186s] Level 1:colcon.colcon_core.package_identification:_identify(install) by extension 'ignore'
[0.186s] Level 1:colcon.colcon_core.package_identification:_identify(install) ignored
[0.186s] Level 1:colcon.colcon_core.package_identification:_identify(log) by extensions ['ignore', 'ignore_ament_install']
[0.186s] Level 1:colcon.colcon_core.package_identification:_identify(log) by extension 'ignore'
[0.186s] Level 1:colcon.colcon_core.package_identification:_identify(log) ignored
[0.186s] Level 1:colcon.colcon_core.package_identification:_identify(orchestrator) by extensions ['ignore', 'ignore_ament_install']
[0.186s] Level 1:colcon.colcon_core.package_identification:_identify(orchestrator) by extension 'ignore'
[0.186s] Level 1:colcon.colcon_core.package_identification:_identify(orchestrator) by extension 'ignore_ament_install'
[0.186s] Level 1:colcon.colcon_core.package_identification:_identify(orchestrator) by extensions ['colcon_pkg']
[0.187s] Level 1:colcon.colcon_core.package_identification:_identify(orchestrator) by extension 'colcon_pkg'
[0.187s] Level 1:colcon.colcon_core.package_identification:_identify(orchestrator) by extensions ['colcon_meta']
[0.187s] Level 1:colcon.colcon_core.package_identification:_identify(orchestrator) by extension 'colcon_meta'
[0.187s] Level 1:colcon.colcon_core.package_identification:_identify(orchestrator) by extensions ['ros']
[0.187s] Level 1:colcon.colcon_core.package_identification:_identify(orchestrator) by extension 'ros'
[0.188s] DEBUG:colcon.colcon_core.package_identification:Package 'orchestrator' with type 'ros.ament_python' and name 'orchestrator'
[0.188s] Level 1:colcon.colcon_core.package_identification:_identify(order_system) by extensions ['ignore', 'ignore_ament_install']
[0.188s] Level 1:colcon.colcon_core.package_identification:_identify(order_system) by extension 'ignore'
[0.188s] Level 1:colcon.colcon_core.package_identification:_identify(order_system) by extension 'ignore_ament_install'
[0.188s] Level 1:colcon.colcon_core.package_identification:_identify(order_system) by extensions ['colcon_pkg']
[0.188s] Level 1:colcon.colcon_core.package_identification:_identify(order_system) by extension 'colcon_pkg'
[0.188s] Level 1:colcon.colcon_core.package_identification:_identify(order_system) by extensions ['colcon_meta']
[0.188s] Level 1:colcon.colcon_core.package_identification:_identify(order_system) by extension 'colcon_meta'
[0.188s] Level 1:colcon.colcon_core.package_identification:_identify(order_system) by extensions ['ros']
[0.188s] Level 1:colcon.colcon_core.package_identification:_identify(order_system) by extension 'ros'
[0.189s] DEBUG:colcon.colcon_core.package_identification:Package 'order_system' with type 'ros.ament_python' and name 'order_system'
[0.189s] Level 1:colcon.colcon_core.package_identification:_identify(warehouse_msgs) by extensions ['ignore', 'ignore_ament_install']
[0.189s] Level 1:colcon.colcon_core.package_identification:_identify(warehouse_msgs) by extension 'ignore'
[0.189s] Level 1:colcon.colcon_core.package_identification:_identify(warehouse_msgs) by extension 'ignore_ament_install'
[0.189s] Level 1:colcon.colcon_core.package_identification:_identify(warehouse_msgs) by extensions ['colcon_pkg']
[0.189s] Level 1:colcon.colcon_core.package_identification:_identify(warehouse_msgs) by extension 'colcon_pkg'
[0.189s] Level 1:colcon.colcon_core.package_identification:_identify(warehouse_msgs) by extensions ['colcon_meta']
[0.189s] Level 1:colcon.colcon_core.package_identification:_identify(warehouse_msgs) by extension 'colcon_meta'
[0.189s] Level 1:colcon.colcon_core.package_identification:_identify(warehouse_msgs) by extensions ['ros']
[0.189s] Level 1:colcon.colcon_core.package_identification:_identify(warehouse_msgs) by extension 'ros'
[0.190s] DEBUG:colcon.colcon_core.package_identification:Package 'warehouse_msgs' with type 'ros.ament_python' and name 'warehouse_msgs'
[0.190s] Level 1:colcon.colcon_core.package_discovery:discover_packages(recursive) using defaults
[0.190s] Level 1:colcon.colcon_core.package_discovery:discover_packages(ignore) discover
[0.190s] Level 1:colcon.colcon_core.package_discovery:discover_packages(ignore) using defaults
[0.190s] Level 1:colcon.colcon_core.package_discovery:discover_packages(path) discover
[0.190s] Level 1:colcon.colcon_core.package_discovery:discover_packages(path) using defaults
[0.211s] Level 1:colcon.colcon_core.package_discovery:discover_packages(prefix_path) check parameters
[0.211s] Level 1:colcon.colcon_core.package_discovery:discover_packages(prefix_path) discover
[0.211s] Level 1:colcon.colcon_core.package_discovery:discover_packages(prefix_path) using defaults
[0.212s] Level 5:colcon.colcon_core.verb:set package 'amr_description' build argument 'cmake_args' from command line to 'None'
[0.212s] Level 5:colcon.colcon_core.verb:set package 'amr_description' build argument 'cmake_target' from command line to 'None'
[0.213s] Level 5:colcon.colcon_core.verb:set package 'amr_description' build argument 'cmake_target_skip_unavailable' from command line to 'False'
[0.213s] Level 5:colcon.colcon_core.verb:set package 'amr_description' build argument 'cmake_clean_cache' from command line to 'False'
[0.213s] Level 5:colcon.colcon_core.verb:set package 'amr_description' build argument 'cmake_clean_first' from command line to 'False'
[0.213s] Level 5:colcon.colcon_core.verb:set package 'amr_description' build argument 'cmake_force_configure' from command line to 'False'
[0.213s] Level 5:colcon.colcon_core.verb:set package 'amr_description' build argument 'ament_cmake_args' from command line to 'None'
[0.213s] Level 5:colcon.colcon_core.verb:set package 'amr_description' build argument 'catkin_cmake_args' from command line to 'None'
[0.213s] Level 5:colcon.colcon_core.verb:set package 'amr_description' build argument 'catkin_skip_building_tests' from command line to 'False'
[0.213s] DEBUG:colcon.colcon_core.verb:Building package 'amr_description' with the following arguments: {'ament_cmake_args': None, 'build_base': '/home/ubuntu/warehouse-automation-001/build/amr_description', 'catkin_cmake_args': None, 'catkin_skip_building_tests': False, 'cmake_args': None, 'cmake_clean_cache': False, 'cmake_clean_first': False, 'cmake_force_configure': False, 'cmake_target': None, 'cmake_target_skip_unavailable': False, 'install_base': '/home/ubuntu/warehouse-automation-001/install/amr_description', 'merge_install': False, 'path': '/home/ubuntu/warehouse-automation-001/amr_description', 'symlink_install': False, 'test_result_base': None}
[0.213s] Level 5:colcon.colcon_core.verb:set package 'cuopt_bridge' build argument 'cmake_args' from command line to 'None'
[0.213s] Level 5:colcon.colcon_core.verb:set package 'cuopt_bridge' build argument 'cmake_target' from command line to 'None'
[0.213s] Level 5:colcon.colcon_core.verb:set package 'cuopt_bridge' build argument 'cmake_target_skip_unavailable' from command line to 'False'
[0.213s] Level 5:colcon.colcon_core.verb:set package 'cuopt_bridge' build argument 'cmake_clean_cache' from command line to 'False'
[0.213s] Level 5:colcon.colcon_core.verb:set package 'cuopt_bridge' build argument 'cmake_clean_first' from command line to 'False'
[0.213s] Level 5:colcon.colcon_core.verb:set package 'cuopt_bridge' build argument 'cmake_force_configure' from command line to 'False'
[0.213s] Level 5:colcon.colcon_core.verb:set package 'cuopt_bridge' build argument 'ament_cmake_args' from command line to 'None'
[0.213s] Level 5:colcon.colcon_core.verb:set package 'cuopt_bridge' build argument 'catkin_cmake_args' from command line to 'None'
[0.213s] Level 5:colcon.colcon_core.verb:set package 'cuopt_bridge' build argument 'catkin_skip_building_tests' from command line to 'False'
[0.213s] DEBUG:colcon.colcon_core.verb:Building package 'cuopt_bridge' with the following arguments: {'ament_cmake_args': None, 'build_base': '/home/ubuntu/warehouse-automation-001/build/cuopt_bridge', 'catkin_cmake_args': None, 'catkin_skip_building_tests': False, 'cmake_args': None, 'cmake_clean_cache': False, 'cmake_clean_first': False, 'cmake_force_configure': False, 'cmake_target': None, 'cmake_target_skip_unavailable': False, 'install_base': '/home/ubuntu/warehouse-automation-001/install/cuopt_bridge', 'merge_install': False, 'path': '/home/ubuntu/warehouse-automation-001/cuopt_bridge', 'symlink_install': False, 'test_result_base': None}
[0.214s] Level 5:colcon.colcon_core.verb:set package 'hello_world_pkgs' build argument 'cmake_args' from command line to 'None'
[0.214s] Level 5:colcon.colcon_core.verb:set package 'hello_world_pkgs' build argument 'cmake_target' from command line to 'None'
[0.214s] Level 5:colcon.colcon_core.verb:set package 'hello_world_pkgs' build argument 'cmake_target_skip_unavailable' from command line to 'False'
[0.214s] Level 5:colcon.colcon_core.verb:set package 'hello_world_pkgs' build argument 'cmake_clean_cache' from command line to 'False'
[0.214s] Level 5:colcon.colcon_core.verb:set package 'hello_world_pkgs' build argument 'cmake_clean_first' from command line to 'False'
[0.214s] Level 5:colcon.colcon_core.verb:set package 'hello_world_pkgs' build argument 'cmake_force_configure' from command line to 'False'
[0.214s] Level 5:colcon.colcon_core.verb:set package 'hello_world_pkgs' build argument 'ament_cmake_args' from command line to 'None'
[0.214s] Level 5:colcon.colcon_core.verb:set package 'hello_world_pkgs' build argument 'catkin_cmake_args' from command line to 'None'
[0.214s] Level 5:colcon.colcon_core.verb:set package 'hello_world_pkgs' build argument 'catkin_skip_building_tests' from command line to 'False'
[0.214s] DEBUG:colcon.colcon_core.verb:Building package 'hello_world_pkgs' with the following arguments: {'ament_cmake_args': None, 'build_base': '/home/ubuntu/warehouse-automation-001/build/hello_world_pkgs', 'catkin_cmake_args': None, 'catkin_skip_building_tests': False, 'cmake_args': None, 'cmake_clean_cache': False, 'cmake_clean_first': False, 'cmake_force_configure': False, 'cmake_target': None, 'cmake_target_skip_unavailable': False, 'install_base': '/home/ubuntu/warehouse-automation-001/install/hello_world_pkgs', 'merge_install': False, 'path': '/home/ubuntu/warehouse-automation-001/hello_world_pkgs', 'symlink_install': False, 'test_result_base': None}
[0.214s] Level 5:colcon.colcon_core.verb:set package 'orchestrator' build argument 'cmake_args' from command line to 'None'
[0.214s] Level 5:colcon.colcon_core.verb:set package 'orchestrator' build argument 'cmake_target' from command line to 'None'
[0.214s] Level 5:colcon.colcon_core.verb:set package 'orchestrator' build argument 'cmake_target_skip_unavailable' from command line to 'False'
[0.214s] Level 5:colcon.colcon_core.verb:set package 'orchestrator' build argument 'cmake_clean_cache' from command line to 'False'
[0.214s] Level 5:colcon.colcon_core.verb:set package 'orchestrator' build argument 'cmake_clean_first' from command line to 'False'
[0.214s] Level 5:colcon.colcon_core.verb:set package 'orchestrator' build argument 'cmake_force_configure' from command line to 'False'
[0.214s] Level 5:colcon.colcon_core.verb:set package 'orchestrator' build argument 'ament_cmake_args' from command line to 'None'
[0.214s] Level 5:colcon.colcon_core.verb:set package 'orchestrator' build argument 'catkin_cmake_args' from command line to 'None'
[0.214s] Level 5:colcon.colcon_core.verb:set package 'orchestrator' build argument 'catkin_skip_building_tests' from command line to 'False'
[0.214s] DEBUG:colcon.colcon_core.verb:Building package 'orchestrator' with the following arguments: {'ament_cmake_args': None, 'build_base': '/home/ubuntu/warehouse-automation-001/build/orchestrator', 'catkin_cmake_args': None, 'catkin_skip_building_tests': False, 'cmake_args': None, 'cmake_clean_cache': False, 'cmake_clean_first': False, 'cmake_force_configure': False, 'cmake_target': None, 'cmake_target_skip_unavailable': False, 'install_base': '/home/ubuntu/warehouse-automation-001/install/orchestrator', 'merge_install': False, 'path': '/home/ubuntu/warehouse-automation-001/orchestrator', 'symlink_install': False, 'test_result_base': None}
[0.215s] Level 5:colcon.colcon_core.verb:set package 'order_system' build argument 'cmake_args' from command line to 'None'
[0.215s] Level 5:colcon.colcon_core.verb:set package 'order_system' build argument 'cmake_target' from command line to 'None'
[0.215s] Level 5:colcon.colcon_core.verb:set package 'order_system' build argument 'cmake_target_skip_unavailable' from command line to 'False'
[0.215s] Level 5:colcon.colcon_core.verb:set package 'order_system' build argument 'cmake_clean_cache' from command line to 'False'
[0.215s] Level 5:colcon.colcon_core.verb:set package 'order_system' build argument 'cmake_clean_first' from command line to 'False'
[0.215s] Level 5:colcon.colcon_core.verb:set package 'order_system' build argument 'cmake_force_configure' from command line to 'False'
[0.215s] Level 5:colcon.colcon_core.verb:set package 'order_system' build argument 'ament_cmake_args' from command line to 'None'
[0.215s] Level 5:colcon.colcon_core.verb:set package 'order_system' build argument 'catkin_cmake_args' from command line to 'None'
[0.215s] Level 5:colcon.colcon_core.verb:set package 'order_system' build argument 'catkin_skip_building_tests' from command line to 'False'
[0.215s] DEBUG:colcon.colcon_core.verb:Building package 'order_system' with the following arguments: {'ament_cmake_args': None, 'build_base': '/home/ubuntu/warehouse-automation-001/build/order_system', 'catkin_cmake_args': None, 'catkin_skip_building_tests': False, 'cmake_args': None, 'cmake_clean_cache': False, 'cmake_clean_first': False, 'cmake_force_configure': False, 'cmake_target': None, 'cmake_target_skip_unavailable': False, 'install_base': '/home/ubuntu/warehouse-automation-001/install/order_system', 'merge_install': False, 'path': '/home/ubuntu/warehouse-automation-001/order_system', 'symlink_install': False, 'test_result_base': None}
[0.215s] Level 5:colcon.colcon_core.verb:set package 'warehouse_msgs' build argument 'cmake_args' from command line to 'None'
[0.215s] Level 5:colcon.colcon_core.verb:set package 'warehouse_msgs' build argument 'cmake_target' from command line to 'None'
[0.215s] Level 5:colcon.colcon_core.verb:set package 'warehouse_msgs' build argument 'cmake_target_skip_unavailable' from command line to 'False'
[0.215s] Level 5:colcon.colcon_core.verb:set package 'warehouse_msgs' build argument 'cmake_clean_cache' from command line to 'False'
[0.215s] Level 5:colcon.colcon_core.verb:set package 'warehouse_msgs' build argument 'cmake_clean_first' from command line to 'False'
[0.215s] Level 5:colcon.colcon_core.verb:set package 'warehouse_msgs' build argument 'cmake_force_configure' from command line to 'False'
[0.215s] Level 5:colcon.colcon_core.verb:set package 'warehouse_msgs' build argument 'ament_cmake_args' from command line to 'None'
[0.215s] Level 5:colcon.colcon_core.verb:set package 'warehouse_msgs' build argument 'catkin_cmake_args' from command line to 'None'
[0.215s] Level 5:colcon.colcon_core.verb:set package 'warehouse_msgs' build argument 'catkin_skip_building_tests' from command line to 'False'
[0.215s] DEBUG:colcon.colcon_core.verb:Building package 'warehouse_msgs' with the following arguments: {'ament_cmake_args': None, 'build_base': '/home/ubuntu/warehouse-automation-001/build/warehouse_msgs', 'catkin_cmake_args': None, 'catkin_skip_building_tests': False, 'cmake_args': None, 'cmake_clean_cache': False, 'cmake_clean_first': False, 'cmake_force_configure': False, 'cmake_target': None, 'cmake_target_skip_unavailable': False, 'install_base': '/home/ubuntu/warehouse-automation-001/install/warehouse_msgs', 'merge_install': False, 'path': '/home/ubuntu/warehouse-automation-001/warehouse_msgs', 'symlink_install': False, 'test_result_base': None}
[0.215s] INFO:colcon.colcon_core.executor:Executing jobs using 'parallel' executor
[0.217s] DEBUG:colcon.colcon_parallel_executor.executor.parallel:run_until_complete
[0.217s] INFO:colcon.colcon_ros.task.ament_python.build:Building ROS package in '/home/ubuntu/warehouse-automation-001/amr_description' with build type 'ament_python'
[0.217s] Level 1:colcon.colcon_core.shell:create_environment_hook('amr_description', 'ament_prefix_path')
[0.219s] INFO:colcon.colcon_core.plugin_system:Skipping extension 'colcon_core.shell.bat': Not used on non-Windows systems
[0.219s] INFO:colcon.colcon_core.shell:Creating environment hook '/home/ubuntu/warehouse-automation-001/install/amr_description/share/amr_description/hook/ament_prefix_path.ps1'
[0.220s] INFO:colcon.colcon_core.shell:Creating environment descriptor '/home/ubuntu/warehouse-automation-001/install/amr_description/share/amr_description/hook/ament_prefix_path.dsv'
[0.220s] INFO:colcon.colcon_core.shell:Creating environment hook '/home/ubuntu/warehouse-automation-001/install/amr_description/share/amr_description/hook/ament_prefix_path.sh'
[0.221s] INFO:colcon.colcon_core.shell:Skip shell extension 'powershell' for command environment: Not usable outside of PowerShell
[0.221s] DEBUG:colcon.colcon_core.shell:Skip shell extension 'dsv' for command environment
[0.222s] INFO:colcon.colcon_ros.task.ament_python.build:Building ROS package in '/home/ubuntu/warehouse-automation-001/cuopt_bridge' with build type 'ament_python'
[0.222s] Level 1:colcon.colcon_core.shell:create_environment_hook('cuopt_bridge', 'ament_prefix_path')
[0.222s] INFO:colcon.colcon_core.shell:Creating environment hook '/home/ubuntu/warehouse-automation-001/install/cuopt_bridge/share/cuopt_bridge/hook/ament_prefix_path.ps1'
[0.223s] INFO:colcon.colcon_core.shell:Creating environment descriptor '/home/ubuntu/warehouse-automation-001/install/cuopt_bridge/share/cuopt_bridge/hook/ament_prefix_path.dsv'
[0.223s] INFO:colcon.colcon_core.shell:Creating environment hook '/home/ubuntu/warehouse-automation-001/install/cuopt_bridge/share/cuopt_bridge/hook/ament_prefix_path.sh'
[0.224s] INFO:colcon.colcon_core.shell:Skip shell extension 'powershell' for command environment: Not usable outside of PowerShell
[0.224s] DEBUG:colcon.colcon_core.shell:Skip shell extension 'dsv' for command environment
[0.225s] INFO:colcon.colcon_ros.task.ament_python.build:Building ROS package in '/home/ubuntu/warehouse-automation-001/hello_world_pkgs' with build type 'ament_python'
[0.225s] Level 1:colcon.colcon_core.shell:create_environment_hook('hello_world_pkgs', 'ament_prefix_path')
[0.225s] INFO:colcon.colcon_core.shell:Creating environment hook '/home/ubuntu/warehouse-automation-001/install/hello_world_pkgs/share/hello_world_pkgs/hook/ament_prefix_path.ps1'
[0.226s] INFO:colcon.colcon_core.shell:Creating environment descriptor '/home/ubuntu/warehouse-automation-001/install/hello_world_pkgs/share/hello_world_pkgs/hook/ament_prefix_path.dsv'
[0.226s] INFO:colcon.colcon_core.shell:Creating environment hook '/home/ubuntu/warehouse-automation-001/install/hello_world_pkgs/share/hello_world_pkgs/hook/ament_prefix_path.sh'
[0.227s] INFO:colcon.colcon_core.shell:Skip shell extension 'powershell' for command environment: Not usable outside of PowerShell
[0.227s] DEBUG:colcon.colcon_core.shell:Skip shell extension 'dsv' for command environment
[0.227s] INFO:colcon.colcon_ros.task.ament_python.build:Building ROS package in '/home/ubuntu/warehouse-automation-001/orchestrator' with build type 'ament_python'
[0.228s] Level 1:colcon.colcon_core.shell:create_environment_hook('orchestrator', 'ament_prefix_path')
[0.228s] INFO:colcon.colcon_core.shell:Creating environment hook '/home/ubuntu/warehouse-automation-001/install/orchestrator/share/orchestrator/hook/ament_prefix_path.ps1'
[0.228s] INFO:colcon.colcon_core.shell:Creating environment descriptor '/home/ubuntu/warehouse-automation-001/install/orchestrator/share/orchestrator/hook/ament_prefix_path.dsv'
[0.229s] INFO:colcon.colcon_core.shell:Creating environment hook '/home/ubuntu/warehouse-automation-001/install/orchestrator/share/orchestrator/hook/ament_prefix_path.sh'
[0.229s] INFO:colcon.colcon_core.shell:Skip shell extension 'powershell' for command environment: Not usable outside of PowerShell
[0.229s] DEBUG:colcon.colcon_core.shell:Skip shell extension 'dsv' for command environment
[0.230s] INFO:colcon.colcon_ros.task.ament_python.build:Building ROS package in '/home/ubuntu/warehouse-automation-001/order_system' with build type 'ament_python'
[0.230s] Level 1:colcon.colcon_core.shell:create_environment_hook('order_system', 'ament_prefix_path')
[0.230s] INFO:colcon.colcon_core.shell:Creating environment hook '/home/ubuntu/warehouse-automation-001/install/order_system/share/order_system/hook/ament_prefix_path.ps1'
[0.231s] INFO:colcon.colcon_core.shell:Creating environment descriptor '/home/ubuntu/warehouse-automation-001/install/order_system/share/order_system/hook/ament_prefix_path.dsv'
[0.231s] INFO:colcon.colcon_core.shell:Creating environment hook '/home/ubuntu/warehouse-automation-001/install/order_system/share/order_system/hook/ament_prefix_path.sh'
[0.232s] INFO:colcon.colcon_core.shell:Skip shell extension 'powershell' for command environment: Not usable outside of PowerShell
[0.232s] DEBUG:colcon.colcon_core.shell:Skip shell extension 'dsv' for command environment
[0.233s] INFO:colcon.colcon_ros.task.ament_python.build:Building ROS package in '/home/ubuntu/warehouse-automation-001/warehouse_msgs' with build type 'ament_python'
[0.233s] Level 1:colcon.colcon_core.shell:create_environment_hook('warehouse_msgs', 'ament_prefix_path')
[0.233s] INFO:colcon.colcon_core.shell:Creating environment hook '/home/ubuntu/warehouse-automation-001/install/warehouse_msgs/share/warehouse_msgs/hook/ament_prefix_path.ps1'
[0.234s] INFO:colcon.colcon_core.shell:Creating environment descriptor '/home/ubuntu/warehouse-automation-001/install/warehouse_msgs/share/warehouse_msgs/hook/ament_prefix_path.dsv'
[0.234s] INFO:colcon.colcon_core.shell:Creating environment hook '/home/ubuntu/warehouse-automation-001/install/warehouse_msgs/share/warehouse_msgs/hook/ament_prefix_path.sh'
[0.235s] INFO:colcon.colcon_core.shell:Skip shell extension 'powershell' for command environment: Not usable outside of PowerShell
[0.235s] DEBUG:colcon.colcon_core.shell:Skip shell extension 'dsv' for command environment
[0.441s] INFO:colcon.colcon_core.task.python.build:Building Python package in '/home/ubuntu/warehouse-automation-001/amr_description'
[0.441s] INFO:colcon.colcon_core.shell:Skip shell extension 'powershell' for command environment: Not usable outside of PowerShell
[0.441s] DEBUG:colcon.colcon_core.shell:Skip shell extension 'dsv' for command environment
[0.634s] INFO:colcon.colcon_core.task.python.build:Building Python package in '/home/ubuntu/warehouse-automation-001/cuopt_bridge'
[0.635s] INFO:colcon.colcon_core.shell:Skip shell extension 'powershell' for command environment: Not usable outside of PowerShell
[0.635s] DEBUG:colcon.colcon_core.shell:Skip shell extension 'dsv' for command environment
[0.848s] INFO:colcon.colcon_core.task.python.build:Building Python package in '/home/ubuntu/warehouse-automation-001/hello_world_pkgs'
[0.848s] INFO:colcon.colcon_core.shell:Skip shell extension 'powershell' for command environment: Not usable outside of PowerShell
[0.848s] DEBUG:colcon.colcon_core.shell:Skip shell extension 'dsv' for command environment
[1.070s] INFO:colcon.colcon_core.task.python.build:Building Python package in '/home/ubuntu/warehouse-automation-001/orchestrator'
[1.070s] INFO:colcon.colcon_core.shell:Skip shell extension 'powershell' for command environment: Not usable outside of PowerShell
[1.070s] DEBUG:colcon.colcon_core.shell:Skip shell extension 'dsv' for command environment
[1.298s] INFO:colcon.colcon_core.task.python.build:Building Python package in '/home/ubuntu/warehouse-automation-001/order_system'
[1.298s] INFO:colcon.colcon_core.shell:Skip shell extension 'powershell' for command environment: Not usable outside of PowerShell
[1.298s] DEBUG:colcon.colcon_core.shell:Skip shell extension 'dsv' for command environment
[1.519s] INFO:colcon.colcon_core.task.python.build:Building Python package in '/home/ubuntu/warehouse-automation-001/warehouse_msgs'
[1.519s] INFO:colcon.colcon_core.shell:Skip shell extension 'powershell' for command environment: Not usable outside of PowerShell
[1.519s] DEBUG:colcon.colcon_core.shell:Skip shell extension 'dsv' for command environment
[2.000s] DEBUG:colcon.colcon_core.event_handler.log_command:Invoking command in '/home/ubuntu/warehouse-automation-001/hello_world_pkgs': PYTHONPATH=/home/ubuntu/warehouse-automation-001/build/hello_world_pkgs/prefix_override:/usr/lib/python3/dist-packages/colcon_core/task/python/colcon_distutils_commands:/home/ubuntu/warehouse-automation-001/install/hello_world_pkgs/lib/python3.10/site-packages:${PYTHONPATH} /usr/bin/python3 -W ignore:setup.py install is deprecated -W ignore:easy_install command is deprecated setup.py egg_info --egg-base ../build/hello_world_pkgs build --build-base /home/ubuntu/warehouse-automation-001/build/hello_world_pkgs/build install --record /home/ubuntu/warehouse-automation-001/build/hello_world_pkgs/install.log --single-version-externally-managed install_data
[2.011s] DEBUG:colcon.colcon_core.event_handler.log_command:Invoking command in '/home/ubuntu/warehouse-automation-001/order_system': PYTHONPATH=/home/ubuntu/warehouse-automation-001/build/order_system/prefix_override:/usr/lib/python3/dist-packages/colcon_core/task/python/colcon_distutils_commands:/home/ubuntu/warehouse-automation-001/install/order_system/lib/python3.10/site-packages:${PYTHONPATH} /usr/bin/python3 -W ignore:setup.py install is deprecated -W ignore:easy_install command is deprecated setup.py egg_info --egg-base ../build/order_system build --build-base /home/ubuntu/warehouse-automation-001/build/order_system/build install --record /home/ubuntu/warehouse-automation-001/build/order_system/install.log --single-version-externally-managed install_data
[2.015s] DEBUG:colcon.colcon_core.event_handler.log_command:Invoking command in '/home/ubuntu/warehouse-automation-001/warehouse_msgs': PYTHONPATH=/home/ubuntu/warehouse-automation-001/build/warehouse_msgs/prefix_override:/usr/lib/python3/dist-packages/colcon_core/task/python/colcon_distutils_commands:/home/ubuntu/warehouse-automation-001/install/warehouse_msgs/lib/python3.10/site-packages:${PYTHONPATH} /usr/bin/python3 -W ignore:setup.py install is deprecated -W ignore:easy_install command is deprecated setup.py egg_info --egg-base ../build/warehouse_msgs build --build-base /home/ubuntu/warehouse-automation-001/build/warehouse_msgs/build install --record /home/ubuntu/warehouse-automation-001/build/warehouse_msgs/install.log --single-version-externally-managed install_data
[2.046s] DEBUG:colcon.colcon_core.event_handler.log_command:Invoking command in '/home/ubuntu/warehouse-automation-001/orchestrator': PYTHONPATH=/home/ubuntu/warehouse-automation-001/build/orchestrator/prefix_override:/usr/lib/python3/dist-packages/colcon_core/task/python/colcon_distutils_commands:/home/ubuntu/warehouse-automation-001/install/orchestrator/lib/python3.10/site-packages:${PYTHONPATH} /usr/bin/python3 -W ignore:setup.py install is deprecated -W ignore:easy_install command is deprecated setup.py egg_info --egg-base ../build/orchestrator build --build-base /home/ubuntu/warehouse-automation-001/build/orchestrator/build install --record /home/ubuntu/warehouse-automation-001/build/orchestrator/install.log --single-version-externally-managed install_data
[2.087s] DEBUG:colcon.colcon_core.event_handler.log_command:Invoking command in '/home/ubuntu/warehouse-automation-001/cuopt_bridge': PYTHONPATH=/home/ubuntu/warehouse-automation-001/build/cuopt_bridge/prefix_override:/usr/lib/python3/dist-packages/colcon_core/task/python/colcon_distutils_commands:/home/ubuntu/warehouse-automation-001/install/cuopt_bridge/lib/python3.10/site-packages:${PYTHONPATH} /usr/bin/python3 -W ignore:setup.py install is deprecated -W ignore:easy_install command is deprecated setup.py egg_info --egg-base ../build/cuopt_bridge build --build-base /home/ubuntu/warehouse-automation-001/build/cuopt_bridge/build install --record /home/ubuntu/warehouse-automation-001/build/cuopt_bridge/install.log --single-version-externally-managed install_data
[2.115s] DEBUG:colcon.colcon_core.event_handler.log_command:Invoking command in '/home/ubuntu/warehouse-automation-001/amr_description': PYTHONPATH=/home/ubuntu/warehouse-automation-001/build/amr_description/prefix_override:/usr/lib/python3/dist-packages/colcon_core/task/python/colcon_distutils_commands:/home/ubuntu/warehouse-automation-001/install/amr_description/lib/python3.10/site-packages:${PYTHONPATH} /usr/bin/python3 -W ignore:setup.py install is deprecated -W ignore:easy_install command is deprecated setup.py egg_info --egg-base ../build/amr_description build --build-base /home/ubuntu/warehouse-automation-001/build/amr_description/build install --record /home/ubuntu/warehouse-automation-001/build/amr_description/install.log --single-version-externally-managed install_data
[2.489s] DEBUG:colcon.colcon_core.event_handler.log_command:Invoked command in '/home/ubuntu/warehouse-automation-001/order_system' returned '0': PYTHONPATH=/home/ubuntu/warehouse-automation-001/build/order_system/prefix_override:/usr/lib/python3/dist-packages/colcon_core/task/python/colcon_distutils_commands:/home/ubuntu/warehouse-automation-001/install/order_system/lib/python3.10/site-packages:${PYTHONPATH} /usr/bin/python3 -W ignore:setup.py install is deprecated -W ignore:easy_install command is deprecated setup.py egg_info --egg-base ../build/order_system build --build-base /home/ubuntu/warehouse-automation-001/build/order_system/build install --record /home/ubuntu/warehouse-automation-001/build/order_system/install.log --single-version-externally-managed install_data
[2.492s] Level 1:colcon.colcon_core.environment:checking '/home/ubuntu/warehouse-automation-001/install/order_system' for CMake module files
[2.492s] Level 1:colcon.colcon_core.environment:checking '/home/ubuntu/warehouse-automation-001/install/order_system' for CMake config files
[2.494s] Level 1:colcon.colcon_core.environment:checking '/home/ubuntu/warehouse-automation-001/install/order_system/lib'
[2.494s] Level 1:colcon.colcon_core.environment:checking '/home/ubuntu/warehouse-automation-001/install/order_system/bin'
[2.494s] Level 1:colcon.colcon_core.environment:checking '/home/ubuntu/warehouse-automation-001/install/order_system/lib/pkgconfig/order_system.pc'
[2.494s] Level 1:colcon.colcon_core.environment:checking '/home/ubuntu/warehouse-automation-001/install/order_system/lib/python3.10/site-packages'
[2.494s] Level 1:colcon.colcon_core.shell:create_environment_hook('order_system', 'pythonpath')
[2.495s] INFO:colcon.colcon_core.shell:Creating environment hook '/home/ubuntu/warehouse-automation-001/install/order_system/share/order_system/hook/pythonpath.ps1'
[2.495s] INFO:colcon.colcon_core.shell:Creating environment descriptor '/home/ubuntu/warehouse-automation-001/install/order_system/share/order_system/hook/pythonpath.dsv'
[2.495s] INFO:colcon.colcon_core.shell:Creating environment hook '/home/ubuntu/warehouse-automation-001/install/order_system/share/order_system/hook/pythonpath.sh'
[2.496s] Level 1:colcon.colcon_core.environment:checking '/home/ubuntu/warehouse-automation-001/install/order_system/bin'
[2.496s] Level 1:colcon.colcon_core.environment:create_environment_scripts_only(order_system)
[2.497s] INFO:colcon.colcon_core.shell:Creating package script '/home/ubuntu/warehouse-automation-001/install/order_system/share/order_system/package.ps1'
[2.499s] INFO:colcon.colcon_core.shell:Creating package descriptor '/home/ubuntu/warehouse-automation-001/install/order_system/share/order_system/package.dsv'
[2.499s] INFO:colcon.colcon_core.shell:Creating package script '/home/ubuntu/warehouse-automation-001/install/order_system/share/order_system/package.sh'
[2.501s] INFO:colcon.colcon_core.shell:Creating package script '/home/ubuntu/warehouse-automation-001/install/order_system/share/order_system/package.bash'
[2.503s] INFO:colcon.colcon_core.shell:Creating package script '/home/ubuntu/warehouse-automation-001/install/order_system/share/order_system/package.zsh'
[2.503s] Level 1:colcon.colcon_core.environment:create_file_with_runtime_dependencies(/home/ubuntu/warehouse-automation-001/install/order_system/share/colcon-core/packages/order_system)
[2.532s] Level 1:colcon.colcon_core.environment:checking '/home/ubuntu/warehouse-automation-001/install/orchestrator' for CMake module files
[2.532s] Level 1:colcon.colcon_core.environment:checking '/home/ubuntu/warehouse-automation-001/install/orchestrator' for CMake config files
[2.533s] Level 1:colcon.colcon_core.environment:checking '/home/ubuntu/warehouse-automation-001/install/orchestrator/lib'
[2.533s] Level 1:colcon.colcon_core.environment:checking '/home/ubuntu/warehouse-automation-001/install/orchestrator/bin'
[2.533s] Level 1:colcon.colcon_core.environment:checking '/home/ubuntu/warehouse-automation-001/install/orchestrator/lib/pkgconfig/orchestrator.pc'
[2.534s] Level 1:colcon.colcon_core.environment:checking '/home/ubuntu/warehouse-automation-001/install/orchestrator/lib/python3.10/site-packages'
[2.534s] Level 1:colcon.colcon_core.shell:create_environment_hook('orchestrator', 'pythonpath')
[2.534s] INFO:colcon.colcon_core.shell:Creating environment hook '/home/ubuntu/warehouse-automation-001/install/orchestrator/share/orchestrator/hook/pythonpath.ps1'
[2.534s] INFO:colcon.colcon_core.shell:Creating environment descriptor '/home/ubuntu/warehouse-automation-001/install/orchestrator/share/orchestrator/hook/pythonpath.dsv'
[2.535s] INFO:colcon.colcon_core.shell:Creating environment hook '/home/ubuntu/warehouse-automation-001/install/orchestrator/share/orchestrator/hook/pythonpath.sh'
[2.535s] Level 1:colcon.colcon_core.environment:checking '/home/ubuntu/warehouse-automation-001/install/orchestrator/bin'
[2.535s] Level 1:colcon.colcon_core.environment:create_environment_scripts_only(orchestrator)
[2.536s] INFO:colcon.colcon_core.shell:Creating package script '/home/ubuntu/warehouse-automation-001/install/orchestrator/share/orchestrator/package.ps1'
[2.536s] INFO:colcon.colcon_core.shell:Creating package descriptor '/home/ubuntu/warehouse-automation-001/install/orchestrator/share/orchestrator/package.dsv'
[2.537s] INFO:colcon.colcon_core.shell:Creating package script '/home/ubuntu/warehouse-automation-001/install/orchestrator/share/orchestrator/package.sh'
[2.537s] INFO:colcon.colcon_core.shell:Creating package script '/home/ubuntu/warehouse-automation-001/install/orchestrator/share/orchestrator/package.bash'
[2.537s] INFO:colcon.colcon_core.shell:Creating package script '/home/ubuntu/warehouse-automation-001/install/orchestrator/share/orchestrator/package.zsh'
[2.538s] Level 1:colcon.colcon_core.environment:create_file_with_runtime_dependencies(/home/ubuntu/warehouse-automation-001/install/orchestrator/share/colcon-core/packages/orchestrator)
[2.539s] DEBUG:colcon.colcon_core.event_handler.log_command:Invoked command in '/home/ubuntu/warehouse-automation-001/orchestrator' returned '0': PYTHONPATH=/home/ubuntu/warehouse-automation-001/build/orchestrator/prefix_override:/usr/lib/python3/dist-packages/colcon_core/task/python/colcon_distutils_commands:/home/ubuntu/warehouse-automation-001/install/orchestrator/lib/python3.10/site-packages:${PYTHONPATH} /usr/bin/python3 -W ignore:setup.py install is deprecated -W ignore:easy_install command is deprecated setup.py egg_info --egg-base ../build/orchestrator build --build-base /home/ubuntu/warehouse-automation-001/build/orchestrator/build install --record /home/ubuntu/warehouse-automation-001/build/orchestrator/install.log --single-version-externally-managed install_data
[2.553s] Level 1:colcon.colcon_core.environment:checking '/home/ubuntu/warehouse-automation-001/install/hello_world_pkgs' for CMake module files
[2.554s] DEBUG:colcon.colcon_core.event_handler.log_command:Invoked command in '/home/ubuntu/warehouse-automation-001/hello_world_pkgs' returned '0': PYTHONPATH=/home/ubuntu/warehouse-automation-001/build/hello_world_pkgs/prefix_override:/usr/lib/python3/dist-packages/colcon_core/task/python/colcon_distutils_commands:/home/ubuntu/warehouse-automation-001/install/hello_world_pkgs/lib/python3.10/site-packages:${PYTHONPATH} /usr/bin/python3 -W ignore:setup.py install is deprecated -W ignore:easy_install command is deprecated setup.py egg_info --egg-base ../build/hello_world_pkgs build --build-base /home/ubuntu/warehouse-automation-001/build/hello_world_pkgs/build install --record /home/ubuntu/warehouse-automation-001/build/hello_world_pkgs/install.log --single-version-externally-managed install_data
[2.554s] Level 1:colcon.colcon_core.environment:checking '/home/ubuntu/warehouse-automation-001/install/hello_world_pkgs' for CMake config files
[2.555s] Level 1:colcon.colcon_core.environment:checking '/home/ubuntu/warehouse-automation-001/install/hello_world_pkgs/lib'
[2.555s] Level 1:colcon.colcon_core.environment:checking '/home/ubuntu/warehouse-automation-001/install/hello_world_pkgs/bin'
[2.555s] Level 1:colcon.colcon_core.environment:checking '/home/ubuntu/warehouse-automation-001/install/hello_world_pkgs/lib/pkgconfig/hello_world_pkgs.pc'
[2.556s] Level 1:colcon.colcon_core.environment:checking '/home/ubuntu/warehouse-automation-001/install/hello_world_pkgs/lib/python3.10/site-packages'
[2.556s] Level 1:colcon.colcon_core.shell:create_environment_hook('hello_world_pkgs', 'pythonpath')
[2.556s] INFO:colcon.colcon_core.shell:Creating environment hook '/home/ubuntu/warehouse-automation-001/install/hello_world_pkgs/share/hello_world_pkgs/hook/pythonpath.ps1'
[2.557s] INFO:colcon.colcon_core.shell:Creating environment descriptor '/home/ubuntu/warehouse-automation-001/install/hello_world_pkgs/share/hello_world_pkgs/hook/pythonpath.dsv'
[2.557s] INFO:colcon.colcon_core.shell:Creating environment hook '/home/ubuntu/warehouse-automation-001/install/hello_world_pkgs/share/hello_world_pkgs/hook/pythonpath.sh'
[2.558s] Level 1:colcon.colcon_core.environment:checking '/home/ubuntu/warehouse-automation-001/install/hello_world_pkgs/bin'
[2.558s] Level 1:colcon.colcon_core.environment:create_environment_scripts_only(hello_world_pkgs)
[2.558s] INFO:colcon.colcon_core.shell:Creating package script '/home/ubuntu/warehouse-automation-001/install/hello_world_pkgs/share/hello_world_pkgs/package.ps1'
[2.559s] INFO:colcon.colcon_core.shell:Creating package descriptor '/home/ubuntu/warehouse-automation-001/install/hello_world_pkgs/share/hello_world_pkgs/package.dsv'
[2.560s] INFO:colcon.colcon_core.shell:Creating package script '/home/ubuntu/warehouse-automation-001/install/hello_world_pkgs/share/hello_world_pkgs/package.sh'
[2.560s] INFO:colcon.colcon_core.shell:Creating package script '/home/ubuntu/warehouse-automation-001/install/hello_world_pkgs/share/hello_world_pkgs/package.bash'
[2.561s] INFO:colcon.colcon_core.shell:Creating package script '/home/ubuntu/warehouse-automation-001/install/hello_world_pkgs/share/hello_world_pkgs/package.zsh'
[2.561s] Level 1:colcon.colcon_core.environment:create_file_with_runtime_dependencies(/home/ubuntu/warehouse-automation-001/install/hello_world_pkgs/share/colcon-core/packages/hello_world_pkgs)
[2.597s] Level 1:colcon.colcon_core.environment:checking '/home/ubuntu/warehouse-automation-001/install/warehouse_msgs' for CMake module files
[2.598s] DEBUG:colcon.colcon_core.event_handler.log_command:Invoked command in '/home/ubuntu/warehouse-automation-001/warehouse_msgs' returned '0': PYTHONPATH=/home/ubuntu/warehouse-automation-001/build/warehouse_msgs/prefix_override:/usr/lib/python3/dist-packages/colcon_core/task/python/colcon_distutils_commands:/home/ubuntu/warehouse-automation-001/install/warehouse_msgs/lib/python3.10/site-packages:${PYTHONPATH} /usr/bin/python3 -W ignore:setup.py install is deprecated -W ignore:easy_install command is deprecated setup.py egg_info --egg-base ../build/warehouse_msgs build --build-base /home/ubuntu/warehouse-automation-001/build/warehouse_msgs/build install --record /home/ubuntu/warehouse-automation-001/build/warehouse_msgs/install.log --single-version-externally-managed install_data
[2.598s] Level 1:colcon.colcon_core.environment:checking '/home/ubuntu/warehouse-automation-001/install/warehouse_msgs' for CMake config files
[2.599s] Level 1:colcon.colcon_core.environment:checking '/home/ubuntu/warehouse-automation-001/install/warehouse_msgs/lib'
[2.599s] Level 1:colcon.colcon_core.environment:checking '/home/ubuntu/warehouse-automation-001/install/warehouse_msgs/bin'
[2.599s] Level 1:colcon.colcon_core.environment:checking '/home/ubuntu/warehouse-automation-001/install/warehouse_msgs/lib/pkgconfig/warehouse_msgs.pc'
[2.599s] Level 1:colcon.colcon_core.environment:checking '/home/ubuntu/warehouse-automation-001/install/warehouse_msgs/lib/python3.10/site-packages'
[2.599s] Level 1:colcon.colcon_core.shell:create_environment_hook('warehouse_msgs', 'pythonpath')
[2.599s] INFO:colcon.colcon_core.shell:Creating environment hook '/home/ubuntu/warehouse-automation-001/install/warehouse_msgs/share/warehouse_msgs/hook/pythonpath.ps1'
[2.600s] INFO:colcon.colcon_core.shell:Creating environment descriptor '/home/ubuntu/warehouse-automation-001/install/warehouse_msgs/share/warehouse_msgs/hook/pythonpath.dsv'
[2.600s] INFO:colcon.colcon_core.shell:Creating environment hook '/home/ubuntu/warehouse-automation-001/install/warehouse_msgs/share/warehouse_msgs/hook/pythonpath.sh'
[2.601s] Level 1:colcon.colcon_core.environment:checking '/home/ubuntu/warehouse-automation-001/install/warehouse_msgs/bin'
[2.601s] Level 1:colcon.colcon_core.environment:create_environment_scripts_only(warehouse_msgs)
[2.601s] INFO:colcon.colcon_core.shell:Creating package script '/home/ubuntu/warehouse-automation-001/install/warehouse_msgs/share/warehouse_msgs/package.ps1'
[2.602s] INFO:colcon.colcon_core.shell:Creating package descriptor '/home/ubuntu/warehouse-automation-001/install/warehouse_msgs/share/warehouse_msgs/package.dsv'
[2.602s] INFO:colcon.colcon_core.shell:Creating package script '/home/ubuntu/warehouse-automation-001/install/warehouse_msgs/share/warehouse_msgs/package.sh'
[2.603s] INFO:colcon.colcon_core.shell:Creating package script '/home/ubuntu/warehouse-automation-001/install/warehouse_msgs/share/warehouse_msgs/package.bash'
[2.603s] INFO:colcon.colcon_core.shell:Creating package script '/home/ubuntu/warehouse-automation-001/install/warehouse_msgs/share/warehouse_msgs/package.zsh'
[2.603s] Level 1:colcon.colcon_core.environment:create_file_with_runtime_dependencies(/home/ubuntu/warehouse-automation-001/install/warehouse_msgs/share/colcon-core/packages/warehouse_msgs)
[2.612s] Level 1:colcon.colcon_core.environment:checking '/home/ubuntu/warehouse-automation-001/install/amr_description' for CMake module files
[2.613s] Level 1:colcon.colcon_core.environment:checking '/home/ubuntu/warehouse-automation-001/install/amr_description' for CMake config files
[2.613s] DEBUG:colcon.colcon_core.event_handler.log_command:Invoked command in '/home/ubuntu/warehouse-automation-001/amr_description' returned '0': PYTHONPATH=/home/ubuntu/warehouse-automation-001/build/amr_description/prefix_override:/usr/lib/python3/dist-packages/colcon_core/task/python/colcon_distutils_commands:/home/ubuntu/warehouse-automation-001/install/amr_description/lib/python3.10/site-packages:${PYTHONPATH} /usr/bin/python3 -W ignore:setup.py install is deprecated -W ignore:easy_install command is deprecated setup.py egg_info --egg-base ../build/amr_description build --build-base /home/ubuntu/warehouse-automation-001/build/amr_description/build install --record /home/ubuntu/warehouse-automation-001/build/amr_description/install.log --single-version-externally-managed install_data
[2.614s] Level 1:colcon.colcon_core.environment:checking '/home/ubuntu/warehouse-automation-001/install/amr_description/lib'
[2.614s] Level 1:colcon.colcon_core.environment:checking '/home/ubuntu/warehouse-automation-001/install/amr_description/bin'
[2.614s] Level 1:colcon.colcon_core.environment:checking '/home/ubuntu/warehouse-automation-001/install/amr_description/lib/pkgconfig/amr_description.pc'
[2.614s] Level 1:colcon.colcon_core.environment:checking '/home/ubuntu/warehouse-automation-001/install/amr_description/lib/python3.10/site-packages'
[2.615s] Level 1:colcon.colcon_core.shell:create_environment_hook('amr_description', 'pythonpath')
[2.615s] INFO:colcon.colcon_core.shell:Creating environment hook '/home/ubuntu/warehouse-automation-001/install/amr_description/share/amr_description/hook/pythonpath.ps1'
[2.615s] INFO:colcon.colcon_core.shell:Creating environment descriptor '/home/ubuntu/warehouse-automation-001/install/amr_description/share/amr_description/hook/pythonpath.dsv'
[2.616s] INFO:colcon.colcon_core.shell:Creating environment hook '/home/ubuntu/warehouse-automation-001/install/amr_description/share/amr_description/hook/pythonpath.sh'
[2.616s] Level 1:colcon.colcon_core.environment:checking '/home/ubuntu/warehouse-automation-001/install/amr_description/bin'
[2.616s] Level 1:colcon.colcon_core.environment:create_environment_scripts_only(amr_description)
[2.617s] INFO:colcon.colcon_core.shell:Creating package script '/home/ubuntu/warehouse-automation-001/install/amr_description/share/amr_description/package.ps1'
[2.617s] INFO:colcon.colcon_core.shell:Creating package descriptor '/home/ubuntu/warehouse-automation-001/install/amr_description/share/amr_description/package.dsv'
[2.618s] INFO:colcon.colcon_core.shell:Creating package script '/home/ubuntu/warehouse-automation-001/install/amr_description/share/amr_description/package.sh'
[2.618s] INFO:colcon.colcon_core.shell:Creating package script '/home/ubuntu/warehouse-automation-001/install/amr_description/share/amr_description/package.bash'
[2.618s] INFO:colcon.colcon_core.shell:Creating package script '/home/ubuntu/warehouse-automation-001/install/amr_description/share/amr_description/package.zsh'
[2.619s] Level 1:colcon.colcon_core.environment:create_file_with_runtime_dependencies(/home/ubuntu/warehouse-automation-001/install/amr_description/share/colcon-core/packages/amr_description)
[2.629s] Level 1:colcon.colcon_core.environment:checking '/home/ubuntu/warehouse-automation-001/install/cuopt_bridge' for CMake module files
[2.629s] DEBUG:colcon.colcon_core.event_handler.log_command:Invoked command in '/home/ubuntu/warehouse-automation-001/cuopt_bridge' returned '0': PYTHONPATH=/home/ubuntu/warehouse-automation-001/build/cuopt_bridge/prefix_override:/usr/lib/python3/dist-packages/colcon_core/task/python/colcon_distutils_commands:/home/ubuntu/warehouse-automation-001/install/cuopt_bridge/lib/python3.10/site-packages:${PYTHONPATH} /usr/bin/python3 -W ignore:setup.py install is deprecated -W ignore:easy_install command is deprecated setup.py egg_info --egg-base ../build/cuopt_bridge build --build-base /home/ubuntu/warehouse-automation-001/build/cuopt_bridge/build install --record /home/ubuntu/warehouse-automation-001/build/cuopt_bridge/install.log --single-version-externally-managed install_data
[2.630s] Level 1:colcon.colcon_core.environment:checking '/home/ubuntu/warehouse-automation-001/install/cuopt_bridge' for CMake config files
[2.630s] Level 1:colcon.colcon_core.environment:checking '/home/ubuntu/warehouse-automation-001/install/cuopt_bridge/lib'
[2.630s] Level 1:colcon.colcon_core.environment:checking '/home/ubuntu/warehouse-automation-001/install/cuopt_bridge/bin'
[2.630s] Level 1:colcon.colcon_core.environment:checking '/home/ubuntu/warehouse-automation-001/install/cuopt_bridge/lib/pkgconfig/cuopt_bridge.pc'
[2.631s] Level 1:colcon.colcon_core.environment:checking '/home/ubuntu/warehouse-automation-001/install/cuopt_bridge/lib/python3.10/site-packages'
[2.631s] Level 1:colcon.colcon_core.shell:create_environment_hook('cuopt_bridge', 'pythonpath')
[2.631s] INFO:colcon.colcon_core.shell:Creating environment hook '/home/ubuntu/warehouse-automation-001/install/cuopt_bridge/share/cuopt_bridge/hook/pythonpath.ps1'
[2.632s] INFO:colcon.colcon_core.shell:Creating environment descriptor '/home/ubuntu/warehouse-automation-001/install/cuopt_bridge/share/cuopt_bridge/hook/pythonpath.dsv'
[2.632s] INFO:colcon.colcon_core.shell:Creating environment hook '/home/ubuntu/warehouse-automation-001/install/cuopt_bridge/share/cuopt_bridge/hook/pythonpath.sh'
[2.633s] Level 1:colcon.colcon_core.environment:checking '/home/ubuntu/warehouse-automation-001/install/cuopt_bridge/bin'
[2.633s] Level 1:colcon.colcon_core.environment:create_environment_scripts_only(cuopt_bridge)
[2.633s] INFO:colcon.colcon_core.shell:Creating package script '/home/ubuntu/warehouse-automation-001/install/cuopt_bridge/share/cuopt_bridge/package.ps1'
[2.634s] INFO:colcon.colcon_core.shell:Creating package descriptor '/home/ubuntu/warehouse-automation-001/install/cuopt_bridge/share/cuopt_bridge/package.dsv'
[2.634s] INFO:colcon.colcon_core.shell:Creating package script '/home/ubuntu/warehouse-automation-001/install/cuopt_bridge/share/cuopt_bridge/package.sh'
[2.634s] INFO:colcon.colcon_core.shell:Creating package script '/home/ubuntu/warehouse-automation-001/install/cuopt_bridge/share/cuopt_bridge/package.bash'
[2.635s] INFO:colcon.colcon_core.shell:Creating package script '/home/ubuntu/warehouse-automation-001/install/cuopt_bridge/share/cuopt_bridge/package.zsh'
[2.635s] Level 1:colcon.colcon_core.environment:create_file_with_runtime_dependencies(/home/ubuntu/warehouse-automation-001/install/cuopt_bridge/share/colcon-core/packages/cuopt_bridge)
[2.635s] DEBUG:colcon.colcon_parallel_executor.executor.parallel:closing loop
[2.636s] DEBUG:colcon.colcon_parallel_executor.executor.parallel:loop closed
[2.636s] DEBUG:colcon.colcon_parallel_executor.executor.parallel:run_until_complete finished with '0'
[2.636s] DEBUG:colcon.colcon_core.event_reactor:joining thread
[2.641s] INFO:colcon.colcon_core.plugin_system:Skipping extension 'colcon_notification.desktop_notification.terminal_notifier': Not used on non-Darwin systems
[2.642s] INFO:colcon.colcon_core.plugin_system:Skipping extension 'colcon_notification.desktop_notification.win32': Not used on non-Windows systems
[2.642s] INFO:colcon.colcon_notification.desktop_notification:Sending desktop notification using 'notify2'
[27.667s] DEBUG:colcon.colcon_notification.desktop_notification.notify2:Failed to initialize notify2: org.freedesktop.DBus.Error.NoReply: Did not receive a reply. Possible causes include: the remote application did not send a reply, the message bus security policy blocked the reply, the reply timeout expired, or the network connection was broken.
[27.669s] DEBUG:colcon.colcon_core.event_reactor:joined thread
[27.670s] INFO:colcon.colcon_core.shell:Creating prefix script '/home/ubuntu/warehouse-automation-001/install/local_setup.ps1'
[27.674s] INFO:colcon.colcon_core.shell:Creating prefix util module '/home/ubuntu/warehouse-automation-001/install/_local_setup_util_ps1.py'
[27.677s] INFO:colcon.colcon_core.shell:Creating prefix chain script '/home/ubuntu/warehouse-automation-001/install/setup.ps1'
[27.681s] INFO:colcon.colcon_core.shell:Creating prefix script '/home/ubuntu/warehouse-automation-001/install/local_setup.sh'
[27.682s] INFO:colcon.colcon_core.shell:Creating prefix util module '/home/ubuntu/warehouse-automation-001/install/_local_setup_util_sh.py'
[27.682s] INFO:colcon.colcon_core.shell:Creating prefix chain script '/home/ubuntu/warehouse-automation-001/install/setup.sh'
[27.684s] INFO:colcon.colcon_core.shell:Creating prefix script '/home/ubuntu/warehouse-automation-001/install/local_setup.bash'
[27.688s] INFO:colcon.colcon_core.shell:Creating prefix chain script '/home/ubuntu/warehouse-automation-001/install/setup.bash'
[27.694s] INFO:colcon.colcon_core.shell:Creating prefix script '/home/ubuntu/warehouse-automation-001/install/local_setup.zsh'
[27.695s] INFO:colcon.colcon_core.shell:Creating prefix chain script '/home/ubuntu/warehouse-automation-001/install/setup.zsh'
