running egg_info
creating ../build/amr_description/amr_description.egg-info
writing ../build/amr_description/amr_description.egg-info/PKG-INFO
writing dependency_links to ../build/amr_description/amr_description.egg-info/dependency_links.txt
writing requirements to ../build/amr_description/amr_description.egg-info/requires.txt
writing top-level names to ../build/amr_description/amr_description.egg-info/top_level.txt
writing manifest file '../build/amr_description/amr_description.egg-info/SOURCES.txt'
reading manifest file '../build/amr_description/amr_description.egg-info/SOURCES.txt'
writing manifest file '../build/amr_description/amr_description.egg-info/SOURCES.txt'
running build
running build_py
creating /home/xelf/warehouse-automation/build/amr_description/build
creating /home/xelf/warehouse-automation/build/amr_description/build/lib
creating /home/xelf/warehouse-automation/build/amr_description/build/lib/amr_description
copying amr_description/__init__.py -> /home/xelf/warehouse-automation/build/amr_description/build/lib/amr_description
running install
running install_lib
creating /home/xelf/warehouse-automation/install/amr_description/lib/python3.10/site-packages/amr_description
copying /home/xelf/warehouse-automation/build/amr_description/build/lib/amr_description/__init__.py -> /home/xelf/warehouse-automation/install/amr_description/lib/python3.10/site-packages/amr_description
byte-compiling /home/xelf/warehouse-automation/install/amr_description/lib/python3.10/site-packages/amr_description/__init__.py to __init__.cpython-310.pyc
running install_data
creating /home/xelf/warehouse-automation/install/amr_description/share/ament_index
creating /home/xelf/warehouse-automation/install/amr_description/share/ament_index/resource_index
creating /home/xelf/warehouse-automation/install/amr_description/share/ament_index/resource_index/packages
copying resource/amr_description -> /home/xelf/warehouse-automation/install/amr_description/share/ament_index/resource_index/packages
copying package.xml -> /home/xelf/warehouse-automation/install/amr_description/share/amr_description
creating /home/xelf/warehouse-automation/install/amr_description/share/amr_description/urdf
copying urdf/amr_robot.urdf -> /home/xelf/warehouse-automation/install/amr_description/share/amr_description/urdf
creating /home/xelf/warehouse-automation/install/amr_description/share/amr_description/worlds
copying worlds/warehouse.world -> /home/xelf/warehouse-automation/install/amr_description/share/amr_description/worlds
creating /home/xelf/warehouse-automation/install/amr_description/share/amr_description/launch
copying launch/gazebo.launch.py -> /home/xelf/warehouse-automation/install/amr_description/share/amr_description/launch
copying launch/gazebo_simple.launch.py -> /home/xelf/warehouse-automation/install/amr_description/share/amr_description/launch
copying launch/gazebo_ros.launch.py -> /home/xelf/warehouse-automation/install/amr_description/share/amr_description/launch
running install_egg_info
Copying ../build/amr_description/amr_description.egg-info to /home/xelf/warehouse-automation/install/amr_description/lib/python3.10/site-packages/amr_description-0.0.0-py3.10.egg-info
running install_scripts
writing list of installed files to '/home/xelf/warehouse-automation/build/amr_description/install.log'
