[1.645s] Invoking command in '/home/ubuntu/warehouse-automation-001/warehouse_msgs': PYTHONPATH=/home/ubuntu/warehouse-automation-001/build/warehouse_msgs/prefix_override:/usr/lib/python3/dist-packages/colcon_core/task/python/colcon_distutils_commands:/home/ubuntu/warehouse-automation-001/install/warehouse_msgs/lib/python3.10/site-packages:${PYTHONPATH} /usr/bin/python3 -W ignore:setup.py install is deprecated -W ignore:easy_install command is deprecated setup.py egg_info --egg-base ../build/warehouse_msgs build --build-base /home/ubuntu/warehouse-automation-001/build/warehouse_msgs/build install --record /home/ubuntu/warehouse-automation-001/build/warehouse_msgs/install.log --single-version-externally-managed install_data
[1.897s] running egg_info
[1.913s] writing ../build/warehouse_msgs/warehouse_msgs.egg-info/PKG-INFO
[1.914s] writing dependency_links to ../build/warehouse_msgs/warehouse_msgs.egg-info/dependency_links.txt
[1.914s] writing requirements to ../build/warehouse_msgs/warehouse_msgs.egg-info/requires.txt
[1.914s] writing top-level names to ../build/warehouse_msgs/warehouse_msgs.egg-info/top_level.txt
[1.954s] reading manifest file '../build/warehouse_msgs/warehouse_msgs.egg-info/SOURCES.txt'
[1.955s] writing manifest file '../build/warehouse_msgs/warehouse_msgs.egg-info/SOURCES.txt'
[1.956s] running build
[1.956s] running build_py
[1.956s] copying warehouse_msgs/__init__.py -> /home/ubuntu/warehouse-automation-001/build/warehouse_msgs/build/lib/warehouse_msgs
[1.956s] running install
[1.960s] running install_lib
[1.978s] running install_data
[1.978s] copying resource/warehouse_msgs -> /home/ubuntu/warehouse-automation-001/install/warehouse_msgs/share/ament_index/resource_index/packages
[1.978s] copying package.xml -> /home/ubuntu/warehouse-automation-001/install/warehouse_msgs/share/warehouse_msgs
[1.979s] copying msg/Order.msg -> /home/ubuntu/warehouse-automation-001/install/warehouse_msgs/share/warehouse_msgs/msg
[1.979s] copying msg/Task.msg -> /home/ubuntu/warehouse-automation-001/install/warehouse_msgs/share/warehouse_msgs/msg
[1.979s] copying msg/FleetPlan.msg -> /home/ubuntu/warehouse-automation-001/install/warehouse_msgs/share/warehouse_msgs/msg
[1.979s] copying msg/RobotState.msg -> /home/ubuntu/warehouse-automation-001/install/warehouse_msgs/share/warehouse_msgs/msg
[1.979s] running install_egg_info
[1.998s] removing '/home/ubuntu/warehouse-automation-001/install/warehouse_msgs/lib/python3.10/site-packages/warehouse_msgs-0.0.0-py3.10.egg-info' (and everything under it)
[1.998s] Copying ../build/warehouse_msgs/warehouse_msgs.egg-info to /home/ubuntu/warehouse-automation-001/install/warehouse_msgs/lib/python3.10/site-packages/warehouse_msgs-0.0.0-py3.10.egg-info
[1.999s] running install_scripts
[2.036s] writing list of installed files to '/home/ubuntu/warehouse-automation-001/build/warehouse_msgs/install.log'
[2.058s] Invoked command in '/home/ubuntu/warehouse-automation-001/warehouse_msgs' returned '0': PYTHONPATH=/home/ubuntu/warehouse-automation-001/build/warehouse_msgs/prefix_override:/usr/lib/python3/dist-packages/colcon_core/task/python/colcon_distutils_commands:/home/ubuntu/warehouse-automation-001/install/warehouse_msgs/lib/python3.10/site-packages:${PYTHONPATH} /usr/bin/python3 -W ignore:setup.py install is deprecated -W ignore:easy_install command is deprecated setup.py egg_info --egg-base ../build/warehouse_msgs build --build-base /home/ubuntu/warehouse-automation-001/build/warehouse_msgs/build install --record /home/ubuntu/warehouse-automation-001/build/warehouse_msgs/install.log --single-version-externally-managed install_data
