/home/xelf/warehouse-automation-001/install/orchestrator/lib/python3.10/site-packages/orchestrator/gazebo_fleet_controller.py
/home/xelf/warehouse-automation-001/install/orchestrator/lib/python3.10/site-packages/orchestrator/fleet_dashboard.py
/home/xelf/warehouse-automation-001/install/orchestrator/lib/python3.10/site-packages/orchestrator/orchestrator.py
/home/xelf/warehouse-automation-001/install/orchestrator/lib/python3.10/site-packages/orchestrator/gazebo_velocity_mover.py
/home/xelf/warehouse-automation-001/install/orchestrator/lib/python3.10/site-packages/orchestrator/robot_state_monitor.py
/home/xelf/warehouse-automation-001/install/orchestrator/lib/python3.10/site-packages/orchestrator/gazebo_robot_mover.py
/home/xelf/warehouse-automation-001/install/orchestrator/lib/python3.10/site-packages/orchestrator/fleet_manager.py
/home/xelf/warehouse-automation-001/install/orchestrator/lib/python3.10/site-packages/orchestrator/task_executor.py
/home/xelf/warehouse-automation-001/install/orchestrator/lib/python3.10/site-packages/orchestrator/__init__.py
/home/xelf/warehouse-automation-001/install/orchestrator/lib/python3.10/site-packages/orchestrator/mock_odom_publisher.py
/home/xelf/warehouse-automation-001/install/orchestrator/lib/python3.10/site-packages/orchestrator/fleet_visualization.py
/home/xelf/warehouse-automation-001/install/orchestrator/lib/python3.10/site-packages/orchestrator/simple_mover.py
/home/xelf/warehouse-automation-001/install/orchestrator/lib/python3.10/site-packages/orchestrator/amr_robot.py
/home/xelf/warehouse-automation-001/install/orchestrator/lib/python3.10/site-packages/orchestrator/gazebo_fleet_viz.py
/home/xelf/warehouse-automation-001/install/orchestrator/lib/python3.10/site-packages/orchestrator/test_gazebo_mover.py
/home/xelf/warehouse-automation-001/install/orchestrator/lib/python3.10/site-packages/orchestrator/gazebo_fleet_mover.py
/home/xelf/warehouse-automation-001/install/orchestrator/lib/python3.10/site-packages/orchestrator/fleet_task_generator.py
/home/xelf/warehouse-automation-001/install/orchestrator/lib/python3.10/site-packages/orchestrator/__pycache__/gazebo_fleet_controller.cpython-310.pyc
/home/xelf/warehouse-automation-001/install/orchestrator/lib/python3.10/site-packages/orchestrator/__pycache__/fleet_dashboard.cpython-310.pyc
/home/xelf/warehouse-automation-001/install/orchestrator/lib/python3.10/site-packages/orchestrator/__pycache__/orchestrator.cpython-310.pyc
/home/xelf/warehouse-automation-001/install/orchestrator/lib/python3.10/site-packages/orchestrator/__pycache__/gazebo_velocity_mover.cpython-310.pyc
/home/xelf/warehouse-automation-001/install/orchestrator/lib/python3.10/site-packages/orchestrator/__pycache__/robot_state_monitor.cpython-310.pyc
/home/xelf/warehouse-automation-001/install/orchestrator/lib/python3.10/site-packages/orchestrator/__pycache__/gazebo_robot_mover.cpython-310.pyc
/home/xelf/warehouse-automation-001/install/orchestrator/lib/python3.10/site-packages/orchestrator/__pycache__/fleet_manager.cpython-310.pyc
/home/xelf/warehouse-automation-001/install/orchestrator/lib/python3.10/site-packages/orchestrator/__pycache__/task_executor.cpython-310.pyc
/home/xelf/warehouse-automation-001/install/orchestrator/lib/python3.10/site-packages/orchestrator/__pycache__/__init__.cpython-310.pyc
/home/xelf/warehouse-automation-001/install/orchestrator/lib/python3.10/site-packages/orchestrator/__pycache__/mock_odom_publisher.cpython-310.pyc
/home/xelf/warehouse-automation-001/install/orchestrator/lib/python3.10/site-packages/orchestrator/__pycache__/fleet_visualization.cpython-310.pyc
/home/xelf/warehouse-automation-001/install/orchestrator/lib/python3.10/site-packages/orchestrator/__pycache__/simple_mover.cpython-310.pyc
/home/xelf/warehouse-automation-001/install/orchestrator/lib/python3.10/site-packages/orchestrator/__pycache__/amr_robot.cpython-310.pyc
/home/xelf/warehouse-automation-001/install/orchestrator/lib/python3.10/site-packages/orchestrator/__pycache__/gazebo_fleet_viz.cpython-310.pyc
/home/xelf/warehouse-automation-001/install/orchestrator/lib/python3.10/site-packages/orchestrator/__pycache__/test_gazebo_mover.cpython-310.pyc
/home/xelf/warehouse-automation-001/install/orchestrator/lib/python3.10/site-packages/orchestrator/__pycache__/gazebo_fleet_mover.cpython-310.pyc
/home/xelf/warehouse-automation-001/install/orchestrator/lib/python3.10/site-packages/orchestrator/__pycache__/fleet_task_generator.cpython-310.pyc
/home/xelf/warehouse-automation-001/install/orchestrator/share/ament_index/resource_index/packages/orchestrator
/home/xelf/warehouse-automation-001/install/orchestrator/share/orchestrator/package.xml
/home/xelf/warehouse-automation-001/install/orchestrator/share/orchestrator/launch/production_fleet.launch.py
/home/xelf/warehouse-automation-001/install/orchestrator/share/orchestrator/launch/nav2_amr.launch.py
/home/xelf/warehouse-automation-001/install/orchestrator/share/orchestrator/params/nav2_gridfree.yaml
/home/xelf/warehouse-automation-001/install/orchestrator/lib/python3.10/site-packages/orchestrator-0.0.0-py3.10.egg-info/PKG-INFO
/home/xelf/warehouse-automation-001/install/orchestrator/lib/python3.10/site-packages/orchestrator-0.0.0-py3.10.egg-info/top_level.txt
/home/xelf/warehouse-automation-001/install/orchestrator/lib/python3.10/site-packages/orchestrator-0.0.0-py3.10.egg-info/zip-safe
/home/xelf/warehouse-automation-001/install/orchestrator/lib/python3.10/site-packages/orchestrator-0.0.0-py3.10.egg-info/dependency_links.txt
/home/xelf/warehouse-automation-001/install/orchestrator/lib/python3.10/site-packages/orchestrator-0.0.0-py3.10.egg-info/entry_points.txt
/home/xelf/warehouse-automation-001/install/orchestrator/lib/python3.10/site-packages/orchestrator-0.0.0-py3.10.egg-info/SOURCES.txt
/home/xelf/warehouse-automation-001/install/orchestrator/lib/python3.10/site-packages/orchestrator-0.0.0-py3.10.egg-info/requires.txt
/home/xelf/warehouse-automation-001/install/orchestrator/lib/orchestrator/amr_robot
/home/xelf/warehouse-automation-001/install/orchestrator/lib/orchestrator/fleet_dashboard
/home/xelf/warehouse-automation-001/install/orchestrator/lib/orchestrator/fleet_manager
/home/xelf/warehouse-automation-001/install/orchestrator/lib/orchestrator/fleet_task_generator
/home/xelf/warehouse-automation-001/install/orchestrator/lib/orchestrator/fleet_visualization
/home/xelf/warehouse-automation-001/install/orchestrator/lib/orchestrator/gazebo_fleet_mover
/home/xelf/warehouse-automation-001/install/orchestrator/lib/orchestrator/gazebo_velocity_mover
/home/xelf/warehouse-automation-001/install/orchestrator/lib/orchestrator/mock_odom_publisher
/home/xelf/warehouse-automation-001/install/orchestrator/lib/orchestrator/orchestrator
/home/xelf/warehouse-automation-001/install/orchestrator/lib/orchestrator/robot_state_monitor
/home/xelf/warehouse-automation-001/install/orchestrator/lib/orchestrator/simple_mover
/home/xelf/warehouse-automation-001/install/orchestrator/lib/orchestrator/task_executor
/home/xelf/warehouse-automation-001/install/orchestrator/lib/orchestrator/test_gazebo_mover
