[0.528s] DEBUG:colcon:Command line arguments: ['/usr/bin/colcon', 'build', '--packages-select', 'orchestrator', 'amr_description']
[0.528s] DEBUG:colcon:Parsed command line arguments: Namespace(log_base=None, log_level=None, verb_name='build', build_base='build', install_base='install', merge_install=False, symlink_install=False, test_result_base=None, continue_on_error=False, executor='parallel', parallel_workers=12, event_handlers=None, ignore_user_meta=False, metas=['./colcon.meta'], base_paths=['.'], packages_ignore=None, packages_ignore_regex=None, paths=None, packages_up_to=None, packages_up_to_regex=None, packages_above=None, packages_above_and_dependencies=None, packages_above_depth=None, packages_select_by_dep=None, packages_skip_by_dep=None, packages_skip_up_to=None, packages_select_build_failed=False, packages_skip_build_finished=False, packages_select_test_failures=False, packages_skip_test_passed=False, packages_select=['orchestrator', 'amr_description'], packages_skip=None, packages_select_regex=None, packages_skip_regex=None, packages_start=None, packages_end=None, allow_overriding=[], cmake_args=None, cmake_target=None, cmake_target_skip_unavailable=False, cmake_clean_cache=False, cmake_clean_first=False, cmake_force_configure=False, ament_cmake_args=None, catkin_cmake_args=None, catkin_skip_building_tests=False, mixin_files=None, mixin=None, verb_parser=<colcon_mixin.mixin.mixin_argument.MixinArgumentDecorator object at 0x749a8d058460>, verb_extension=<colcon_core.verb.build.BuildVerb object at 0x749a8d01feb0>, main=<bound method BuildVerb.main of <colcon_core.verb.build.BuildVerb object at 0x749a8d01feb0>>, mixin_verb=('build',))
[0.672s] Level 1:colcon.colcon_core.package_discovery:discover_packages(colcon_meta) check parameters
[0.672s] Level 1:colcon.colcon_core.package_discovery:discover_packages(recursive) check parameters
[0.672s] Level 1:colcon.colcon_core.package_discovery:discover_packages(ignore) check parameters
[0.672s] Level 1:colcon.colcon_core.package_discovery:discover_packages(path) check parameters
[0.672s] Level 1:colcon.colcon_core.package_discovery:discover_packages(colcon_meta) discover
[0.672s] Level 1:colcon.colcon_core.package_discovery:discover_packages(recursive) discover
[0.672s] INFO:colcon.colcon_core.package_discovery:Crawling recursively for packages in '/home/xelf/warehouse-automation-001'
[0.672s] Level 1:colcon.colcon_core.package_identification:_identify(.) by extensions ['ignore', 'ignore_ament_install']
[0.672s] Level 1:colcon.colcon_core.package_identification:_identify(.) by extension 'ignore'
[0.672s] Level 1:colcon.colcon_core.package_identification:_identify(.) by extension 'ignore_ament_install'
[0.672s] Level 1:colcon.colcon_core.package_identification:_identify(.) by extensions ['colcon_pkg']
[0.672s] Level 1:colcon.colcon_core.package_identification:_identify(.) by extension 'colcon_pkg'
[0.672s] Level 1:colcon.colcon_core.package_identification:_identify(.) by extensions ['colcon_meta']
[0.672s] Level 1:colcon.colcon_core.package_identification:_identify(.) by extension 'colcon_meta'
[0.672s] Level 1:colcon.colcon_core.package_identification:_identify(.) by extensions ['ros']
[0.672s] Level 1:colcon.colcon_core.package_identification:_identify(.) by extension 'ros'
[0.683s] Level 1:colcon.colcon_core.package_identification:_identify(.) by extensions ['cmake', 'python']
[0.683s] Level 1:colcon.colcon_core.package_identification:_identify(.) by extension 'cmake'
[0.683s] Level 1:colcon.colcon_core.package_identification:_identify(.) by extension 'python'
[0.683s] Level 1:colcon.colcon_core.package_identification:_identify(.) by extensions ['python_setup_py']
[0.683s] Level 1:colcon.colcon_core.package_identification:_identify(.) by extension 'python_setup_py'
[0.683s] Level 1:colcon.colcon_core.package_identification:_identify(amr_description) by extensions ['ignore', 'ignore_ament_install']
[0.683s] Level 1:colcon.colcon_core.package_identification:_identify(amr_description) by extension 'ignore'
[0.684s] Level 1:colcon.colcon_core.package_identification:_identify(amr_description) by extension 'ignore_ament_install'
[0.684s] Level 1:colcon.colcon_core.package_identification:_identify(amr_description) by extensions ['colcon_pkg']
[0.684s] Level 1:colcon.colcon_core.package_identification:_identify(amr_description) by extension 'colcon_pkg'
[0.684s] Level 1:colcon.colcon_core.package_identification:_identify(amr_description) by extensions ['colcon_meta']
[0.684s] Level 1:colcon.colcon_core.package_identification:_identify(amr_description) by extension 'colcon_meta'
[0.684s] Level 1:colcon.colcon_core.package_identification:_identify(amr_description) by extensions ['ros']
[0.684s] Level 1:colcon.colcon_core.package_identification:_identify(amr_description) by extension 'ros'
[0.686s] DEBUG:colcon.colcon_core.package_identification:Package 'amr_description' with type 'ros.ament_python' and name 'amr_description'
[0.686s] Level 1:colcon.colcon_core.package_identification:_identify(build) by extensions ['ignore', 'ignore_ament_install']
[0.686s] Level 1:colcon.colcon_core.package_identification:_identify(build) by extension 'ignore'
[0.686s] Level 1:colcon.colcon_core.package_identification:_identify(build) ignored
[0.687s] Level 1:colcon.colcon_core.package_identification:_identify(cuopt_bridge) by extensions ['ignore', 'ignore_ament_install']
[0.687s] Level 1:colcon.colcon_core.package_identification:_identify(cuopt_bridge) by extension 'ignore'
[0.687s] Level 1:colcon.colcon_core.package_identification:_identify(cuopt_bridge) by extension 'ignore_ament_install'
[0.687s] Level 1:colcon.colcon_core.package_identification:_identify(cuopt_bridge) by extensions ['colcon_pkg']
[0.687s] Level 1:colcon.colcon_core.package_identification:_identify(cuopt_bridge) by extension 'colcon_pkg'
[0.687s] Level 1:colcon.colcon_core.package_identification:_identify(cuopt_bridge) by extensions ['colcon_meta']
[0.687s] Level 1:colcon.colcon_core.package_identification:_identify(cuopt_bridge) by extension 'colcon_meta'
[0.687s] Level 1:colcon.colcon_core.package_identification:_identify(cuopt_bridge) by extensions ['ros']
[0.687s] Level 1:colcon.colcon_core.package_identification:_identify(cuopt_bridge) by extension 'ros'
[0.687s] DEBUG:colcon.colcon_core.package_identification:Package 'cuopt_bridge' with type 'ros.ament_python' and name 'cuopt_bridge'
[0.687s] Level 1:colcon.colcon_core.package_identification:_identify(hello_world_pkgs) by extensions ['ignore', 'ignore_ament_install']
[0.687s] Level 1:colcon.colcon_core.package_identification:_identify(hello_world_pkgs) by extension 'ignore'
[0.687s] Level 1:colcon.colcon_core.package_identification:_identify(hello_world_pkgs) by extension 'ignore_ament_install'
[0.687s] Level 1:colcon.colcon_core.package_identification:_identify(hello_world_pkgs) by extensions ['colcon_pkg']
[0.687s] Level 1:colcon.colcon_core.package_identification:_identify(hello_world_pkgs) by extension 'colcon_pkg'
[0.687s] Level 1:colcon.colcon_core.package_identification:_identify(hello_world_pkgs) by extensions ['colcon_meta']
[0.687s] Level 1:colcon.colcon_core.package_identification:_identify(hello_world_pkgs) by extension 'colcon_meta'
[0.687s] Level 1:colcon.colcon_core.package_identification:_identify(hello_world_pkgs) by extensions ['ros']
[0.687s] Level 1:colcon.colcon_core.package_identification:_identify(hello_world_pkgs) by extension 'ros'
[0.688s] DEBUG:colcon.colcon_core.package_identification:Package 'hello_world_pkgs' with type 'ros.ament_python' and name 'hello_world_pkgs'
[0.688s] Level 1:colcon.colcon_core.package_identification:_identify(install) by extensions ['ignore', 'ignore_ament_install']
[0.688s] Level 1:colcon.colcon_core.package_identification:_identify(install) by extension 'ignore'
[0.688s] Level 1:colcon.colcon_core.package_identification:_identify(install) ignored
[0.688s] Level 1:colcon.colcon_core.package_identification:_identify(log) by extensions ['ignore', 'ignore_ament_install']
[0.688s] Level 1:colcon.colcon_core.package_identification:_identify(log) by extension 'ignore'
[0.688s] Level 1:colcon.colcon_core.package_identification:_identify(log) ignored
[0.688s] Level 1:colcon.colcon_core.package_identification:_identify(orchestrator) by extensions ['ignore', 'ignore_ament_install']
[0.688s] Level 1:colcon.colcon_core.package_identification:_identify(orchestrator) by extension 'ignore'
[0.688s] Level 1:colcon.colcon_core.package_identification:_identify(orchestrator) by extension 'ignore_ament_install'
[0.688s] Level 1:colcon.colcon_core.package_identification:_identify(orchestrator) by extensions ['colcon_pkg']
[0.688s] Level 1:colcon.colcon_core.package_identification:_identify(orchestrator) by extension 'colcon_pkg'
[0.688s] Level 1:colcon.colcon_core.package_identification:_identify(orchestrator) by extensions ['colcon_meta']
[0.688s] Level 1:colcon.colcon_core.package_identification:_identify(orchestrator) by extension 'colcon_meta'
[0.688s] Level 1:colcon.colcon_core.package_identification:_identify(orchestrator) by extensions ['ros']
[0.688s] Level 1:colcon.colcon_core.package_identification:_identify(orchestrator) by extension 'ros'
[0.689s] DEBUG:colcon.colcon_core.package_identification:Package 'orchestrator' with type 'ros.ament_python' and name 'orchestrator'
[0.689s] Level 1:colcon.colcon_core.package_identification:_identify(order_system) by extensions ['ignore', 'ignore_ament_install']
[0.689s] Level 1:colcon.colcon_core.package_identification:_identify(order_system) by extension 'ignore'
[0.689s] Level 1:colcon.colcon_core.package_identification:_identify(order_system) by extension 'ignore_ament_install'
[0.689s] Level 1:colcon.colcon_core.package_identification:_identify(order_system) by extensions ['colcon_pkg']
[0.689s] Level 1:colcon.colcon_core.package_identification:_identify(order_system) by extension 'colcon_pkg'
[0.689s] Level 1:colcon.colcon_core.package_identification:_identify(order_system) by extensions ['colcon_meta']
[0.689s] Level 1:colcon.colcon_core.package_identification:_identify(order_system) by extension 'colcon_meta'
[0.689s] Level 1:colcon.colcon_core.package_identification:_identify(order_system) by extensions ['ros']
[0.689s] Level 1:colcon.colcon_core.package_identification:_identify(order_system) by extension 'ros'
[0.690s] DEBUG:colcon.colcon_core.package_identification:Package 'order_system' with type 'ros.ament_python' and name 'order_system'
[0.690s] Level 1:colcon.colcon_core.package_identification:_identify(warehouse_msgs) by extensions ['ignore', 'ignore_ament_install']
[0.690s] Level 1:colcon.colcon_core.package_identification:_identify(warehouse_msgs) by extension 'ignore'
[0.690s] Level 1:colcon.colcon_core.package_identification:_identify(warehouse_msgs) by extension 'ignore_ament_install'
[0.690s] Level 1:colcon.colcon_core.package_identification:_identify(warehouse_msgs) by extensions ['colcon_pkg']
[0.690s] Level 1:colcon.colcon_core.package_identification:_identify(warehouse_msgs) by extension 'colcon_pkg'
[0.690s] Level 1:colcon.colcon_core.package_identification:_identify(warehouse_msgs) by extensions ['colcon_meta']
[0.690s] Level 1:colcon.colcon_core.package_identification:_identify(warehouse_msgs) by extension 'colcon_meta'
[0.690s] Level 1:colcon.colcon_core.package_identification:_identify(warehouse_msgs) by extensions ['ros']
[0.690s] Level 1:colcon.colcon_core.package_identification:_identify(warehouse_msgs) by extension 'ros'
[0.690s] DEBUG:colcon.colcon_core.package_identification:Package 'warehouse_msgs' with type 'ros.ament_python' and name 'warehouse_msgs'
[0.690s] Level 1:colcon.colcon_core.package_identification:_identify(wsl.localhost) by extensions ['ignore', 'ignore_ament_install']
[0.690s] Level 1:colcon.colcon_core.package_identification:_identify(wsl.localhost) by extension 'ignore'
[0.690s] Level 1:colcon.colcon_core.package_identification:_identify(wsl.localhost) by extension 'ignore_ament_install'
[0.691s] Level 1:colcon.colcon_core.package_identification:_identify(wsl.localhost) by extensions ['colcon_pkg']
[0.691s] Level 1:colcon.colcon_core.package_identification:_identify(wsl.localhost) by extension 'colcon_pkg'
[0.691s] Level 1:colcon.colcon_core.package_identification:_identify(wsl.localhost) by extensions ['colcon_meta']
[0.691s] Level 1:colcon.colcon_core.package_identification:_identify(wsl.localhost) by extension 'colcon_meta'
[0.691s] Level 1:colcon.colcon_core.package_identification:_identify(wsl.localhost) by extensions ['ros']
[0.691s] Level 1:colcon.colcon_core.package_identification:_identify(wsl.localhost) by extension 'ros'
[0.691s] Level 1:colcon.colcon_core.package_identification:_identify(wsl.localhost) by extensions ['cmake', 'python']
[0.691s] Level 1:colcon.colcon_core.package_identification:_identify(wsl.localhost) by extension 'cmake'
[0.691s] Level 1:colcon.colcon_core.package_identification:_identify(wsl.localhost) by extension 'python'
[0.691s] Level 1:colcon.colcon_core.package_identification:_identify(wsl.localhost) by extensions ['python_setup_py']
[0.691s] Level 1:colcon.colcon_core.package_identification:_identify(wsl.localhost) by extension 'python_setup_py'
[0.691s] Level 1:colcon.colcon_core.package_identification:_identify(wsl.localhost/Ubuntu-22.04) by extensions ['ignore', 'ignore_ament_install']
[0.691s] Level 1:colcon.colcon_core.package_identification:_identify(wsl.localhost/Ubuntu-22.04) by extension 'ignore'
[0.691s] Level 1:colcon.colcon_core.package_identification:_identify(wsl.localhost/Ubuntu-22.04) by extension 'ignore_ament_install'
[0.691s] Level 1:colcon.colcon_core.package_identification:_identify(wsl.localhost/Ubuntu-22.04) by extensions ['colcon_pkg']
[0.691s] Level 1:colcon.colcon_core.package_identification:_identify(wsl.localhost/Ubuntu-22.04) by extension 'colcon_pkg'
[0.691s] Level 1:colcon.colcon_core.package_identification:_identify(wsl.localhost/Ubuntu-22.04) by extensions ['colcon_meta']
[0.691s] Level 1:colcon.colcon_core.package_identification:_identify(wsl.localhost/Ubuntu-22.04) by extension 'colcon_meta'
[0.691s] Level 1:colcon.colcon_core.package_identification:_identify(wsl.localhost/Ubuntu-22.04) by extensions ['ros']
[0.691s] Level 1:colcon.colcon_core.package_identification:_identify(wsl.localhost/Ubuntu-22.04) by extension 'ros'
[0.691s] Level 1:colcon.colcon_core.package_identification:_identify(wsl.localhost/Ubuntu-22.04) by extensions ['cmake', 'python']
[0.691s] Level 1:colcon.colcon_core.package_identification:_identify(wsl.localhost/Ubuntu-22.04) by extension 'cmake'
[0.691s] Level 1:colcon.colcon_core.package_identification:_identify(wsl.localhost/Ubuntu-22.04) by extension 'python'
[0.691s] Level 1:colcon.colcon_core.package_identification:_identify(wsl.localhost/Ubuntu-22.04) by extensions ['python_setup_py']
[0.691s] Level 1:colcon.colcon_core.package_identification:_identify(wsl.localhost/Ubuntu-22.04) by extension 'python_setup_py'
[0.691s] Level 1:colcon.colcon_core.package_identification:_identify(wsl.localhost/Ubuntu-22.04/home) by extensions ['ignore', 'ignore_ament_install']
[0.691s] Level 1:colcon.colcon_core.package_identification:_identify(wsl.localhost/Ubuntu-22.04/home) by extension 'ignore'
[0.691s] Level 1:colcon.colcon_core.package_identification:_identify(wsl.localhost/Ubuntu-22.04/home) by extension 'ignore_ament_install'
[0.691s] Level 1:colcon.colcon_core.package_identification:_identify(wsl.localhost/Ubuntu-22.04/home) by extensions ['colcon_pkg']
[0.691s] Level 1:colcon.colcon_core.package_identification:_identify(wsl.localhost/Ubuntu-22.04/home) by extension 'colcon_pkg'
[0.691s] Level 1:colcon.colcon_core.package_identification:_identify(wsl.localhost/Ubuntu-22.04/home) by extensions ['colcon_meta']
[0.692s] Level 1:colcon.colcon_core.package_identification:_identify(wsl.localhost/Ubuntu-22.04/home) by extension 'colcon_meta'
[0.692s] Level 1:colcon.colcon_core.package_identification:_identify(wsl.localhost/Ubuntu-22.04/home) by extensions ['ros']
[0.692s] Level 1:colcon.colcon_core.package_identification:_identify(wsl.localhost/Ubuntu-22.04/home) by extension 'ros'
[0.692s] Level 1:colcon.colcon_core.package_identification:_identify(wsl.localhost/Ubuntu-22.04/home) by extensions ['cmake', 'python']
[0.692s] Level 1:colcon.colcon_core.package_identification:_identify(wsl.localhost/Ubuntu-22.04/home) by extension 'cmake'
[0.692s] Level 1:colcon.colcon_core.package_identification:_identify(wsl.localhost/Ubuntu-22.04/home) by extension 'python'
[0.692s] Level 1:colcon.colcon_core.package_identification:_identify(wsl.localhost/Ubuntu-22.04/home) by extensions ['python_setup_py']
[0.692s] Level 1:colcon.colcon_core.package_identification:_identify(wsl.localhost/Ubuntu-22.04/home) by extension 'python_setup_py'
[0.692s] Level 1:colcon.colcon_core.package_identification:_identify(wsl.localhost/Ubuntu-22.04/home/xelf) by extensions ['ignore', 'ignore_ament_install']
[0.692s] Level 1:colcon.colcon_core.package_identification:_identify(wsl.localhost/Ubuntu-22.04/home/xelf) by extension 'ignore'
[0.692s] Level 1:colcon.colcon_core.package_identification:_identify(wsl.localhost/Ubuntu-22.04/home/xelf) by extension 'ignore_ament_install'
[0.692s] Level 1:colcon.colcon_core.package_identification:_identify(wsl.localhost/Ubuntu-22.04/home/xelf) by extensions ['colcon_pkg']
[0.692s] Level 1:colcon.colcon_core.package_identification:_identify(wsl.localhost/Ubuntu-22.04/home/xelf) by extension 'colcon_pkg'
[0.692s] Level 1:colcon.colcon_core.package_identification:_identify(wsl.localhost/Ubuntu-22.04/home/xelf) by extensions ['colcon_meta']
[0.692s] Level 1:colcon.colcon_core.package_identification:_identify(wsl.localhost/Ubuntu-22.04/home/xelf) by extension 'colcon_meta'
[0.692s] Level 1:colcon.colcon_core.package_identification:_identify(wsl.localhost/Ubuntu-22.04/home/xelf) by extensions ['ros']
[0.692s] Level 1:colcon.colcon_core.package_identification:_identify(wsl.localhost/Ubuntu-22.04/home/xelf) by extension 'ros'
[0.692s] Level 1:colcon.colcon_core.package_identification:_identify(wsl.localhost/Ubuntu-22.04/home/xelf) by extensions ['cmake', 'python']
[0.692s] Level 1:colcon.colcon_core.package_identification:_identify(wsl.localhost/Ubuntu-22.04/home/xelf) by extension 'cmake'
[0.692s] Level 1:colcon.colcon_core.package_identification:_identify(wsl.localhost/Ubuntu-22.04/home/xelf) by extension 'python'
[0.692s] Level 1:colcon.colcon_core.package_identification:_identify(wsl.localhost/Ubuntu-22.04/home/xelf) by extensions ['python_setup_py']
[0.692s] Level 1:colcon.colcon_core.package_identification:_identify(wsl.localhost/Ubuntu-22.04/home/xelf) by extension 'python_setup_py'
[0.692s] Level 1:colcon.colcon_core.package_identification:_identify(wsl.localhost/Ubuntu-22.04/home/xelf/warehouse-automation-001) by extensions ['ignore', 'ignore_ament_install']
[0.692s] Level 1:colcon.colcon_core.package_identification:_identify(wsl.localhost/Ubuntu-22.04/home/xelf/warehouse-automation-001) by extension 'ignore'
[0.692s] Level 1:colcon.colcon_core.package_identification:_identify(wsl.localhost/Ubuntu-22.04/home/xelf/warehouse-automation-001) by extension 'ignore_ament_install'
[0.692s] Level 1:colcon.colcon_core.package_identification:_identify(wsl.localhost/Ubuntu-22.04/home/xelf/warehouse-automation-001) by extensions ['colcon_pkg']
[0.692s] Level 1:colcon.colcon_core.package_identification:_identify(wsl.localhost/Ubuntu-22.04/home/xelf/warehouse-automation-001) by extension 'colcon_pkg'
[0.692s] Level 1:colcon.colcon_core.package_identification:_identify(wsl.localhost/Ubuntu-22.04/home/xelf/warehouse-automation-001) by extensions ['colcon_meta']
[0.692s] Level 1:colcon.colcon_core.package_identification:_identify(wsl.localhost/Ubuntu-22.04/home/xelf/warehouse-automation-001) by extension 'colcon_meta'
[0.692s] Level 1:colcon.colcon_core.package_identification:_identify(wsl.localhost/Ubuntu-22.04/home/xelf/warehouse-automation-001) by extensions ['ros']
[0.692s] Level 1:colcon.colcon_core.package_identification:_identify(wsl.localhost/Ubuntu-22.04/home/xelf/warehouse-automation-001) by extension 'ros'
[0.692s] Level 1:colcon.colcon_core.package_identification:_identify(wsl.localhost/Ubuntu-22.04/home/xelf/warehouse-automation-001) by extensions ['cmake', 'python']
[0.692s] Level 1:colcon.colcon_core.package_identification:_identify(wsl.localhost/Ubuntu-22.04/home/xelf/warehouse-automation-001) by extension 'cmake'
[0.692s] Level 1:colcon.colcon_core.package_identification:_identify(wsl.localhost/Ubuntu-22.04/home/xelf/warehouse-automation-001) by extension 'python'
[0.692s] Level 1:colcon.colcon_core.package_identification:_identify(wsl.localhost/Ubuntu-22.04/home/xelf/warehouse-automation-001) by extensions ['python_setup_py']
[0.693s] Level 1:colcon.colcon_core.package_identification:_identify(wsl.localhost/Ubuntu-22.04/home/xelf/warehouse-automation-001) by extension 'python_setup_py'
[0.693s] Level 1:colcon.colcon_core.package_identification:_identify(wsl.localhost/Ubuntu-22.04/home/xelf/warehouse-automation-001/amr_description) by extensions ['ignore', 'ignore_ament_install']
[0.693s] Level 1:colcon.colcon_core.package_identification:_identify(wsl.localhost/Ubuntu-22.04/home/xelf/warehouse-automation-001/amr_description) by extension 'ignore'
[0.693s] Level 1:colcon.colcon_core.package_identification:_identify(wsl.localhost/Ubuntu-22.04/home/xelf/warehouse-automation-001/amr_description) by extension 'ignore_ament_install'
[0.693s] Level 1:colcon.colcon_core.package_identification:_identify(wsl.localhost/Ubuntu-22.04/home/xelf/warehouse-automation-001/amr_description) by extensions ['colcon_pkg']
[0.693s] Level 1:colcon.colcon_core.package_identification:_identify(wsl.localhost/Ubuntu-22.04/home/xelf/warehouse-automation-001/amr_description) by extension 'colcon_pkg'
[0.693s] Level 1:colcon.colcon_core.package_identification:_identify(wsl.localhost/Ubuntu-22.04/home/xelf/warehouse-automation-001/amr_description) by extensions ['colcon_meta']
[0.693s] Level 1:colcon.colcon_core.package_identification:_identify(wsl.localhost/Ubuntu-22.04/home/xelf/warehouse-automation-001/amr_description) by extension 'colcon_meta'
[0.693s] Level 1:colcon.colcon_core.package_identification:_identify(wsl.localhost/Ubuntu-22.04/home/xelf/warehouse-automation-001/amr_description) by extensions ['ros']
[0.693s] Level 1:colcon.colcon_core.package_identification:_identify(wsl.localhost/Ubuntu-22.04/home/xelf/warehouse-automation-001/amr_description) by extension 'ros'
[0.693s] Level 1:colcon.colcon_core.package_identification:_identify(wsl.localhost/Ubuntu-22.04/home/xelf/warehouse-automation-001/amr_description) by extensions ['cmake', 'python']
[0.693s] Level 1:colcon.colcon_core.package_identification:_identify(wsl.localhost/Ubuntu-22.04/home/xelf/warehouse-automation-001/amr_description) by extension 'cmake'
[0.693s] Level 1:colcon.colcon_core.package_identification:_identify(wsl.localhost/Ubuntu-22.04/home/xelf/warehouse-automation-001/amr_description) by extension 'python'
[0.693s] Level 1:colcon.colcon_core.package_identification:_identify(wsl.localhost/Ubuntu-22.04/home/xelf/warehouse-automation-001/amr_description) by extensions ['python_setup_py']
[0.693s] Level 1:colcon.colcon_core.package_identification:_identify(wsl.localhost/Ubuntu-22.04/home/xelf/warehouse-automation-001/amr_description) by extension 'python_setup_py'
[0.693s] Level 1:colcon.colcon_core.package_identification:_identify(wsl.localhost/Ubuntu-22.04/home/xelf/warehouse-automation-001/amr_description/gazebo) by extensions ['ignore', 'ignore_ament_install']
[0.693s] Level 1:colcon.colcon_core.package_identification:_identify(wsl.localhost/Ubuntu-22.04/home/xelf/warehouse-automation-001/amr_description/gazebo) by extension 'ignore'
[0.693s] Level 1:colcon.colcon_core.package_identification:_identify(wsl.localhost/Ubuntu-22.04/home/xelf/warehouse-automation-001/amr_description/gazebo) by extension 'ignore_ament_install'
[0.693s] Level 1:colcon.colcon_core.package_identification:_identify(wsl.localhost/Ubuntu-22.04/home/xelf/warehouse-automation-001/amr_description/gazebo) by extensions ['colcon_pkg']
[0.693s] Level 1:colcon.colcon_core.package_identification:_identify(wsl.localhost/Ubuntu-22.04/home/xelf/warehouse-automation-001/amr_description/gazebo) by extension 'colcon_pkg'
[0.693s] Level 1:colcon.colcon_core.package_identification:_identify(wsl.localhost/Ubuntu-22.04/home/xelf/warehouse-automation-001/amr_description/gazebo) by extensions ['colcon_meta']
[0.693s] Level 1:colcon.colcon_core.package_identification:_identify(wsl.localhost/Ubuntu-22.04/home/xelf/warehouse-automation-001/amr_description/gazebo) by extension 'colcon_meta'
[0.693s] Level 1:colcon.colcon_core.package_identification:_identify(wsl.localhost/Ubuntu-22.04/home/xelf/warehouse-automation-001/amr_description/gazebo) by extensions ['ros']
[0.693s] Level 1:colcon.colcon_core.package_identification:_identify(wsl.localhost/Ubuntu-22.04/home/xelf/warehouse-automation-001/amr_description/gazebo) by extension 'ros'
[0.693s] Level 1:colcon.colcon_core.package_identification:_identify(wsl.localhost/Ubuntu-22.04/home/xelf/warehouse-automation-001/amr_description/gazebo) by extensions ['cmake', 'python']
[0.693s] Level 1:colcon.colcon_core.package_identification:_identify(wsl.localhost/Ubuntu-22.04/home/xelf/warehouse-automation-001/amr_description/gazebo) by extension 'cmake'
[0.693s] Level 1:colcon.colcon_core.package_identification:_identify(wsl.localhost/Ubuntu-22.04/home/xelf/warehouse-automation-001/amr_description/gazebo) by extension 'python'
[0.693s] Level 1:colcon.colcon_core.package_identification:_identify(wsl.localhost/Ubuntu-22.04/home/xelf/warehouse-automation-001/amr_description/gazebo) by extensions ['python_setup_py']
[0.693s] Level 1:colcon.colcon_core.package_identification:_identify(wsl.localhost/Ubuntu-22.04/home/xelf/warehouse-automation-001/amr_description/gazebo) by extension 'python_setup_py'
[0.693s] Level 1:colcon.colcon_core.package_identification:_identify(wsl.localhost/Ubuntu-22.04/home/xelf/warehouse-automation-001/orchestrator) by extensions ['ignore', 'ignore_ament_install']
[0.693s] Level 1:colcon.colcon_core.package_identification:_identify(wsl.localhost/Ubuntu-22.04/home/xelf/warehouse-automation-001/orchestrator) by extension 'ignore'
[0.693s] Level 1:colcon.colcon_core.package_identification:_identify(wsl.localhost/Ubuntu-22.04/home/xelf/warehouse-automation-001/orchestrator) by extension 'ignore_ament_install'
[0.693s] Level 1:colcon.colcon_core.package_identification:_identify(wsl.localhost/Ubuntu-22.04/home/xelf/warehouse-automation-001/orchestrator) by extensions ['colcon_pkg']
[0.693s] Level 1:colcon.colcon_core.package_identification:_identify(wsl.localhost/Ubuntu-22.04/home/xelf/warehouse-automation-001/orchestrator) by extension 'colcon_pkg'
[0.695s] Level 1:colcon.colcon_core.package_identification:_identify(wsl.localhost/Ubuntu-22.04/home/xelf/warehouse-automation-001/orchestrator) by extensions ['colcon_meta']
[0.695s] Level 1:colcon.colcon_core.package_identification:_identify(wsl.localhost/Ubuntu-22.04/home/xelf/warehouse-automation-001/orchestrator) by extension 'colcon_meta'
[0.695s] Level 1:colcon.colcon_core.package_identification:_identify(wsl.localhost/Ubuntu-22.04/home/xelf/warehouse-automation-001/orchestrator) by extensions ['ros']
[0.695s] Level 1:colcon.colcon_core.package_identification:_identify(wsl.localhost/Ubuntu-22.04/home/xelf/warehouse-automation-001/orchestrator) by extension 'ros'
[0.695s] Level 1:colcon.colcon_core.package_identification:_identify(wsl.localhost/Ubuntu-22.04/home/xelf/warehouse-automation-001/orchestrator) by extensions ['cmake', 'python']
[0.695s] Level 1:colcon.colcon_core.package_identification:_identify(wsl.localhost/Ubuntu-22.04/home/xelf/warehouse-automation-001/orchestrator) by extension 'cmake'
[0.695s] Level 1:colcon.colcon_core.package_identification:_identify(wsl.localhost/Ubuntu-22.04/home/xelf/warehouse-automation-001/orchestrator) by extension 'python'
[0.695s] Level 1:colcon.colcon_core.package_identification:_identify(wsl.localhost/Ubuntu-22.04/home/xelf/warehouse-automation-001/orchestrator) by extensions ['python_setup_py']
[0.695s] Level 1:colcon.colcon_core.package_identification:_identify(wsl.localhost/Ubuntu-22.04/home/xelf/warehouse-automation-001/orchestrator) by extension 'python_setup_py'
[0.695s] Level 1:colcon.colcon_core.package_identification:_identify(wsl.localhost/Ubuntu-22.04/home/xelf/warehouse-automation-001/orchestrator/params) by extensions ['ignore', 'ignore_ament_install']
[0.695s] Level 1:colcon.colcon_core.package_identification:_identify(wsl.localhost/Ubuntu-22.04/home/xelf/warehouse-automation-001/orchestrator/params) by extension 'ignore'
[0.696s] Level 1:colcon.colcon_core.package_identification:_identify(wsl.localhost/Ubuntu-22.04/home/xelf/warehouse-automation-001/orchestrator/params) by extension 'ignore_ament_install'
[0.696s] Level 1:colcon.colcon_core.package_identification:_identify(wsl.localhost/Ubuntu-22.04/home/xelf/warehouse-automation-001/orchestrator/params) by extensions ['colcon_pkg']
[0.696s] Level 1:colcon.colcon_core.package_identification:_identify(wsl.localhost/Ubuntu-22.04/home/xelf/warehouse-automation-001/orchestrator/params) by extension 'colcon_pkg'
[0.696s] Level 1:colcon.colcon_core.package_identification:_identify(wsl.localhost/Ubuntu-22.04/home/xelf/warehouse-automation-001/orchestrator/params) by extensions ['colcon_meta']
[0.696s] Level 1:colcon.colcon_core.package_identification:_identify(wsl.localhost/Ubuntu-22.04/home/xelf/warehouse-automation-001/orchestrator/params) by extension 'colcon_meta'
[0.696s] Level 1:colcon.colcon_core.package_identification:_identify(wsl.localhost/Ubuntu-22.04/home/xelf/warehouse-automation-001/orchestrator/params) by extensions ['ros']
[0.696s] Level 1:colcon.colcon_core.package_identification:_identify(wsl.localhost/Ubuntu-22.04/home/xelf/warehouse-automation-001/orchestrator/params) by extension 'ros'
[0.696s] Level 1:colcon.colcon_core.package_identification:_identify(wsl.localhost/Ubuntu-22.04/home/xelf/warehouse-automation-001/orchestrator/params) by extensions ['cmake', 'python']
[0.696s] Level 1:colcon.colcon_core.package_identification:_identify(wsl.localhost/Ubuntu-22.04/home/xelf/warehouse-automation-001/orchestrator/params) by extension 'cmake'
[0.696s] Level 1:colcon.colcon_core.package_identification:_identify(wsl.localhost/Ubuntu-22.04/home/xelf/warehouse-automation-001/orchestrator/params) by extension 'python'
[0.696s] Level 1:colcon.colcon_core.package_identification:_identify(wsl.localhost/Ubuntu-22.04/home/xelf/warehouse-automation-001/orchestrator/params) by extensions ['python_setup_py']
[0.696s] Level 1:colcon.colcon_core.package_identification:_identify(wsl.localhost/Ubuntu-22.04/home/xelf/warehouse-automation-001/orchestrator/params) by extension 'python_setup_py'
[0.696s] Level 1:colcon.colcon_core.package_discovery:discover_packages(recursive) using defaults
[0.696s] Level 1:colcon.colcon_core.package_discovery:discover_packages(ignore) discover
[0.696s] Level 1:colcon.colcon_core.package_discovery:discover_packages(ignore) using defaults
[0.696s] Level 1:colcon.colcon_core.package_discovery:discover_packages(path) discover
[0.696s] Level 1:colcon.colcon_core.package_discovery:discover_packages(path) using defaults
[0.720s] INFO:colcon.colcon_core.package_selection:Skipping not selected package 'cuopt_bridge' in 'cuopt_bridge'
[0.720s] INFO:colcon.colcon_core.package_selection:Skipping not selected package 'hello_world_pkgs' in 'hello_world_pkgs'
[0.720s] INFO:colcon.colcon_core.package_selection:Skipping not selected package 'order_system' in 'order_system'
[0.720s] INFO:colcon.colcon_core.package_selection:Skipping not selected package 'warehouse_msgs' in 'warehouse_msgs'
[0.721s] Level 1:colcon.colcon_core.package_discovery:discover_packages(prefix_path) check parameters
[0.721s] Level 1:colcon.colcon_core.package_discovery:discover_packages(prefix_path) discover
[0.722s] DEBUG:colcon.colcon_installed_package_information.package_discovery:Found 6 installed packages in /home/xelf/warehouse-automation-001/install
[0.723s] DEBUG:colcon.colcon_installed_package_information.package_discovery:Found 236 installed packages in /opt/ros/humble
[0.737s] Level 1:colcon.colcon_core.package_discovery:discover_packages(prefix_path) using defaults
[0.767s] Level 5:colcon.colcon_core.verb:set package 'amr_description' build argument 'cmake_args' from command line to 'None'
[0.767s] Level 5:colcon.colcon_core.verb:set package 'amr_description' build argument 'cmake_target' from command line to 'None'
[0.767s] Level 5:colcon.colcon_core.verb:set package 'amr_description' build argument 'cmake_target_skip_unavailable' from command line to 'False'
[0.767s] Level 5:colcon.colcon_core.verb:set package 'amr_description' build argument 'cmake_clean_cache' from command line to 'False'
[0.768s] Level 5:colcon.colcon_core.verb:set package 'amr_description' build argument 'cmake_clean_first' from command line to 'False'
[0.768s] Level 5:colcon.colcon_core.verb:set package 'amr_description' build argument 'cmake_force_configure' from command line to 'False'
[0.768s] Level 5:colcon.colcon_core.verb:set package 'amr_description' build argument 'ament_cmake_args' from command line to 'None'
[0.768s] Level 5:colcon.colcon_core.verb:set package 'amr_description' build argument 'catkin_cmake_args' from command line to 'None'
[0.768s] Level 5:colcon.colcon_core.verb:set package 'amr_description' build argument 'catkin_skip_building_tests' from command line to 'False'
[0.768s] DEBUG:colcon.colcon_core.verb:Building package 'amr_description' with the following arguments: {'ament_cmake_args': None, 'build_base': '/home/xelf/warehouse-automation-001/build/amr_description', 'catkin_cmake_args': None, 'catkin_skip_building_tests': False, 'cmake_args': None, 'cmake_clean_cache': False, 'cmake_clean_first': False, 'cmake_force_configure': False, 'cmake_target': None, 'cmake_target_skip_unavailable': False, 'install_base': '/home/xelf/warehouse-automation-001/install/amr_description', 'merge_install': False, 'path': '/home/xelf/warehouse-automation-001/amr_description', 'symlink_install': False, 'test_result_base': None}
[0.768s] Level 5:colcon.colcon_core.verb:set package 'orchestrator' build argument 'cmake_args' from command line to 'None'
[0.768s] Level 5:colcon.colcon_core.verb:set package 'orchestrator' build argument 'cmake_target' from command line to 'None'
[0.768s] Level 5:colcon.colcon_core.verb:set package 'orchestrator' build argument 'cmake_target_skip_unavailable' from command line to 'False'
[0.768s] Level 5:colcon.colcon_core.verb:set package 'orchestrator' build argument 'cmake_clean_cache' from command line to 'False'
[0.768s] Level 5:colcon.colcon_core.verb:set package 'orchestrator' build argument 'cmake_clean_first' from command line to 'False'
[0.768s] Level 5:colcon.colcon_core.verb:set package 'orchestrator' build argument 'cmake_force_configure' from command line to 'False'
[0.768s] Level 5:colcon.colcon_core.verb:set package 'orchestrator' build argument 'ament_cmake_args' from command line to 'None'
[0.768s] Level 5:colcon.colcon_core.verb:set package 'orchestrator' build argument 'catkin_cmake_args' from command line to 'None'
[0.768s] Level 5:colcon.colcon_core.verb:set package 'orchestrator' build argument 'catkin_skip_building_tests' from command line to 'False'
[0.768s] DEBUG:colcon.colcon_core.verb:Building package 'orchestrator' with the following arguments: {'ament_cmake_args': None, 'build_base': '/home/xelf/warehouse-automation-001/build/orchestrator', 'catkin_cmake_args': None, 'catkin_skip_building_tests': False, 'cmake_args': None, 'cmake_clean_cache': False, 'cmake_clean_first': False, 'cmake_force_configure': False, 'cmake_target': None, 'cmake_target_skip_unavailable': False, 'install_base': '/home/xelf/warehouse-automation-001/install/orchestrator', 'merge_install': False, 'path': '/home/xelf/warehouse-automation-001/orchestrator', 'symlink_install': False, 'test_result_base': None}
[0.768s] INFO:colcon.colcon_core.executor:Executing jobs using 'parallel' executor
[0.769s] DEBUG:colcon.colcon_parallel_executor.executor.parallel:run_until_complete
[0.769s] INFO:colcon.colcon_ros.task.ament_python.build:Building ROS package in '/home/xelf/warehouse-automation-001/amr_description' with build type 'ament_python'
[0.769s] Level 1:colcon.colcon_core.shell:create_environment_hook('amr_description', 'ament_prefix_path')
[0.772s] INFO:colcon.colcon_core.plugin_system:Skipping extension 'colcon_core.shell.bat': Not used on non-Windows systems
[0.772s] INFO:colcon.colcon_core.shell:Creating environment hook '/home/xelf/warehouse-automation-001/install/amr_description/share/amr_description/hook/ament_prefix_path.ps1'
[0.773s] INFO:colcon.colcon_core.shell:Creating environment descriptor '/home/xelf/warehouse-automation-001/install/amr_description/share/amr_description/hook/ament_prefix_path.dsv'
[0.774s] INFO:colcon.colcon_core.shell:Creating environment hook '/home/xelf/warehouse-automation-001/install/amr_description/share/amr_description/hook/ament_prefix_path.sh'
[0.776s] INFO:colcon.colcon_core.shell:Skip shell extension 'powershell' for command environment: Not usable outside of PowerShell
[0.776s] DEBUG:colcon.colcon_core.shell:Skip shell extension 'dsv' for command environment
[0.780s] INFO:colcon.colcon_ros.task.ament_python.build:Building ROS package in '/home/xelf/warehouse-automation-001/orchestrator' with build type 'ament_python'
[0.781s] Level 1:colcon.colcon_core.shell:create_environment_hook('orchestrator', 'ament_prefix_path')
[0.781s] INFO:colcon.colcon_core.shell:Creating environment hook '/home/xelf/warehouse-automation-001/install/orchestrator/share/orchestrator/hook/ament_prefix_path.ps1'
[0.783s] INFO:colcon.colcon_core.shell:Creating environment descriptor '/home/xelf/warehouse-automation-001/install/orchestrator/share/orchestrator/hook/ament_prefix_path.dsv'
[0.784s] INFO:colcon.colcon_core.shell:Creating environment hook '/home/xelf/warehouse-automation-001/install/orchestrator/share/orchestrator/hook/ament_prefix_path.sh'
[0.785s] INFO:colcon.colcon_core.shell:Skip shell extension 'powershell' for command environment: Not usable outside of PowerShell
[0.785s] DEBUG:colcon.colcon_core.shell:Skip shell extension 'dsv' for command environment
[1.038s] INFO:colcon.colcon_core.task.python.build:Building Python package in '/home/xelf/warehouse-automation-001/amr_description'
[1.038s] INFO:colcon.colcon_core.shell:Skip shell extension 'powershell' for command environment: Not usable outside of PowerShell
[1.038s] DEBUG:colcon.colcon_core.shell:Skip shell extension 'dsv' for command environment
[1.293s] INFO:colcon.colcon_core.task.python.build:Building Python package in '/home/xelf/warehouse-automation-001/orchestrator'
[1.294s] INFO:colcon.colcon_core.shell:Skip shell extension 'powershell' for command environment: Not usable outside of PowerShell
[1.294s] DEBUG:colcon.colcon_core.shell:Skip shell extension 'dsv' for command environment
[1.746s] DEBUG:colcon.colcon_core.event_handler.log_command:Invoking command in '/home/xelf/warehouse-automation-001/orchestrator': PYTHONPATH=/home/xelf/warehouse-automation-001/build/orchestrator/prefix_override:/usr/lib/python3/dist-packages/colcon_core/task/python/colcon_distutils_commands:/home/xelf/warehouse-automation-001/install/orchestrator/lib/python3.10/site-packages:${PYTHONPATH} /usr/bin/python3 -W ignore:setup.py install is deprecated -W ignore:easy_install command is deprecated setup.py egg_info --egg-base ../build/orchestrator build --build-base /home/xelf/warehouse-automation-001/build/orchestrator/build install --record /home/xelf/warehouse-automation-001/build/orchestrator/install.log --single-version-externally-managed install_data
[1.747s] DEBUG:colcon.colcon_core.event_handler.log_command:Invoking command in '/home/xelf/warehouse-automation-001/amr_description': PYTHONPATH=/home/xelf/warehouse-automation-001/build/amr_description/prefix_override:/usr/lib/python3/dist-packages/colcon_core/task/python/colcon_distutils_commands:/home/xelf/warehouse-automation-001/install/amr_description/lib/python3.10/site-packages:${PYTHONPATH} /usr/bin/python3 -W ignore:setup.py install is deprecated -W ignore:easy_install command is deprecated setup.py egg_info --egg-base ../build/amr_description build --build-base /home/xelf/warehouse-automation-001/build/amr_description/build install --record /home/xelf/warehouse-automation-001/build/amr_description/install.log --single-version-externally-managed install_data
[2.060s] Level 1:colcon.colcon_core.environment:checking '/home/xelf/warehouse-automation-001/install/orchestrator' for CMake module files
[2.061s] DEBUG:colcon.colcon_core.event_handler.log_command:Invoked command in '/home/xelf/warehouse-automation-001/orchestrator' returned '0': PYTHONPATH=/home/xelf/warehouse-automation-001/build/orchestrator/prefix_override:/usr/lib/python3/dist-packages/colcon_core/task/python/colcon_distutils_commands:/home/xelf/warehouse-automation-001/install/orchestrator/lib/python3.10/site-packages:${PYTHONPATH} /usr/bin/python3 -W ignore:setup.py install is deprecated -W ignore:easy_install command is deprecated setup.py egg_info --egg-base ../build/orchestrator build --build-base /home/xelf/warehouse-automation-001/build/orchestrator/build install --record /home/xelf/warehouse-automation-001/build/orchestrator/install.log --single-version-externally-managed install_data
[2.061s] Level 1:colcon.colcon_core.environment:checking '/home/xelf/warehouse-automation-001/install/orchestrator' for CMake config files
[2.062s] Level 1:colcon.colcon_core.environment:checking '/home/xelf/warehouse-automation-001/install/orchestrator/lib'
[2.062s] Level 1:colcon.colcon_core.environment:checking '/home/xelf/warehouse-automation-001/install/orchestrator/bin'
[2.062s] Level 1:colcon.colcon_core.environment:checking '/home/xelf/warehouse-automation-001/install/orchestrator/lib/pkgconfig/orchestrator.pc'
[2.062s] Level 1:colcon.colcon_core.environment:checking '/home/xelf/warehouse-automation-001/install/orchestrator/lib/python3.10/site-packages'
[2.062s] Level 1:colcon.colcon_core.shell:create_environment_hook('orchestrator', 'pythonpath')
[2.062s] INFO:colcon.colcon_core.shell:Creating environment hook '/home/xelf/warehouse-automation-001/install/orchestrator/share/orchestrator/hook/pythonpath.ps1'
[2.064s] INFO:colcon.colcon_core.shell:Creating environment descriptor '/home/xelf/warehouse-automation-001/install/orchestrator/share/orchestrator/hook/pythonpath.dsv'
[2.064s] INFO:colcon.colcon_core.shell:Creating environment hook '/home/xelf/warehouse-automation-001/install/orchestrator/share/orchestrator/hook/pythonpath.sh'
[2.065s] Level 1:colcon.colcon_core.environment:checking '/home/xelf/warehouse-automation-001/install/orchestrator/bin'
[2.066s] Level 1:colcon.colcon_core.environment:create_environment_scripts_only(orchestrator)
[2.066s] INFO:colcon.colcon_core.shell:Creating package script '/home/xelf/warehouse-automation-001/install/orchestrator/share/orchestrator/package.ps1'
[2.070s] INFO:colcon.colcon_core.shell:Creating package descriptor '/home/xelf/warehouse-automation-001/install/orchestrator/share/orchestrator/package.dsv'
[2.072s] INFO:colcon.colcon_core.shell:Creating package script '/home/xelf/warehouse-automation-001/install/orchestrator/share/orchestrator/package.sh'
[2.074s] INFO:colcon.colcon_core.shell:Creating package script '/home/xelf/warehouse-automation-001/install/orchestrator/share/orchestrator/package.bash'
[2.075s] INFO:colcon.colcon_core.shell:Creating package script '/home/xelf/warehouse-automation-001/install/orchestrator/share/orchestrator/package.zsh'
[2.077s] Level 1:colcon.colcon_core.environment:create_file_with_runtime_dependencies(/home/xelf/warehouse-automation-001/install/orchestrator/share/colcon-core/packages/orchestrator)
[2.081s] Level 1:colcon.colcon_core.environment:checking '/home/xelf/warehouse-automation-001/install/amr_description' for CMake module files
[2.082s] DEBUG:colcon.colcon_core.event_handler.log_command:Invoked command in '/home/xelf/warehouse-automation-001/amr_description' returned '0': PYTHONPATH=/home/xelf/warehouse-automation-001/build/amr_description/prefix_override:/usr/lib/python3/dist-packages/colcon_core/task/python/colcon_distutils_commands:/home/xelf/warehouse-automation-001/install/amr_description/lib/python3.10/site-packages:${PYTHONPATH} /usr/bin/python3 -W ignore:setup.py install is deprecated -W ignore:easy_install command is deprecated setup.py egg_info --egg-base ../build/amr_description build --build-base /home/xelf/warehouse-automation-001/build/amr_description/build install --record /home/xelf/warehouse-automation-001/build/amr_description/install.log --single-version-externally-managed install_data
[2.082s] Level 1:colcon.colcon_core.environment:checking '/home/xelf/warehouse-automation-001/install/amr_description' for CMake config files
[2.083s] Level 1:colcon.colcon_core.environment:checking '/home/xelf/warehouse-automation-001/install/amr_description/lib'
[2.084s] Level 1:colcon.colcon_core.environment:checking '/home/xelf/warehouse-automation-001/install/amr_description/bin'
[2.084s] Level 1:colcon.colcon_core.environment:checking '/home/xelf/warehouse-automation-001/install/amr_description/lib/pkgconfig/amr_description.pc'
[2.084s] Level 1:colcon.colcon_core.environment:checking '/home/xelf/warehouse-automation-001/install/amr_description/lib/python3.10/site-packages'
[2.084s] Level 1:colcon.colcon_core.shell:create_environment_hook('amr_description', 'pythonpath')
[2.085s] INFO:colcon.colcon_core.shell:Creating environment hook '/home/xelf/warehouse-automation-001/install/amr_description/share/amr_description/hook/pythonpath.ps1'
[2.086s] INFO:colcon.colcon_core.shell:Creating environment descriptor '/home/xelf/warehouse-automation-001/install/amr_description/share/amr_description/hook/pythonpath.dsv'
[2.086s] INFO:colcon.colcon_core.shell:Creating environment hook '/home/xelf/warehouse-automation-001/install/amr_description/share/amr_description/hook/pythonpath.sh'
[2.087s] Level 1:colcon.colcon_core.environment:checking '/home/xelf/warehouse-automation-001/install/amr_description/bin'
[2.087s] Level 1:colcon.colcon_core.environment:create_environment_scripts_only(amr_description)
[2.087s] INFO:colcon.colcon_core.shell:Creating package script '/home/xelf/warehouse-automation-001/install/amr_description/share/amr_description/package.ps1'
[2.087s] INFO:colcon.colcon_core.shell:Creating package descriptor '/home/xelf/warehouse-automation-001/install/amr_description/share/amr_description/package.dsv'
[2.088s] INFO:colcon.colcon_core.shell:Creating package script '/home/xelf/warehouse-automation-001/install/amr_description/share/amr_description/package.sh'
[2.088s] INFO:colcon.colcon_core.shell:Creating package script '/home/xelf/warehouse-automation-001/install/amr_description/share/amr_description/package.bash'
[2.088s] INFO:colcon.colcon_core.shell:Creating package script '/home/xelf/warehouse-automation-001/install/amr_description/share/amr_description/package.zsh'
[2.089s] Level 1:colcon.colcon_core.environment:create_file_with_runtime_dependencies(/home/xelf/warehouse-automation-001/install/amr_description/share/colcon-core/packages/amr_description)
[2.090s] DEBUG:colcon.colcon_parallel_executor.executor.parallel:closing loop
[2.091s] DEBUG:colcon.colcon_parallel_executor.executor.parallel:loop closed
[2.091s] DEBUG:colcon.colcon_parallel_executor.executor.parallel:run_until_complete finished with '0'
[2.091s] DEBUG:colcon.colcon_core.event_reactor:joining thread
[2.412s] INFO:colcon.colcon_core.plugin_system:Skipping extension 'colcon_notification.desktop_notification.notify_send': Could not find 'notify-send'
[2.412s] INFO:colcon.colcon_core.plugin_system:Skipping extension 'colcon_notification.desktop_notification.terminal_notifier': Not used on non-Darwin systems
[2.412s] INFO:colcon.colcon_core.plugin_system:Skipping extension 'colcon_notification.desktop_notification.win32': Not used on non-Windows systems
[2.412s] INFO:colcon.colcon_notification.desktop_notification:Sending desktop notification using 'notify2'
[2.413s] DEBUG:colcon.colcon_notification.desktop_notification.notify2:Failed to initialize notify2: org.freedesktop.DBus.Error.FileNotFound: Failed to connect to socket /run/user/1000/bus: No such file or directory
[2.413s] DEBUG:colcon.colcon_core.event_reactor:joined thread
[2.413s] INFO:colcon.colcon_core.shell:Creating prefix script '/home/xelf/warehouse-automation-001/install/local_setup.ps1'
[2.414s] INFO:colcon.colcon_core.shell:Creating prefix util module '/home/xelf/warehouse-automation-001/install/_local_setup_util_ps1.py'
[2.415s] INFO:colcon.colcon_core.shell:Creating prefix chain script '/home/xelf/warehouse-automation-001/install/setup.ps1'
[2.416s] INFO:colcon.colcon_core.shell:Creating prefix script '/home/xelf/warehouse-automation-001/install/local_setup.sh'
[2.417s] INFO:colcon.colcon_core.shell:Creating prefix util module '/home/xelf/warehouse-automation-001/install/_local_setup_util_sh.py'
[2.417s] INFO:colcon.colcon_core.shell:Creating prefix chain script '/home/xelf/warehouse-automation-001/install/setup.sh'
[2.418s] INFO:colcon.colcon_core.shell:Creating prefix script '/home/xelf/warehouse-automation-001/install/local_setup.bash'
[2.418s] INFO:colcon.colcon_core.shell:Creating prefix chain script '/home/xelf/warehouse-automation-001/install/setup.bash'
[2.419s] INFO:colcon.colcon_core.shell:Creating prefix script '/home/xelf/warehouse-automation-001/install/local_setup.zsh'
[2.419s] INFO:colcon.colcon_core.shell:Creating prefix chain script '/home/xelf/warehouse-automation-001/install/setup.zsh'
