[0.604s] Invoking command in '/home/xelf/warehouse-automation-001/amr_description': PYTHONPATH=/home/xelf/warehouse-automation-001/build/amr_description/prefix_override:/usr/lib/python3/dist-packages/colcon_core/task/python/colcon_distutils_commands:/home/xelf/warehouse-automation-001/install/amr_description/lib/python3.10/site-packages:${PYTHONPATH} /usr/bin/python3 -W ignore:setup.py install is deprecated -W ignore:easy_install command is deprecated setup.py egg_info --egg-base ../build/amr_description build --build-base /home/xelf/warehouse-automation-001/build/amr_description/build install --record /home/xelf/warehouse-automation-001/build/amr_description/install.log --single-version-externally-managed install_data
[0.803s] running egg_info
[0.803s] writing ../build/amr_description/amr_description.egg-info/PKG-INFO
[0.804s] writing dependency_links to ../build/amr_description/amr_description.egg-info/dependency_links.txt
[0.804s] writing entry points to ../build/amr_description/amr_description.egg-info/entry_points.txt
[0.804s] writing requirements to ../build/amr_description/amr_description.egg-info/requires.txt
[0.804s] writing top-level names to ../build/amr_description/amr_description.egg-info/top_level.txt
[0.805s] reading manifest file '../build/amr_description/amr_description.egg-info/SOURCES.txt'
[0.806s] writing manifest file '../build/amr_description/amr_description.egg-info/SOURCES.txt'
[0.806s] running build
[0.807s] running build_py
[0.807s] running install
[0.807s] running install_lib
[0.808s] running install_data
[0.808s] copying gazebo/gazebo_warehouse.launch.py -> /home/xelf/warehouse-automation-001/install/amr_description/share/amr_description/gazebo
[0.808s] running install_egg_info
[0.810s] removing '/home/xelf/warehouse-automation-001/install/amr_description/lib/python3.10/site-packages/amr_description-0.0.0-py3.10.egg-info' (and everything under it)
[0.812s] Copying ../build/amr_description/amr_description.egg-info to /home/xelf/warehouse-automation-001/install/amr_description/lib/python3.10/site-packages/amr_description-0.0.0-py3.10.egg-info
[0.814s] running install_scripts
[0.835s] Installing spawn_waypoints script to /home/xelf/warehouse-automation-001/install/amr_description/lib/amr_description
[0.835s] writing list of installed files to '/home/xelf/warehouse-automation-001/build/amr_description/install.log'
[0.870s] Invoked command in '/home/xelf/warehouse-automation-001/amr_description' returned '0': PYTHONPATH=/home/xelf/warehouse-automation-001/build/amr_description/prefix_override:/usr/lib/python3/dist-packages/colcon_core/task/python/colcon_distutils_commands:/home/xelf/warehouse-automation-001/install/amr_description/lib/python3.10/site-packages:${PYTHONPATH} /usr/bin/python3 -W ignore:setup.py install is deprecated -W ignore:easy_install command is deprecated setup.py egg_info --egg-base ../build/amr_description build --build-base /home/xelf/warehouse-automation-001/build/amr_description/build install --record /home/xelf/warehouse-automation-001/build/amr_description/install.log --single-version-externally-managed install_data
