[1.660s] Invoking command in '/home/ubuntu/warehouse-automation-001/orchestrator': PYTHONPATH=/home/ubuntu/warehouse-automation-001/build/orchestrator/prefix_override:/usr/lib/python3/dist-packages/colcon_core/task/python/colcon_distutils_commands:/home/ubuntu/warehouse-automation-001/install/orchestrator/lib/python3.10/site-packages:${PYTHONPATH} /usr/bin/python3 -W ignore:setup.py install is deprecated -W ignore:easy_install command is deprecated setup.py egg_info --egg-base ../build/orchestrator build --build-base /home/ubuntu/warehouse-automation-001/build/orchestrator/build install --record /home/ubuntu/warehouse-automation-001/build/orchestrator/install.log --single-version-externally-managed install_data
[1.914s] running egg_info
[1.932s] writing ../build/orchestrator/orchestrator.egg-info/PKG-INFO
[1.932s] writing dependency_links to ../build/orchestrator/orchestrator.egg-info/dependency_links.txt
[1.933s] writing entry points to ../build/orchestrator/orchestrator.egg-info/entry_points.txt
[1.933s] writing requirements to ../build/orchestrator/orchestrator.egg-info/requires.txt
[1.933s] writing top-level names to ../build/orchestrator/orchestrator.egg-info/top_level.txt
[1.976s] reading manifest file '../build/orchestrator/orchestrator.egg-info/SOURCES.txt'
[1.977s] writing manifest file '../build/orchestrator/orchestrator.egg-info/SOURCES.txt'
[1.977s] running build
[1.977s] running build_py
[1.977s] copying orchestrator/gazebo_velocity_mover.py -> /home/ubuntu/warehouse-automation-001/build/orchestrator/build/lib/orchestrator
[1.978s] copying orchestrator/fleet_task_generator.py -> /home/ubuntu/warehouse-automation-001/build/orchestrator/build/lib/orchestrator
[1.978s] copying orchestrator/fleet_visualization.py -> /home/ubuntu/warehouse-automation-001/build/orchestrator/build/lib/orchestrator
[1.979s] copying orchestrator/amr_robot.py -> /home/ubuntu/warehouse-automation-001/build/orchestrator/build/lib/orchestrator
[1.979s] copying orchestrator/gazebo_fleet_viz.py -> /home/ubuntu/warehouse-automation-001/build/orchestrator/build/lib/orchestrator
[1.979s] copying orchestrator/robot_state_monitor.py -> /home/ubuntu/warehouse-automation-001/build/orchestrator/build/lib/orchestrator
[1.980s] copying orchestrator/__init__.py -> /home/ubuntu/warehouse-automation-001/build/orchestrator/build/lib/orchestrator
[1.980s] copying orchestrator/gazebo_robot_mover.py -> /home/ubuntu/warehouse-automation-001/build/orchestrator/build/lib/orchestrator
[1.980s] copying orchestrator/orchestrator.py -> /home/ubuntu/warehouse-automation-001/build/orchestrator/build/lib/orchestrator
[1.980s] copying orchestrator/gazebo_fleet_controller.py -> /home/ubuntu/warehouse-automation-001/build/orchestrator/build/lib/orchestrator
[1.980s] copying orchestrator/task_executor.py -> /home/ubuntu/warehouse-automation-001/build/orchestrator/build/lib/orchestrator
[1.980s] copying orchestrator/gazebo_fleet_mover.py -> /home/ubuntu/warehouse-automation-001/build/orchestrator/build/lib/orchestrator
[1.981s] copying orchestrator/fleet_dashboard.py -> /home/ubuntu/warehouse-automation-001/build/orchestrator/build/lib/orchestrator
[1.981s] copying orchestrator/simple_mover.py -> /home/ubuntu/warehouse-automation-001/build/orchestrator/build/lib/orchestrator
[1.981s] copying orchestrator/fleet_manager.py -> /home/ubuntu/warehouse-automation-001/build/orchestrator/build/lib/orchestrator
[1.981s] copying orchestrator/test_gazebo_mover.py -> /home/ubuntu/warehouse-automation-001/build/orchestrator/build/lib/orchestrator
[1.981s] running install
[1.985s] running install_lib
[2.003s] byte-compiling /home/ubuntu/warehouse-automation-001/install/orchestrator/lib/python3.10/site-packages/orchestrator/gazebo_fleet_mover.py to gazebo_fleet_mover.cpython-310.pyc
[2.004s] Sorry: IndentationError: unexpected indent (gazebo_fleet_mover.py, line 58)
[2.004s] running install_data
[2.004s] copying resource/orchestrator -> /home/ubuntu/warehouse-automation-001/install/orchestrator/share/ament_index/resource_index/packages
[2.004s] copying package.xml -> /home/ubuntu/warehouse-automation-001/install/orchestrator/share/orchestrator
[2.004s] copying launch/orchestrator_launch.py -> /home/ubuntu/warehouse-automation-001/install/orchestrator/share/orchestrator/launch
[2.004s] copying launch/production_fleet.launch.py -> /home/ubuntu/warehouse-automation-001/install/orchestrator/share/orchestrator/launch
[2.005s] running install_egg_info
[2.024s] removing '/home/ubuntu/warehouse-automation-001/install/orchestrator/lib/python3.10/site-packages/orchestrator-0.0.0-py3.10.egg-info' (and everything under it)
[2.024s] Copying ../build/orchestrator/orchestrator.egg-info to /home/ubuntu/warehouse-automation-001/install/orchestrator/lib/python3.10/site-packages/orchestrator-0.0.0-py3.10.egg-info
[2.025s] running install_scripts
[2.069s] Installing amr_robot script to /home/ubuntu/warehouse-automation-001/install/orchestrator/lib/orchestrator
[2.070s] Installing fleet_dashboard script to /home/ubuntu/warehouse-automation-001/install/orchestrator/lib/orchestrator
[2.070s] Installing fleet_manager script to /home/ubuntu/warehouse-automation-001/install/orchestrator/lib/orchestrator
[2.070s] Installing fleet_task_generator script to /home/ubuntu/warehouse-automation-001/install/orchestrator/lib/orchestrator
[2.070s] Installing fleet_visualization script to /home/ubuntu/warehouse-automation-001/install/orchestrator/lib/orchestrator
[2.070s] Installing gazebo_fleet_mover script to /home/ubuntu/warehouse-automation-001/install/orchestrator/lib/orchestrator
[2.070s] Installing gazebo_velocity_mover script to /home/ubuntu/warehouse-automation-001/install/orchestrator/lib/orchestrator
[2.070s] Installing orchestrator script to /home/ubuntu/warehouse-automation-001/install/orchestrator/lib/orchestrator
[2.070s] Installing robot_state_monitor script to /home/ubuntu/warehouse-automation-001/install/orchestrator/lib/orchestrator
[2.071s] Installing simple_mover script to /home/ubuntu/warehouse-automation-001/install/orchestrator/lib/orchestrator
[2.071s] Installing task_executor script to /home/ubuntu/warehouse-automation-001/install/orchestrator/lib/orchestrator
[2.071s] Installing test_gazebo_mover script to /home/ubuntu/warehouse-automation-001/install/orchestrator/lib/orchestrator
[2.071s] writing list of installed files to '/home/ubuntu/warehouse-automation-001/build/orchestrator/install.log'
[2.090s] Invoked command in '/home/ubuntu/warehouse-automation-001/orchestrator' returned '0': PYTHONPATH=/home/ubuntu/warehouse-automation-001/build/orchestrator/prefix_override:/usr/lib/python3/dist-packages/colcon_core/task/python/colcon_distutils_commands:/home/ubuntu/warehouse-automation-001/install/orchestrator/lib/python3.10/site-packages:${PYTHONPATH} /usr/bin/python3 -W ignore:setup.py install is deprecated -W ignore:easy_install command is deprecated setup.py egg_info --egg-base ../build/orchestrator build --build-base /home/ubuntu/warehouse-automation-001/build/orchestrator/build install --record /home/ubuntu/warehouse-automation-001/build/orchestrator/install.log --single-version-externally-managed install_data
