[1.898s] Invoking command in '/home/ubuntu/warehouse-automation-001/amr_description': PYTHONPATH=/home/ubuntu/warehouse-automation-001/build/amr_description/prefix_override:/usr/lib/python3/dist-packages/colcon_core/task/python/colcon_distutils_commands:/home/ubuntu/warehouse-automation-001/install/amr_description/lib/python3.10/site-packages:${PYTHONPATH} /usr/bin/python3 -W ignore:setup.py install is deprecated -W ignore:easy_install command is deprecated setup.py egg_info --egg-base ../build/amr_description build --build-base /home/ubuntu/warehouse-automation-001/build/amr_description/build install --record /home/ubuntu/warehouse-automation-001/build/amr_description/install.log --single-version-externally-managed install_data
[2.203s] running egg_info
[2.217s] creating ../build/amr_description/amr_description.egg-info
[2.224s] writing ../build/amr_description/amr_description.egg-info/PKG-INFO
[2.225s] writing dependency_links to ../build/amr_description/amr_description.egg-info/dependency_links.txt
[2.225s] writing entry points to ../build/amr_description/amr_description.egg-info/entry_points.txt
[2.225s] writing requirements to ../build/amr_description/amr_description.egg-info/requires.txt
[2.225s] writing top-level names to ../build/amr_description/amr_description.egg-info/top_level.txt
[2.227s] writing manifest file '../build/amr_description/amr_description.egg-info/SOURCES.txt'
[2.264s] reading manifest file '../build/amr_description/amr_description.egg-info/SOURCES.txt'
[2.264s] writing manifest file '../build/amr_description/amr_description.egg-info/SOURCES.txt'
[2.264s] running build
[2.264s] running build_py
[2.264s] creating /home/ubuntu/warehouse-automation-001/build/amr_description/build/lib/amr_description
[2.264s] copying amr_description/spawn_waypoints.py -> /home/ubuntu/warehouse-automation-001/build/amr_description/build/lib/amr_description
[2.264s] copying amr_description/__init__.py -> /home/ubuntu/warehouse-automation-001/build/amr_description/build/lib/amr_description
[2.264s] running install
[2.290s] running install_lib
[2.290s] creating /home/ubuntu/warehouse-automation-001/install/amr_description/lib/python3.10/site-packages/amr_description
[2.294s] copying /home/ubuntu/warehouse-automation-001/build/amr_description/build/lib/amr_description/spawn_waypoints.py -> /home/ubuntu/warehouse-automation-001/install/amr_description/lib/python3.10/site-packages/amr_description
[2.294s] copying /home/ubuntu/warehouse-automation-001/build/amr_description/build/lib/amr_description/__init__.py -> /home/ubuntu/warehouse-automation-001/install/amr_description/lib/python3.10/site-packages/amr_description
[2.295s] byte-compiling /home/ubuntu/warehouse-automation-001/install/amr_description/lib/python3.10/site-packages/amr_description/spawn_waypoints.py to spawn_waypoints.cpython-310.pyc
[2.295s] byte-compiling /home/ubuntu/warehouse-automation-001/install/amr_description/lib/python3.10/site-packages/amr_description/__init__.py to __init__.cpython-310.pyc
[2.295s] running install_data
[2.295s] creating /home/ubuntu/warehouse-automation-001/install/amr_description/share/ament_index/resource_index/packages
[2.295s] copying resource/amr_description -> /home/ubuntu/warehouse-automation-001/install/amr_description/share/ament_index/resource_index/packages
[2.295s] copying package.xml -> /home/ubuntu/warehouse-automation-001/install/amr_description/share/amr_description
[2.295s] creating /home/ubuntu/warehouse-automation-001/install/amr_description/share/amr_description/urdf
[2.295s] copying urdf/amr_robot.urdf -> /home/ubuntu/warehouse-automation-001/install/amr_description/share/amr_description/urdf
[2.295s] copying urdf/amr_robot_diffdrive.urdf -> /home/ubuntu/warehouse-automation-001/install/amr_description/share/amr_description/urdf
[2.295s] creating /home/ubuntu/warehouse-automation-001/install/amr_description/share/amr_description/worlds
[2.296s] copying worlds/warehouse.world -> /home/ubuntu/warehouse-automation-001/install/amr_description/share/amr_description/worlds
[2.296s] creating /home/ubuntu/warehouse-automation-001/install/amr_description/share/amr_description/launch
[2.296s] copying launch/gazebo_simple.launch.py -> /home/ubuntu/warehouse-automation-001/install/amr_description/share/amr_description/launch
[2.296s] copying launch/spawn_robots.launch.py -> /home/ubuntu/warehouse-automation-001/install/amr_description/share/amr_description/launch
[2.296s] copying launch/warehouse_gzros.launch.py -> /home/ubuntu/warehouse-automation-001/install/amr_description/share/amr_description/launch
[2.296s] copying launch/gazebo.launch.py -> /home/ubuntu/warehouse-automation-001/install/amr_description/share/amr_description/launch
[2.296s] copying launch/spawn_amrs.launch.py -> /home/ubuntu/warehouse-automation-001/install/amr_description/share/amr_description/launch
[2.296s] copying launch/gazebo_ros.launch.py -> /home/ubuntu/warehouse-automation-001/install/amr_description/share/amr_description/launch
[2.296s] copying launch/spawn_amr_diffdrive.launch.py -> /home/ubuntu/warehouse-automation-001/install/amr_description/share/amr_description/launch
[2.297s] copying launch/warehouse_complete.launch.py -> /home/ubuntu/warehouse-automation-001/install/amr_description/share/amr_description/launch
[2.297s] creating /home/ubuntu/warehouse-automation-001/install/amr_description/share/amr_description/config
[2.297s] copying config/amr_controllers.yaml -> /home/ubuntu/warehouse-automation-001/install/amr_description/share/amr_description/config
[2.297s] creating /home/ubuntu/warehouse-automation-001/install/amr_description/share/amr_description/gazebo
[2.297s] copying gazebo/spawn_waypoints.py -> /home/ubuntu/warehouse-automation-001/install/amr_description/share/amr_description/gazebo
[2.298s] copying gazebo/gazebo_warehouse.launch.py -> /home/ubuntu/warehouse-automation-001/install/amr_description/share/amr_description/gazebo
[2.298s] copying gazebo/warehouse.world -> /home/ubuntu/warehouse-automation-001/install/amr_description/share/amr_description/gazebo
[2.298s] creating /home/ubuntu/warehouse-automation-001/install/amr_description/share/amr_description/maps
[2.298s] copying maps/cuopt_costmap.png -> /home/ubuntu/warehouse-automation-001/install/amr_description/share/amr_description/maps
[2.299s] copying maps/iw_hub_warehouse_navigation.yaml -> /home/ubuntu/warehouse-automation-001/install/amr_description/share/amr_description/maps
[2.299s] copying maps/iw_hub_warehouse_navigation.png -> /home/ubuntu/warehouse-automation-001/install/amr_description/share/amr_description/maps
[2.301s] running install_egg_info
[2.322s] Copying ../build/amr_description/amr_description.egg-info to /home/ubuntu/warehouse-automation-001/install/amr_description/lib/python3.10/site-packages/amr_description-0.0.0-py3.10.egg-info
[2.322s] running install_scripts
[2.359s] Installing spawn_waypoints script to /home/ubuntu/warehouse-automation-001/install/amr_description/lib/amr_description
[2.360s] writing list of installed files to '/home/ubuntu/warehouse-automation-001/build/amr_description/install.log'
[2.395s] Invoked command in '/home/ubuntu/warehouse-automation-001/amr_description' returned '0': PYTHONPATH=/home/ubuntu/warehouse-automation-001/build/amr_description/prefix_override:/usr/lib/python3/dist-packages/colcon_core/task/python/colcon_distutils_commands:/home/ubuntu/warehouse-automation-001/install/amr_description/lib/python3.10/site-packages:${PYTHONPATH} /usr/bin/python3 -W ignore:setup.py install is deprecated -W ignore:easy_install command is deprecated setup.py egg_info --egg-base ../build/amr_description build --build-base /home/ubuntu/warehouse-automation-001/build/amr_description/build install --record /home/ubuntu/warehouse-automation-001/build/amr_description/install.log --single-version-externally-managed install_data
