[2.393s] Invoking command in '/home/xelf/warehouse-automation-001/order_system': PYTHONPATH=/home/xelf/warehouse-automation-001/build/order_system/prefix_override:/usr/lib/python3/dist-packages/colcon_core/task/python/colcon_distutils_commands:/home/xelf/warehouse-automation-001/install/order_system/lib/python3.10/site-packages:${PYTHONPATH} /usr/bin/python3 -W ignore:setup.py install is deprecated -W ignore:easy_install command is deprecated setup.py egg_info --egg-base ../build/order_system build --build-base /home/xelf/warehouse-automation-001/build/order_system/build install --record /home/xelf/warehouse-automation-001/build/order_system/install.log --single-version-externally-managed install_data
[2.818s] running egg_info
[2.819s] writing ../build/order_system/order_system.egg-info/PKG-INFO
[2.822s] writing dependency_links to ../build/order_system/order_system.egg-info/dependency_links.txt
[2.822s] writing entry points to ../build/order_system/order_system.egg-info/entry_points.txt
[2.822s] writing requirements to ../build/order_system/order_system.egg-info/requires.txt
[2.823s] writing top-level names to ../build/order_system/order_system.egg-info/top_level.txt
[2.830s] reading manifest file '../build/order_system/order_system.egg-info/SOURCES.txt'
[2.832s] writing manifest file '../build/order_system/order_system.egg-info/SOURCES.txt'
[2.832s] running build
[2.832s] running build_py
[2.833s] running install
[2.833s] running install_lib
[2.836s] running install_data
[2.837s] running install_egg_info
[2.844s] removing '/home/xelf/warehouse-automation-001/install/order_system/lib/python3.10/site-packages/order_system-0.0.0-py3.10.egg-info' (and everything under it)
[2.851s] Copying ../build/order_system/order_system.egg-info to /home/xelf/warehouse-automation-001/install/order_system/lib/python3.10/site-packages/order_system-0.0.0-py3.10.egg-info
[2.859s] running install_scripts
[2.899s] Installing order_generator script to /home/xelf/warehouse-automation-001/install/order_system/lib/order_system
[2.900s] Installing order_listener script to /home/xelf/warehouse-automation-001/install/order_system/lib/order_system
[2.900s] writing list of installed files to '/home/xelf/warehouse-automation-001/build/order_system/install.log'
[2.955s] Invoked command in '/home/xelf/warehouse-automation-001/order_system' returned '0': PYTHONPATH=/home/xelf/warehouse-automation-001/build/order_system/prefix_override:/usr/lib/python3/dist-packages/colcon_core/task/python/colcon_distutils_commands:/home/xelf/warehouse-automation-001/install/order_system/lib/python3.10/site-packages:${PYTHONPATH} /usr/bin/python3 -W ignore:setup.py install is deprecated -W ignore:easy_install command is deprecated setup.py egg_info --egg-base ../build/order_system build --build-base /home/xelf/warehouse-automation-001/build/order_system/build install --record /home/xelf/warehouse-automation-001/build/order_system/install.log --single-version-externally-managed install_data
