[0.681s] DEBUG:colcon:Command line arguments: ['/usr/bin/colcon', 'build', '--packages-select', 'cuopt_bridge', 'orchestrator', '--symlink-install']
[0.681s] DEBUG:colcon:Parsed command line arguments: Namespace(log_base=None, log_level=None, verb_name='build', build_base='build', install_base='install', merge_install=False, symlink_install=True, test_result_base=None, continue_on_error=False, executor='parallel', parallel_workers=12, event_handlers=None, ignore_user_meta=False, metas=['./colcon.meta'], base_paths=['.'], packages_ignore=None, packages_ignore_regex=None, paths=None, packages_up_to=None, packages_up_to_regex=None, packages_above=None, packages_above_and_dependencies=None, packages_above_depth=None, packages_select_by_dep=None, packages_skip_by_dep=None, packages_skip_up_to=None, packages_select_build_failed=False, packages_skip_build_finished=False, packages_select_test_failures=False, packages_skip_test_passed=False, packages_select=['cuopt_bridge', 'orchestrator'], packages_skip=None, packages_select_regex=None, packages_skip_regex=None, packages_start=None, packages_end=None, allow_overriding=[], cmake_args=None, cmake_target=None, cmake_target_skip_unavailable=False, cmake_clean_cache=False, cmake_clean_first=False, cmake_force_configure=False, ament_cmake_args=None, catkin_cmake_args=None, catkin_skip_building_tests=False, verb_parser=<colcon_defaults.argument_parser.defaults.DefaultArgumentsDecorator object at 0x7374a97c9c90>, verb_extension=<colcon_core.verb.build.BuildVerb object at 0x7374a97c9390>, main=<bound method BuildVerb.main of <colcon_core.verb.build.BuildVerb object at 0x7374a97c9390>>)
[0.785s] Level 1:colcon.colcon_core.package_discovery:discover_packages(colcon_meta) check parameters
[0.786s] Level 1:colcon.colcon_core.package_discovery:discover_packages(recursive) check parameters
[0.786s] Level 1:colcon.colcon_core.package_discovery:discover_packages(ignore) check parameters
[0.786s] Level 1:colcon.colcon_core.package_discovery:discover_packages(path) check parameters
[0.786s] Level 1:colcon.colcon_core.package_discovery:discover_packages(colcon_meta) discover
[0.786s] Level 1:colcon.colcon_core.package_discovery:discover_packages(recursive) discover
[0.786s] INFO:colcon.colcon_core.package_discovery:Crawling recursively for packages in '/home/xelf/warehouse-automation'
[0.786s] Level 1:colcon.colcon_core.package_identification:_identify(.) by extensions ['ignore', 'ignore_ament_install']
[0.786s] Level 1:colcon.colcon_core.package_identification:_identify(.) by extension 'ignore'
[0.786s] Level 1:colcon.colcon_core.package_identification:_identify(.) by extension 'ignore_ament_install'
[0.786s] Level 1:colcon.colcon_core.package_identification:_identify(.) by extensions ['colcon_pkg']
[0.786s] Level 1:colcon.colcon_core.package_identification:_identify(.) by extension 'colcon_pkg'
[0.786s] Level 1:colcon.colcon_core.package_identification:_identify(.) by extensions ['colcon_meta']
[0.786s] Level 1:colcon.colcon_core.package_identification:_identify(.) by extension 'colcon_meta'
[0.786s] Level 1:colcon.colcon_core.package_identification:_identify(.) by extensions ['ros']
[0.786s] Level 1:colcon.colcon_core.package_identification:_identify(.) by extension 'ros'
[0.794s] Level 1:colcon.colcon_core.package_identification:_identify(.) by extensions ['cmake', 'python']
[0.795s] Level 1:colcon.colcon_core.package_identification:_identify(.) by extension 'cmake'
[0.795s] Level 1:colcon.colcon_core.package_identification:_identify(.) by extension 'python'
[0.795s] Level 1:colcon.colcon_core.package_identification:_identify(.) by extensions ['python_setup_py']
[0.795s] Level 1:colcon.colcon_core.package_identification:_identify(.) by extension 'python_setup_py'
[0.795s] Level 1:colcon.colcon_core.package_identification:_identify(amr_description) by extensions ['ignore', 'ignore_ament_install']
[0.795s] Level 1:colcon.colcon_core.package_identification:_identify(amr_description) by extension 'ignore'
[0.795s] Level 1:colcon.colcon_core.package_identification:_identify(amr_description) by extension 'ignore_ament_install'
[0.795s] Level 1:colcon.colcon_core.package_identification:_identify(amr_description) by extensions ['colcon_pkg']
[0.795s] Level 1:colcon.colcon_core.package_identification:_identify(amr_description) by extension 'colcon_pkg'
[0.795s] Level 1:colcon.colcon_core.package_identification:_identify(amr_description) by extensions ['colcon_meta']
[0.795s] Level 1:colcon.colcon_core.package_identification:_identify(amr_description) by extension 'colcon_meta'
[0.795s] Level 1:colcon.colcon_core.package_identification:_identify(amr_description) by extensions ['ros']
[0.795s] Level 1:colcon.colcon_core.package_identification:_identify(amr_description) by extension 'ros'
[0.797s] DEBUG:colcon.colcon_core.package_identification:Package 'amr_description' with type 'ros.ament_python' and name 'amr_description'
[0.797s] Level 1:colcon.colcon_core.package_identification:_identify(build) by extensions ['ignore', 'ignore_ament_install']
[0.797s] Level 1:colcon.colcon_core.package_identification:_identify(build) by extension 'ignore'
[0.797s] Level 1:colcon.colcon_core.package_identification:_identify(build) ignored
[0.797s] Level 1:colcon.colcon_core.package_identification:_identify(cuopt_bridge) by extensions ['ignore', 'ignore_ament_install']
[0.797s] Level 1:colcon.colcon_core.package_identification:_identify(cuopt_bridge) by extension 'ignore'
[0.797s] Level 1:colcon.colcon_core.package_identification:_identify(cuopt_bridge) by extension 'ignore_ament_install'
[0.797s] Level 1:colcon.colcon_core.package_identification:_identify(cuopt_bridge) by extensions ['colcon_pkg']
[0.797s] Level 1:colcon.colcon_core.package_identification:_identify(cuopt_bridge) by extension 'colcon_pkg'
[0.797s] Level 1:colcon.colcon_core.package_identification:_identify(cuopt_bridge) by extensions ['colcon_meta']
[0.797s] Level 1:colcon.colcon_core.package_identification:_identify(cuopt_bridge) by extension 'colcon_meta'
[0.797s] Level 1:colcon.colcon_core.package_identification:_identify(cuopt_bridge) by extensions ['ros']
[0.797s] Level 1:colcon.colcon_core.package_identification:_identify(cuopt_bridge) by extension 'ros'
[0.797s] DEBUG:colcon.colcon_core.package_identification:Package 'cuopt_bridge' with type 'ros.ament_python' and name 'cuopt_bridge'
[0.797s] Level 1:colcon.colcon_core.package_identification:_identify(hello_world_pkgs) by extensions ['ignore', 'ignore_ament_install']
[0.798s] Level 1:colcon.colcon_core.package_identification:_identify(hello_world_pkgs) by extension 'ignore'
[0.798s] Level 1:colcon.colcon_core.package_identification:_identify(hello_world_pkgs) by extension 'ignore_ament_install'
[0.798s] Level 1:colcon.colcon_core.package_identification:_identify(hello_world_pkgs) by extensions ['colcon_pkg']
[0.798s] Level 1:colcon.colcon_core.package_identification:_identify(hello_world_pkgs) by extension 'colcon_pkg'
[0.798s] Level 1:colcon.colcon_core.package_identification:_identify(hello_world_pkgs) by extensions ['colcon_meta']
[0.798s] Level 1:colcon.colcon_core.package_identification:_identify(hello_world_pkgs) by extension 'colcon_meta'
[0.798s] Level 1:colcon.colcon_core.package_identification:_identify(hello_world_pkgs) by extensions ['ros']
[0.798s] Level 1:colcon.colcon_core.package_identification:_identify(hello_world_pkgs) by extension 'ros'
[0.798s] DEBUG:colcon.colcon_core.package_identification:Package 'hello_world_pkgs' with type 'ros.ament_python' and name 'hello_world_pkgs'
[0.798s] Level 1:colcon.colcon_core.package_identification:_identify(install) by extensions ['ignore', 'ignore_ament_install']
[0.798s] Level 1:colcon.colcon_core.package_identification:_identify(install) by extension 'ignore'
[0.798s] Level 1:colcon.colcon_core.package_identification:_identify(install) ignored
[0.798s] Level 1:colcon.colcon_core.package_identification:_identify(log) by extensions ['ignore', 'ignore_ament_install']
[0.798s] Level 1:colcon.colcon_core.package_identification:_identify(log) by extension 'ignore'
[0.798s] Level 1:colcon.colcon_core.package_identification:_identify(log) ignored
[0.798s] Level 1:colcon.colcon_core.package_identification:_identify(orchestrator) by extensions ['ignore', 'ignore_ament_install']
[0.798s] Level 1:colcon.colcon_core.package_identification:_identify(orchestrator) by extension 'ignore'
[0.798s] Level 1:colcon.colcon_core.package_identification:_identify(orchestrator) by extension 'ignore_ament_install'
[0.798s] Level 1:colcon.colcon_core.package_identification:_identify(orchestrator) by extensions ['colcon_pkg']
[0.799s] Level 1:colcon.colcon_core.package_identification:_identify(orchestrator) by extension 'colcon_pkg'
[0.799s] Level 1:colcon.colcon_core.package_identification:_identify(orchestrator) by extensions ['colcon_meta']
[0.799s] Level 1:colcon.colcon_core.package_identification:_identify(orchestrator) by extension 'colcon_meta'
[0.799s] Level 1:colcon.colcon_core.package_identification:_identify(orchestrator) by extensions ['ros']
[0.799s] Level 1:colcon.colcon_core.package_identification:_identify(orchestrator) by extension 'ros'
[0.799s] DEBUG:colcon.colcon_core.package_identification:Package 'orchestrator' with type 'ros.ament_python' and name 'orchestrator'
[0.799s] Level 1:colcon.colcon_core.package_identification:_identify(order_system) by extensions ['ignore', 'ignore_ament_install']
[0.799s] Level 1:colcon.colcon_core.package_identification:_identify(order_system) by extension 'ignore'
[0.799s] Level 1:colcon.colcon_core.package_identification:_identify(order_system) by extension 'ignore_ament_install'
[0.799s] Level 1:colcon.colcon_core.package_identification:_identify(order_system) by extensions ['colcon_pkg']
[0.799s] Level 1:colcon.colcon_core.package_identification:_identify(order_system) by extension 'colcon_pkg'
[0.799s] Level 1:colcon.colcon_core.package_identification:_identify(order_system) by extensions ['colcon_meta']
[0.799s] Level 1:colcon.colcon_core.package_identification:_identify(order_system) by extension 'colcon_meta'
[0.799s] Level 1:colcon.colcon_core.package_identification:_identify(order_system) by extensions ['ros']
[0.799s] Level 1:colcon.colcon_core.package_identification:_identify(order_system) by extension 'ros'
[0.799s] DEBUG:colcon.colcon_core.package_identification:Package 'order_system' with type 'ros.ament_python' and name 'order_system'
[0.799s] Level 1:colcon.colcon_core.package_identification:_identify(warehouse_msgs) by extensions ['ignore', 'ignore_ament_install']
[0.800s] Level 1:colcon.colcon_core.package_identification:_identify(warehouse_msgs) by extension 'ignore'
[0.800s] Level 1:colcon.colcon_core.package_identification:_identify(warehouse_msgs) by extension 'ignore_ament_install'
[0.800s] Level 1:colcon.colcon_core.package_identification:_identify(warehouse_msgs) by extensions ['colcon_pkg']
[0.800s] Level 1:colcon.colcon_core.package_identification:_identify(warehouse_msgs) by extension 'colcon_pkg'
[0.800s] Level 1:colcon.colcon_core.package_identification:_identify(warehouse_msgs) by extensions ['colcon_meta']
[0.800s] Level 1:colcon.colcon_core.package_identification:_identify(warehouse_msgs) by extension 'colcon_meta'
[0.800s] Level 1:colcon.colcon_core.package_identification:_identify(warehouse_msgs) by extensions ['ros']
[0.800s] Level 1:colcon.colcon_core.package_identification:_identify(warehouse_msgs) by extension 'ros'
[0.800s] DEBUG:colcon.colcon_core.package_identification:Package 'warehouse_msgs' with type 'ros.ament_python' and name 'warehouse_msgs'
[0.800s] Level 1:colcon.colcon_core.package_discovery:discover_packages(recursive) using defaults
[0.800s] Level 1:colcon.colcon_core.package_discovery:discover_packages(ignore) discover
[0.800s] Level 1:colcon.colcon_core.package_discovery:discover_packages(ignore) using defaults
[0.800s] Level 1:colcon.colcon_core.package_discovery:discover_packages(path) discover
[0.800s] Level 1:colcon.colcon_core.package_discovery:discover_packages(path) using defaults
[0.816s] INFO:colcon.colcon_core.package_selection:Skipping not selected package 'amr_description' in 'amr_description'
[0.816s] INFO:colcon.colcon_core.package_selection:Skipping not selected package 'hello_world_pkgs' in 'hello_world_pkgs'
[0.816s] INFO:colcon.colcon_core.package_selection:Skipping not selected package 'order_system' in 'order_system'
[0.816s] INFO:colcon.colcon_core.package_selection:Skipping not selected package 'warehouse_msgs' in 'warehouse_msgs'
[0.816s] Level 1:colcon.colcon_core.package_discovery:discover_packages(prefix_path) check parameters
[0.817s] Level 1:colcon.colcon_core.package_discovery:discover_packages(prefix_path) discover
[0.818s] DEBUG:colcon.colcon_installed_package_information.package_discovery:Found 6 installed packages in /home/xelf/warehouse-automation/install
[0.819s] DEBUG:colcon.colcon_installed_package_information.package_discovery:Found 424 installed packages in /opt/ros/humble
[0.827s] Level 1:colcon.colcon_core.package_discovery:discover_packages(prefix_path) using defaults
[0.860s] Level 5:colcon.colcon_core.verb:set package 'cuopt_bridge' build argument 'cmake_args' from command line to 'None'
[0.860s] Level 5:colcon.colcon_core.verb:set package 'cuopt_bridge' build argument 'cmake_target' from command line to 'None'
[0.860s] Level 5:colcon.colcon_core.verb:set package 'cuopt_bridge' build argument 'cmake_target_skip_unavailable' from command line to 'False'
[0.860s] Level 5:colcon.colcon_core.verb:set package 'cuopt_bridge' build argument 'cmake_clean_cache' from command line to 'False'
[0.860s] Level 5:colcon.colcon_core.verb:set package 'cuopt_bridge' build argument 'cmake_clean_first' from command line to 'False'
[0.860s] Level 5:colcon.colcon_core.verb:set package 'cuopt_bridge' build argument 'cmake_force_configure' from command line to 'False'
[0.860s] Level 5:colcon.colcon_core.verb:set package 'cuopt_bridge' build argument 'ament_cmake_args' from command line to 'None'
[0.860s] Level 5:colcon.colcon_core.verb:set package 'cuopt_bridge' build argument 'catkin_cmake_args' from command line to 'None'
[0.860s] Level 5:colcon.colcon_core.verb:set package 'cuopt_bridge' build argument 'catkin_skip_building_tests' from command line to 'False'
[0.860s] DEBUG:colcon.colcon_core.verb:Building package 'cuopt_bridge' with the following arguments: {'ament_cmake_args': None, 'build_base': '/home/xelf/warehouse-automation/build/cuopt_bridge', 'catkin_cmake_args': None, 'catkin_skip_building_tests': False, 'cmake_args': None, 'cmake_clean_cache': False, 'cmake_clean_first': False, 'cmake_force_configure': False, 'cmake_target': None, 'cmake_target_skip_unavailable': False, 'install_base': '/home/xelf/warehouse-automation/install/cuopt_bridge', 'merge_install': False, 'path': '/home/xelf/warehouse-automation/cuopt_bridge', 'symlink_install': True, 'test_result_base': None}
[0.860s] Level 5:colcon.colcon_core.verb:set package 'orchestrator' build argument 'cmake_args' from command line to 'None'
[0.860s] Level 5:colcon.colcon_core.verb:set package 'orchestrator' build argument 'cmake_target' from command line to 'None'
[0.860s] Level 5:colcon.colcon_core.verb:set package 'orchestrator' build argument 'cmake_target_skip_unavailable' from command line to 'False'
[0.860s] Level 5:colcon.colcon_core.verb:set package 'orchestrator' build argument 'cmake_clean_cache' from command line to 'False'
[0.860s] Level 5:colcon.colcon_core.verb:set package 'orchestrator' build argument 'cmake_clean_first' from command line to 'False'
[0.860s] Level 5:colcon.colcon_core.verb:set package 'orchestrator' build argument 'cmake_force_configure' from command line to 'False'
[0.860s] Level 5:colcon.colcon_core.verb:set package 'orchestrator' build argument 'ament_cmake_args' from command line to 'None'
[0.860s] Level 5:colcon.colcon_core.verb:set package 'orchestrator' build argument 'catkin_cmake_args' from command line to 'None'
[0.860s] Level 5:colcon.colcon_core.verb:set package 'orchestrator' build argument 'catkin_skip_building_tests' from command line to 'False'
[0.860s] DEBUG:colcon.colcon_core.verb:Building package 'orchestrator' with the following arguments: {'ament_cmake_args': None, 'build_base': '/home/xelf/warehouse-automation/build/orchestrator', 'catkin_cmake_args': None, 'catkin_skip_building_tests': False, 'cmake_args': None, 'cmake_clean_cache': False, 'cmake_clean_first': False, 'cmake_force_configure': False, 'cmake_target': None, 'cmake_target_skip_unavailable': False, 'install_base': '/home/xelf/warehouse-automation/install/orchestrator', 'merge_install': False, 'path': '/home/xelf/warehouse-automation/orchestrator', 'symlink_install': True, 'test_result_base': None}
[0.861s] INFO:colcon.colcon_core.executor:Executing jobs using 'parallel' executor
[0.862s] DEBUG:colcon.colcon_parallel_executor.executor.parallel:run_until_complete
[0.862s] INFO:colcon.colcon_ros.task.ament_python.build:Building ROS package in '/home/xelf/warehouse-automation/cuopt_bridge' with build type 'ament_python'
[0.862s] Level 1:colcon.colcon_core.shell:create_environment_hook('cuopt_bridge', 'ament_prefix_path')
[0.864s] INFO:colcon.colcon_core.plugin_system:Skipping extension 'colcon_core.shell.bat': Not used on non-Windows systems
[0.864s] INFO:colcon.colcon_core.shell:Creating environment hook '/home/xelf/warehouse-automation/install/cuopt_bridge/share/cuopt_bridge/hook/ament_prefix_path.ps1'
[0.865s] INFO:colcon.colcon_core.shell:Creating environment descriptor '/home/xelf/warehouse-automation/install/cuopt_bridge/share/cuopt_bridge/hook/ament_prefix_path.dsv'
[0.865s] INFO:colcon.colcon_core.shell:Creating environment hook '/home/xelf/warehouse-automation/install/cuopt_bridge/share/cuopt_bridge/hook/ament_prefix_path.sh'
[0.865s] INFO:colcon.colcon_core.shell:Skip shell extension 'powershell' for command environment: Not usable outside of PowerShell
[0.865s] DEBUG:colcon.colcon_core.shell:Skip shell extension 'dsv' for command environment
[0.868s] INFO:colcon.colcon_ros.task.ament_python.build:Building ROS package in '/home/xelf/warehouse-automation/orchestrator' with build type 'ament_python'
[0.869s] Level 1:colcon.colcon_core.shell:create_environment_hook('orchestrator', 'ament_prefix_path')
[0.870s] INFO:colcon.colcon_core.shell:Creating environment hook '/home/xelf/warehouse-automation/install/orchestrator/share/orchestrator/hook/ament_prefix_path.ps1'
[0.870s] INFO:colcon.colcon_core.shell:Creating environment descriptor '/home/xelf/warehouse-automation/install/orchestrator/share/orchestrator/hook/ament_prefix_path.dsv'
[0.871s] INFO:colcon.colcon_core.shell:Creating environment hook '/home/xelf/warehouse-automation/install/orchestrator/share/orchestrator/hook/ament_prefix_path.sh'
[0.871s] INFO:colcon.colcon_core.shell:Skip shell extension 'powershell' for command environment: Not usable outside of PowerShell
[0.871s] DEBUG:colcon.colcon_core.shell:Skip shell extension 'dsv' for command environment
[1.046s] INFO:colcon.colcon_core.task.python.build:Building Python package in '/home/xelf/warehouse-automation/cuopt_bridge'
[1.046s] INFO:colcon.colcon_core.shell:Skip shell extension 'powershell' for command environment: Not usable outside of PowerShell
[1.046s] DEBUG:colcon.colcon_core.shell:Skip shell extension 'dsv' for command environment
[1.220s] INFO:colcon.colcon_core.task.python.build:Building Python package in '/home/xelf/warehouse-automation/orchestrator'
[1.220s] INFO:colcon.colcon_core.shell:Skip shell extension 'powershell' for command environment: Not usable outside of PowerShell
[1.220s] DEBUG:colcon.colcon_core.shell:Skip shell extension 'dsv' for command environment
[1.483s] DEBUG:colcon.colcon_core.event_handler.log_command:Invoking command in '/home/xelf/warehouse-automation/build/cuopt_bridge': PYTHONPATH=/home/xelf/warehouse-automation/build/cuopt_bridge/prefix_override:/usr/lib/python3/dist-packages/colcon_core/task/python/colcon_distutils_commands:/home/xelf/warehouse-automation/install/cuopt_bridge/lib/python3.10/site-packages:${PYTHONPATH} /usr/bin/python3 -W ignore:setup.py install is deprecated -W ignore:easy_install command is deprecated setup.py develop --editable --build-directory /home/xelf/warehouse-automation/build/cuopt_bridge/build --no-deps symlink_data
[1.487s] DEBUG:colcon.colcon_core.event_handler.log_command:Invoking command in '/home/xelf/warehouse-automation/build/orchestrator': PYTHONPATH=/home/xelf/warehouse-automation/build/orchestrator/prefix_override:/usr/lib/python3/dist-packages/colcon_core/task/python/colcon_distutils_commands:/home/xelf/warehouse-automation/install/orchestrator/lib/python3.10/site-packages:${PYTHONPATH} /usr/bin/python3 -W ignore:setup.py install is deprecated -W ignore:easy_install command is deprecated setup.py develop --editable --build-directory /home/xelf/warehouse-automation/build/orchestrator/build --no-deps symlink_data
[1.768s] Level 1:colcon.colcon_core.shell:create_environment_hook('orchestrator', 'pythonpath_develop')
[1.769s] INFO:colcon.colcon_core.shell:Creating environment hook '/home/xelf/warehouse-automation/build/orchestrator/share/orchestrator/hook/pythonpath_develop.ps1'
[1.769s] DEBUG:colcon.colcon_core.event_handler.log_command:Invoked command in '/home/xelf/warehouse-automation/build/orchestrator' returned '0': PYTHONPATH=/home/xelf/warehouse-automation/build/orchestrator/prefix_override:/usr/lib/python3/dist-packages/colcon_core/task/python/colcon_distutils_commands:/home/xelf/warehouse-automation/install/orchestrator/lib/python3.10/site-packages:${PYTHONPATH} /usr/bin/python3 -W ignore:setup.py install is deprecated -W ignore:easy_install command is deprecated setup.py develop --editable --build-directory /home/xelf/warehouse-automation/build/orchestrator/build --no-deps symlink_data
[1.770s] INFO:colcon.colcon_core.shell:Creating environment descriptor '/home/xelf/warehouse-automation/build/orchestrator/share/orchestrator/hook/pythonpath_develop.dsv'
[1.770s] INFO:colcon.colcon_core.shell:Creating environment hook '/home/xelf/warehouse-automation/build/orchestrator/share/orchestrator/hook/pythonpath_develop.sh'
[1.772s] Level 1:colcon.colcon_core.environment:checking '/home/xelf/warehouse-automation/install/orchestrator' for CMake module files
[1.773s] Level 1:colcon.colcon_core.environment:checking '/home/xelf/warehouse-automation/install/orchestrator' for CMake config files
[1.773s] Level 1:colcon.colcon_core.environment:checking '/home/xelf/warehouse-automation/install/orchestrator/lib'
[1.773s] Level 1:colcon.colcon_core.environment:checking '/home/xelf/warehouse-automation/install/orchestrator/bin'
[1.773s] Level 1:colcon.colcon_core.environment:checking '/home/xelf/warehouse-automation/install/orchestrator/lib/pkgconfig/orchestrator.pc'
[1.773s] Level 1:colcon.colcon_core.environment:checking '/home/xelf/warehouse-automation/install/orchestrator/lib/python3.10/site-packages'
[1.773s] Level 1:colcon.colcon_core.shell:create_environment_hook('orchestrator', 'pythonpath')
[1.774s] INFO:colcon.colcon_core.shell:Creating environment hook '/home/xelf/warehouse-automation/install/orchestrator/share/orchestrator/hook/pythonpath.ps1'
[1.774s] INFO:colcon.colcon_core.shell:Creating environment descriptor '/home/xelf/warehouse-automation/install/orchestrator/share/orchestrator/hook/pythonpath.dsv'
[1.774s] INFO:colcon.colcon_core.shell:Creating environment hook '/home/xelf/warehouse-automation/install/orchestrator/share/orchestrator/hook/pythonpath.sh'
[1.775s] Level 1:colcon.colcon_core.environment:checking '/home/xelf/warehouse-automation/install/orchestrator/bin'
[1.775s] Level 1:colcon.colcon_core.environment:create_environment_scripts_only(orchestrator)
[1.775s] INFO:colcon.colcon_core.shell:Creating package script '/home/xelf/warehouse-automation/install/orchestrator/share/orchestrator/package.ps1'
[1.776s] INFO:colcon.colcon_core.shell:Creating package descriptor '/home/xelf/warehouse-automation/install/orchestrator/share/orchestrator/package.dsv'
[1.776s] INFO:colcon.colcon_core.shell:Creating package script '/home/xelf/warehouse-automation/install/orchestrator/share/orchestrator/package.sh'
[1.776s] INFO:colcon.colcon_core.shell:Creating package script '/home/xelf/warehouse-automation/install/orchestrator/share/orchestrator/package.bash'
[1.777s] INFO:colcon.colcon_core.shell:Creating package script '/home/xelf/warehouse-automation/install/orchestrator/share/orchestrator/package.zsh'
[1.777s] Level 1:colcon.colcon_core.environment:create_file_with_runtime_dependencies(/home/xelf/warehouse-automation/install/orchestrator/share/colcon-core/packages/orchestrator)
[1.780s] Level 1:colcon.colcon_core.shell:create_environment_hook('cuopt_bridge', 'pythonpath_develop')
[1.780s] INFO:colcon.colcon_core.shell:Creating environment hook '/home/xelf/warehouse-automation/build/cuopt_bridge/share/cuopt_bridge/hook/pythonpath_develop.ps1'
[1.781s] DEBUG:colcon.colcon_core.event_handler.log_command:Invoked command in '/home/xelf/warehouse-automation/build/cuopt_bridge' returned '0': PYTHONPATH=/home/xelf/warehouse-automation/build/cuopt_bridge/prefix_override:/usr/lib/python3/dist-packages/colcon_core/task/python/colcon_distutils_commands:/home/xelf/warehouse-automation/install/cuopt_bridge/lib/python3.10/site-packages:${PYTHONPATH} /usr/bin/python3 -W ignore:setup.py install is deprecated -W ignore:easy_install command is deprecated setup.py develop --editable --build-directory /home/xelf/warehouse-automation/build/cuopt_bridge/build --no-deps symlink_data
[1.781s] INFO:colcon.colcon_core.shell:Creating environment descriptor '/home/xelf/warehouse-automation/build/cuopt_bridge/share/cuopt_bridge/hook/pythonpath_develop.dsv'
[1.781s] INFO:colcon.colcon_core.shell:Creating environment hook '/home/xelf/warehouse-automation/build/cuopt_bridge/share/cuopt_bridge/hook/pythonpath_develop.sh'
[1.782s] Level 1:colcon.colcon_core.environment:checking '/home/xelf/warehouse-automation/install/cuopt_bridge' for CMake module files
[1.782s] Level 1:colcon.colcon_core.environment:checking '/home/xelf/warehouse-automation/install/cuopt_bridge' for CMake config files
[1.782s] Level 1:colcon.colcon_core.environment:checking '/home/xelf/warehouse-automation/install/cuopt_bridge/lib'
[1.782s] Level 1:colcon.colcon_core.environment:checking '/home/xelf/warehouse-automation/install/cuopt_bridge/bin'
[1.782s] Level 1:colcon.colcon_core.environment:checking '/home/xelf/warehouse-automation/install/cuopt_bridge/lib/pkgconfig/cuopt_bridge.pc'
[1.783s] Level 1:colcon.colcon_core.environment:checking '/home/xelf/warehouse-automation/install/cuopt_bridge/lib/python3.10/site-packages'
[1.783s] Level 1:colcon.colcon_core.shell:create_environment_hook('cuopt_bridge', 'pythonpath')
[1.783s] INFO:colcon.colcon_core.shell:Creating environment hook '/home/xelf/warehouse-automation/install/cuopt_bridge/share/cuopt_bridge/hook/pythonpath.ps1'
[1.783s] INFO:colcon.colcon_core.shell:Creating environment descriptor '/home/xelf/warehouse-automation/install/cuopt_bridge/share/cuopt_bridge/hook/pythonpath.dsv'
[1.783s] INFO:colcon.colcon_core.shell:Creating environment hook '/home/xelf/warehouse-automation/install/cuopt_bridge/share/cuopt_bridge/hook/pythonpath.sh'
[1.784s] Level 1:colcon.colcon_core.environment:checking '/home/xelf/warehouse-automation/install/cuopt_bridge/bin'
[1.784s] Level 1:colcon.colcon_core.environment:create_environment_scripts_only(cuopt_bridge)
[1.784s] INFO:colcon.colcon_core.shell:Creating package script '/home/xelf/warehouse-automation/install/cuopt_bridge/share/cuopt_bridge/package.ps1'
[1.784s] INFO:colcon.colcon_core.shell:Creating package descriptor '/home/xelf/warehouse-automation/install/cuopt_bridge/share/cuopt_bridge/package.dsv'
[1.784s] INFO:colcon.colcon_core.shell:Creating package script '/home/xelf/warehouse-automation/install/cuopt_bridge/share/cuopt_bridge/package.sh'
[1.785s] INFO:colcon.colcon_core.shell:Creating package script '/home/xelf/warehouse-automation/install/cuopt_bridge/share/cuopt_bridge/package.bash'
[1.785s] INFO:colcon.colcon_core.shell:Creating package script '/home/xelf/warehouse-automation/install/cuopt_bridge/share/cuopt_bridge/package.zsh'
[1.785s] Level 1:colcon.colcon_core.environment:create_file_with_runtime_dependencies(/home/xelf/warehouse-automation/install/cuopt_bridge/share/colcon-core/packages/cuopt_bridge)
[1.785s] DEBUG:colcon.colcon_parallel_executor.executor.parallel:closing loop
[1.786s] DEBUG:colcon.colcon_parallel_executor.executor.parallel:loop closed
[1.786s] DEBUG:colcon.colcon_parallel_executor.executor.parallel:run_until_complete finished with '0'
[1.786s] DEBUG:colcon.colcon_core.event_reactor:joining thread
[1.942s] INFO:colcon.colcon_core.plugin_system:Skipping extension 'colcon_notification.desktop_notification.notify_send': Could not find 'notify-send'
[1.942s] INFO:colcon.colcon_core.plugin_system:Skipping extension 'colcon_notification.desktop_notification.terminal_notifier': Not used on non-Darwin systems
[1.942s] INFO:colcon.colcon_core.plugin_system:Skipping extension 'colcon_notification.desktop_notification.win32': Not used on non-Windows systems
[1.942s] INFO:colcon.colcon_notification.desktop_notification:Sending desktop notification using 'notify2'
[1.942s] DEBUG:colcon.colcon_notification.desktop_notification.notify2:Failed to initialize notify2: org.freedesktop.DBus.Error.FileNotFound: Failed to connect to socket /run/user/1000/bus: No such file or directory
[1.942s] DEBUG:colcon.colcon_core.event_reactor:joined thread
[1.943s] INFO:colcon.colcon_core.shell:Creating prefix script '/home/xelf/warehouse-automation/install/local_setup.ps1'
[1.943s] INFO:colcon.colcon_core.shell:Creating prefix util module '/home/xelf/warehouse-automation/install/_local_setup_util_ps1.py'
[1.945s] INFO:colcon.colcon_core.shell:Creating prefix chain script '/home/xelf/warehouse-automation/install/setup.ps1'
[1.946s] INFO:colcon.colcon_core.shell:Creating prefix script '/home/xelf/warehouse-automation/install/local_setup.sh'
[1.946s] INFO:colcon.colcon_core.shell:Creating prefix util module '/home/xelf/warehouse-automation/install/_local_setup_util_sh.py'
[1.946s] INFO:colcon.colcon_core.shell:Creating prefix chain script '/home/xelf/warehouse-automation/install/setup.sh'
[1.947s] INFO:colcon.colcon_core.shell:Creating prefix script '/home/xelf/warehouse-automation/install/local_setup.bash'
[1.947s] INFO:colcon.colcon_core.shell:Creating prefix chain script '/home/xelf/warehouse-automation/install/setup.bash'
[1.948s] INFO:colcon.colcon_core.shell:Creating prefix script '/home/xelf/warehouse-automation/install/local_setup.zsh'
[1.948s] INFO:colcon.colcon_core.shell:Creating prefix chain script '/home/xelf/warehouse-automation/install/setup.zsh'
