[1.781s] Invoking command in '/home/ubuntu/warehouse-automation-001/order_system': PYTHONPATH=/home/ubuntu/warehouse-automation-001/build/order_system/prefix_override:/usr/lib/python3/dist-packages/colcon_core/task/python/colcon_distutils_commands:/home/ubuntu/warehouse-automation-001/install/order_system/lib/python3.10/site-packages:${PYTHONPATH} /usr/bin/python3 -W ignore:setup.py install is deprecated -W ignore:easy_install command is deprecated setup.py egg_info --egg-base ../build/order_system build --build-base /home/ubuntu/warehouse-automation-001/build/order_system/build install --record /home/ubuntu/warehouse-automation-001/build/order_system/install.log --single-version-externally-managed install_data
[2.071s] running egg_info
[2.084s] creating ../build/order_system/order_system.egg-info
[2.084s] writing ../build/order_system/order_system.egg-info/PKG-INFO
[2.085s] writing dependency_links to ../build/order_system/order_system.egg-info/dependency_links.txt
[2.085s] writing entry points to ../build/order_system/order_system.egg-info/entry_points.txt
[2.086s] writing requirements to ../build/order_system/order_system.egg-info/requires.txt
[2.086s] writing top-level names to ../build/order_system/order_system.egg-info/top_level.txt
[2.090s] writing manifest file '../build/order_system/order_system.egg-info/SOURCES.txt'
[2.125s] reading manifest file '../build/order_system/order_system.egg-info/SOURCES.txt'
[2.127s] writing manifest file '../build/order_system/order_system.egg-info/SOURCES.txt'
[2.128s] running build
[2.128s] running build_py
[2.128s] creating /home/ubuntu/warehouse-automation-001/build/order_system/build/lib/order_system
[2.128s] copying order_system/order_publisher.py -> /home/ubuntu/warehouse-automation-001/build/order_system/build/lib/order_system
[2.128s] copying order_system/__init__.py -> /home/ubuntu/warehouse-automation-001/build/order_system/build/lib/order_system
[2.129s] copying order_system/order_generator.py -> /home/ubuntu/warehouse-automation-001/build/order_system/build/lib/order_system
[2.129s] copying order_system/order_listener.py -> /home/ubuntu/warehouse-automation-001/build/order_system/build/lib/order_system
[2.130s] running install
[2.138s] running install_lib
[2.156s] creating /home/ubuntu/warehouse-automation-001/install/order_system/lib/python3.10/site-packages/order_system
[2.156s] copying /home/ubuntu/warehouse-automation-001/build/order_system/build/lib/order_system/order_publisher.py -> /home/ubuntu/warehouse-automation-001/install/order_system/lib/python3.10/site-packages/order_system
[2.156s] copying /home/ubuntu/warehouse-automation-001/build/order_system/build/lib/order_system/__init__.py -> /home/ubuntu/warehouse-automation-001/install/order_system/lib/python3.10/site-packages/order_system
[2.156s] copying /home/ubuntu/warehouse-automation-001/build/order_system/build/lib/order_system/order_generator.py -> /home/ubuntu/warehouse-automation-001/install/order_system/lib/python3.10/site-packages/order_system
[2.156s] copying /home/ubuntu/warehouse-automation-001/build/order_system/build/lib/order_system/order_listener.py -> /home/ubuntu/warehouse-automation-001/install/order_system/lib/python3.10/site-packages/order_system
[2.157s] byte-compiling /home/ubuntu/warehouse-automation-001/install/order_system/lib/python3.10/site-packages/order_system/order_publisher.py to order_publisher.cpython-310.pyc
[2.157s] byte-compiling /home/ubuntu/warehouse-automation-001/install/order_system/lib/python3.10/site-packages/order_system/__init__.py to __init__.cpython-310.pyc
[2.159s] byte-compiling /home/ubuntu/warehouse-automation-001/install/order_system/lib/python3.10/site-packages/order_system/order_generator.py to order_generator.cpython-310.pyc
[2.159s] byte-compiling /home/ubuntu/warehouse-automation-001/install/order_system/lib/python3.10/site-packages/order_system/order_listener.py to order_listener.cpython-310.pyc
[2.159s] running install_data
[2.159s] creating /home/ubuntu/warehouse-automation-001/install/order_system/share/ament_index/resource_index/packages
[2.160s] copying resource/order_system -> /home/ubuntu/warehouse-automation-001/install/order_system/share/ament_index/resource_index/packages
[2.160s] copying package.xml -> /home/ubuntu/warehouse-automation-001/install/order_system/share/order_system
[2.161s] creating /home/ubuntu/warehouse-automation-001/install/order_system/share/order_system/launch
[2.161s] copying launch/order_system_launch.py -> /home/ubuntu/warehouse-automation-001/install/order_system/share/order_system/launch
[2.162s] copying launch/warehouse_launch.py -> /home/ubuntu/warehouse-automation-001/install/order_system/share/order_system/launch
[2.162s] copying launch/complete_warehouse.launch.py -> /home/ubuntu/warehouse-automation-001/install/order_system/share/order_system/launch
[2.162s] copying launch/complete_warehouse_fleet.launch.py -> /home/ubuntu/warehouse-automation-001/install/order_system/share/order_system/launch
[2.162s] copying launch/ros_nodes.launch.py -> /home/ubuntu/warehouse-automation-001/install/order_system/share/order_system/launch
[2.162s] running install_egg_info
[2.184s] Copying ../build/order_system/order_system.egg-info to /home/ubuntu/warehouse-automation-001/install/order_system/lib/python3.10/site-packages/order_system-0.0.0-py3.10.egg-info
[2.184s] running install_scripts
[2.221s] Installing order_generator script to /home/ubuntu/warehouse-automation-001/install/order_system/lib/order_system
[2.221s] Installing order_listener script to /home/ubuntu/warehouse-automation-001/install/order_system/lib/order_system
[2.222s] writing list of installed files to '/home/ubuntu/warehouse-automation-001/build/order_system/install.log'
[2.258s] Invoked command in '/home/ubuntu/warehouse-automation-001/order_system' returned '0': PYTHONPATH=/home/ubuntu/warehouse-automation-001/build/order_system/prefix_override:/usr/lib/python3/dist-packages/colcon_core/task/python/colcon_distutils_commands:/home/ubuntu/warehouse-automation-001/install/order_system/lib/python3.10/site-packages:${PYTHONPATH} /usr/bin/python3 -W ignore:setup.py install is deprecated -W ignore:easy_install command is deprecated setup.py egg_info --egg-base ../build/order_system build --build-base /home/ubuntu/warehouse-automation-001/build/order_system/build install --record /home/ubuntu/warehouse-automation-001/build/order_system/install.log --single-version-externally-managed install_data
