[0.609s] Invoking command in '/home/xelf/warehouse-automation/build/orchestrator': PYTHONPATH=/home/xelf/warehouse-automation/build/orchestrator/prefix_override:/usr/lib/python3/dist-packages/colcon_core/task/python/colcon_distutils_commands:/home/xelf/warehouse-automation/install/orchestrator/lib/python3.10/site-packages:${PYTHONPATH} /usr/bin/python3 -W ignore:setup.py install is deprecated -W ignore:easy_install command is deprecated setup.py develop --editable --build-directory /home/xelf/warehouse-automation/build/orchestrator/build --no-deps symlink_data
[0.779s] running develop
[0.867s] running egg_info
[0.867s] writing orchestrator.egg-info/PKG-INFO
[0.868s] writing dependency_links to orchestrator.egg-info/dependency_links.txt
[0.868s] writing entry points to orchestrator.egg-info/entry_points.txt
[0.868s] writing requirements to orchestrator.egg-info/requires.txt
[0.868s] writing top-level names to orchestrator.egg-info/top_level.txt
[0.870s] reading manifest file 'orchestrator.egg-info/SOURCES.txt'
[0.870s] writing manifest file 'orchestrator.egg-info/SOURCES.txt'
[0.871s] running build_ext
[0.871s] Creating /home/xelf/warehouse-automation/install/orchestrator/lib/python3.10/site-packages/orchestrator.egg-link (link to .)
[0.872s] Installing amr_robot script to /home/xelf/warehouse-automation/install/orchestrator/lib/orchestrator
[0.872s] Installing fleet_manager script to /home/xelf/warehouse-automation/install/orchestrator/lib/orchestrator
[0.872s] Installing fleet_task_generator script to /home/xelf/warehouse-automation/install/orchestrator/lib/orchestrator
[0.872s] Installing fleet_visualization script to /home/xelf/warehouse-automation/install/orchestrator/lib/orchestrator
[0.872s] Installing gazebo_robot_mover script to /home/xelf/warehouse-automation/install/orchestrator/lib/orchestrator
[0.872s] Installing orchestrator script to /home/xelf/warehouse-automation/install/orchestrator/lib/orchestrator
[0.873s] Installing robot_state_monitor script to /home/xelf/warehouse-automation/install/orchestrator/lib/orchestrator
[0.873s] Installing task_executor script to /home/xelf/warehouse-automation/install/orchestrator/lib/orchestrator
[0.873s] 
[0.873s] Installed /home/xelf/warehouse-automation/build/orchestrator
[0.873s] running symlink_data
[0.897s] Invoked command in '/home/xelf/warehouse-automation/build/orchestrator' returned '0': PYTHONPATH=/home/xelf/warehouse-automation/build/orchestrator/prefix_override:/usr/lib/python3/dist-packages/colcon_core/task/python/colcon_distutils_commands:/home/xelf/warehouse-automation/install/orchestrator/lib/python3.10/site-packages:${PYTHONPATH} /usr/bin/python3 -W ignore:setup.py install is deprecated -W ignore:easy_install command is deprecated setup.py develop --editable --build-directory /home/xelf/warehouse-automation/build/orchestrator/build --no-deps symlink_data
