[2.266s] Invoking command in '/home/xelf/warehouse-automation-001/cuopt_bridge': PYTHONPATH=/home/xelf/warehouse-automation-001/build/cuopt_bridge/prefix_override:/usr/lib/python3/dist-packages/colcon_core/task/python/colcon_distutils_commands:/home/xelf/warehouse-automation-001/install/cuopt_bridge/lib/python3.10/site-packages:${PYTHONPATH} /usr/bin/python3 -W ignore:setup.py install is deprecated -W ignore:easy_install command is deprecated setup.py egg_info --egg-base ../build/cuopt_bridge build --build-base /home/xelf/warehouse-automation-001/build/cuopt_bridge/build install --record /home/xelf/warehouse-automation-001/build/cuopt_bridge/install.log --single-version-externally-managed install_data
[2.727s] running egg_info
[2.728s] writing ../build/cuopt_bridge/cuopt_bridge.egg-info/PKG-INFO
[2.728s] writing dependency_links to ../build/cuopt_bridge/cuopt_bridge.egg-info/dependency_links.txt
[2.729s] writing entry points to ../build/cuopt_bridge/cuopt_bridge.egg-info/entry_points.txt
[2.729s] writing requirements to ../build/cuopt_bridge/cuopt_bridge.egg-info/requires.txt
[2.729s] writing top-level names to ../build/cuopt_bridge/cuopt_bridge.egg-info/top_level.txt
[2.733s] reading manifest file '../build/cuopt_bridge/cuopt_bridge.egg-info/SOURCES.txt'
[2.734s] writing manifest file '../build/cuopt_bridge/cuopt_bridge.egg-info/SOURCES.txt'
[2.734s] running build
[2.735s] running build_py
[2.735s] running install
[2.735s] running install_lib
[2.738s] running install_data
[2.738s] running install_egg_info
[2.741s] removing '/home/xelf/warehouse-automation-001/install/cuopt_bridge/lib/python3.10/site-packages/cuopt_bridge-0.0.0-py3.10.egg-info' (and everything under it)
[2.741s] Copying ../build/cuopt_bridge/cuopt_bridge.egg-info to /home/xelf/warehouse-automation-001/install/cuopt_bridge/lib/python3.10/site-packages/cuopt_bridge-0.0.0-py3.10.egg-info
[2.743s] running install_scripts
[2.782s] Installing cuopt_bridge script to /home/xelf/warehouse-automation-001/install/cuopt_bridge/lib/cuopt_bridge
[2.784s] Installing cuopt_client script to /home/xelf/warehouse-automation-001/install/cuopt_bridge/lib/cuopt_bridge
[2.784s] writing list of installed files to '/home/xelf/warehouse-automation-001/build/cuopt_bridge/install.log'
[2.828s] Invoked command in '/home/xelf/warehouse-automation-001/cuopt_bridge' returned '0': PYTHONPATH=/home/xelf/warehouse-automation-001/build/cuopt_bridge/prefix_override:/usr/lib/python3/dist-packages/colcon_core/task/python/colcon_distutils_commands:/home/xelf/warehouse-automation-001/install/cuopt_bridge/lib/python3.10/site-packages:${PYTHONPATH} /usr/bin/python3 -W ignore:setup.py install is deprecated -W ignore:easy_install command is deprecated setup.py egg_info --egg-base ../build/cuopt_bridge build --build-base /home/xelf/warehouse-automation-001/build/cuopt_bridge/build install --record /home/xelf/warehouse-automation-001/build/cuopt_bridge/install.log --single-version-externally-managed install_data
