running egg_info
writing ../build/order_system/order_system.egg-info/PKG-INFO
writing dependency_links to ../build/order_system/order_system.egg-info/dependency_links.txt
writing entry points to ../build/order_system/order_system.egg-info/entry_points.txt
writing requirements to ../build/order_system/order_system.egg-info/requires.txt
writing top-level names to ../build/order_system/order_system.egg-info/top_level.txt
reading manifest file '../build/order_system/order_system.egg-info/SOURCES.txt'
writing manifest file '../build/order_system/order_system.egg-info/SOURCES.txt'
running build
running build_py
running install
running install_lib
running install_data
running install_egg_info
removing '/home/xelf/warehouse-automation-001/install/order_system/lib/python3.10/site-packages/order_system-0.0.0-py3.10.egg-info' (and everything under it)
Copying ../build/order_system/order_system.egg-info to /home/xelf/warehouse-automation-001/install/order_system/lib/python3.10/site-packages/order_system-0.0.0-py3.10.egg-info
running install_scripts
Installing order_generator script to /home/xelf/warehouse-automation-001/install/order_system/lib/order_system
Installing order_listener script to /home/xelf/warehouse-automation-001/install/order_system/lib/order_system
writing list of installed files to '/home/xelf/warehouse-automation-001/build/order_system/install.log'
