[1.535s] Invoking command in '/home/xelf/warehouse-automation-001/order_system': PYTHONPATH=/home/xelf/warehouse-automation-001/build/order_system/prefix_override:/usr/lib/python3/dist-packages/colcon_core/task/python/colcon_distutils_commands:/home/xelf/warehouse-automation-001/install/order_system/lib/python3.10/site-packages:${PYTHONPATH} /usr/bin/python3 -W ignore:setup.py install is deprecated -W ignore:easy_install command is deprecated setup.py egg_info --egg-base ../build/order_system build --build-base /home/xelf/warehouse-automation-001/build/order_system/build install --record /home/xelf/warehouse-automation-001/build/order_system/install.log --single-version-externally-managed install_data
[1.718s] running egg_info
[1.719s] writing ../build/order_system/order_system.egg-info/PKG-INFO
[1.719s] writing dependency_links to ../build/order_system/order_system.egg-info/dependency_links.txt
[1.719s] writing entry points to ../build/order_system/order_system.egg-info/entry_points.txt
[1.719s] writing requirements to ../build/order_system/order_system.egg-info/requires.txt
[1.719s] writing top-level names to ../build/order_system/order_system.egg-info/top_level.txt
[1.724s] reading manifest file '../build/order_system/order_system.egg-info/SOURCES.txt'
[1.725s] writing manifest file '../build/order_system/order_system.egg-info/SOURCES.txt'
[1.725s] running build
[1.726s] running build_py
[1.726s] running install
[1.728s] running install_lib
[1.733s] running install_data
[1.733s] running install_egg_info
[1.734s] removing '/home/xelf/warehouse-automation-001/install/order_system/lib/python3.10/site-packages/order_system-0.0.0-py3.10.egg-info' (and everything under it)
[1.734s] Copying ../build/order_system/order_system.egg-info to /home/xelf/warehouse-automation-001/install/order_system/lib/python3.10/site-packages/order_system-0.0.0-py3.10.egg-info
[1.734s] running install_scripts
[1.748s] Installing order_generator script to /home/xelf/warehouse-automation-001/install/order_system/lib/order_system
[1.748s] Installing order_listener script to /home/xelf/warehouse-automation-001/install/order_system/lib/order_system
[1.748s] writing list of installed files to '/home/xelf/warehouse-automation-001/build/order_system/install.log'
[1.785s] Invoked command in '/home/xelf/warehouse-automation-001/order_system' returned '0': PYTHONPATH=/home/xelf/warehouse-automation-001/build/order_system/prefix_override:/usr/lib/python3/dist-packages/colcon_core/task/python/colcon_distutils_commands:/home/xelf/warehouse-automation-001/install/order_system/lib/python3.10/site-packages:${PYTHONPATH} /usr/bin/python3 -W ignore:setup.py install is deprecated -W ignore:easy_install command is deprecated setup.py egg_info --egg-base ../build/order_system build --build-base /home/xelf/warehouse-automation-001/build/order_system/build install --record /home/xelf/warehouse-automation-001/build/order_system/install.log --single-version-externally-managed install_data
