/home/ubuntu/warehouse-automation-001/install/amr_description/lib/python3.10/site-packages/amr_description/__init__.py
/home/ubuntu/warehouse-automation-001/install/amr_description/lib/python3.10/site-packages/amr_description/__pycache__/__init__.cpython-310.pyc
/home/ubuntu/warehouse-automation-001/install/amr_description/share/ament_index/resource_index/packages/amr_description
/home/ubuntu/warehouse-automation-001/install/amr_description/share/amr_description/package.xml
/home/ubuntu/warehouse-automation-001/install/amr_description/share/amr_description/urdf/amr_robot.urdf
/home/ubuntu/warehouse-automation-001/install/amr_description/share/amr_description/urdf/amr_robot_diffdrive.urdf
/home/ubuntu/warehouse-automation-001/install/amr_description/share/amr_description/worlds/warehouse.world
/home/ubuntu/warehouse-automation-001/install/amr_description/share/amr_description/launch/gazebo_simple.launch.py
/home/ubuntu/warehouse-automation-001/install/amr_description/share/amr_description/launch/spawn_robots.launch.py
/home/ubuntu/warehouse-automation-001/install/amr_description/share/amr_description/launch/warehouse_gzros.launch.py
/home/ubuntu/warehouse-automation-001/install/amr_description/share/amr_description/launch/gazebo.launch.py
/home/ubuntu/warehouse-automation-001/install/amr_description/share/amr_description/launch/spawn_amrs.launch.py
/home/ubuntu/warehouse-automation-001/install/amr_description/share/amr_description/launch/gazebo_ros.launch.py
/home/ubuntu/warehouse-automation-001/install/amr_description/share/amr_description/launch/spawn_amr_diffdrive.launch.py
/home/ubuntu/warehouse-automation-001/install/amr_description/share/amr_description/launch/warehouse_complete.launch.py
/home/ubuntu/warehouse-automation-001/install/amr_description/share/amr_description/config/amr_controllers.yaml
/home/ubuntu/warehouse-automation-001/install/amr_description/lib/python3.10/site-packages/amr_description-0.0.0-py3.10.egg-info/SOURCES.txt
/home/ubuntu/warehouse-automation-001/install/amr_description/lib/python3.10/site-packages/amr_description-0.0.0-py3.10.egg-info/dependency_links.txt
/home/ubuntu/warehouse-automation-001/install/amr_description/lib/python3.10/site-packages/amr_description-0.0.0-py3.10.egg-info/zip-safe
/home/ubuntu/warehouse-automation-001/install/amr_description/lib/python3.10/site-packages/amr_description-0.0.0-py3.10.egg-info/requires.txt
/home/ubuntu/warehouse-automation-001/install/amr_description/lib/python3.10/site-packages/amr_description-0.0.0-py3.10.egg-info/top_level.txt
/home/ubuntu/warehouse-automation-001/install/amr_description/lib/python3.10/site-packages/amr_description-0.0.0-py3.10.egg-info/PKG-INFO
