[0.611s] Invoking command in '/home/ubuntu/warehouse-automation-001/orchestrator': PYTHONPATH=/home/ubuntu/warehouse-automation-001/build/orchestrator/prefix_override:/usr/lib/python3/dist-packages/colcon_core/task/python/colcon_distutils_commands:/home/ubuntu/warehouse-automation-001/install/orchestrator/lib/python3.10/site-packages:${PYTHONPATH} /usr/bin/python3 -W ignore:setup.py install is deprecated -W ignore:easy_install command is deprecated setup.py egg_info --egg-base ../build/orchestrator build --build-base /home/ubuntu/warehouse-automation-001/build/orchestrator/build install --record /home/ubuntu/warehouse-automation-001/build/orchestrator/install.log --single-version-externally-managed install_data
[0.857s] running egg_info
[0.873s] writing ../build/orchestrator/orchestrator.egg-info/PKG-INFO
[0.874s] writing dependency_links to ../build/orchestrator/orchestrator.egg-info/dependency_links.txt
[0.874s] writing entry points to ../build/orchestrator/orchestrator.egg-info/entry_points.txt
[0.874s] writing requirements to ../build/orchestrator/orchestrator.egg-info/requires.txt
[0.874s] writing top-level names to ../build/orchestrator/orchestrator.egg-info/top_level.txt
[0.913s] reading manifest file '../build/orchestrator/orchestrator.egg-info/SOURCES.txt'
[0.914s] writing manifest file '../build/orchestrator/orchestrator.egg-info/SOURCES.txt'
[0.914s] running build
[0.914s] running build_py
[0.915s] copying orchestrator/gazebo_velocity_mover.py -> /home/ubuntu/warehouse-automation-001/build/orchestrator/build/lib/orchestrator
[0.915s] copying orchestrator/fleet_task_generator.py -> /home/ubuntu/warehouse-automation-001/build/orchestrator/build/lib/orchestrator
[0.915s] copying orchestrator/fleet_visualization.py -> /home/ubuntu/warehouse-automation-001/build/orchestrator/build/lib/orchestrator
[0.915s] copying orchestrator/amr_robot.py -> /home/ubuntu/warehouse-automation-001/build/orchestrator/build/lib/orchestrator
[0.915s] copying orchestrator/gazebo_fleet_viz.py -> /home/ubuntu/warehouse-automation-001/build/orchestrator/build/lib/orchestrator
[0.916s] copying orchestrator/robot_state_monitor.py -> /home/ubuntu/warehouse-automation-001/build/orchestrator/build/lib/orchestrator
[0.916s] copying orchestrator/__init__.py -> /home/ubuntu/warehouse-automation-001/build/orchestrator/build/lib/orchestrator
[0.916s] copying orchestrator/gazebo_robot_mover.py -> /home/ubuntu/warehouse-automation-001/build/orchestrator/build/lib/orchestrator
[0.916s] copying orchestrator/orchestrator.py -> /home/ubuntu/warehouse-automation-001/build/orchestrator/build/lib/orchestrator
[0.916s] copying orchestrator/gazebo_fleet_controller.py -> /home/ubuntu/warehouse-automation-001/build/orchestrator/build/lib/orchestrator
[0.916s] copying orchestrator/task_executor.py -> /home/ubuntu/warehouse-automation-001/build/orchestrator/build/lib/orchestrator
[0.917s] copying orchestrator/gazebo_fleet_mover.py -> /home/ubuntu/warehouse-automation-001/build/orchestrator/build/lib/orchestrator
[0.917s] copying orchestrator/fleet_dashboard.py -> /home/ubuntu/warehouse-automation-001/build/orchestrator/build/lib/orchestrator
[0.917s] copying orchestrator/simple_mover.py -> /home/ubuntu/warehouse-automation-001/build/orchestrator/build/lib/orchestrator
[0.917s] copying orchestrator/fleet_manager.py -> /home/ubuntu/warehouse-automation-001/build/orchestrator/build/lib/orchestrator
[0.917s] copying orchestrator/test_gazebo_mover.py -> /home/ubuntu/warehouse-automation-001/build/orchestrator/build/lib/orchestrator
[0.918s] running install
[0.921s] running install_lib
[0.939s] copying /home/ubuntu/warehouse-automation-001/build/orchestrator/build/lib/orchestrator/gazebo_fleet_mover.py -> /home/ubuntu/warehouse-automation-001/install/orchestrator/lib/python3.10/site-packages/orchestrator
[0.940s] byte-compiling /home/ubuntu/warehouse-automation-001/install/orchestrator/lib/python3.10/site-packages/orchestrator/gazebo_fleet_mover.py to gazebo_fleet_mover.cpython-310.pyc
[0.941s] running install_data
[0.941s] copying resource/orchestrator -> /home/ubuntu/warehouse-automation-001/install/orchestrator/share/ament_index/resource_index/packages
[0.941s] copying package.xml -> /home/ubuntu/warehouse-automation-001/install/orchestrator/share/orchestrator
[0.941s] copying launch/orchestrator_launch.py -> /home/ubuntu/warehouse-automation-001/install/orchestrator/share/orchestrator/launch
[0.941s] copying launch/production_fleet.launch.py -> /home/ubuntu/warehouse-automation-001/install/orchestrator/share/orchestrator/launch
[0.942s] running install_egg_info
[0.959s] removing '/home/ubuntu/warehouse-automation-001/install/orchestrator/lib/python3.10/site-packages/orchestrator-0.0.0-py3.10.egg-info' (and everything under it)
[0.960s] Copying ../build/orchestrator/orchestrator.egg-info to /home/ubuntu/warehouse-automation-001/install/orchestrator/lib/python3.10/site-packages/orchestrator-0.0.0-py3.10.egg-info
[0.961s] running install_scripts
[0.996s] Installing amr_robot script to /home/ubuntu/warehouse-automation-001/install/orchestrator/lib/orchestrator
[0.996s] Installing fleet_dashboard script to /home/ubuntu/warehouse-automation-001/install/orchestrator/lib/orchestrator
[0.996s] Installing fleet_manager script to /home/ubuntu/warehouse-automation-001/install/orchestrator/lib/orchestrator
[0.997s] Installing fleet_task_generator script to /home/ubuntu/warehouse-automation-001/install/orchestrator/lib/orchestrator
[0.997s] Installing fleet_visualization script to /home/ubuntu/warehouse-automation-001/install/orchestrator/lib/orchestrator
[0.997s] Installing gazebo_fleet_mover script to /home/ubuntu/warehouse-automation-001/install/orchestrator/lib/orchestrator
[0.997s] Installing gazebo_velocity_mover script to /home/ubuntu/warehouse-automation-001/install/orchestrator/lib/orchestrator
[0.997s] Installing orchestrator script to /home/ubuntu/warehouse-automation-001/install/orchestrator/lib/orchestrator
[0.997s] Installing robot_state_monitor script to /home/ubuntu/warehouse-automation-001/install/orchestrator/lib/orchestrator
[0.997s] Installing simple_mover script to /home/ubuntu/warehouse-automation-001/install/orchestrator/lib/orchestrator
[0.997s] Installing task_executor script to /home/ubuntu/warehouse-automation-001/install/orchestrator/lib/orchestrator
[0.997s] Installing test_gazebo_mover script to /home/ubuntu/warehouse-automation-001/install/orchestrator/lib/orchestrator
[0.998s] writing list of installed files to '/home/ubuntu/warehouse-automation-001/build/orchestrator/install.log'
[1.017s] Invoked command in '/home/ubuntu/warehouse-automation-001/orchestrator' returned '0': PYTHONPATH=/home/ubuntu/warehouse-automation-001/build/orchestrator/prefix_override:/usr/lib/python3/dist-packages/colcon_core/task/python/colcon_distutils_commands:/home/ubuntu/warehouse-automation-001/install/orchestrator/lib/python3.10/site-packages:${PYTHONPATH} /usr/bin/python3 -W ignore:setup.py install is deprecated -W ignore:easy_install command is deprecated setup.py egg_info --egg-base ../build/orchestrator build --build-base /home/ubuntu/warehouse-automation-001/build/orchestrator/build install --record /home/ubuntu/warehouse-automation-001/build/orchestrator/install.log --single-version-externally-managed install_data
