[1.693s] Invoking command in '/home/ubuntu/warehouse-automation-001/cuopt_bridge': PYTHONPATH=/home/ubuntu/warehouse-automation-001/build/cuopt_bridge/prefix_override:/usr/lib/python3/dist-packages/colcon_core/task/python/colcon_distutils_commands:/home/ubuntu/warehouse-automation-001/install/cuopt_bridge/lib/python3.10/site-packages:${PYTHONPATH} /usr/bin/python3 -W ignore:setup.py install is deprecated -W ignore:easy_install command is deprecated setup.py egg_info --egg-base ../build/cuopt_bridge build --build-base /home/ubuntu/warehouse-automation-001/build/cuopt_bridge/build install --record /home/ubuntu/warehouse-automation-001/build/cuopt_bridge/install.log --single-version-externally-managed install_data
[1.958s] running egg_info
[1.976s] creating ../build/cuopt_bridge/cuopt_bridge.egg-info
[1.976s] writing ../build/cuopt_bridge/cuopt_bridge.egg-info/PKG-INFO
[1.977s] writing dependency_links to ../build/cuopt_bridge/cuopt_bridge.egg-info/dependency_links.txt
[1.977s] writing entry points to ../build/cuopt_bridge/cuopt_bridge.egg-info/entry_points.txt
[1.977s] writing requirements to ../build/cuopt_bridge/cuopt_bridge.egg-info/requires.txt
[1.977s] writing top-level names to ../build/cuopt_bridge/cuopt_bridge.egg-info/top_level.txt
[1.980s] writing manifest file '../build/cuopt_bridge/cuopt_bridge.egg-info/SOURCES.txt'
[2.019s] reading manifest file '../build/cuopt_bridge/cuopt_bridge.egg-info/SOURCES.txt'
[2.020s] writing manifest file '../build/cuopt_bridge/cuopt_bridge.egg-info/SOURCES.txt'
[2.020s] running build
[2.020s] running build_py
[2.020s] creating /home/ubuntu/warehouse-automation-001/build/cuopt_bridge/build/lib/cuopt_bridge
[2.021s] copying cuopt_bridge/cuopt_bridge.py -> /home/ubuntu/warehouse-automation-001/build/cuopt_bridge/build/lib/cuopt_bridge
[2.021s] copying cuopt_bridge/cuopt_client.py -> /home/ubuntu/warehouse-automation-001/build/cuopt_bridge/build/lib/cuopt_bridge
[2.021s] copying cuopt_bridge/__init__.py -> /home/ubuntu/warehouse-automation-001/build/cuopt_bridge/build/lib/cuopt_bridge
[2.021s] running install
[2.025s] running install_lib
[2.043s] creating /home/ubuntu/warehouse-automation-001/install/cuopt_bridge/lib/python3.10/site-packages/cuopt_bridge
[2.043s] copying /home/ubuntu/warehouse-automation-001/build/cuopt_bridge/build/lib/cuopt_bridge/cuopt_bridge.py -> /home/ubuntu/warehouse-automation-001/install/cuopt_bridge/lib/python3.10/site-packages/cuopt_bridge
[2.043s] copying /home/ubuntu/warehouse-automation-001/build/cuopt_bridge/build/lib/cuopt_bridge/cuopt_client.py -> /home/ubuntu/warehouse-automation-001/install/cuopt_bridge/lib/python3.10/site-packages/cuopt_bridge
[2.043s] copying /home/ubuntu/warehouse-automation-001/build/cuopt_bridge/build/lib/cuopt_bridge/__init__.py -> /home/ubuntu/warehouse-automation-001/install/cuopt_bridge/lib/python3.10/site-packages/cuopt_bridge
[2.044s] byte-compiling /home/ubuntu/warehouse-automation-001/install/cuopt_bridge/lib/python3.10/site-packages/cuopt_bridge/cuopt_bridge.py to cuopt_bridge.cpython-310.pyc
[2.047s] byte-compiling /home/ubuntu/warehouse-automation-001/install/cuopt_bridge/lib/python3.10/site-packages/cuopt_bridge/cuopt_client.py to cuopt_client.cpython-310.pyc
[2.050s] byte-compiling /home/ubuntu/warehouse-automation-001/install/cuopt_bridge/lib/python3.10/site-packages/cuopt_bridge/__init__.py to __init__.cpython-310.pyc
[2.050s] running install_data
[2.051s] creating /home/ubuntu/warehouse-automation-001/install/cuopt_bridge/share/ament_index/resource_index/packages
[2.051s] copying resource/cuopt_bridge -> /home/ubuntu/warehouse-automation-001/install/cuopt_bridge/share/ament_index/resource_index/packages
[2.051s] copying package.xml -> /home/ubuntu/warehouse-automation-001/install/cuopt_bridge/share/cuopt_bridge
[2.051s] creating /home/ubuntu/warehouse-automation-001/install/cuopt_bridge/share/cuopt_bridge/launch
[2.051s] copying launch/cuopt_bridge_launch.py -> /home/ubuntu/warehouse-automation-001/install/cuopt_bridge/share/cuopt_bridge/launch
[2.052s] running install_egg_info
[2.070s] Copying ../build/cuopt_bridge/cuopt_bridge.egg-info to /home/ubuntu/warehouse-automation-001/install/cuopt_bridge/lib/python3.10/site-packages/cuopt_bridge-0.0.0-py3.10.egg-info
[2.071s] running install_scripts
[2.113s] Installing cuopt_bridge script to /home/ubuntu/warehouse-automation-001/install/cuopt_bridge/lib/cuopt_bridge
[2.113s] Installing cuopt_client script to /home/ubuntu/warehouse-automation-001/install/cuopt_bridge/lib/cuopt_bridge
[2.114s] writing list of installed files to '/home/ubuntu/warehouse-automation-001/build/cuopt_bridge/install.log'
[2.134s] Invoked command in '/home/ubuntu/warehouse-automation-001/cuopt_bridge' returned '0': PYTHONPATH=/home/ubuntu/warehouse-automation-001/build/cuopt_bridge/prefix_override:/usr/lib/python3/dist-packages/colcon_core/task/python/colcon_distutils_commands:/home/ubuntu/warehouse-automation-001/install/cuopt_bridge/lib/python3.10/site-packages:${PYTHONPATH} /usr/bin/python3 -W ignore:setup.py install is deprecated -W ignore:easy_install command is deprecated setup.py egg_info --egg-base ../build/cuopt_bridge build --build-base /home/ubuntu/warehouse-automation-001/build/cuopt_bridge/build install --record /home/ubuntu/warehouse-automation-001/build/cuopt_bridge/install.log --single-version-externally-managed install_data
