running egg_info
creating ../build/order_system/order_system.egg-info
writing ../build/order_system/order_system.egg-info/PKG-INFO
writing dependency_links to ../build/order_system/order_system.egg-info/dependency_links.txt
writing entry points to ../build/order_system/order_system.egg-info/entry_points.txt
writing requirements to ../build/order_system/order_system.egg-info/requires.txt
writing top-level names to ../build/order_system/order_system.egg-info/top_level.txt
writing manifest file '../build/order_system/order_system.egg-info/SOURCES.txt'
reading manifest file '../build/order_system/order_system.egg-info/SOURCES.txt'
writing manifest file '../build/order_system/order_system.egg-info/SOURCES.txt'
running build
running build_py
creating /home/xelf/warehouse-automation/build/order_system/build
creating /home/xelf/warehouse-automation/build/order_system/build/lib
creating /home/xelf/warehouse-automation/build/order_system/build/lib/order_system
copying order_system/order_publisher.py -> /home/xelf/warehouse-automation/build/order_system/build/lib/order_system
copying order_system/order_generator.py -> /home/xelf/warehouse-automation/build/order_system/build/lib/order_system
copying order_system/order_listener.py -> /home/xelf/warehouse-automation/build/order_system/build/lib/order_system
copying order_system/__init__.py -> /home/xelf/warehouse-automation/build/order_system/build/lib/order_system
running install
running install_lib
creating /home/xelf/warehouse-automation/install/order_system/lib/python3.10/site-packages/order_system
copying /home/xelf/warehouse-automation/build/order_system/build/lib/order_system/order_publisher.py -> /home/xelf/warehouse-automation/install/order_system/lib/python3.10/site-packages/order_system
copying /home/xelf/warehouse-automation/build/order_system/build/lib/order_system/order_generator.py -> /home/xelf/warehouse-automation/install/order_system/lib/python3.10/site-packages/order_system
copying /home/xelf/warehouse-automation/build/order_system/build/lib/order_system/order_listener.py -> /home/xelf/warehouse-automation/install/order_system/lib/python3.10/site-packages/order_system
copying /home/xelf/warehouse-automation/build/order_system/build/lib/order_system/__init__.py -> /home/xelf/warehouse-automation/install/order_system/lib/python3.10/site-packages/order_system
byte-compiling /home/xelf/warehouse-automation/install/order_system/lib/python3.10/site-packages/order_system/order_publisher.py to order_publisher.cpython-310.pyc
byte-compiling /home/xelf/warehouse-automation/install/order_system/lib/python3.10/site-packages/order_system/order_generator.py to order_generator.cpython-310.pyc
byte-compiling /home/xelf/warehouse-automation/install/order_system/lib/python3.10/site-packages/order_system/order_listener.py to order_listener.cpython-310.pyc
byte-compiling /home/xelf/warehouse-automation/install/order_system/lib/python3.10/site-packages/order_system/__init__.py to __init__.cpython-310.pyc
running install_data
creating /home/xelf/warehouse-automation/install/order_system/share/ament_index
creating /home/xelf/warehouse-automation/install/order_system/share/ament_index/resource_index
creating /home/xelf/warehouse-automation/install/order_system/share/ament_index/resource_index/packages
copying resource/order_system -> /home/xelf/warehouse-automation/install/order_system/share/ament_index/resource_index/packages
copying package.xml -> /home/xelf/warehouse-automation/install/order_system/share/order_system
creating /home/xelf/warehouse-automation/install/order_system/share/order_system/launch
copying launch/order_system_launch.py -> /home/xelf/warehouse-automation/install/order_system/share/order_system/launch
copying launch/warehouse_launch.py -> /home/xelf/warehouse-automation/install/order_system/share/order_system/launch
running install_egg_info
Copying ../build/order_system/order_system.egg-info to /home/xelf/warehouse-automation/install/order_system/lib/python3.10/site-packages/order_system-0.0.0-py3.10.egg-info
running install_scripts
Installing order_generator script to /home/xelf/warehouse-automation/install/order_system/lib/order_system
Installing order_listener script to /home/xelf/warehouse-automation/install/order_system/lib/order_system
writing list of installed files to '/home/xelf/warehouse-automation/build/order_system/install.log'
