[1.424s] Invoking command in '/home/xelf/warehouse-automation/order_system': PYTHONPATH=/home/xelf/warehouse-automation/build/order_system/prefix_override:/usr/lib/python3/dist-packages/colcon_core/task/python/colcon_distutils_commands:/home/xelf/warehouse-automation/install/order_system/lib/python3.10/site-packages:${PYTHONPATH} /usr/bin/python3 -W ignore:setup.py install is deprecated -W ignore:easy_install command is deprecated setup.py egg_info --egg-base ../build/order_system build --build-base /home/xelf/warehouse-automation/build/order_system/build install --record /home/xelf/warehouse-automation/build/order_system/install.log --single-version-externally-managed install_data
[1.619s] running egg_info
[1.620s] creating ../build/order_system/order_system.egg-info
[1.622s] writing ../build/order_system/order_system.egg-info/PKG-INFO
[1.622s] writing dependency_links to ../build/order_system/order_system.egg-info/dependency_links.txt
[1.622s] writing entry points to ../build/order_system/order_system.egg-info/entry_points.txt
[1.623s] writing requirements to ../build/order_system/order_system.egg-info/requires.txt
[1.623s] writing top-level names to ../build/order_system/order_system.egg-info/top_level.txt
[1.623s] writing manifest file '../build/order_system/order_system.egg-info/SOURCES.txt'
[1.626s] reading manifest file '../build/order_system/order_system.egg-info/SOURCES.txt'
[1.627s] writing manifest file '../build/order_system/order_system.egg-info/SOURCES.txt'
[1.627s] running build
[1.627s] running build_py
[1.628s] creating /home/xelf/warehouse-automation/build/order_system/build
[1.628s] creating /home/xelf/warehouse-automation/build/order_system/build/lib
[1.628s] creating /home/xelf/warehouse-automation/build/order_system/build/lib/order_system
[1.629s] copying order_system/order_publisher.py -> /home/xelf/warehouse-automation/build/order_system/build/lib/order_system
[1.629s] copying order_system/order_generator.py -> /home/xelf/warehouse-automation/build/order_system/build/lib/order_system
[1.629s] copying order_system/order_listener.py -> /home/xelf/warehouse-automation/build/order_system/build/lib/order_system
[1.630s] copying order_system/__init__.py -> /home/xelf/warehouse-automation/build/order_system/build/lib/order_system
[1.630s] running install
[1.630s] running install_lib
[1.630s] creating /home/xelf/warehouse-automation/install/order_system/lib/python3.10/site-packages/order_system
[1.630s] copying /home/xelf/warehouse-automation/build/order_system/build/lib/order_system/order_publisher.py -> /home/xelf/warehouse-automation/install/order_system/lib/python3.10/site-packages/order_system
[1.631s] copying /home/xelf/warehouse-automation/build/order_system/build/lib/order_system/order_generator.py -> /home/xelf/warehouse-automation/install/order_system/lib/python3.10/site-packages/order_system
[1.631s] copying /home/xelf/warehouse-automation/build/order_system/build/lib/order_system/order_listener.py -> /home/xelf/warehouse-automation/install/order_system/lib/python3.10/site-packages/order_system
[1.631s] copying /home/xelf/warehouse-automation/build/order_system/build/lib/order_system/__init__.py -> /home/xelf/warehouse-automation/install/order_system/lib/python3.10/site-packages/order_system
[1.631s] byte-compiling /home/xelf/warehouse-automation/install/order_system/lib/python3.10/site-packages/order_system/order_publisher.py to order_publisher.cpython-310.pyc
[1.635s] byte-compiling /home/xelf/warehouse-automation/install/order_system/lib/python3.10/site-packages/order_system/order_generator.py to order_generator.cpython-310.pyc
[1.635s] byte-compiling /home/xelf/warehouse-automation/install/order_system/lib/python3.10/site-packages/order_system/order_listener.py to order_listener.cpython-310.pyc
[1.636s] byte-compiling /home/xelf/warehouse-automation/install/order_system/lib/python3.10/site-packages/order_system/__init__.py to __init__.cpython-310.pyc
[1.636s] running install_data
[1.636s] creating /home/xelf/warehouse-automation/install/order_system/share/ament_index
[1.637s] creating /home/xelf/warehouse-automation/install/order_system/share/ament_index/resource_index
[1.637s] creating /home/xelf/warehouse-automation/install/order_system/share/ament_index/resource_index/packages
[1.637s] copying resource/order_system -> /home/xelf/warehouse-automation/install/order_system/share/ament_index/resource_index/packages
[1.638s] copying package.xml -> /home/xelf/warehouse-automation/install/order_system/share/order_system
[1.638s] creating /home/xelf/warehouse-automation/install/order_system/share/order_system/launch
[1.639s] copying launch/order_system_launch.py -> /home/xelf/warehouse-automation/install/order_system/share/order_system/launch
[1.639s] copying launch/warehouse_launch.py -> /home/xelf/warehouse-automation/install/order_system/share/order_system/launch
[1.640s] running install_egg_info
[1.640s] Copying ../build/order_system/order_system.egg-info to /home/xelf/warehouse-automation/install/order_system/lib/python3.10/site-packages/order_system-0.0.0-py3.10.egg-info
[1.640s] running install_scripts
[1.653s] Installing order_generator script to /home/xelf/warehouse-automation/install/order_system/lib/order_system
[1.654s] Installing order_listener script to /home/xelf/warehouse-automation/install/order_system/lib/order_system
[1.655s] writing list of installed files to '/home/xelf/warehouse-automation/build/order_system/install.log'
[1.710s] Invoked command in '/home/xelf/warehouse-automation/order_system' returned '0': PYTHONPATH=/home/xelf/warehouse-automation/build/order_system/prefix_override:/usr/lib/python3/dist-packages/colcon_core/task/python/colcon_distutils_commands:/home/xelf/warehouse-automation/install/order_system/lib/python3.10/site-packages:${PYTHONPATH} /usr/bin/python3 -W ignore:setup.py install is deprecated -W ignore:easy_install command is deprecated setup.py egg_info --egg-base ../build/order_system build --build-base /home/xelf/warehouse-automation/build/order_system/build install --record /home/xelf/warehouse-automation/build/order_system/install.log --single-version-externally-managed install_data
