[0.727s] Invoking command in '/home/xelf/warehouse-automation/build/orchestrator': PYTHONPATH=/home/xelf/warehouse-automation/build/orchestrator/prefix_override:/usr/lib/python3/dist-packages/colcon_core/task/python/colcon_distutils_commands:/home/xelf/warehouse-automation/install/orchestrator/lib/python3.10/site-packages:${PYTHONPATH} /usr/bin/python3 -W ignore:setup.py install is deprecated -W ignore:easy_install command is deprecated setup.py develop --editable --build-directory /home/xelf/warehouse-automation/build/orchestrator/build --no-deps symlink_data
[0.933s] running develop
[1.040s] running egg_info
[1.041s] writing orchestrator.egg-info/PKG-INFO
[1.042s] writing dependency_links to orchestrator.egg-info/dependency_links.txt
[1.042s] writing entry points to orchestrator.egg-info/entry_points.txt
[1.044s] writing requirements to orchestrator.egg-info/requires.txt
[1.044s] writing top-level names to orchestrator.egg-info/top_level.txt
[1.047s] reading manifest file 'orchestrator.egg-info/SOURCES.txt'
[1.047s] writing manifest file 'orchestrator.egg-info/SOURCES.txt'
[1.049s] running build_ext
[1.049s] Creating /home/xelf/warehouse-automation/install/orchestrator/lib/python3.10/site-packages/orchestrator.egg-link (link to .)
[1.050s] Installing amr_robot script to /home/xelf/warehouse-automation/install/orchestrator/lib/orchestrator
[1.050s] Installing fleet_manager script to /home/xelf/warehouse-automation/install/orchestrator/lib/orchestrator
[1.050s] Installing fleet_task_generator script to /home/xelf/warehouse-automation/install/orchestrator/lib/orchestrator
[1.050s] Installing orchestrator script to /home/xelf/warehouse-automation/install/orchestrator/lib/orchestrator
[1.050s] Installing robot_state_monitor script to /home/xelf/warehouse-automation/install/orchestrator/lib/orchestrator
[1.051s] Installing task_executor script to /home/xelf/warehouse-automation/install/orchestrator/lib/orchestrator
[1.051s] 
[1.051s] Installed /home/xelf/warehouse-automation/build/orchestrator
[1.051s] running symlink_data
[1.092s] Invoked command in '/home/xelf/warehouse-automation/build/orchestrator' returned '0': PYTHONPATH=/home/xelf/warehouse-automation/build/orchestrator/prefix_override:/usr/lib/python3/dist-packages/colcon_core/task/python/colcon_distutils_commands:/home/xelf/warehouse-automation/install/orchestrator/lib/python3.10/site-packages:${PYTHONPATH} /usr/bin/python3 -W ignore:setup.py install is deprecated -W ignore:easy_install command is deprecated setup.py develop --editable --build-directory /home/xelf/warehouse-automation/build/orchestrator/build --no-deps symlink_data
