[0.590s] DEBUG:colcon:Command line arguments: ['/usr/bin/colcon', 'build', '--symlink-install']
[0.591s] DEBUG:colcon:Parsed command line arguments: Namespace(log_base=None, log_level=None, verb_name='build', build_base='build', install_base='install', merge_install=False, symlink_install=True, test_result_base=None, continue_on_error=False, executor='parallel', parallel_workers=12, event_handlers=None, ignore_user_meta=False, metas=['./colcon.meta'], base_paths=['.'], packages_ignore=None, packages_ignore_regex=None, paths=None, packages_up_to=None, packages_up_to_regex=None, packages_above=None, packages_above_and_dependencies=None, packages_above_depth=None, packages_select_by_dep=None, packages_skip_by_dep=None, packages_skip_up_to=None, packages_select_build_failed=False, packages_skip_build_finished=False, packages_select_test_failures=False, packages_skip_test_passed=False, packages_select=None, packages_skip=None, packages_select_regex=None, packages_skip_regex=None, packages_start=None, packages_end=None, allow_overriding=[], cmake_args=None, cmake_target=None, cmake_target_skip_unavailable=False, cmake_clean_cache=False, cmake_clean_first=False, cmake_force_configure=False, ament_cmake_args=None, catkin_cmake_args=None, catkin_skip_building_tests=False, verb_parser=<colcon_defaults.argument_parser.defaults.DefaultArgumentsDecorator object at 0x70b0aef0b430>, verb_extension=<colcon_core.verb.build.BuildVerb object at 0x70b0aef0ab30>, main=<bound method BuildVerb.main of <colcon_core.verb.build.BuildVerb object at 0x70b0aef0ab30>>)
[1.012s] Level 1:colcon.colcon_core.package_discovery:discover_packages(colcon_meta) check parameters
[1.012s] Level 1:colcon.colcon_core.package_discovery:discover_packages(recursive) check parameters
[1.012s] Level 1:colcon.colcon_core.package_discovery:discover_packages(ignore) check parameters
[1.012s] Level 1:colcon.colcon_core.package_discovery:discover_packages(path) check parameters
[1.013s] Level 1:colcon.colcon_core.package_discovery:discover_packages(colcon_meta) discover
[1.013s] Level 1:colcon.colcon_core.package_discovery:discover_packages(recursive) discover
[1.013s] INFO:colcon.colcon_core.package_discovery:Crawling recursively for packages in '/home/xelf/warehouse-automation'
[1.013s] Level 1:colcon.colcon_core.package_identification:_identify(.) by extensions ['ignore', 'ignore_ament_install']
[1.013s] Level 1:colcon.colcon_core.package_identification:_identify(.) by extension 'ignore'
[1.013s] Level 1:colcon.colcon_core.package_identification:_identify(.) by extension 'ignore_ament_install'
[1.013s] Level 1:colcon.colcon_core.package_identification:_identify(.) by extensions ['colcon_pkg']
[1.013s] Level 1:colcon.colcon_core.package_identification:_identify(.) by extension 'colcon_pkg'
[1.013s] Level 1:colcon.colcon_core.package_identification:_identify(.) by extensions ['colcon_meta']
[1.013s] Level 1:colcon.colcon_core.package_identification:_identify(.) by extension 'colcon_meta'
[1.013s] Level 1:colcon.colcon_core.package_identification:_identify(.) by extensions ['ros']
[1.013s] Level 1:colcon.colcon_core.package_identification:_identify(.) by extension 'ros'
[1.033s] Level 1:colcon.colcon_core.package_identification:_identify(.) by extensions ['cmake', 'python']
[1.033s] Level 1:colcon.colcon_core.package_identification:_identify(.) by extension 'cmake'
[1.033s] Level 1:colcon.colcon_core.package_identification:_identify(.) by extension 'python'
[1.033s] Level 1:colcon.colcon_core.package_identification:_identify(.) by extensions ['python_setup_py']
[1.033s] Level 1:colcon.colcon_core.package_identification:_identify(.) by extension 'python_setup_py'
[1.033s] Level 1:colcon.colcon_core.package_identification:_identify(amr_description) by extensions ['ignore', 'ignore_ament_install']
[1.033s] Level 1:colcon.colcon_core.package_identification:_identify(amr_description) by extension 'ignore'
[1.033s] Level 1:colcon.colcon_core.package_identification:_identify(amr_description) by extension 'ignore_ament_install'
[1.033s] Level 1:colcon.colcon_core.package_identification:_identify(amr_description) by extensions ['colcon_pkg']
[1.033s] Level 1:colcon.colcon_core.package_identification:_identify(amr_description) by extension 'colcon_pkg'
[1.033s] Level 1:colcon.colcon_core.package_identification:_identify(amr_description) by extensions ['colcon_meta']
[1.033s] Level 1:colcon.colcon_core.package_identification:_identify(amr_description) by extension 'colcon_meta'
[1.033s] Level 1:colcon.colcon_core.package_identification:_identify(amr_description) by extensions ['ros']
[1.033s] Level 1:colcon.colcon_core.package_identification:_identify(amr_description) by extension 'ros'
[1.038s] DEBUG:colcon.colcon_core.package_identification:Package 'amr_description' with type 'ros.ament_python' and name 'amr_description'
[1.039s] Level 1:colcon.colcon_core.package_identification:_identify(build) by extensions ['ignore', 'ignore_ament_install']
[1.039s] Level 1:colcon.colcon_core.package_identification:_identify(build) by extension 'ignore'
[1.039s] Level 1:colcon.colcon_core.package_identification:_identify(build) ignored
[1.039s] Level 1:colcon.colcon_core.package_identification:_identify(cuopt_bridge) by extensions ['ignore', 'ignore_ament_install']
[1.040s] Level 1:colcon.colcon_core.package_identification:_identify(cuopt_bridge) by extension 'ignore'
[1.040s] Level 1:colcon.colcon_core.package_identification:_identify(cuopt_bridge) by extension 'ignore_ament_install'
[1.040s] Level 1:colcon.colcon_core.package_identification:_identify(cuopt_bridge) by extensions ['colcon_pkg']
[1.040s] Level 1:colcon.colcon_core.package_identification:_identify(cuopt_bridge) by extension 'colcon_pkg'
[1.040s] Level 1:colcon.colcon_core.package_identification:_identify(cuopt_bridge) by extensions ['colcon_meta']
[1.040s] Level 1:colcon.colcon_core.package_identification:_identify(cuopt_bridge) by extension 'colcon_meta'
[1.040s] Level 1:colcon.colcon_core.package_identification:_identify(cuopt_bridge) by extensions ['ros']
[1.040s] Level 1:colcon.colcon_core.package_identification:_identify(cuopt_bridge) by extension 'ros'
[1.041s] DEBUG:colcon.colcon_core.package_identification:Package 'cuopt_bridge' with type 'ros.ament_python' and name 'cuopt_bridge'
[1.041s] Level 1:colcon.colcon_core.package_identification:_identify(hello_world_pkgs) by extensions ['ignore', 'ignore_ament_install']
[1.042s] Level 1:colcon.colcon_core.package_identification:_identify(hello_world_pkgs) by extension 'ignore'
[1.042s] Level 1:colcon.colcon_core.package_identification:_identify(hello_world_pkgs) by extension 'ignore_ament_install'
[1.042s] Level 1:colcon.colcon_core.package_identification:_identify(hello_world_pkgs) by extensions ['colcon_pkg']
[1.042s] Level 1:colcon.colcon_core.package_identification:_identify(hello_world_pkgs) by extension 'colcon_pkg'
[1.042s] Level 1:colcon.colcon_core.package_identification:_identify(hello_world_pkgs) by extensions ['colcon_meta']
[1.042s] Level 1:colcon.colcon_core.package_identification:_identify(hello_world_pkgs) by extension 'colcon_meta'
[1.042s] Level 1:colcon.colcon_core.package_identification:_identify(hello_world_pkgs) by extensions ['ros']
[1.042s] Level 1:colcon.colcon_core.package_identification:_identify(hello_world_pkgs) by extension 'ros'
[1.043s] DEBUG:colcon.colcon_core.package_identification:Package 'hello_world_pkgs' with type 'ros.ament_python' and name 'hello_world_pkgs'
[1.043s] Level 1:colcon.colcon_core.package_identification:_identify(install) by extensions ['ignore', 'ignore_ament_install']
[1.043s] Level 1:colcon.colcon_core.package_identification:_identify(install) by extension 'ignore'
[1.043s] Level 1:colcon.colcon_core.package_identification:_identify(install) ignored
[1.043s] Level 1:colcon.colcon_core.package_identification:_identify(log) by extensions ['ignore', 'ignore_ament_install']
[1.043s] Level 1:colcon.colcon_core.package_identification:_identify(log) by extension 'ignore'
[1.044s] Level 1:colcon.colcon_core.package_identification:_identify(log) ignored
[1.045s] Level 1:colcon.colcon_core.package_identification:_identify(orchestrator) by extensions ['ignore', 'ignore_ament_install']
[1.045s] Level 1:colcon.colcon_core.package_identification:_identify(orchestrator) by extension 'ignore'
[1.045s] Level 1:colcon.colcon_core.package_identification:_identify(orchestrator) by extension 'ignore_ament_install'
[1.045s] Level 1:colcon.colcon_core.package_identification:_identify(orchestrator) by extensions ['colcon_pkg']
[1.045s] Level 1:colcon.colcon_core.package_identification:_identify(orchestrator) by extension 'colcon_pkg'
[1.045s] Level 1:colcon.colcon_core.package_identification:_identify(orchestrator) by extensions ['colcon_meta']
[1.045s] Level 1:colcon.colcon_core.package_identification:_identify(orchestrator) by extension 'colcon_meta'
[1.045s] Level 1:colcon.colcon_core.package_identification:_identify(orchestrator) by extensions ['ros']
[1.045s] Level 1:colcon.colcon_core.package_identification:_identify(orchestrator) by extension 'ros'
[1.046s] DEBUG:colcon.colcon_core.package_identification:Package 'orchestrator' with type 'ros.ament_python' and name 'orchestrator'
[1.047s] Level 1:colcon.colcon_core.package_identification:_identify(order_system) by extensions ['ignore', 'ignore_ament_install']
[1.047s] Level 1:colcon.colcon_core.package_identification:_identify(order_system) by extension 'ignore'
[1.047s] Level 1:colcon.colcon_core.package_identification:_identify(order_system) by extension 'ignore_ament_install'
[1.047s] Level 1:colcon.colcon_core.package_identification:_identify(order_system) by extensions ['colcon_pkg']
[1.047s] Level 1:colcon.colcon_core.package_identification:_identify(order_system) by extension 'colcon_pkg'
[1.047s] Level 1:colcon.colcon_core.package_identification:_identify(order_system) by extensions ['colcon_meta']
[1.047s] Level 1:colcon.colcon_core.package_identification:_identify(order_system) by extension 'colcon_meta'
[1.047s] Level 1:colcon.colcon_core.package_identification:_identify(order_system) by extensions ['ros']
[1.047s] Level 1:colcon.colcon_core.package_identification:_identify(order_system) by extension 'ros'
[1.048s] DEBUG:colcon.colcon_core.package_identification:Package 'order_system' with type 'ros.ament_python' and name 'order_system'
[1.049s] Level 1:colcon.colcon_core.package_identification:_identify(warehouse_msgs) by extensions ['ignore', 'ignore_ament_install']
[1.049s] Level 1:colcon.colcon_core.package_identification:_identify(warehouse_msgs) by extension 'ignore'
[1.049s] Level 1:colcon.colcon_core.package_identification:_identify(warehouse_msgs) by extension 'ignore_ament_install'
[1.049s] Level 1:colcon.colcon_core.package_identification:_identify(warehouse_msgs) by extensions ['colcon_pkg']
[1.049s] Level 1:colcon.colcon_core.package_identification:_identify(warehouse_msgs) by extension 'colcon_pkg'
[1.049s] Level 1:colcon.colcon_core.package_identification:_identify(warehouse_msgs) by extensions ['colcon_meta']
[1.049s] Level 1:colcon.colcon_core.package_identification:_identify(warehouse_msgs) by extension 'colcon_meta'
[1.050s] Level 1:colcon.colcon_core.package_identification:_identify(warehouse_msgs) by extensions ['ros']
[1.050s] Level 1:colcon.colcon_core.package_identification:_identify(warehouse_msgs) by extension 'ros'
[1.051s] DEBUG:colcon.colcon_core.package_identification:Package 'warehouse_msgs' with type 'ros.ament_python' and name 'warehouse_msgs'
[1.052s] Level 1:colcon.colcon_core.package_discovery:discover_packages(recursive) using defaults
[1.052s] Level 1:colcon.colcon_core.package_discovery:discover_packages(ignore) discover
[1.052s] Level 1:colcon.colcon_core.package_discovery:discover_packages(ignore) using defaults
[1.052s] Level 1:colcon.colcon_core.package_discovery:discover_packages(path) discover
[1.052s] Level 1:colcon.colcon_core.package_discovery:discover_packages(path) using defaults
[1.113s] Level 1:colcon.colcon_core.package_discovery:discover_packages(prefix_path) check parameters
[1.113s] Level 1:colcon.colcon_core.package_discovery:discover_packages(prefix_path) discover
[1.120s] DEBUG:colcon.colcon_installed_package_information.package_discovery:Found 410 installed packages in /opt/ros/humble
[1.142s] Level 1:colcon.colcon_core.package_discovery:discover_packages(prefix_path) using defaults
[1.179s] Level 5:colcon.colcon_core.verb:set package 'amr_description' build argument 'cmake_args' from command line to 'None'
[1.179s] Level 5:colcon.colcon_core.verb:set package 'amr_description' build argument 'cmake_target' from command line to 'None'
[1.179s] Level 5:colcon.colcon_core.verb:set package 'amr_description' build argument 'cmake_target_skip_unavailable' from command line to 'False'
[1.179s] Level 5:colcon.colcon_core.verb:set package 'amr_description' build argument 'cmake_clean_cache' from command line to 'False'
[1.179s] Level 5:colcon.colcon_core.verb:set package 'amr_description' build argument 'cmake_clean_first' from command line to 'False'
[1.179s] Level 5:colcon.colcon_core.verb:set package 'amr_description' build argument 'cmake_force_configure' from command line to 'False'
[1.179s] Level 5:colcon.colcon_core.verb:set package 'amr_description' build argument 'ament_cmake_args' from command line to 'None'
[1.179s] Level 5:colcon.colcon_core.verb:set package 'amr_description' build argument 'catkin_cmake_args' from command line to 'None'
[1.179s] Level 5:colcon.colcon_core.verb:set package 'amr_description' build argument 'catkin_skip_building_tests' from command line to 'False'
[1.179s] DEBUG:colcon.colcon_core.verb:Building package 'amr_description' with the following arguments: {'ament_cmake_args': None, 'build_base': '/home/xelf/warehouse-automation/build/amr_description', 'catkin_cmake_args': None, 'catkin_skip_building_tests': False, 'cmake_args': None, 'cmake_clean_cache': False, 'cmake_clean_first': False, 'cmake_force_configure': False, 'cmake_target': None, 'cmake_target_skip_unavailable': False, 'install_base': '/home/xelf/warehouse-automation/install/amr_description', 'merge_install': False, 'path': '/home/xelf/warehouse-automation/amr_description', 'symlink_install': True, 'test_result_base': None}
[1.179s] Level 5:colcon.colcon_core.verb:set package 'cuopt_bridge' build argument 'cmake_args' from command line to 'None'
[1.179s] Level 5:colcon.colcon_core.verb:set package 'cuopt_bridge' build argument 'cmake_target' from command line to 'None'
[1.179s] Level 5:colcon.colcon_core.verb:set package 'cuopt_bridge' build argument 'cmake_target_skip_unavailable' from command line to 'False'
[1.179s] Level 5:colcon.colcon_core.verb:set package 'cuopt_bridge' build argument 'cmake_clean_cache' from command line to 'False'
[1.179s] Level 5:colcon.colcon_core.verb:set package 'cuopt_bridge' build argument 'cmake_clean_first' from command line to 'False'
[1.180s] Level 5:colcon.colcon_core.verb:set package 'cuopt_bridge' build argument 'cmake_force_configure' from command line to 'False'
[1.180s] Level 5:colcon.colcon_core.verb:set package 'cuopt_bridge' build argument 'ament_cmake_args' from command line to 'None'
[1.180s] Level 5:colcon.colcon_core.verb:set package 'cuopt_bridge' build argument 'catkin_cmake_args' from command line to 'None'
[1.180s] Level 5:colcon.colcon_core.verb:set package 'cuopt_bridge' build argument 'catkin_skip_building_tests' from command line to 'False'
[1.180s] DEBUG:colcon.colcon_core.verb:Building package 'cuopt_bridge' with the following arguments: {'ament_cmake_args': None, 'build_base': '/home/xelf/warehouse-automation/build/cuopt_bridge', 'catkin_cmake_args': None, 'catkin_skip_building_tests': False, 'cmake_args': None, 'cmake_clean_cache': False, 'cmake_clean_first': False, 'cmake_force_configure': False, 'cmake_target': None, 'cmake_target_skip_unavailable': False, 'install_base': '/home/xelf/warehouse-automation/install/cuopt_bridge', 'merge_install': False, 'path': '/home/xelf/warehouse-automation/cuopt_bridge', 'symlink_install': True, 'test_result_base': None}
[1.180s] Level 5:colcon.colcon_core.verb:set package 'hello_world_pkgs' build argument 'cmake_args' from command line to 'None'
[1.180s] Level 5:colcon.colcon_core.verb:set package 'hello_world_pkgs' build argument 'cmake_target' from command line to 'None'
[1.180s] Level 5:colcon.colcon_core.verb:set package 'hello_world_pkgs' build argument 'cmake_target_skip_unavailable' from command line to 'False'
[1.180s] Level 5:colcon.colcon_core.verb:set package 'hello_world_pkgs' build argument 'cmake_clean_cache' from command line to 'False'
[1.180s] Level 5:colcon.colcon_core.verb:set package 'hello_world_pkgs' build argument 'cmake_clean_first' from command line to 'False'
[1.180s] Level 5:colcon.colcon_core.verb:set package 'hello_world_pkgs' build argument 'cmake_force_configure' from command line to 'False'
[1.180s] Level 5:colcon.colcon_core.verb:set package 'hello_world_pkgs' build argument 'ament_cmake_args' from command line to 'None'
[1.180s] Level 5:colcon.colcon_core.verb:set package 'hello_world_pkgs' build argument 'catkin_cmake_args' from command line to 'None'
[1.180s] Level 5:colcon.colcon_core.verb:set package 'hello_world_pkgs' build argument 'catkin_skip_building_tests' from command line to 'False'
[1.180s] DEBUG:colcon.colcon_core.verb:Building package 'hello_world_pkgs' with the following arguments: {'ament_cmake_args': None, 'build_base': '/home/xelf/warehouse-automation/build/hello_world_pkgs', 'catkin_cmake_args': None, 'catkin_skip_building_tests': False, 'cmake_args': None, 'cmake_clean_cache': False, 'cmake_clean_first': False, 'cmake_force_configure': False, 'cmake_target': None, 'cmake_target_skip_unavailable': False, 'install_base': '/home/xelf/warehouse-automation/install/hello_world_pkgs', 'merge_install': False, 'path': '/home/xelf/warehouse-automation/hello_world_pkgs', 'symlink_install': True, 'test_result_base': None}
[1.180s] Level 5:colcon.colcon_core.verb:set package 'orchestrator' build argument 'cmake_args' from command line to 'None'
[1.180s] Level 5:colcon.colcon_core.verb:set package 'orchestrator' build argument 'cmake_target' from command line to 'None'
[1.180s] Level 5:colcon.colcon_core.verb:set package 'orchestrator' build argument 'cmake_target_skip_unavailable' from command line to 'False'
[1.180s] Level 5:colcon.colcon_core.verb:set package 'orchestrator' build argument 'cmake_clean_cache' from command line to 'False'
[1.180s] Level 5:colcon.colcon_core.verb:set package 'orchestrator' build argument 'cmake_clean_first' from command line to 'False'
[1.180s] Level 5:colcon.colcon_core.verb:set package 'orchestrator' build argument 'cmake_force_configure' from command line to 'False'
[1.180s] Level 5:colcon.colcon_core.verb:set package 'orchestrator' build argument 'ament_cmake_args' from command line to 'None'
[1.180s] Level 5:colcon.colcon_core.verb:set package 'orchestrator' build argument 'catkin_cmake_args' from command line to 'None'
[1.180s] Level 5:colcon.colcon_core.verb:set package 'orchestrator' build argument 'catkin_skip_building_tests' from command line to 'False'
[1.180s] DEBUG:colcon.colcon_core.verb:Building package 'orchestrator' with the following arguments: {'ament_cmake_args': None, 'build_base': '/home/xelf/warehouse-automation/build/orchestrator', 'catkin_cmake_args': None, 'catkin_skip_building_tests': False, 'cmake_args': None, 'cmake_clean_cache': False, 'cmake_clean_first': False, 'cmake_force_configure': False, 'cmake_target': None, 'cmake_target_skip_unavailable': False, 'install_base': '/home/xelf/warehouse-automation/install/orchestrator', 'merge_install': False, 'path': '/home/xelf/warehouse-automation/orchestrator', 'symlink_install': True, 'test_result_base': None}
[1.181s] Level 5:colcon.colcon_core.verb:set package 'order_system' build argument 'cmake_args' from command line to 'None'
[1.181s] Level 5:colcon.colcon_core.verb:set package 'order_system' build argument 'cmake_target' from command line to 'None'
[1.181s] Level 5:colcon.colcon_core.verb:set package 'order_system' build argument 'cmake_target_skip_unavailable' from command line to 'False'
[1.181s] Level 5:colcon.colcon_core.verb:set package 'order_system' build argument 'cmake_clean_cache' from command line to 'False'
[1.181s] Level 5:colcon.colcon_core.verb:set package 'order_system' build argument 'cmake_clean_first' from command line to 'False'
[1.181s] Level 5:colcon.colcon_core.verb:set package 'order_system' build argument 'cmake_force_configure' from command line to 'False'
[1.181s] Level 5:colcon.colcon_core.verb:set package 'order_system' build argument 'ament_cmake_args' from command line to 'None'
[1.181s] Level 5:colcon.colcon_core.verb:set package 'order_system' build argument 'catkin_cmake_args' from command line to 'None'
[1.181s] Level 5:colcon.colcon_core.verb:set package 'order_system' build argument 'catkin_skip_building_tests' from command line to 'False'
[1.181s] DEBUG:colcon.colcon_core.verb:Building package 'order_system' with the following arguments: {'ament_cmake_args': None, 'build_base': '/home/xelf/warehouse-automation/build/order_system', 'catkin_cmake_args': None, 'catkin_skip_building_tests': False, 'cmake_args': None, 'cmake_clean_cache': False, 'cmake_clean_first': False, 'cmake_force_configure': False, 'cmake_target': None, 'cmake_target_skip_unavailable': False, 'install_base': '/home/xelf/warehouse-automation/install/order_system', 'merge_install': False, 'path': '/home/xelf/warehouse-automation/order_system', 'symlink_install': True, 'test_result_base': None}
[1.181s] Level 5:colcon.colcon_core.verb:set package 'warehouse_msgs' build argument 'cmake_args' from command line to 'None'
[1.181s] Level 5:colcon.colcon_core.verb:set package 'warehouse_msgs' build argument 'cmake_target' from command line to 'None'
[1.181s] Level 5:colcon.colcon_core.verb:set package 'warehouse_msgs' build argument 'cmake_target_skip_unavailable' from command line to 'False'
[1.181s] Level 5:colcon.colcon_core.verb:set package 'warehouse_msgs' build argument 'cmake_clean_cache' from command line to 'False'
[1.181s] Level 5:colcon.colcon_core.verb:set package 'warehouse_msgs' build argument 'cmake_clean_first' from command line to 'False'
[1.181s] Level 5:colcon.colcon_core.verb:set package 'warehouse_msgs' build argument 'cmake_force_configure' from command line to 'False'
[1.181s] Level 5:colcon.colcon_core.verb:set package 'warehouse_msgs' build argument 'ament_cmake_args' from command line to 'None'
[1.181s] Level 5:colcon.colcon_core.verb:set package 'warehouse_msgs' build argument 'catkin_cmake_args' from command line to 'None'
[1.181s] Level 5:colcon.colcon_core.verb:set package 'warehouse_msgs' build argument 'catkin_skip_building_tests' from command line to 'False'
[1.181s] DEBUG:colcon.colcon_core.verb:Building package 'warehouse_msgs' with the following arguments: {'ament_cmake_args': None, 'build_base': '/home/xelf/warehouse-automation/build/warehouse_msgs', 'catkin_cmake_args': None, 'catkin_skip_building_tests': False, 'cmake_args': None, 'cmake_clean_cache': False, 'cmake_clean_first': False, 'cmake_force_configure': False, 'cmake_target': None, 'cmake_target_skip_unavailable': False, 'install_base': '/home/xelf/warehouse-automation/install/warehouse_msgs', 'merge_install': False, 'path': '/home/xelf/warehouse-automation/warehouse_msgs', 'symlink_install': True, 'test_result_base': None}
[1.181s] INFO:colcon.colcon_core.executor:Executing jobs using 'parallel' executor
[1.183s] DEBUG:colcon.colcon_parallel_executor.executor.parallel:run_until_complete
[1.184s] INFO:colcon.colcon_ros.task.ament_python.build:Building ROS package in '/home/xelf/warehouse-automation/amr_description' with build type 'ament_python'
[1.184s] Level 1:colcon.colcon_core.shell:create_environment_hook('amr_description', 'ament_prefix_path')
[1.192s] INFO:colcon.colcon_core.plugin_system:Skipping extension 'colcon_core.shell.bat': Not used on non-Windows systems
[1.192s] INFO:colcon.colcon_core.shell:Creating environment hook '/home/xelf/warehouse-automation/install/amr_description/share/amr_description/hook/ament_prefix_path.ps1'
[1.194s] INFO:colcon.colcon_core.shell:Creating environment descriptor '/home/xelf/warehouse-automation/install/amr_description/share/amr_description/hook/ament_prefix_path.dsv'
[1.195s] INFO:colcon.colcon_core.shell:Creating environment hook '/home/xelf/warehouse-automation/install/amr_description/share/amr_description/hook/ament_prefix_path.sh'
[1.196s] INFO:colcon.colcon_core.shell:Skip shell extension 'powershell' for command environment: Not usable outside of PowerShell
[1.196s] DEBUG:colcon.colcon_core.shell:Skip shell extension 'dsv' for command environment
[1.200s] INFO:colcon.colcon_ros.task.ament_python.build:Building ROS package in '/home/xelf/warehouse-automation/cuopt_bridge' with build type 'ament_python'
[1.200s] Level 1:colcon.colcon_core.shell:create_environment_hook('cuopt_bridge', 'ament_prefix_path')
[1.201s] INFO:colcon.colcon_core.shell:Creating environment hook '/home/xelf/warehouse-automation/install/cuopt_bridge/share/cuopt_bridge/hook/ament_prefix_path.ps1'
[1.202s] INFO:colcon.colcon_core.shell:Creating environment descriptor '/home/xelf/warehouse-automation/install/cuopt_bridge/share/cuopt_bridge/hook/ament_prefix_path.dsv'
[1.203s] INFO:colcon.colcon_core.shell:Creating environment hook '/home/xelf/warehouse-automation/install/cuopt_bridge/share/cuopt_bridge/hook/ament_prefix_path.sh'
[1.205s] INFO:colcon.colcon_core.shell:Skip shell extension 'powershell' for command environment: Not usable outside of PowerShell
[1.205s] DEBUG:colcon.colcon_core.shell:Skip shell extension 'dsv' for command environment
[1.208s] INFO:colcon.colcon_ros.task.ament_python.build:Building ROS package in '/home/xelf/warehouse-automation/hello_world_pkgs' with build type 'ament_python'
[1.208s] Level 1:colcon.colcon_core.shell:create_environment_hook('hello_world_pkgs', 'ament_prefix_path')
[1.208s] INFO:colcon.colcon_core.shell:Creating environment hook '/home/xelf/warehouse-automation/install/hello_world_pkgs/share/hello_world_pkgs/hook/ament_prefix_path.ps1'
[1.209s] INFO:colcon.colcon_core.shell:Creating environment descriptor '/home/xelf/warehouse-automation/install/hello_world_pkgs/share/hello_world_pkgs/hook/ament_prefix_path.dsv'
[1.209s] INFO:colcon.colcon_core.shell:Creating environment hook '/home/xelf/warehouse-automation/install/hello_world_pkgs/share/hello_world_pkgs/hook/ament_prefix_path.sh'
[1.210s] INFO:colcon.colcon_core.shell:Skip shell extension 'powershell' for command environment: Not usable outside of PowerShell
[1.210s] DEBUG:colcon.colcon_core.shell:Skip shell extension 'dsv' for command environment
[1.213s] INFO:colcon.colcon_ros.task.ament_python.build:Building ROS package in '/home/xelf/warehouse-automation/orchestrator' with build type 'ament_python'
[1.213s] Level 1:colcon.colcon_core.shell:create_environment_hook('orchestrator', 'ament_prefix_path')
[1.214s] INFO:colcon.colcon_core.shell:Creating environment hook '/home/xelf/warehouse-automation/install/orchestrator/share/orchestrator/hook/ament_prefix_path.ps1'
[1.214s] INFO:colcon.colcon_core.shell:Creating environment descriptor '/home/xelf/warehouse-automation/install/orchestrator/share/orchestrator/hook/ament_prefix_path.dsv'
[1.215s] INFO:colcon.colcon_core.shell:Creating environment hook '/home/xelf/warehouse-automation/install/orchestrator/share/orchestrator/hook/ament_prefix_path.sh'
[1.216s] INFO:colcon.colcon_core.shell:Skip shell extension 'powershell' for command environment: Not usable outside of PowerShell
[1.216s] DEBUG:colcon.colcon_core.shell:Skip shell extension 'dsv' for command environment
[1.221s] INFO:colcon.colcon_ros.task.ament_python.build:Building ROS package in '/home/xelf/warehouse-automation/order_system' with build type 'ament_python'
[1.222s] Level 1:colcon.colcon_core.shell:create_environment_hook('order_system', 'ament_prefix_path')
[1.222s] INFO:colcon.colcon_core.shell:Creating environment hook '/home/xelf/warehouse-automation/install/order_system/share/order_system/hook/ament_prefix_path.ps1'
[1.223s] INFO:colcon.colcon_core.shell:Creating environment descriptor '/home/xelf/warehouse-automation/install/order_system/share/order_system/hook/ament_prefix_path.dsv'
[1.224s] INFO:colcon.colcon_core.shell:Creating environment hook '/home/xelf/warehouse-automation/install/order_system/share/order_system/hook/ament_prefix_path.sh'
[1.225s] INFO:colcon.colcon_core.shell:Skip shell extension 'powershell' for command environment: Not usable outside of PowerShell
[1.225s] DEBUG:colcon.colcon_core.shell:Skip shell extension 'dsv' for command environment
[1.228s] INFO:colcon.colcon_ros.task.ament_python.build:Building ROS package in '/home/xelf/warehouse-automation/warehouse_msgs' with build type 'ament_python'
[1.228s] Level 1:colcon.colcon_core.shell:create_environment_hook('warehouse_msgs', 'ament_prefix_path')
[1.229s] INFO:colcon.colcon_core.shell:Creating environment hook '/home/xelf/warehouse-automation/install/warehouse_msgs/share/warehouse_msgs/hook/ament_prefix_path.ps1'
[1.229s] INFO:colcon.colcon_core.shell:Creating environment descriptor '/home/xelf/warehouse-automation/install/warehouse_msgs/share/warehouse_msgs/hook/ament_prefix_path.dsv'
[1.230s] INFO:colcon.colcon_core.shell:Creating environment hook '/home/xelf/warehouse-automation/install/warehouse_msgs/share/warehouse_msgs/hook/ament_prefix_path.sh'
[1.232s] INFO:colcon.colcon_core.shell:Skip shell extension 'powershell' for command environment: Not usable outside of PowerShell
[1.232s] DEBUG:colcon.colcon_core.shell:Skip shell extension 'dsv' for command environment
[1.456s] INFO:colcon.colcon_core.task.python.build:Building Python package in '/home/xelf/warehouse-automation/amr_description'
[1.456s] INFO:colcon.colcon_core.shell:Skip shell extension 'powershell' for command environment: Not usable outside of PowerShell
[1.456s] DEBUG:colcon.colcon_core.shell:Skip shell extension 'dsv' for command environment
[1.650s] INFO:colcon.colcon_core.task.python.build:Building Python package in '/home/xelf/warehouse-automation/cuopt_bridge'
[1.650s] INFO:colcon.colcon_core.shell:Skip shell extension 'powershell' for command environment: Not usable outside of PowerShell
[1.650s] DEBUG:colcon.colcon_core.shell:Skip shell extension 'dsv' for command environment
[1.848s] INFO:colcon.colcon_core.task.python.build:Building Python package in '/home/xelf/warehouse-automation/hello_world_pkgs'
[1.848s] INFO:colcon.colcon_core.shell:Skip shell extension 'powershell' for command environment: Not usable outside of PowerShell
[1.848s] DEBUG:colcon.colcon_core.shell:Skip shell extension 'dsv' for command environment
[2.043s] INFO:colcon.colcon_core.task.python.build:Building Python package in '/home/xelf/warehouse-automation/orchestrator'
[2.044s] INFO:colcon.colcon_core.shell:Skip shell extension 'powershell' for command environment: Not usable outside of PowerShell
[2.044s] DEBUG:colcon.colcon_core.shell:Skip shell extension 'dsv' for command environment
[2.240s] INFO:colcon.colcon_core.task.python.build:Building Python package in '/home/xelf/warehouse-automation/order_system'
[2.241s] INFO:colcon.colcon_core.shell:Skip shell extension 'powershell' for command environment: Not usable outside of PowerShell
[2.241s] DEBUG:colcon.colcon_core.shell:Skip shell extension 'dsv' for command environment
[2.451s] INFO:colcon.colcon_core.task.python.build:Building Python package in '/home/xelf/warehouse-automation/warehouse_msgs'
[2.451s] INFO:colcon.colcon_core.shell:Skip shell extension 'powershell' for command environment: Not usable outside of PowerShell
[2.451s] DEBUG:colcon.colcon_core.shell:Skip shell extension 'dsv' for command environment
[3.081s] DEBUG:colcon.colcon_core.event_handler.log_command:Invoking command in '/home/xelf/warehouse-automation/build/amr_description': PYTHONPATH=/home/xelf/warehouse-automation/build/amr_description/prefix_override:/usr/lib/python3/dist-packages/colcon_core/task/python/colcon_distutils_commands:/home/xelf/warehouse-automation/install/amr_description/lib/python3.10/site-packages:${PYTHONPATH} /usr/bin/python3 -W ignore:setup.py install is deprecated -W ignore:easy_install command is deprecated setup.py develop --editable --build-directory /home/xelf/warehouse-automation/build/amr_description/build --no-deps symlink_data
[3.085s] DEBUG:colcon.colcon_core.event_handler.log_command:Invoking command in '/home/xelf/warehouse-automation/build/hello_world_pkgs': PYTHONPATH=/home/xelf/warehouse-automation/build/hello_world_pkgs/prefix_override:/usr/lib/python3/dist-packages/colcon_core/task/python/colcon_distutils_commands:/home/xelf/warehouse-automation/install/hello_world_pkgs/lib/python3.10/site-packages:${PYTHONPATH} /usr/bin/python3 -W ignore:setup.py install is deprecated -W ignore:easy_install command is deprecated setup.py develop --editable --build-directory /home/xelf/warehouse-automation/build/hello_world_pkgs/build --no-deps symlink_data
[3.088s] DEBUG:colcon.colcon_core.event_handler.log_command:Invoking command in '/home/xelf/warehouse-automation/build/order_system': PYTHONPATH=/home/xelf/warehouse-automation/build/order_system/prefix_override:/usr/lib/python3/dist-packages/colcon_core/task/python/colcon_distutils_commands:/home/xelf/warehouse-automation/install/order_system/lib/python3.10/site-packages:${PYTHONPATH} /usr/bin/python3 -W ignore:setup.py install is deprecated -W ignore:easy_install command is deprecated setup.py develop --editable --build-directory /home/xelf/warehouse-automation/build/order_system/build --no-deps symlink_data
[3.092s] DEBUG:colcon.colcon_core.event_handler.log_command:Invoking command in '/home/xelf/warehouse-automation/build/warehouse_msgs': PYTHONPATH=/home/xelf/warehouse-automation/build/warehouse_msgs/prefix_override:/usr/lib/python3/dist-packages/colcon_core/task/python/colcon_distutils_commands:/home/xelf/warehouse-automation/install/warehouse_msgs/lib/python3.10/site-packages:${PYTHONPATH} /usr/bin/python3 -W ignore:setup.py install is deprecated -W ignore:easy_install command is deprecated setup.py develop --editable --build-directory /home/xelf/warehouse-automation/build/warehouse_msgs/build --no-deps symlink_data
[3.097s] DEBUG:colcon.colcon_core.event_handler.log_command:Invoking command in '/home/xelf/warehouse-automation/build/cuopt_bridge': PYTHONPATH=/home/xelf/warehouse-automation/build/cuopt_bridge/prefix_override:/usr/lib/python3/dist-packages/colcon_core/task/python/colcon_distutils_commands:/home/xelf/warehouse-automation/install/cuopt_bridge/lib/python3.10/site-packages:${PYTHONPATH} /usr/bin/python3 -W ignore:setup.py install is deprecated -W ignore:easy_install command is deprecated setup.py develop --editable --build-directory /home/xelf/warehouse-automation/build/cuopt_bridge/build --no-deps symlink_data
[3.100s] DEBUG:colcon.colcon_core.event_handler.log_command:Invoking command in '/home/xelf/warehouse-automation/build/orchestrator': PYTHONPATH=/home/xelf/warehouse-automation/build/orchestrator/prefix_override:/usr/lib/python3/dist-packages/colcon_core/task/python/colcon_distutils_commands:/home/xelf/warehouse-automation/install/orchestrator/lib/python3.10/site-packages:${PYTHONPATH} /usr/bin/python3 -W ignore:setup.py install is deprecated -W ignore:easy_install command is deprecated setup.py develop --editable --build-directory /home/xelf/warehouse-automation/build/orchestrator/build --no-deps symlink_data
[3.558s] Level 1:colcon.colcon_core.shell:create_environment_hook('cuopt_bridge', 'pythonpath_develop')
[3.559s] INFO:colcon.colcon_core.shell:Creating environment hook '/home/xelf/warehouse-automation/build/cuopt_bridge/share/cuopt_bridge/hook/pythonpath_develop.ps1'
[3.560s] DEBUG:colcon.colcon_core.event_handler.log_command:Invoked command in '/home/xelf/warehouse-automation/build/cuopt_bridge' returned '0': PYTHONPATH=/home/xelf/warehouse-automation/build/cuopt_bridge/prefix_override:/usr/lib/python3/dist-packages/colcon_core/task/python/colcon_distutils_commands:/home/xelf/warehouse-automation/install/cuopt_bridge/lib/python3.10/site-packages:${PYTHONPATH} /usr/bin/python3 -W ignore:setup.py install is deprecated -W ignore:easy_install command is deprecated setup.py develop --editable --build-directory /home/xelf/warehouse-automation/build/cuopt_bridge/build --no-deps symlink_data
[3.562s] INFO:colcon.colcon_core.shell:Creating environment descriptor '/home/xelf/warehouse-automation/build/cuopt_bridge/share/cuopt_bridge/hook/pythonpath_develop.dsv'
[3.562s] INFO:colcon.colcon_core.shell:Creating environment hook '/home/xelf/warehouse-automation/build/cuopt_bridge/share/cuopt_bridge/hook/pythonpath_develop.sh'
[3.574s] Level 1:colcon.colcon_core.environment:checking '/home/xelf/warehouse-automation/install/cuopt_bridge' for CMake module files
[3.575s] Level 1:colcon.colcon_core.environment:checking '/home/xelf/warehouse-automation/install/cuopt_bridge' for CMake config files
[3.579s] Level 1:colcon.colcon_core.environment:checking '/home/xelf/warehouse-automation/install/cuopt_bridge/lib'
[3.579s] Level 1:colcon.colcon_core.environment:checking '/home/xelf/warehouse-automation/install/cuopt_bridge/bin'
[3.579s] Level 1:colcon.colcon_core.environment:checking '/home/xelf/warehouse-automation/install/cuopt_bridge/lib/pkgconfig/cuopt_bridge.pc'
[3.579s] Level 1:colcon.colcon_core.environment:checking '/home/xelf/warehouse-automation/install/cuopt_bridge/lib/python3.10/site-packages'
[3.579s] Level 1:colcon.colcon_core.shell:create_environment_hook('cuopt_bridge', 'pythonpath')
[3.580s] INFO:colcon.colcon_core.shell:Creating environment hook '/home/xelf/warehouse-automation/install/cuopt_bridge/share/cuopt_bridge/hook/pythonpath.ps1'
[3.580s] INFO:colcon.colcon_core.shell:Creating environment descriptor '/home/xelf/warehouse-automation/install/cuopt_bridge/share/cuopt_bridge/hook/pythonpath.dsv'
[3.580s] INFO:colcon.colcon_core.shell:Creating environment hook '/home/xelf/warehouse-automation/install/cuopt_bridge/share/cuopt_bridge/hook/pythonpath.sh'
[3.581s] Level 1:colcon.colcon_core.environment:checking '/home/xelf/warehouse-automation/install/cuopt_bridge/bin'
[3.581s] Level 1:colcon.colcon_core.environment:create_environment_scripts_only(cuopt_bridge)
[3.581s] INFO:colcon.colcon_core.shell:Creating package script '/home/xelf/warehouse-automation/install/cuopt_bridge/share/cuopt_bridge/package.ps1'
[3.582s] INFO:colcon.colcon_core.shell:Creating package descriptor '/home/xelf/warehouse-automation/install/cuopt_bridge/share/cuopt_bridge/package.dsv'
[3.584s] INFO:colcon.colcon_core.shell:Creating package script '/home/xelf/warehouse-automation/install/cuopt_bridge/share/cuopt_bridge/package.sh'
[3.585s] INFO:colcon.colcon_core.shell:Creating package script '/home/xelf/warehouse-automation/install/cuopt_bridge/share/cuopt_bridge/package.bash'
[3.587s] INFO:colcon.colcon_core.shell:Creating package script '/home/xelf/warehouse-automation/install/cuopt_bridge/share/cuopt_bridge/package.zsh'
[3.587s] Level 1:colcon.colcon_core.environment:create_file_with_runtime_dependencies(/home/xelf/warehouse-automation/install/cuopt_bridge/share/colcon-core/packages/cuopt_bridge)
[3.589s] Level 1:colcon.colcon_core.shell:create_environment_hook('warehouse_msgs', 'pythonpath_develop')
[3.590s] INFO:colcon.colcon_core.shell:Creating environment hook '/home/xelf/warehouse-automation/build/warehouse_msgs/share/warehouse_msgs/hook/pythonpath_develop.ps1'
[3.590s] DEBUG:colcon.colcon_core.event_handler.log_command:Invoked command in '/home/xelf/warehouse-automation/build/warehouse_msgs' returned '0': PYTHONPATH=/home/xelf/warehouse-automation/build/warehouse_msgs/prefix_override:/usr/lib/python3/dist-packages/colcon_core/task/python/colcon_distutils_commands:/home/xelf/warehouse-automation/install/warehouse_msgs/lib/python3.10/site-packages:${PYTHONPATH} /usr/bin/python3 -W ignore:setup.py install is deprecated -W ignore:easy_install command is deprecated setup.py develop --editable --build-directory /home/xelf/warehouse-automation/build/warehouse_msgs/build --no-deps symlink_data
[3.591s] INFO:colcon.colcon_core.shell:Creating environment descriptor '/home/xelf/warehouse-automation/build/warehouse_msgs/share/warehouse_msgs/hook/pythonpath_develop.dsv'
[3.591s] INFO:colcon.colcon_core.shell:Creating environment hook '/home/xelf/warehouse-automation/build/warehouse_msgs/share/warehouse_msgs/hook/pythonpath_develop.sh'
[3.592s] Level 1:colcon.colcon_core.environment:checking '/home/xelf/warehouse-automation/install/warehouse_msgs' for CMake module files
[3.593s] Level 1:colcon.colcon_core.environment:checking '/home/xelf/warehouse-automation/install/warehouse_msgs' for CMake config files
[3.596s] Level 1:colcon.colcon_core.environment:checking '/home/xelf/warehouse-automation/install/warehouse_msgs/lib'
[3.596s] Level 1:colcon.colcon_core.environment:checking '/home/xelf/warehouse-automation/install/warehouse_msgs/bin'
[3.596s] Level 1:colcon.colcon_core.environment:checking '/home/xelf/warehouse-automation/install/warehouse_msgs/lib/pkgconfig/warehouse_msgs.pc'
[3.596s] Level 1:colcon.colcon_core.environment:checking '/home/xelf/warehouse-automation/install/warehouse_msgs/lib/python3.10/site-packages'
[3.596s] Level 1:colcon.colcon_core.shell:create_environment_hook('warehouse_msgs', 'pythonpath')
[3.597s] INFO:colcon.colcon_core.shell:Creating environment hook '/home/xelf/warehouse-automation/install/warehouse_msgs/share/warehouse_msgs/hook/pythonpath.ps1'
[3.597s] INFO:colcon.colcon_core.shell:Creating environment descriptor '/home/xelf/warehouse-automation/install/warehouse_msgs/share/warehouse_msgs/hook/pythonpath.dsv'
[3.597s] INFO:colcon.colcon_core.shell:Creating environment hook '/home/xelf/warehouse-automation/install/warehouse_msgs/share/warehouse_msgs/hook/pythonpath.sh'
[3.598s] Level 1:colcon.colcon_core.environment:checking '/home/xelf/warehouse-automation/install/warehouse_msgs/bin'
[3.598s] Level 1:colcon.colcon_core.environment:create_environment_scripts_only(warehouse_msgs)
[3.599s] INFO:colcon.colcon_core.shell:Creating package script '/home/xelf/warehouse-automation/install/warehouse_msgs/share/warehouse_msgs/package.ps1'
[3.600s] INFO:colcon.colcon_core.shell:Creating package descriptor '/home/xelf/warehouse-automation/install/warehouse_msgs/share/warehouse_msgs/package.dsv'
[3.600s] INFO:colcon.colcon_core.shell:Creating package script '/home/xelf/warehouse-automation/install/warehouse_msgs/share/warehouse_msgs/package.sh'
[3.601s] INFO:colcon.colcon_core.shell:Creating package script '/home/xelf/warehouse-automation/install/warehouse_msgs/share/warehouse_msgs/package.bash'
[3.601s] INFO:colcon.colcon_core.shell:Creating package script '/home/xelf/warehouse-automation/install/warehouse_msgs/share/warehouse_msgs/package.zsh'
[3.601s] Level 1:colcon.colcon_core.environment:create_file_with_runtime_dependencies(/home/xelf/warehouse-automation/install/warehouse_msgs/share/colcon-core/packages/warehouse_msgs)
[3.602s] Level 1:colcon.colcon_core.shell:create_environment_hook('amr_description', 'pythonpath_develop')
[3.602s] INFO:colcon.colcon_core.shell:Creating environment hook '/home/xelf/warehouse-automation/build/amr_description/share/amr_description/hook/pythonpath_develop.ps1'
[3.603s] DEBUG:colcon.colcon_core.event_handler.log_command:Invoked command in '/home/xelf/warehouse-automation/build/amr_description' returned '0': PYTHONPATH=/home/xelf/warehouse-automation/build/amr_description/prefix_override:/usr/lib/python3/dist-packages/colcon_core/task/python/colcon_distutils_commands:/home/xelf/warehouse-automation/install/amr_description/lib/python3.10/site-packages:${PYTHONPATH} /usr/bin/python3 -W ignore:setup.py install is deprecated -W ignore:easy_install command is deprecated setup.py develop --editable --build-directory /home/xelf/warehouse-automation/build/amr_description/build --no-deps symlink_data
[3.603s] INFO:colcon.colcon_core.shell:Creating environment descriptor '/home/xelf/warehouse-automation/build/amr_description/share/amr_description/hook/pythonpath_develop.dsv'
[3.604s] INFO:colcon.colcon_core.shell:Creating environment hook '/home/xelf/warehouse-automation/build/amr_description/share/amr_description/hook/pythonpath_develop.sh'
[3.605s] Level 1:colcon.colcon_core.environment:checking '/home/xelf/warehouse-automation/install/amr_description' for CMake module files
[3.606s] Level 1:colcon.colcon_core.environment:checking '/home/xelf/warehouse-automation/install/amr_description' for CMake config files
[3.610s] Level 1:colcon.colcon_core.environment:checking '/home/xelf/warehouse-automation/install/amr_description/lib'
[3.610s] Level 1:colcon.colcon_core.environment:checking '/home/xelf/warehouse-automation/install/amr_description/bin'
[3.610s] Level 1:colcon.colcon_core.environment:checking '/home/xelf/warehouse-automation/install/amr_description/lib/pkgconfig/amr_description.pc'
[3.610s] Level 1:colcon.colcon_core.environment:checking '/home/xelf/warehouse-automation/install/amr_description/lib/python3.10/site-packages'
[3.611s] Level 1:colcon.colcon_core.shell:create_environment_hook('amr_description', 'pythonpath')
[3.611s] INFO:colcon.colcon_core.shell:Creating environment hook '/home/xelf/warehouse-automation/install/amr_description/share/amr_description/hook/pythonpath.ps1'
[3.611s] INFO:colcon.colcon_core.shell:Creating environment descriptor '/home/xelf/warehouse-automation/install/amr_description/share/amr_description/hook/pythonpath.dsv'
[3.611s] INFO:colcon.colcon_core.shell:Creating environment hook '/home/xelf/warehouse-automation/install/amr_description/share/amr_description/hook/pythonpath.sh'
[3.612s] Level 1:colcon.colcon_core.environment:checking '/home/xelf/warehouse-automation/install/amr_description/bin'
[3.612s] Level 1:colcon.colcon_core.environment:create_environment_scripts_only(amr_description)
[3.612s] INFO:colcon.colcon_core.shell:Creating package script '/home/xelf/warehouse-automation/install/amr_description/share/amr_description/package.ps1'
[3.613s] INFO:colcon.colcon_core.shell:Creating package descriptor '/home/xelf/warehouse-automation/install/amr_description/share/amr_description/package.dsv'
[3.613s] INFO:colcon.colcon_core.shell:Creating package script '/home/xelf/warehouse-automation/install/amr_description/share/amr_description/package.sh'
[3.613s] INFO:colcon.colcon_core.shell:Creating package script '/home/xelf/warehouse-automation/install/amr_description/share/amr_description/package.bash'
[3.614s] INFO:colcon.colcon_core.shell:Creating package script '/home/xelf/warehouse-automation/install/amr_description/share/amr_description/package.zsh'
[3.614s] Level 1:colcon.colcon_core.environment:create_file_with_runtime_dependencies(/home/xelf/warehouse-automation/install/amr_description/share/colcon-core/packages/amr_description)
[3.614s] Level 1:colcon.colcon_core.shell:create_environment_hook('hello_world_pkgs', 'pythonpath_develop')
[3.615s] INFO:colcon.colcon_core.shell:Creating environment hook '/home/xelf/warehouse-automation/build/hello_world_pkgs/share/hello_world_pkgs/hook/pythonpath_develop.ps1'
[3.616s] INFO:colcon.colcon_core.shell:Creating environment descriptor '/home/xelf/warehouse-automation/build/hello_world_pkgs/share/hello_world_pkgs/hook/pythonpath_develop.dsv'
[3.616s] DEBUG:colcon.colcon_core.event_handler.log_command:Invoked command in '/home/xelf/warehouse-automation/build/hello_world_pkgs' returned '0': PYTHONPATH=/home/xelf/warehouse-automation/build/hello_world_pkgs/prefix_override:/usr/lib/python3/dist-packages/colcon_core/task/python/colcon_distutils_commands:/home/xelf/warehouse-automation/install/hello_world_pkgs/lib/python3.10/site-packages:${PYTHONPATH} /usr/bin/python3 -W ignore:setup.py install is deprecated -W ignore:easy_install command is deprecated setup.py develop --editable --build-directory /home/xelf/warehouse-automation/build/hello_world_pkgs/build --no-deps symlink_data
[3.617s] INFO:colcon.colcon_core.shell:Creating environment hook '/home/xelf/warehouse-automation/build/hello_world_pkgs/share/hello_world_pkgs/hook/pythonpath_develop.sh'
[3.617s] Level 1:colcon.colcon_core.environment:checking '/home/xelf/warehouse-automation/install/hello_world_pkgs' for CMake module files
[3.618s] Level 1:colcon.colcon_core.environment:checking '/home/xelf/warehouse-automation/install/hello_world_pkgs' for CMake config files
[3.623s] Level 1:colcon.colcon_core.environment:checking '/home/xelf/warehouse-automation/install/hello_world_pkgs/lib'
[3.623s] Level 1:colcon.colcon_core.environment:checking '/home/xelf/warehouse-automation/install/hello_world_pkgs/bin'
[3.623s] Level 1:colcon.colcon_core.environment:checking '/home/xelf/warehouse-automation/install/hello_world_pkgs/lib/pkgconfig/hello_world_pkgs.pc'
[3.623s] Level 1:colcon.colcon_core.environment:checking '/home/xelf/warehouse-automation/install/hello_world_pkgs/lib/python3.10/site-packages'
[3.623s] Level 1:colcon.colcon_core.shell:create_environment_hook('hello_world_pkgs', 'pythonpath')
[3.624s] INFO:colcon.colcon_core.shell:Creating environment hook '/home/xelf/warehouse-automation/install/hello_world_pkgs/share/hello_world_pkgs/hook/pythonpath.ps1'
[3.625s] INFO:colcon.colcon_core.shell:Creating environment descriptor '/home/xelf/warehouse-automation/install/hello_world_pkgs/share/hello_world_pkgs/hook/pythonpath.dsv'
[3.625s] INFO:colcon.colcon_core.shell:Creating environment hook '/home/xelf/warehouse-automation/install/hello_world_pkgs/share/hello_world_pkgs/hook/pythonpath.sh'
[3.626s] Level 1:colcon.colcon_core.environment:checking '/home/xelf/warehouse-automation/install/hello_world_pkgs/bin'
[3.626s] Level 1:colcon.colcon_core.environment:create_environment_scripts_only(hello_world_pkgs)
[3.627s] INFO:colcon.colcon_core.shell:Creating package script '/home/xelf/warehouse-automation/install/hello_world_pkgs/share/hello_world_pkgs/package.ps1'
[3.627s] INFO:colcon.colcon_core.shell:Creating package descriptor '/home/xelf/warehouse-automation/install/hello_world_pkgs/share/hello_world_pkgs/package.dsv'
[3.628s] INFO:colcon.colcon_core.shell:Creating package script '/home/xelf/warehouse-automation/install/hello_world_pkgs/share/hello_world_pkgs/package.sh'
[3.629s] INFO:colcon.colcon_core.shell:Creating package script '/home/xelf/warehouse-automation/install/hello_world_pkgs/share/hello_world_pkgs/package.bash'
[3.629s] INFO:colcon.colcon_core.shell:Creating package script '/home/xelf/warehouse-automation/install/hello_world_pkgs/share/hello_world_pkgs/package.zsh'
[3.630s] Level 1:colcon.colcon_core.environment:create_file_with_runtime_dependencies(/home/xelf/warehouse-automation/install/hello_world_pkgs/share/colcon-core/packages/hello_world_pkgs)
[3.631s] Level 1:colcon.colcon_core.shell:create_environment_hook('order_system', 'pythonpath_develop')
[3.631s] INFO:colcon.colcon_core.shell:Creating environment hook '/home/xelf/warehouse-automation/build/order_system/share/order_system/hook/pythonpath_develop.ps1'
[3.633s] INFO:colcon.colcon_core.shell:Creating environment descriptor '/home/xelf/warehouse-automation/build/order_system/share/order_system/hook/pythonpath_develop.dsv'
[3.633s] DEBUG:colcon.colcon_core.event_handler.log_command:Invoked command in '/home/xelf/warehouse-automation/build/order_system' returned '0': PYTHONPATH=/home/xelf/warehouse-automation/build/order_system/prefix_override:/usr/lib/python3/dist-packages/colcon_core/task/python/colcon_distutils_commands:/home/xelf/warehouse-automation/install/order_system/lib/python3.10/site-packages:${PYTHONPATH} /usr/bin/python3 -W ignore:setup.py install is deprecated -W ignore:easy_install command is deprecated setup.py develop --editable --build-directory /home/xelf/warehouse-automation/build/order_system/build --no-deps symlink_data
[3.634s] INFO:colcon.colcon_core.shell:Creating environment hook '/home/xelf/warehouse-automation/build/order_system/share/order_system/hook/pythonpath_develop.sh'
[3.634s] Level 1:colcon.colcon_core.environment:checking '/home/xelf/warehouse-automation/install/order_system' for CMake module files
[3.635s] Level 1:colcon.colcon_core.environment:checking '/home/xelf/warehouse-automation/install/order_system' for CMake config files
[3.638s] Level 1:colcon.colcon_core.environment:checking '/home/xelf/warehouse-automation/install/order_system/lib'
[3.638s] Level 1:colcon.colcon_core.environment:checking '/home/xelf/warehouse-automation/install/order_system/bin'
[3.638s] Level 1:colcon.colcon_core.environment:checking '/home/xelf/warehouse-automation/install/order_system/lib/pkgconfig/order_system.pc'
[3.638s] Level 1:colcon.colcon_core.environment:checking '/home/xelf/warehouse-automation/install/order_system/lib/python3.10/site-packages'
[3.639s] Level 1:colcon.colcon_core.shell:create_environment_hook('order_system', 'pythonpath')
[3.639s] INFO:colcon.colcon_core.shell:Creating environment hook '/home/xelf/warehouse-automation/install/order_system/share/order_system/hook/pythonpath.ps1'
[3.640s] INFO:colcon.colcon_core.shell:Creating environment descriptor '/home/xelf/warehouse-automation/install/order_system/share/order_system/hook/pythonpath.dsv'
[3.640s] INFO:colcon.colcon_core.shell:Creating environment hook '/home/xelf/warehouse-automation/install/order_system/share/order_system/hook/pythonpath.sh'
[3.641s] Level 1:colcon.colcon_core.environment:checking '/home/xelf/warehouse-automation/install/order_system/bin'
[3.641s] Level 1:colcon.colcon_core.environment:create_environment_scripts_only(order_system)
[3.641s] INFO:colcon.colcon_core.shell:Creating package script '/home/xelf/warehouse-automation/install/order_system/share/order_system/package.ps1'
[3.642s] INFO:colcon.colcon_core.shell:Creating package descriptor '/home/xelf/warehouse-automation/install/order_system/share/order_system/package.dsv'
[3.642s] INFO:colcon.colcon_core.shell:Creating package script '/home/xelf/warehouse-automation/install/order_system/share/order_system/package.sh'
[3.642s] INFO:colcon.colcon_core.shell:Creating package script '/home/xelf/warehouse-automation/install/order_system/share/order_system/package.bash'
[3.643s] INFO:colcon.colcon_core.shell:Creating package script '/home/xelf/warehouse-automation/install/order_system/share/order_system/package.zsh'
[3.643s] Level 1:colcon.colcon_core.environment:create_file_with_runtime_dependencies(/home/xelf/warehouse-automation/install/order_system/share/colcon-core/packages/order_system)
[3.643s] Level 1:colcon.colcon_core.shell:create_environment_hook('orchestrator', 'pythonpath_develop')
[3.643s] INFO:colcon.colcon_core.shell:Creating environment hook '/home/xelf/warehouse-automation/build/orchestrator/share/orchestrator/hook/pythonpath_develop.ps1'
[3.644s] DEBUG:colcon.colcon_core.event_handler.log_command:Invoked command in '/home/xelf/warehouse-automation/build/orchestrator' returned '0': PYTHONPATH=/home/xelf/warehouse-automation/build/orchestrator/prefix_override:/usr/lib/python3/dist-packages/colcon_core/task/python/colcon_distutils_commands:/home/xelf/warehouse-automation/install/orchestrator/lib/python3.10/site-packages:${PYTHONPATH} /usr/bin/python3 -W ignore:setup.py install is deprecated -W ignore:easy_install command is deprecated setup.py develop --editable --build-directory /home/xelf/warehouse-automation/build/orchestrator/build --no-deps symlink_data
[3.644s] INFO:colcon.colcon_core.shell:Creating environment descriptor '/home/xelf/warehouse-automation/build/orchestrator/share/orchestrator/hook/pythonpath_develop.dsv'
[3.645s] INFO:colcon.colcon_core.shell:Creating environment hook '/home/xelf/warehouse-automation/build/orchestrator/share/orchestrator/hook/pythonpath_develop.sh'
[3.645s] Level 1:colcon.colcon_core.environment:checking '/home/xelf/warehouse-automation/install/orchestrator' for CMake module files
[3.646s] Level 1:colcon.colcon_core.environment:checking '/home/xelf/warehouse-automation/install/orchestrator' for CMake config files
[3.650s] Level 1:colcon.colcon_core.environment:checking '/home/xelf/warehouse-automation/install/orchestrator/lib'
[3.650s] Level 1:colcon.colcon_core.environment:checking '/home/xelf/warehouse-automation/install/orchestrator/bin'
[3.650s] Level 1:colcon.colcon_core.environment:checking '/home/xelf/warehouse-automation/install/orchestrator/lib/pkgconfig/orchestrator.pc'
[3.650s] Level 1:colcon.colcon_core.environment:checking '/home/xelf/warehouse-automation/install/orchestrator/lib/python3.10/site-packages'
[3.650s] Level 1:colcon.colcon_core.shell:create_environment_hook('orchestrator', 'pythonpath')
[3.650s] INFO:colcon.colcon_core.shell:Creating environment hook '/home/xelf/warehouse-automation/install/orchestrator/share/orchestrator/hook/pythonpath.ps1'
[3.651s] INFO:colcon.colcon_core.shell:Creating environment descriptor '/home/xelf/warehouse-automation/install/orchestrator/share/orchestrator/hook/pythonpath.dsv'
[3.651s] INFO:colcon.colcon_core.shell:Creating environment hook '/home/xelf/warehouse-automation/install/orchestrator/share/orchestrator/hook/pythonpath.sh'
[3.652s] Level 1:colcon.colcon_core.environment:checking '/home/xelf/warehouse-automation/install/orchestrator/bin'
[3.652s] Level 1:colcon.colcon_core.environment:create_environment_scripts_only(orchestrator)
[3.652s] INFO:colcon.colcon_core.shell:Creating package script '/home/xelf/warehouse-automation/install/orchestrator/share/orchestrator/package.ps1'
[3.653s] INFO:colcon.colcon_core.shell:Creating package descriptor '/home/xelf/warehouse-automation/install/orchestrator/share/orchestrator/package.dsv'
[3.653s] INFO:colcon.colcon_core.shell:Creating package script '/home/xelf/warehouse-automation/install/orchestrator/share/orchestrator/package.sh'
[3.654s] INFO:colcon.colcon_core.shell:Creating package script '/home/xelf/warehouse-automation/install/orchestrator/share/orchestrator/package.bash'
[3.654s] INFO:colcon.colcon_core.shell:Creating package script '/home/xelf/warehouse-automation/install/orchestrator/share/orchestrator/package.zsh'
[3.655s] Level 1:colcon.colcon_core.environment:create_file_with_runtime_dependencies(/home/xelf/warehouse-automation/install/orchestrator/share/colcon-core/packages/orchestrator)
[3.655s] DEBUG:colcon.colcon_parallel_executor.executor.parallel:closing loop
[3.655s] DEBUG:colcon.colcon_parallel_executor.executor.parallel:loop closed
[3.655s] DEBUG:colcon.colcon_parallel_executor.executor.parallel:run_until_complete finished with '0'
[3.655s] DEBUG:colcon.colcon_core.event_reactor:joining thread
[3.881s] INFO:colcon.colcon_core.plugin_system:Skipping extension 'colcon_notification.desktop_notification.notify_send': Could not find 'notify-send'
[3.881s] INFO:colcon.colcon_core.plugin_system:Skipping extension 'colcon_notification.desktop_notification.terminal_notifier': Not used on non-Darwin systems
[3.881s] INFO:colcon.colcon_core.plugin_system:Skipping extension 'colcon_notification.desktop_notification.win32': Not used on non-Windows systems
[3.881s] INFO:colcon.colcon_notification.desktop_notification:Sending desktop notification using 'notify2'
[3.881s] DEBUG:colcon.colcon_notification.desktop_notification.notify2:Failed to initialize notify2: org.freedesktop.DBus.Error.FileNotFound: Failed to connect to socket /run/user/1000/bus: No such file or directory
[3.881s] DEBUG:colcon.colcon_core.event_reactor:joined thread
[3.882s] INFO:colcon.colcon_core.shell:Creating prefix script '/home/xelf/warehouse-automation/install/local_setup.ps1'
[3.884s] INFO:colcon.colcon_core.shell:Creating prefix util module '/home/xelf/warehouse-automation/install/_local_setup_util_ps1.py'
[3.885s] INFO:colcon.colcon_core.shell:Creating prefix chain script '/home/xelf/warehouse-automation/install/setup.ps1'
[3.887s] INFO:colcon.colcon_core.shell:Creating prefix script '/home/xelf/warehouse-automation/install/local_setup.sh'
[3.888s] INFO:colcon.colcon_core.shell:Creating prefix util module '/home/xelf/warehouse-automation/install/_local_setup_util_sh.py'
[3.889s] INFO:colcon.colcon_core.shell:Creating prefix chain script '/home/xelf/warehouse-automation/install/setup.sh'
[3.891s] INFO:colcon.colcon_core.shell:Creating prefix script '/home/xelf/warehouse-automation/install/local_setup.bash'
[3.892s] INFO:colcon.colcon_core.shell:Creating prefix chain script '/home/xelf/warehouse-automation/install/setup.bash'
[3.894s] INFO:colcon.colcon_core.shell:Creating prefix script '/home/xelf/warehouse-automation/install/local_setup.zsh'
[3.895s] INFO:colcon.colcon_core.shell:Creating prefix chain script '/home/xelf/warehouse-automation/install/setup.zsh'
