[1.864s] Invoking command in '/home/ubuntu/warehouse-automation-001/cuopt_bridge': PYTHONPATH=/home/ubuntu/warehouse-automation-001/build/cuopt_bridge/prefix_override:/usr/lib/python3/dist-packages/colcon_core/task/python/colcon_distutils_commands:/home/ubuntu/warehouse-automation-001/install/cuopt_bridge/lib/python3.10/site-packages:${PYTHONPATH} /usr/bin/python3 -W ignore:setup.py install is deprecated -W ignore:easy_install command is deprecated setup.py egg_info --egg-base ../build/cuopt_bridge build --build-base /home/ubuntu/warehouse-automation-001/build/cuopt_bridge/build install --record /home/ubuntu/warehouse-automation-001/build/cuopt_bridge/install.log --single-version-externally-managed install_data
[2.198s] running egg_info
[2.220s] creating ../build/cuopt_bridge/cuopt_bridge.egg-info
[2.220s] writing ../build/cuopt_bridge/cuopt_bridge.egg-info/PKG-INFO
[2.220s] writing dependency_links to ../build/cuopt_bridge/cuopt_bridge.egg-info/dependency_links.txt
[2.222s] writing entry points to ../build/cuopt_bridge/cuopt_bridge.egg-info/entry_points.txt
[2.222s] writing requirements to ../build/cuopt_bridge/cuopt_bridge.egg-info/requires.txt
[2.222s] writing top-level names to ../build/cuopt_bridge/cuopt_bridge.egg-info/top_level.txt
[2.227s] writing manifest file '../build/cuopt_bridge/cuopt_bridge.egg-info/SOURCES.txt'
[2.284s] reading manifest file '../build/cuopt_bridge/cuopt_bridge.egg-info/SOURCES.txt'
[2.284s] writing manifest file '../build/cuopt_bridge/cuopt_bridge.egg-info/SOURCES.txt'
[2.284s] running build
[2.284s] running build_py
[2.284s] creating /home/ubuntu/warehouse-automation-001/build/cuopt_bridge/build/lib/cuopt_bridge
[2.284s] copying cuopt_bridge/cuopt_bridge.py -> /home/ubuntu/warehouse-automation-001/build/cuopt_bridge/build/lib/cuopt_bridge
[2.285s] copying cuopt_bridge/cuopt_client.py -> /home/ubuntu/warehouse-automation-001/build/cuopt_bridge/build/lib/cuopt_bridge
[2.285s] copying cuopt_bridge/__init__.py -> /home/ubuntu/warehouse-automation-001/build/cuopt_bridge/build/lib/cuopt_bridge
[2.285s] running install
[2.285s] running install_lib
[2.295s] creating /home/ubuntu/warehouse-automation-001/install/cuopt_bridge/lib/python3.10/site-packages/cuopt_bridge
[2.296s] copying /home/ubuntu/warehouse-automation-001/build/cuopt_bridge/build/lib/cuopt_bridge/cuopt_bridge.py -> /home/ubuntu/warehouse-automation-001/install/cuopt_bridge/lib/python3.10/site-packages/cuopt_bridge
[2.296s] copying /home/ubuntu/warehouse-automation-001/build/cuopt_bridge/build/lib/cuopt_bridge/cuopt_client.py -> /home/ubuntu/warehouse-automation-001/install/cuopt_bridge/lib/python3.10/site-packages/cuopt_bridge
[2.296s] copying /home/ubuntu/warehouse-automation-001/build/cuopt_bridge/build/lib/cuopt_bridge/__init__.py -> /home/ubuntu/warehouse-automation-001/install/cuopt_bridge/lib/python3.10/site-packages/cuopt_bridge
[2.296s] byte-compiling /home/ubuntu/warehouse-automation-001/install/cuopt_bridge/lib/python3.10/site-packages/cuopt_bridge/cuopt_bridge.py to cuopt_bridge.cpython-310.pyc
[2.302s] byte-compiling /home/ubuntu/warehouse-automation-001/install/cuopt_bridge/lib/python3.10/site-packages/cuopt_bridge/cuopt_client.py to cuopt_client.cpython-310.pyc
[2.316s] byte-compiling /home/ubuntu/warehouse-automation-001/install/cuopt_bridge/lib/python3.10/site-packages/cuopt_bridge/__init__.py to __init__.cpython-310.pyc
[2.316s] running install_data
[2.316s] creating /home/ubuntu/warehouse-automation-001/install/cuopt_bridge/share/ament_index/resource_index/packages
[2.316s] copying resource/cuopt_bridge -> /home/ubuntu/warehouse-automation-001/install/cuopt_bridge/share/ament_index/resource_index/packages
[2.316s] copying package.xml -> /home/ubuntu/warehouse-automation-001/install/cuopt_bridge/share/cuopt_bridge
[2.316s] creating /home/ubuntu/warehouse-automation-001/install/cuopt_bridge/share/cuopt_bridge/launch
[2.317s] copying launch/cuopt_bridge_launch.py -> /home/ubuntu/warehouse-automation-001/install/cuopt_bridge/share/cuopt_bridge/launch
[2.317s] running install_egg_info
[2.329s] Copying ../build/cuopt_bridge/cuopt_bridge.egg-info to /home/ubuntu/warehouse-automation-001/install/cuopt_bridge/lib/python3.10/site-packages/cuopt_bridge-0.0.0-py3.10.egg-info
[2.330s] running install_scripts
[2.369s] Installing cuopt_bridge script to /home/ubuntu/warehouse-automation-001/install/cuopt_bridge/lib/cuopt_bridge
[2.369s] Installing cuopt_client script to /home/ubuntu/warehouse-automation-001/install/cuopt_bridge/lib/cuopt_bridge
[2.370s] writing list of installed files to '/home/ubuntu/warehouse-automation-001/build/cuopt_bridge/install.log'
[2.407s] Invoked command in '/home/ubuntu/warehouse-automation-001/cuopt_bridge' returned '0': PYTHONPATH=/home/ubuntu/warehouse-automation-001/build/cuopt_bridge/prefix_override:/usr/lib/python3/dist-packages/colcon_core/task/python/colcon_distutils_commands:/home/ubuntu/warehouse-automation-001/install/cuopt_bridge/lib/python3.10/site-packages:${PYTHONPATH} /usr/bin/python3 -W ignore:setup.py install is deprecated -W ignore:easy_install command is deprecated setup.py egg_info --egg-base ../build/cuopt_bridge build --build-base /home/ubuntu/warehouse-automation-001/build/cuopt_bridge/build install --record /home/ubuntu/warehouse-automation-001/build/cuopt_bridge/install.log --single-version-externally-managed install_data
