running egg_info
writing ../build/hello_world_pkgs/hello_world_pkgs.egg-info/PKG-INFO
writing dependency_links to ../build/hello_world_pkgs/hello_world_pkgs.egg-info/dependency_links.txt
writing entry points to ../build/hello_world_pkgs/hello_world_pkgs.egg-info/entry_points.txt
writing requirements to ../build/hello_world_pkgs/hello_world_pkgs.egg-info/requires.txt
writing top-level names to ../build/hello_world_pkgs/hello_world_pkgs.egg-info/top_level.txt
reading manifest file '../build/hello_world_pkgs/hello_world_pkgs.egg-info/SOURCES.txt'
writing manifest file '../build/hello_world_pkgs/hello_world_pkgs.egg-info/SOURCES.txt'
running build
running build_py
running install
running install_lib
running install_data
running install_egg_info
removing '/home/xelf/warehouse-automation-001/install/hello_world_pkgs/lib/python3.10/site-packages/hello_world_pkgs-0.0.0-py3.10.egg-info' (and everything under it)
Copying ../build/hello_world_pkgs/hello_world_pkgs.egg-info to /home/xelf/warehouse-automation-001/install/hello_world_pkgs/lib/python3.10/site-packages/hello_world_pkgs-0.0.0-py3.10.egg-info
running install_scripts
Installing hello_listener script to /home/xelf/warehouse-automation-001/install/hello_world_pkgs/lib/hello_world_pkgs
Installing hello_talker script to /home/xelf/warehouse-automation-001/install/hello_world_pkgs/lib/hello_world_pkgs
writing list of installed files to '/home/xelf/warehouse-automation-001/build/hello_world_pkgs/install.log'
