running egg_info
creating ../build/orchestrator/orchestrator.egg-info
writing ../build/orchestrator/orchestrator.egg-info/PKG-INFO
writing dependency_links to ../build/orchestrator/orchestrator.egg-info/dependency_links.txt
writing entry points to ../build/orchestrator/orchestrator.egg-info/entry_points.txt
writing requirements to ../build/orchestrator/orchestrator.egg-info/requires.txt
writing top-level names to ../build/orchestrator/orchestrator.egg-info/top_level.txt
writing manifest file '../build/orchestrator/orchestrator.egg-info/SOURCES.txt'
reading manifest file '../build/orchestrator/orchestrator.egg-info/SOURCES.txt'
writing manifest file '../build/orchestrator/orchestrator.egg-info/SOURCES.txt'
running build
running build_py
creating /home/ubuntu/warehouse-automation-001/build/orchestrator/build/lib/orchestrator
copying orchestrator/gazebo_velocity_mover.py -> /home/ubuntu/warehouse-automation-001/build/orchestrator/build/lib/orchestrator
copying orchestrator/fleet_task_generator.py -> /home/ubuntu/warehouse-automation-001/build/orchestrator/build/lib/orchestrator
copying orchestrator/fleet_visualization.py -> /home/ubuntu/warehouse-automation-001/build/orchestrator/build/lib/orchestrator
copying orchestrator/amr_robot.py -> /home/ubuntu/warehouse-automation-001/build/orchestrator/build/lib/orchestrator
copying orchestrator/gazebo_fleet_viz.py -> /home/ubuntu/warehouse-automation-001/build/orchestrator/build/lib/orchestrator
copying orchestrator/robot_state_monitor.py -> /home/ubuntu/warehouse-automation-001/build/orchestrator/build/lib/orchestrator
copying orchestrator/__init__.py -> /home/ubuntu/warehouse-automation-001/build/orchestrator/build/lib/orchestrator
copying orchestrator/gazebo_robot_mover.py -> /home/ubuntu/warehouse-automation-001/build/orchestrator/build/lib/orchestrator
copying orchestrator/orchestrator.py -> /home/ubuntu/warehouse-automation-001/build/orchestrator/build/lib/orchestrator
copying orchestrator/gazebo_fleet_controller.py -> /home/ubuntu/warehouse-automation-001/build/orchestrator/build/lib/orchestrator
copying orchestrator/task_executor.py -> /home/ubuntu/warehouse-automation-001/build/orchestrator/build/lib/orchestrator
copying orchestrator/gazebo_fleet_mover.py -> /home/ubuntu/warehouse-automation-001/build/orchestrator/build/lib/orchestrator
copying orchestrator/fleet_dashboard.py -> /home/ubuntu/warehouse-automation-001/build/orchestrator/build/lib/orchestrator
copying orchestrator/simple_mover.py -> /home/ubuntu/warehouse-automation-001/build/orchestrator/build/lib/orchestrator
copying orchestrator/fleet_manager.py -> /home/ubuntu/warehouse-automation-001/build/orchestrator/build/lib/orchestrator
copying orchestrator/test_gazebo_mover.py -> /home/ubuntu/warehouse-automation-001/build/orchestrator/build/lib/orchestrator
running install
running install_lib
creating /home/ubuntu/warehouse-automation-001/install/orchestrator/lib/python3.10/site-packages/orchestrator
copying /home/ubuntu/warehouse-automation-001/build/orchestrator/build/lib/orchestrator/gazebo_velocity_mover.py -> /home/ubuntu/warehouse-automation-001/install/orchestrator/lib/python3.10/site-packages/orchestrator
copying /home/ubuntu/warehouse-automation-001/build/orchestrator/build/lib/orchestrator/fleet_task_generator.py -> /home/ubuntu/warehouse-automation-001/install/orchestrator/lib/python3.10/site-packages/orchestrator
copying /home/ubuntu/warehouse-automation-001/build/orchestrator/build/lib/orchestrator/fleet_visualization.py -> /home/ubuntu/warehouse-automation-001/install/orchestrator/lib/python3.10/site-packages/orchestrator
copying /home/ubuntu/warehouse-automation-001/build/orchestrator/build/lib/orchestrator/amr_robot.py -> /home/ubuntu/warehouse-automation-001/install/orchestrator/lib/python3.10/site-packages/orchestrator
copying /home/ubuntu/warehouse-automation-001/build/orchestrator/build/lib/orchestrator/gazebo_fleet_viz.py -> /home/ubuntu/warehouse-automation-001/install/orchestrator/lib/python3.10/site-packages/orchestrator
copying /home/ubuntu/warehouse-automation-001/build/orchestrator/build/lib/orchestrator/robot_state_monitor.py -> /home/ubuntu/warehouse-automation-001/install/orchestrator/lib/python3.10/site-packages/orchestrator
copying /home/ubuntu/warehouse-automation-001/build/orchestrator/build/lib/orchestrator/__init__.py -> /home/ubuntu/warehouse-automation-001/install/orchestrator/lib/python3.10/site-packages/orchestrator
copying /home/ubuntu/warehouse-automation-001/build/orchestrator/build/lib/orchestrator/gazebo_robot_mover.py -> /home/ubuntu/warehouse-automation-001/install/orchestrator/lib/python3.10/site-packages/orchestrator
copying /home/ubuntu/warehouse-automation-001/build/orchestrator/build/lib/orchestrator/orchestrator.py -> /home/ubuntu/warehouse-automation-001/install/orchestrator/lib/python3.10/site-packages/orchestrator
copying /home/ubuntu/warehouse-automation-001/build/orchestrator/build/lib/orchestrator/gazebo_fleet_controller.py -> /home/ubuntu/warehouse-automation-001/install/orchestrator/lib/python3.10/site-packages/orchestrator
copying /home/ubuntu/warehouse-automation-001/build/orchestrator/build/lib/orchestrator/task_executor.py -> /home/ubuntu/warehouse-automation-001/install/orchestrator/lib/python3.10/site-packages/orchestrator
copying /home/ubuntu/warehouse-automation-001/build/orchestrator/build/lib/orchestrator/gazebo_fleet_mover.py -> /home/ubuntu/warehouse-automation-001/install/orchestrator/lib/python3.10/site-packages/orchestrator
copying /home/ubuntu/warehouse-automation-001/build/orchestrator/build/lib/orchestrator/fleet_dashboard.py -> /home/ubuntu/warehouse-automation-001/install/orchestrator/lib/python3.10/site-packages/orchestrator
copying /home/ubuntu/warehouse-automation-001/build/orchestrator/build/lib/orchestrator/simple_mover.py -> /home/ubuntu/warehouse-automation-001/install/orchestrator/lib/python3.10/site-packages/orchestrator
copying /home/ubuntu/warehouse-automation-001/build/orchestrator/build/lib/orchestrator/fleet_manager.py -> /home/ubuntu/warehouse-automation-001/install/orchestrator/lib/python3.10/site-packages/orchestrator
copying /home/ubuntu/warehouse-automation-001/build/orchestrator/build/lib/orchestrator/test_gazebo_mover.py -> /home/ubuntu/warehouse-automation-001/install/orchestrator/lib/python3.10/site-packages/orchestrator
byte-compiling /home/ubuntu/warehouse-automation-001/install/orchestrator/lib/python3.10/site-packages/orchestrator/gazebo_velocity_mover.py to gazebo_velocity_mover.cpython-310.pyc
byte-compiling /home/ubuntu/warehouse-automation-001/install/orchestrator/lib/python3.10/site-packages/orchestrator/fleet_task_generator.py to fleet_task_generator.cpython-310.pyc
byte-compiling /home/ubuntu/warehouse-automation-001/install/orchestrator/lib/python3.10/site-packages/orchestrator/fleet_visualization.py to fleet_visualization.cpython-310.pyc
byte-compiling /home/ubuntu/warehouse-automation-001/install/orchestrator/lib/python3.10/site-packages/orchestrator/amr_robot.py to amr_robot.cpython-310.pyc
byte-compiling /home/ubuntu/warehouse-automation-001/install/orchestrator/lib/python3.10/site-packages/orchestrator/gazebo_fleet_viz.py to gazebo_fleet_viz.cpython-310.pyc
byte-compiling /home/ubuntu/warehouse-automation-001/install/orchestrator/lib/python3.10/site-packages/orchestrator/robot_state_monitor.py to robot_state_monitor.cpython-310.pyc
byte-compiling /home/ubuntu/warehouse-automation-001/install/orchestrator/lib/python3.10/site-packages/orchestrator/__init__.py to __init__.cpython-310.pyc
byte-compiling /home/ubuntu/warehouse-automation-001/install/orchestrator/lib/python3.10/site-packages/orchestrator/gazebo_robot_mover.py to gazebo_robot_mover.cpython-310.pyc
byte-compiling /home/ubuntu/warehouse-automation-001/install/orchestrator/lib/python3.10/site-packages/orchestrator/orchestrator.py to orchestrator.cpython-310.pyc
byte-compiling /home/ubuntu/warehouse-automation-001/install/orchestrator/lib/python3.10/site-packages/orchestrator/gazebo_fleet_controller.py to gazebo_fleet_controller.cpython-310.pyc
byte-compiling /home/ubuntu/warehouse-automation-001/install/orchestrator/lib/python3.10/site-packages/orchestrator/task_executor.py to task_executor.cpython-310.pyc
byte-compiling /home/ubuntu/warehouse-automation-001/install/orchestrator/lib/python3.10/site-packages/orchestrator/gazebo_fleet_mover.py to gazebo_fleet_mover.cpython-310.pyc
Sorry: IndentationError: unexpected indent (gazebo_fleet_mover.py, line 58)
byte-compiling /home/ubuntu/warehouse-automation-001/install/orchestrator/lib/python3.10/site-packages/orchestrator/fleet_dashboard.py to fleet_dashboard.cpython-310.pyc
byte-compiling /home/ubuntu/warehouse-automation-001/install/orchestrator/lib/python3.10/site-packages/orchestrator/simple_mover.py to simple_mover.cpython-310.pyc
byte-compiling /home/ubuntu/warehouse-automation-001/install/orchestrator/lib/python3.10/site-packages/orchestrator/fleet_manager.py to fleet_manager.cpython-310.pyc
byte-compiling /home/ubuntu/warehouse-automation-001/install/orchestrator/lib/python3.10/site-packages/orchestrator/test_gazebo_mover.py to test_gazebo_mover.cpython-310.pyc
running install_data
creating /home/ubuntu/warehouse-automation-001/install/orchestrator/share/ament_index/resource_index/packages
copying resource/orchestrator -> /home/ubuntu/warehouse-automation-001/install/orchestrator/share/ament_index/resource_index/packages
copying package.xml -> /home/ubuntu/warehouse-automation-001/install/orchestrator/share/orchestrator
creating /home/ubuntu/warehouse-automation-001/install/orchestrator/share/orchestrator/launch
copying launch/orchestrator_launch.py -> /home/ubuntu/warehouse-automation-001/install/orchestrator/share/orchestrator/launch
copying launch/production_fleet.launch.py -> /home/ubuntu/warehouse-automation-001/install/orchestrator/share/orchestrator/launch
running install_egg_info
Copying ../build/orchestrator/orchestrator.egg-info to /home/ubuntu/warehouse-automation-001/install/orchestrator/lib/python3.10/site-packages/orchestrator-0.0.0-py3.10.egg-info
running install_scripts
Installing amr_robot script to /home/ubuntu/warehouse-automation-001/install/orchestrator/lib/orchestrator
Installing fleet_dashboard script to /home/ubuntu/warehouse-automation-001/install/orchestrator/lib/orchestrator
Installing fleet_manager script to /home/ubuntu/warehouse-automation-001/install/orchestrator/lib/orchestrator
Installing fleet_task_generator script to /home/ubuntu/warehouse-automation-001/install/orchestrator/lib/orchestrator
Installing fleet_visualization script to /home/ubuntu/warehouse-automation-001/install/orchestrator/lib/orchestrator
Installing gazebo_fleet_mover script to /home/ubuntu/warehouse-automation-001/install/orchestrator/lib/orchestrator
Installing gazebo_velocity_mover script to /home/ubuntu/warehouse-automation-001/install/orchestrator/lib/orchestrator
Installing orchestrator script to /home/ubuntu/warehouse-automation-001/install/orchestrator/lib/orchestrator
Installing robot_state_monitor script to /home/ubuntu/warehouse-automation-001/install/orchestrator/lib/orchestrator
Installing simple_mover script to /home/ubuntu/warehouse-automation-001/install/orchestrator/lib/orchestrator
Installing task_executor script to /home/ubuntu/warehouse-automation-001/install/orchestrator/lib/orchestrator
Installing test_gazebo_mover script to /home/ubuntu/warehouse-automation-001/install/orchestrator/lib/orchestrator
writing list of installed files to '/home/ubuntu/warehouse-automation-001/build/orchestrator/install.log'
