[1.677s] Invoking command in '/home/ubuntu/warehouse-automation-001/orchestrator': PYTHONPATH=/home/ubuntu/warehouse-automation-001/build/orchestrator/prefix_override:/usr/lib/python3/dist-packages/colcon_core/task/python/colcon_distutils_commands:/home/ubuntu/warehouse-automation-001/install/orchestrator/lib/python3.10/site-packages:${PYTHONPATH} /usr/bin/python3 -W ignore:setup.py install is deprecated -W ignore:easy_install command is deprecated setup.py egg_info --egg-base ../build/orchestrator build --build-base /home/ubuntu/warehouse-automation-001/build/orchestrator/build install --record /home/ubuntu/warehouse-automation-001/build/orchestrator/install.log --single-version-externally-managed install_data
[1.939s] running egg_info
[1.957s] creating ../build/orchestrator/orchestrator.egg-info
[1.958s] writing ../build/orchestrator/orchestrator.egg-info/PKG-INFO
[1.958s] writing dependency_links to ../build/orchestrator/orchestrator.egg-info/dependency_links.txt
[1.959s] writing entry points to ../build/orchestrator/orchestrator.egg-info/entry_points.txt
[1.959s] writing requirements to ../build/orchestrator/orchestrator.egg-info/requires.txt
[1.959s] writing top-level names to ../build/orchestrator/orchestrator.egg-info/top_level.txt
[1.963s] writing manifest file '../build/orchestrator/orchestrator.egg-info/SOURCES.txt'
[2.002s] reading manifest file '../build/orchestrator/orchestrator.egg-info/SOURCES.txt'
[2.003s] writing manifest file '../build/orchestrator/orchestrator.egg-info/SOURCES.txt'
[2.003s] running build
[2.003s] running build_py
[2.004s] creating /home/ubuntu/warehouse-automation-001/build/orchestrator/build/lib/orchestrator
[2.004s] copying orchestrator/gazebo_velocity_mover.py -> /home/ubuntu/warehouse-automation-001/build/orchestrator/build/lib/orchestrator
[2.004s] copying orchestrator/fleet_task_generator.py -> /home/ubuntu/warehouse-automation-001/build/orchestrator/build/lib/orchestrator
[2.004s] copying orchestrator/fleet_visualization.py -> /home/ubuntu/warehouse-automation-001/build/orchestrator/build/lib/orchestrator
[2.004s] copying orchestrator/amr_robot.py -> /home/ubuntu/warehouse-automation-001/build/orchestrator/build/lib/orchestrator
[2.005s] copying orchestrator/gazebo_fleet_viz.py -> /home/ubuntu/warehouse-automation-001/build/orchestrator/build/lib/orchestrator
[2.005s] copying orchestrator/robot_state_monitor.py -> /home/ubuntu/warehouse-automation-001/build/orchestrator/build/lib/orchestrator
[2.005s] copying orchestrator/__init__.py -> /home/ubuntu/warehouse-automation-001/build/orchestrator/build/lib/orchestrator
[2.005s] copying orchestrator/gazebo_robot_mover.py -> /home/ubuntu/warehouse-automation-001/build/orchestrator/build/lib/orchestrator
[2.005s] copying orchestrator/orchestrator.py -> /home/ubuntu/warehouse-automation-001/build/orchestrator/build/lib/orchestrator
[2.006s] copying orchestrator/gazebo_fleet_controller.py -> /home/ubuntu/warehouse-automation-001/build/orchestrator/build/lib/orchestrator
[2.006s] copying orchestrator/task_executor.py -> /home/ubuntu/warehouse-automation-001/build/orchestrator/build/lib/orchestrator
[2.006s] copying orchestrator/gazebo_fleet_mover.py -> /home/ubuntu/warehouse-automation-001/build/orchestrator/build/lib/orchestrator
[2.006s] copying orchestrator/fleet_dashboard.py -> /home/ubuntu/warehouse-automation-001/build/orchestrator/build/lib/orchestrator
[2.007s] copying orchestrator/simple_mover.py -> /home/ubuntu/warehouse-automation-001/build/orchestrator/build/lib/orchestrator
[2.007s] copying orchestrator/fleet_manager.py -> /home/ubuntu/warehouse-automation-001/build/orchestrator/build/lib/orchestrator
[2.007s] copying orchestrator/test_gazebo_mover.py -> /home/ubuntu/warehouse-automation-001/build/orchestrator/build/lib/orchestrator
[2.007s] running install
[2.010s] running install_lib
[2.028s] creating /home/ubuntu/warehouse-automation-001/install/orchestrator/lib/python3.10/site-packages/orchestrator
[2.028s] copying /home/ubuntu/warehouse-automation-001/build/orchestrator/build/lib/orchestrator/gazebo_velocity_mover.py -> /home/ubuntu/warehouse-automation-001/install/orchestrator/lib/python3.10/site-packages/orchestrator
[2.028s] copying /home/ubuntu/warehouse-automation-001/build/orchestrator/build/lib/orchestrator/fleet_task_generator.py -> /home/ubuntu/warehouse-automation-001/install/orchestrator/lib/python3.10/site-packages/orchestrator
[2.029s] copying /home/ubuntu/warehouse-automation-001/build/orchestrator/build/lib/orchestrator/fleet_visualization.py -> /home/ubuntu/warehouse-automation-001/install/orchestrator/lib/python3.10/site-packages/orchestrator
[2.029s] copying /home/ubuntu/warehouse-automation-001/build/orchestrator/build/lib/orchestrator/amr_robot.py -> /home/ubuntu/warehouse-automation-001/install/orchestrator/lib/python3.10/site-packages/orchestrator
[2.029s] copying /home/ubuntu/warehouse-automation-001/build/orchestrator/build/lib/orchestrator/gazebo_fleet_viz.py -> /home/ubuntu/warehouse-automation-001/install/orchestrator/lib/python3.10/site-packages/orchestrator
[2.029s] copying /home/ubuntu/warehouse-automation-001/build/orchestrator/build/lib/orchestrator/robot_state_monitor.py -> /home/ubuntu/warehouse-automation-001/install/orchestrator/lib/python3.10/site-packages/orchestrator
[2.029s] copying /home/ubuntu/warehouse-automation-001/build/orchestrator/build/lib/orchestrator/__init__.py -> /home/ubuntu/warehouse-automation-001/install/orchestrator/lib/python3.10/site-packages/orchestrator
[2.029s] copying /home/ubuntu/warehouse-automation-001/build/orchestrator/build/lib/orchestrator/gazebo_robot_mover.py -> /home/ubuntu/warehouse-automation-001/install/orchestrator/lib/python3.10/site-packages/orchestrator
[2.030s] copying /home/ubuntu/warehouse-automation-001/build/orchestrator/build/lib/orchestrator/orchestrator.py -> /home/ubuntu/warehouse-automation-001/install/orchestrator/lib/python3.10/site-packages/orchestrator
[2.030s] copying /home/ubuntu/warehouse-automation-001/build/orchestrator/build/lib/orchestrator/gazebo_fleet_controller.py -> /home/ubuntu/warehouse-automation-001/install/orchestrator/lib/python3.10/site-packages/orchestrator
[2.030s] copying /home/ubuntu/warehouse-automation-001/build/orchestrator/build/lib/orchestrator/task_executor.py -> /home/ubuntu/warehouse-automation-001/install/orchestrator/lib/python3.10/site-packages/orchestrator
[2.031s] copying /home/ubuntu/warehouse-automation-001/build/orchestrator/build/lib/orchestrator/gazebo_fleet_mover.py -> /home/ubuntu/warehouse-automation-001/install/orchestrator/lib/python3.10/site-packages/orchestrator
[2.031s] copying /home/ubuntu/warehouse-automation-001/build/orchestrator/build/lib/orchestrator/fleet_dashboard.py -> /home/ubuntu/warehouse-automation-001/install/orchestrator/lib/python3.10/site-packages/orchestrator
[2.031s] copying /home/ubuntu/warehouse-automation-001/build/orchestrator/build/lib/orchestrator/simple_mover.py -> /home/ubuntu/warehouse-automation-001/install/orchestrator/lib/python3.10/site-packages/orchestrator
[2.031s] copying /home/ubuntu/warehouse-automation-001/build/orchestrator/build/lib/orchestrator/fleet_manager.py -> /home/ubuntu/warehouse-automation-001/install/orchestrator/lib/python3.10/site-packages/orchestrator
[2.031s] copying /home/ubuntu/warehouse-automation-001/build/orchestrator/build/lib/orchestrator/test_gazebo_mover.py -> /home/ubuntu/warehouse-automation-001/install/orchestrator/lib/python3.10/site-packages/orchestrator
[2.032s] byte-compiling /home/ubuntu/warehouse-automation-001/install/orchestrator/lib/python3.10/site-packages/orchestrator/gazebo_velocity_mover.py to gazebo_velocity_mover.cpython-310.pyc
[2.033s] byte-compiling /home/ubuntu/warehouse-automation-001/install/orchestrator/lib/python3.10/site-packages/orchestrator/fleet_task_generator.py to fleet_task_generator.cpython-310.pyc
[2.033s] byte-compiling /home/ubuntu/warehouse-automation-001/install/orchestrator/lib/python3.10/site-packages/orchestrator/fleet_visualization.py to fleet_visualization.cpython-310.pyc
[2.033s] byte-compiling /home/ubuntu/warehouse-automation-001/install/orchestrator/lib/python3.10/site-packages/orchestrator/amr_robot.py to amr_robot.cpython-310.pyc
[2.033s] byte-compiling /home/ubuntu/warehouse-automation-001/install/orchestrator/lib/python3.10/site-packages/orchestrator/gazebo_fleet_viz.py to gazebo_fleet_viz.cpython-310.pyc
[2.034s] byte-compiling /home/ubuntu/warehouse-automation-001/install/orchestrator/lib/python3.10/site-packages/orchestrator/robot_state_monitor.py to robot_state_monitor.cpython-310.pyc
[2.035s] byte-compiling /home/ubuntu/warehouse-automation-001/install/orchestrator/lib/python3.10/site-packages/orchestrator/__init__.py to __init__.cpython-310.pyc
[2.035s] byte-compiling /home/ubuntu/warehouse-automation-001/install/orchestrator/lib/python3.10/site-packages/orchestrator/gazebo_robot_mover.py to gazebo_robot_mover.cpython-310.pyc
[2.036s] byte-compiling /home/ubuntu/warehouse-automation-001/install/orchestrator/lib/python3.10/site-packages/orchestrator/orchestrator.py to orchestrator.cpython-310.pyc
[2.036s] byte-compiling /home/ubuntu/warehouse-automation-001/install/orchestrator/lib/python3.10/site-packages/orchestrator/gazebo_fleet_controller.py to gazebo_fleet_controller.cpython-310.pyc
[2.037s] byte-compiling /home/ubuntu/warehouse-automation-001/install/orchestrator/lib/python3.10/site-packages/orchestrator/task_executor.py to task_executor.cpython-310.pyc
[2.038s] byte-compiling /home/ubuntu/warehouse-automation-001/install/orchestrator/lib/python3.10/site-packages/orchestrator/gazebo_fleet_mover.py to gazebo_fleet_mover.cpython-310.pyc
[2.039s] Sorry: IndentationError: unexpected indent (gazebo_fleet_mover.py, line 58)
[2.039s] byte-compiling /home/ubuntu/warehouse-automation-001/install/orchestrator/lib/python3.10/site-packages/orchestrator/fleet_dashboard.py to fleet_dashboard.cpython-310.pyc
[2.039s] byte-compiling /home/ubuntu/warehouse-automation-001/install/orchestrator/lib/python3.10/site-packages/orchestrator/simple_mover.py to simple_mover.cpython-310.pyc
[2.040s] byte-compiling /home/ubuntu/warehouse-automation-001/install/orchestrator/lib/python3.10/site-packages/orchestrator/fleet_manager.py to fleet_manager.cpython-310.pyc
[2.040s] byte-compiling /home/ubuntu/warehouse-automation-001/install/orchestrator/lib/python3.10/site-packages/orchestrator/test_gazebo_mover.py to test_gazebo_mover.cpython-310.pyc
[2.041s] running install_data
[2.041s] creating /home/ubuntu/warehouse-automation-001/install/orchestrator/share/ament_index/resource_index/packages
[2.041s] copying resource/orchestrator -> /home/ubuntu/warehouse-automation-001/install/orchestrator/share/ament_index/resource_index/packages
[2.042s] copying package.xml -> /home/ubuntu/warehouse-automation-001/install/orchestrator/share/orchestrator
[2.042s] creating /home/ubuntu/warehouse-automation-001/install/orchestrator/share/orchestrator/launch
[2.042s] copying launch/orchestrator_launch.py -> /home/ubuntu/warehouse-automation-001/install/orchestrator/share/orchestrator/launch
[2.042s] copying launch/production_fleet.launch.py -> /home/ubuntu/warehouse-automation-001/install/orchestrator/share/orchestrator/launch
[2.042s] running install_egg_info
[2.061s] Copying ../build/orchestrator/orchestrator.egg-info to /home/ubuntu/warehouse-automation-001/install/orchestrator/lib/python3.10/site-packages/orchestrator-0.0.0-py3.10.egg-info
[2.062s] running install_scripts
[2.105s] Installing amr_robot script to /home/ubuntu/warehouse-automation-001/install/orchestrator/lib/orchestrator
[2.105s] Installing fleet_dashboard script to /home/ubuntu/warehouse-automation-001/install/orchestrator/lib/orchestrator
[2.106s] Installing fleet_manager script to /home/ubuntu/warehouse-automation-001/install/orchestrator/lib/orchestrator
[2.106s] Installing fleet_task_generator script to /home/ubuntu/warehouse-automation-001/install/orchestrator/lib/orchestrator
[2.106s] Installing fleet_visualization script to /home/ubuntu/warehouse-automation-001/install/orchestrator/lib/orchestrator
[2.106s] Installing gazebo_fleet_mover script to /home/ubuntu/warehouse-automation-001/install/orchestrator/lib/orchestrator
[2.106s] Installing gazebo_velocity_mover script to /home/ubuntu/warehouse-automation-001/install/orchestrator/lib/orchestrator
[2.106s] Installing orchestrator script to /home/ubuntu/warehouse-automation-001/install/orchestrator/lib/orchestrator
[2.106s] Installing robot_state_monitor script to /home/ubuntu/warehouse-automation-001/install/orchestrator/lib/orchestrator
[2.106s] Installing simple_mover script to /home/ubuntu/warehouse-automation-001/install/orchestrator/lib/orchestrator
[2.106s] Installing task_executor script to /home/ubuntu/warehouse-automation-001/install/orchestrator/lib/orchestrator
[2.106s] Installing test_gazebo_mover script to /home/ubuntu/warehouse-automation-001/install/orchestrator/lib/orchestrator
[2.106s] writing list of installed files to '/home/ubuntu/warehouse-automation-001/build/orchestrator/install.log'
[2.133s] Invoked command in '/home/ubuntu/warehouse-automation-001/orchestrator' returned '0': PYTHONPATH=/home/ubuntu/warehouse-automation-001/build/orchestrator/prefix_override:/usr/lib/python3/dist-packages/colcon_core/task/python/colcon_distutils_commands:/home/ubuntu/warehouse-automation-001/install/orchestrator/lib/python3.10/site-packages:${PYTHONPATH} /usr/bin/python3 -W ignore:setup.py install is deprecated -W ignore:easy_install command is deprecated setup.py egg_info --egg-base ../build/orchestrator build --build-base /home/ubuntu/warehouse-automation-001/build/orchestrator/build install --record /home/ubuntu/warehouse-automation-001/build/orchestrator/install.log --single-version-externally-managed install_data
