[0.722s] DEBUG:colcon:Command line arguments: ['/usr/bin/colcon', 'build', '--packages-select', 'orchestrator', '--symlink-install']
[0.722s] DEBUG:colcon:Parsed command line arguments: Namespace(log_base=None, log_level=None, verb_name='build', build_base='build', install_base='install', merge_install=False, symlink_install=True, test_result_base=None, continue_on_error=False, executor='parallel', parallel_workers=12, event_handlers=None, ignore_user_meta=False, metas=['./colcon.meta'], base_paths=['.'], packages_ignore=None, packages_ignore_regex=None, paths=None, packages_up_to=None, packages_up_to_regex=None, packages_above=None, packages_above_and_dependencies=None, packages_above_depth=None, packages_select_by_dep=None, packages_skip_by_dep=None, packages_skip_up_to=None, packages_select_build_failed=False, packages_skip_build_finished=False, packages_select_test_failures=False, packages_skip_test_passed=False, packages_select=['orchestrator'], packages_skip=None, packages_select_regex=None, packages_skip_regex=None, packages_start=None, packages_end=None, allow_overriding=[], cmake_args=None, cmake_target=None, cmake_target_skip_unavailable=False, cmake_clean_cache=False, cmake_clean_first=False, cmake_force_configure=False, ament_cmake_args=None, catkin_cmake_args=None, catkin_skip_building_tests=False, mixin_files=None, mixin=None, verb_parser=<colcon_mixin.mixin.mixin_argument.MixinArgumentDecorator object at 0x7ed40f4418a0>, verb_extension=<colcon_core.verb.build.BuildVerb object at 0x7ed40f4412a0>, main=<bound method BuildVerb.main of <colcon_core.verb.build.BuildVerb object at 0x7ed40f4412a0>>, mixin_verb=('build',))
[0.977s] Level 1:colcon.colcon_core.package_discovery:discover_packages(colcon_meta) check parameters
[0.977s] Level 1:colcon.colcon_core.package_discovery:discover_packages(recursive) check parameters
[0.978s] Level 1:colcon.colcon_core.package_discovery:discover_packages(ignore) check parameters
[0.978s] Level 1:colcon.colcon_core.package_discovery:discover_packages(path) check parameters
[0.978s] Level 1:colcon.colcon_core.package_discovery:discover_packages(colcon_meta) discover
[0.978s] Level 1:colcon.colcon_core.package_discovery:discover_packages(recursive) discover
[0.978s] INFO:colcon.colcon_core.package_discovery:Crawling recursively for packages in '/home/xelf/warehouse-automation-001'
[0.978s] Level 1:colcon.colcon_core.package_identification:_identify(.) by extensions ['ignore', 'ignore_ament_install']
[0.978s] Level 1:colcon.colcon_core.package_identification:_identify(.) by extension 'ignore'
[0.978s] Level 1:colcon.colcon_core.package_identification:_identify(.) by extension 'ignore_ament_install'
[0.978s] Level 1:colcon.colcon_core.package_identification:_identify(.) by extensions ['colcon_pkg']
[0.978s] Level 1:colcon.colcon_core.package_identification:_identify(.) by extension 'colcon_pkg'
[0.979s] Level 1:colcon.colcon_core.package_identification:_identify(.) by extensions ['colcon_meta']
[0.979s] Level 1:colcon.colcon_core.package_identification:_identify(.) by extension 'colcon_meta'
[0.979s] Level 1:colcon.colcon_core.package_identification:_identify(.) by extensions ['ros']
[0.979s] Level 1:colcon.colcon_core.package_identification:_identify(.) by extension 'ros'
[1.001s] Level 1:colcon.colcon_core.package_identification:_identify(.) by extensions ['cmake', 'python']
[1.001s] Level 1:colcon.colcon_core.package_identification:_identify(.) by extension 'cmake'
[1.001s] Level 1:colcon.colcon_core.package_identification:_identify(.) by extension 'python'
[1.001s] Level 1:colcon.colcon_core.package_identification:_identify(.) by extensions ['python_setup_py']
[1.001s] Level 1:colcon.colcon_core.package_identification:_identify(.) by extension 'python_setup_py'
[1.001s] Level 1:colcon.colcon_core.package_identification:_identify(amr_description) by extensions ['ignore', 'ignore_ament_install']
[1.001s] Level 1:colcon.colcon_core.package_identification:_identify(amr_description) by extension 'ignore'
[1.001s] Level 1:colcon.colcon_core.package_identification:_identify(amr_description) by extension 'ignore_ament_install'
[1.002s] Level 1:colcon.colcon_core.package_identification:_identify(amr_description) by extensions ['colcon_pkg']
[1.002s] Level 1:colcon.colcon_core.package_identification:_identify(amr_description) by extension 'colcon_pkg'
[1.002s] Level 1:colcon.colcon_core.package_identification:_identify(amr_description) by extensions ['colcon_meta']
[1.002s] Level 1:colcon.colcon_core.package_identification:_identify(amr_description) by extension 'colcon_meta'
[1.002s] Level 1:colcon.colcon_core.package_identification:_identify(amr_description) by extensions ['ros']
[1.002s] Level 1:colcon.colcon_core.package_identification:_identify(amr_description) by extension 'ros'
[1.009s] DEBUG:colcon.colcon_core.package_identification:Package 'amr_description' with type 'ros.ament_python' and name 'amr_description'
[1.009s] Level 1:colcon.colcon_core.package_identification:_identify(build) by extensions ['ignore', 'ignore_ament_install']
[1.009s] Level 1:colcon.colcon_core.package_identification:_identify(build) by extension 'ignore'
[1.010s] Level 1:colcon.colcon_core.package_identification:_identify(build) ignored
[1.010s] Level 1:colcon.colcon_core.package_identification:_identify(cuopt_bridge) by extensions ['ignore', 'ignore_ament_install']
[1.012s] Level 1:colcon.colcon_core.package_identification:_identify(cuopt_bridge) by extension 'ignore'
[1.012s] Level 1:colcon.colcon_core.package_identification:_identify(cuopt_bridge) by extension 'ignore_ament_install'
[1.013s] Level 1:colcon.colcon_core.package_identification:_identify(cuopt_bridge) by extensions ['colcon_pkg']
[1.013s] Level 1:colcon.colcon_core.package_identification:_identify(cuopt_bridge) by extension 'colcon_pkg'
[1.013s] Level 1:colcon.colcon_core.package_identification:_identify(cuopt_bridge) by extensions ['colcon_meta']
[1.013s] Level 1:colcon.colcon_core.package_identification:_identify(cuopt_bridge) by extension 'colcon_meta'
[1.014s] Level 1:colcon.colcon_core.package_identification:_identify(cuopt_bridge) by extensions ['ros']
[1.014s] Level 1:colcon.colcon_core.package_identification:_identify(cuopt_bridge) by extension 'ros'
[1.015s] DEBUG:colcon.colcon_core.package_identification:Package 'cuopt_bridge' with type 'ros.ament_python' and name 'cuopt_bridge'
[1.015s] Level 1:colcon.colcon_core.package_identification:_identify(hello_world_pkgs) by extensions ['ignore', 'ignore_ament_install']
[1.015s] Level 1:colcon.colcon_core.package_identification:_identify(hello_world_pkgs) by extension 'ignore'
[1.016s] Level 1:colcon.colcon_core.package_identification:_identify(hello_world_pkgs) by extension 'ignore_ament_install'
[1.016s] Level 1:colcon.colcon_core.package_identification:_identify(hello_world_pkgs) by extensions ['colcon_pkg']
[1.016s] Level 1:colcon.colcon_core.package_identification:_identify(hello_world_pkgs) by extension 'colcon_pkg'
[1.016s] Level 1:colcon.colcon_core.package_identification:_identify(hello_world_pkgs) by extensions ['colcon_meta']
[1.016s] Level 1:colcon.colcon_core.package_identification:_identify(hello_world_pkgs) by extension 'colcon_meta'
[1.016s] Level 1:colcon.colcon_core.package_identification:_identify(hello_world_pkgs) by extensions ['ros']
[1.016s] Level 1:colcon.colcon_core.package_identification:_identify(hello_world_pkgs) by extension 'ros'
[1.017s] DEBUG:colcon.colcon_core.package_identification:Package 'hello_world_pkgs' with type 'ros.ament_python' and name 'hello_world_pkgs'
[1.017s] Level 1:colcon.colcon_core.package_identification:_identify(install) by extensions ['ignore', 'ignore_ament_install']
[1.017s] Level 1:colcon.colcon_core.package_identification:_identify(install) by extension 'ignore'
[1.017s] Level 1:colcon.colcon_core.package_identification:_identify(install) ignored
[1.018s] Level 1:colcon.colcon_core.package_identification:_identify(log) by extensions ['ignore', 'ignore_ament_install']
[1.018s] Level 1:colcon.colcon_core.package_identification:_identify(log) by extension 'ignore'
[1.018s] Level 1:colcon.colcon_core.package_identification:_identify(log) ignored
[1.018s] Level 1:colcon.colcon_core.package_identification:_identify(orchestrator) by extensions ['ignore', 'ignore_ament_install']
[1.018s] Level 1:colcon.colcon_core.package_identification:_identify(orchestrator) by extension 'ignore'
[1.018s] Level 1:colcon.colcon_core.package_identification:_identify(orchestrator) by extension 'ignore_ament_install'
[1.018s] Level 1:colcon.colcon_core.package_identification:_identify(orchestrator) by extensions ['colcon_pkg']
[1.018s] Level 1:colcon.colcon_core.package_identification:_identify(orchestrator) by extension 'colcon_pkg'
[1.018s] Level 1:colcon.colcon_core.package_identification:_identify(orchestrator) by extensions ['colcon_meta']
[1.018s] Level 1:colcon.colcon_core.package_identification:_identify(orchestrator) by extension 'colcon_meta'
[1.018s] Level 1:colcon.colcon_core.package_identification:_identify(orchestrator) by extensions ['ros']
[1.018s] Level 1:colcon.colcon_core.package_identification:_identify(orchestrator) by extension 'ros'
[1.020s] DEBUG:colcon.colcon_core.package_identification:Package 'orchestrator' with type 'ros.ament_python' and name 'orchestrator'
[1.020s] Level 1:colcon.colcon_core.package_identification:_identify(order_system) by extensions ['ignore', 'ignore_ament_install']
[1.020s] Level 1:colcon.colcon_core.package_identification:_identify(order_system) by extension 'ignore'
[1.020s] Level 1:colcon.colcon_core.package_identification:_identify(order_system) by extension 'ignore_ament_install'
[1.021s] Level 1:colcon.colcon_core.package_identification:_identify(order_system) by extensions ['colcon_pkg']
[1.021s] Level 1:colcon.colcon_core.package_identification:_identify(order_system) by extension 'colcon_pkg'
[1.021s] Level 1:colcon.colcon_core.package_identification:_identify(order_system) by extensions ['colcon_meta']
[1.021s] Level 1:colcon.colcon_core.package_identification:_identify(order_system) by extension 'colcon_meta'
[1.021s] Level 1:colcon.colcon_core.package_identification:_identify(order_system) by extensions ['ros']
[1.021s] Level 1:colcon.colcon_core.package_identification:_identify(order_system) by extension 'ros'
[1.023s] DEBUG:colcon.colcon_core.package_identification:Package 'order_system' with type 'ros.ament_python' and name 'order_system'
[1.024s] Level 1:colcon.colcon_core.package_identification:_identify(warehouse_msgs) by extensions ['ignore', 'ignore_ament_install']
[1.024s] Level 1:colcon.colcon_core.package_identification:_identify(warehouse_msgs) by extension 'ignore'
[1.024s] Level 1:colcon.colcon_core.package_identification:_identify(warehouse_msgs) by extension 'ignore_ament_install'
[1.024s] Level 1:colcon.colcon_core.package_identification:_identify(warehouse_msgs) by extensions ['colcon_pkg']
[1.024s] Level 1:colcon.colcon_core.package_identification:_identify(warehouse_msgs) by extension 'colcon_pkg'
[1.024s] Level 1:colcon.colcon_core.package_identification:_identify(warehouse_msgs) by extensions ['colcon_meta']
[1.024s] Level 1:colcon.colcon_core.package_identification:_identify(warehouse_msgs) by extension 'colcon_meta'
[1.025s] Level 1:colcon.colcon_core.package_identification:_identify(warehouse_msgs) by extensions ['ros']
[1.025s] Level 1:colcon.colcon_core.package_identification:_identify(warehouse_msgs) by extension 'ros'
[1.026s] DEBUG:colcon.colcon_core.package_identification:Package 'warehouse_msgs' with type 'ros.ament_python' and name 'warehouse_msgs'
[1.026s] Level 1:colcon.colcon_core.package_identification:_identify(wsl.localhost) by extensions ['ignore', 'ignore_ament_install']
[1.026s] Level 1:colcon.colcon_core.package_identification:_identify(wsl.localhost) by extension 'ignore'
[1.026s] Level 1:colcon.colcon_core.package_identification:_identify(wsl.localhost) by extension 'ignore_ament_install'
[1.026s] Level 1:colcon.colcon_core.package_identification:_identify(wsl.localhost) by extensions ['colcon_pkg']
[1.026s] Level 1:colcon.colcon_core.package_identification:_identify(wsl.localhost) by extension 'colcon_pkg'
[1.026s] Level 1:colcon.colcon_core.package_identification:_identify(wsl.localhost) by extensions ['colcon_meta']
[1.026s] Level 1:colcon.colcon_core.package_identification:_identify(wsl.localhost) by extension 'colcon_meta'
[1.026s] Level 1:colcon.colcon_core.package_identification:_identify(wsl.localhost) by extensions ['ros']
[1.027s] Level 1:colcon.colcon_core.package_identification:_identify(wsl.localhost) by extension 'ros'
[1.027s] Level 1:colcon.colcon_core.package_identification:_identify(wsl.localhost) by extensions ['cmake', 'python']
[1.027s] Level 1:colcon.colcon_core.package_identification:_identify(wsl.localhost) by extension 'cmake'
[1.027s] Level 1:colcon.colcon_core.package_identification:_identify(wsl.localhost) by extension 'python'
[1.027s] Level 1:colcon.colcon_core.package_identification:_identify(wsl.localhost) by extensions ['python_setup_py']
[1.027s] Level 1:colcon.colcon_core.package_identification:_identify(wsl.localhost) by extension 'python_setup_py'
[1.027s] Level 1:colcon.colcon_core.package_identification:_identify(wsl.localhost/Ubuntu-22.04) by extensions ['ignore', 'ignore_ament_install']
[1.027s] Level 1:colcon.colcon_core.package_identification:_identify(wsl.localhost/Ubuntu-22.04) by extension 'ignore'
[1.027s] Level 1:colcon.colcon_core.package_identification:_identify(wsl.localhost/Ubuntu-22.04) by extension 'ignore_ament_install'
[1.027s] Level 1:colcon.colcon_core.package_identification:_identify(wsl.localhost/Ubuntu-22.04) by extensions ['colcon_pkg']
[1.027s] Level 1:colcon.colcon_core.package_identification:_identify(wsl.localhost/Ubuntu-22.04) by extension 'colcon_pkg'
[1.027s] Level 1:colcon.colcon_core.package_identification:_identify(wsl.localhost/Ubuntu-22.04) by extensions ['colcon_meta']
[1.027s] Level 1:colcon.colcon_core.package_identification:_identify(wsl.localhost/Ubuntu-22.04) by extension 'colcon_meta'
[1.027s] Level 1:colcon.colcon_core.package_identification:_identify(wsl.localhost/Ubuntu-22.04) by extensions ['ros']
[1.027s] Level 1:colcon.colcon_core.package_identification:_identify(wsl.localhost/Ubuntu-22.04) by extension 'ros'
[1.027s] Level 1:colcon.colcon_core.package_identification:_identify(wsl.localhost/Ubuntu-22.04) by extensions ['cmake', 'python']
[1.027s] Level 1:colcon.colcon_core.package_identification:_identify(wsl.localhost/Ubuntu-22.04) by extension 'cmake'
[1.028s] Level 1:colcon.colcon_core.package_identification:_identify(wsl.localhost/Ubuntu-22.04) by extension 'python'
[1.028s] Level 1:colcon.colcon_core.package_identification:_identify(wsl.localhost/Ubuntu-22.04) by extensions ['python_setup_py']
[1.028s] Level 1:colcon.colcon_core.package_identification:_identify(wsl.localhost/Ubuntu-22.04) by extension 'python_setup_py'
[1.028s] Level 1:colcon.colcon_core.package_identification:_identify(wsl.localhost/Ubuntu-22.04/home) by extensions ['ignore', 'ignore_ament_install']
[1.029s] Level 1:colcon.colcon_core.package_identification:_identify(wsl.localhost/Ubuntu-22.04/home) by extension 'ignore'
[1.029s] Level 1:colcon.colcon_core.package_identification:_identify(wsl.localhost/Ubuntu-22.04/home) by extension 'ignore_ament_install'
[1.029s] Level 1:colcon.colcon_core.package_identification:_identify(wsl.localhost/Ubuntu-22.04/home) by extensions ['colcon_pkg']
[1.030s] Level 1:colcon.colcon_core.package_identification:_identify(wsl.localhost/Ubuntu-22.04/home) by extension 'colcon_pkg'
[1.030s] Level 1:colcon.colcon_core.package_identification:_identify(wsl.localhost/Ubuntu-22.04/home) by extensions ['colcon_meta']
[1.030s] Level 1:colcon.colcon_core.package_identification:_identify(wsl.localhost/Ubuntu-22.04/home) by extension 'colcon_meta'
[1.030s] Level 1:colcon.colcon_core.package_identification:_identify(wsl.localhost/Ubuntu-22.04/home) by extensions ['ros']
[1.030s] Level 1:colcon.colcon_core.package_identification:_identify(wsl.localhost/Ubuntu-22.04/home) by extension 'ros'
[1.030s] Level 1:colcon.colcon_core.package_identification:_identify(wsl.localhost/Ubuntu-22.04/home) by extensions ['cmake', 'python']
[1.030s] Level 1:colcon.colcon_core.package_identification:_identify(wsl.localhost/Ubuntu-22.04/home) by extension 'cmake'
[1.030s] Level 1:colcon.colcon_core.package_identification:_identify(wsl.localhost/Ubuntu-22.04/home) by extension 'python'
[1.030s] Level 1:colcon.colcon_core.package_identification:_identify(wsl.localhost/Ubuntu-22.04/home) by extensions ['python_setup_py']
[1.030s] Level 1:colcon.colcon_core.package_identification:_identify(wsl.localhost/Ubuntu-22.04/home) by extension 'python_setup_py'
[1.031s] Level 1:colcon.colcon_core.package_identification:_identify(wsl.localhost/Ubuntu-22.04/home/xelf) by extensions ['ignore', 'ignore_ament_install']
[1.031s] Level 1:colcon.colcon_core.package_identification:_identify(wsl.localhost/Ubuntu-22.04/home/xelf) by extension 'ignore'
[1.031s] Level 1:colcon.colcon_core.package_identification:_identify(wsl.localhost/Ubuntu-22.04/home/xelf) by extension 'ignore_ament_install'
[1.031s] Level 1:colcon.colcon_core.package_identification:_identify(wsl.localhost/Ubuntu-22.04/home/xelf) by extensions ['colcon_pkg']
[1.031s] Level 1:colcon.colcon_core.package_identification:_identify(wsl.localhost/Ubuntu-22.04/home/xelf) by extension 'colcon_pkg'
[1.031s] Level 1:colcon.colcon_core.package_identification:_identify(wsl.localhost/Ubuntu-22.04/home/xelf) by extensions ['colcon_meta']
[1.031s] Level 1:colcon.colcon_core.package_identification:_identify(wsl.localhost/Ubuntu-22.04/home/xelf) by extension 'colcon_meta'
[1.031s] Level 1:colcon.colcon_core.package_identification:_identify(wsl.localhost/Ubuntu-22.04/home/xelf) by extensions ['ros']
[1.031s] Level 1:colcon.colcon_core.package_identification:_identify(wsl.localhost/Ubuntu-22.04/home/xelf) by extension 'ros'
[1.031s] Level 1:colcon.colcon_core.package_identification:_identify(wsl.localhost/Ubuntu-22.04/home/xelf) by extensions ['cmake', 'python']
[1.031s] Level 1:colcon.colcon_core.package_identification:_identify(wsl.localhost/Ubuntu-22.04/home/xelf) by extension 'cmake'
[1.031s] Level 1:colcon.colcon_core.package_identification:_identify(wsl.localhost/Ubuntu-22.04/home/xelf) by extension 'python'
[1.031s] Level 1:colcon.colcon_core.package_identification:_identify(wsl.localhost/Ubuntu-22.04/home/xelf) by extensions ['python_setup_py']
[1.031s] Level 1:colcon.colcon_core.package_identification:_identify(wsl.localhost/Ubuntu-22.04/home/xelf) by extension 'python_setup_py'
[1.032s] Level 1:colcon.colcon_core.package_identification:_identify(wsl.localhost/Ubuntu-22.04/home/xelf/warehouse-automation-001) by extensions ['ignore', 'ignore_ament_install']
[1.032s] Level 1:colcon.colcon_core.package_identification:_identify(wsl.localhost/Ubuntu-22.04/home/xelf/warehouse-automation-001) by extension 'ignore'
[1.032s] Level 1:colcon.colcon_core.package_identification:_identify(wsl.localhost/Ubuntu-22.04/home/xelf/warehouse-automation-001) by extension 'ignore_ament_install'
[1.032s] Level 1:colcon.colcon_core.package_identification:_identify(wsl.localhost/Ubuntu-22.04/home/xelf/warehouse-automation-001) by extensions ['colcon_pkg']
[1.032s] Level 1:colcon.colcon_core.package_identification:_identify(wsl.localhost/Ubuntu-22.04/home/xelf/warehouse-automation-001) by extension 'colcon_pkg'
[1.032s] Level 1:colcon.colcon_core.package_identification:_identify(wsl.localhost/Ubuntu-22.04/home/xelf/warehouse-automation-001) by extensions ['colcon_meta']
[1.032s] Level 1:colcon.colcon_core.package_identification:_identify(wsl.localhost/Ubuntu-22.04/home/xelf/warehouse-automation-001) by extension 'colcon_meta'
[1.032s] Level 1:colcon.colcon_core.package_identification:_identify(wsl.localhost/Ubuntu-22.04/home/xelf/warehouse-automation-001) by extensions ['ros']
[1.032s] Level 1:colcon.colcon_core.package_identification:_identify(wsl.localhost/Ubuntu-22.04/home/xelf/warehouse-automation-001) by extension 'ros'
[1.032s] Level 1:colcon.colcon_core.package_identification:_identify(wsl.localhost/Ubuntu-22.04/home/xelf/warehouse-automation-001) by extensions ['cmake', 'python']
[1.032s] Level 1:colcon.colcon_core.package_identification:_identify(wsl.localhost/Ubuntu-22.04/home/xelf/warehouse-automation-001) by extension 'cmake'
[1.032s] Level 1:colcon.colcon_core.package_identification:_identify(wsl.localhost/Ubuntu-22.04/home/xelf/warehouse-automation-001) by extension 'python'
[1.033s] Level 1:colcon.colcon_core.package_identification:_identify(wsl.localhost/Ubuntu-22.04/home/xelf/warehouse-automation-001) by extensions ['python_setup_py']
[1.033s] Level 1:colcon.colcon_core.package_identification:_identify(wsl.localhost/Ubuntu-22.04/home/xelf/warehouse-automation-001) by extension 'python_setup_py'
[1.033s] Level 1:colcon.colcon_core.package_identification:_identify(wsl.localhost/Ubuntu-22.04/home/xelf/warehouse-automation-001/amr_description) by extensions ['ignore', 'ignore_ament_install']
[1.033s] Level 1:colcon.colcon_core.package_identification:_identify(wsl.localhost/Ubuntu-22.04/home/xelf/warehouse-automation-001/amr_description) by extension 'ignore'
[1.033s] Level 1:colcon.colcon_core.package_identification:_identify(wsl.localhost/Ubuntu-22.04/home/xelf/warehouse-automation-001/amr_description) by extension 'ignore_ament_install'
[1.033s] Level 1:colcon.colcon_core.package_identification:_identify(wsl.localhost/Ubuntu-22.04/home/xelf/warehouse-automation-001/amr_description) by extensions ['colcon_pkg']
[1.033s] Level 1:colcon.colcon_core.package_identification:_identify(wsl.localhost/Ubuntu-22.04/home/xelf/warehouse-automation-001/amr_description) by extension 'colcon_pkg'
[1.033s] Level 1:colcon.colcon_core.package_identification:_identify(wsl.localhost/Ubuntu-22.04/home/xelf/warehouse-automation-001/amr_description) by extensions ['colcon_meta']
[1.033s] Level 1:colcon.colcon_core.package_identification:_identify(wsl.localhost/Ubuntu-22.04/home/xelf/warehouse-automation-001/amr_description) by extension 'colcon_meta'
[1.033s] Level 1:colcon.colcon_core.package_identification:_identify(wsl.localhost/Ubuntu-22.04/home/xelf/warehouse-automation-001/amr_description) by extensions ['ros']
[1.033s] Level 1:colcon.colcon_core.package_identification:_identify(wsl.localhost/Ubuntu-22.04/home/xelf/warehouse-automation-001/amr_description) by extension 'ros'
[1.033s] Level 1:colcon.colcon_core.package_identification:_identify(wsl.localhost/Ubuntu-22.04/home/xelf/warehouse-automation-001/amr_description) by extensions ['cmake', 'python']
[1.033s] Level 1:colcon.colcon_core.package_identification:_identify(wsl.localhost/Ubuntu-22.04/home/xelf/warehouse-automation-001/amr_description) by extension 'cmake'
[1.033s] Level 1:colcon.colcon_core.package_identification:_identify(wsl.localhost/Ubuntu-22.04/home/xelf/warehouse-automation-001/amr_description) by extension 'python'
[1.034s] Level 1:colcon.colcon_core.package_identification:_identify(wsl.localhost/Ubuntu-22.04/home/xelf/warehouse-automation-001/amr_description) by extensions ['python_setup_py']
[1.034s] Level 1:colcon.colcon_core.package_identification:_identify(wsl.localhost/Ubuntu-22.04/home/xelf/warehouse-automation-001/amr_description) by extension 'python_setup_py'
[1.034s] Level 1:colcon.colcon_core.package_identification:_identify(wsl.localhost/Ubuntu-22.04/home/xelf/warehouse-automation-001/amr_description/gazebo) by extensions ['ignore', 'ignore_ament_install']
[1.034s] Level 1:colcon.colcon_core.package_identification:_identify(wsl.localhost/Ubuntu-22.04/home/xelf/warehouse-automation-001/amr_description/gazebo) by extension 'ignore'
[1.034s] Level 1:colcon.colcon_core.package_identification:_identify(wsl.localhost/Ubuntu-22.04/home/xelf/warehouse-automation-001/amr_description/gazebo) by extension 'ignore_ament_install'
[1.034s] Level 1:colcon.colcon_core.package_identification:_identify(wsl.localhost/Ubuntu-22.04/home/xelf/warehouse-automation-001/amr_description/gazebo) by extensions ['colcon_pkg']
[1.034s] Level 1:colcon.colcon_core.package_identification:_identify(wsl.localhost/Ubuntu-22.04/home/xelf/warehouse-automation-001/amr_description/gazebo) by extension 'colcon_pkg'
[1.034s] Level 1:colcon.colcon_core.package_identification:_identify(wsl.localhost/Ubuntu-22.04/home/xelf/warehouse-automation-001/amr_description/gazebo) by extensions ['colcon_meta']
[1.034s] Level 1:colcon.colcon_core.package_identification:_identify(wsl.localhost/Ubuntu-22.04/home/xelf/warehouse-automation-001/amr_description/gazebo) by extension 'colcon_meta'
[1.034s] Level 1:colcon.colcon_core.package_identification:_identify(wsl.localhost/Ubuntu-22.04/home/xelf/warehouse-automation-001/amr_description/gazebo) by extensions ['ros']
[1.034s] Level 1:colcon.colcon_core.package_identification:_identify(wsl.localhost/Ubuntu-22.04/home/xelf/warehouse-automation-001/amr_description/gazebo) by extension 'ros'
[1.034s] Level 1:colcon.colcon_core.package_identification:_identify(wsl.localhost/Ubuntu-22.04/home/xelf/warehouse-automation-001/amr_description/gazebo) by extensions ['cmake', 'python']
[1.034s] Level 1:colcon.colcon_core.package_identification:_identify(wsl.localhost/Ubuntu-22.04/home/xelf/warehouse-automation-001/amr_description/gazebo) by extension 'cmake'
[1.034s] Level 1:colcon.colcon_core.package_identification:_identify(wsl.localhost/Ubuntu-22.04/home/xelf/warehouse-automation-001/amr_description/gazebo) by extension 'python'
[1.034s] Level 1:colcon.colcon_core.package_identification:_identify(wsl.localhost/Ubuntu-22.04/home/xelf/warehouse-automation-001/amr_description/gazebo) by extensions ['python_setup_py']
[1.034s] Level 1:colcon.colcon_core.package_identification:_identify(wsl.localhost/Ubuntu-22.04/home/xelf/warehouse-automation-001/amr_description/gazebo) by extension 'python_setup_py'
[1.034s] Level 1:colcon.colcon_core.package_identification:_identify(wsl.localhost/Ubuntu-22.04/home/xelf/warehouse-automation-001/orchestrator) by extensions ['ignore', 'ignore_ament_install']
[1.034s] Level 1:colcon.colcon_core.package_identification:_identify(wsl.localhost/Ubuntu-22.04/home/xelf/warehouse-automation-001/orchestrator) by extension 'ignore'
[1.034s] Level 1:colcon.colcon_core.package_identification:_identify(wsl.localhost/Ubuntu-22.04/home/xelf/warehouse-automation-001/orchestrator) by extension 'ignore_ament_install'
[1.034s] Level 1:colcon.colcon_core.package_identification:_identify(wsl.localhost/Ubuntu-22.04/home/xelf/warehouse-automation-001/orchestrator) by extensions ['colcon_pkg']
[1.035s] Level 1:colcon.colcon_core.package_identification:_identify(wsl.localhost/Ubuntu-22.04/home/xelf/warehouse-automation-001/orchestrator) by extension 'colcon_pkg'
[1.035s] Level 1:colcon.colcon_core.package_identification:_identify(wsl.localhost/Ubuntu-22.04/home/xelf/warehouse-automation-001/orchestrator) by extensions ['colcon_meta']
[1.035s] Level 1:colcon.colcon_core.package_identification:_identify(wsl.localhost/Ubuntu-22.04/home/xelf/warehouse-automation-001/orchestrator) by extension 'colcon_meta'
[1.035s] Level 1:colcon.colcon_core.package_identification:_identify(wsl.localhost/Ubuntu-22.04/home/xelf/warehouse-automation-001/orchestrator) by extensions ['ros']
[1.035s] Level 1:colcon.colcon_core.package_identification:_identify(wsl.localhost/Ubuntu-22.04/home/xelf/warehouse-automation-001/orchestrator) by extension 'ros'
[1.035s] Level 1:colcon.colcon_core.package_identification:_identify(wsl.localhost/Ubuntu-22.04/home/xelf/warehouse-automation-001/orchestrator) by extensions ['cmake', 'python']
[1.035s] Level 1:colcon.colcon_core.package_identification:_identify(wsl.localhost/Ubuntu-22.04/home/xelf/warehouse-automation-001/orchestrator) by extension 'cmake'
[1.035s] Level 1:colcon.colcon_core.package_identification:_identify(wsl.localhost/Ubuntu-22.04/home/xelf/warehouse-automation-001/orchestrator) by extension 'python'
[1.035s] Level 1:colcon.colcon_core.package_identification:_identify(wsl.localhost/Ubuntu-22.04/home/xelf/warehouse-automation-001/orchestrator) by extensions ['python_setup_py']
[1.035s] Level 1:colcon.colcon_core.package_identification:_identify(wsl.localhost/Ubuntu-22.04/home/xelf/warehouse-automation-001/orchestrator) by extension 'python_setup_py'
[1.035s] Level 1:colcon.colcon_core.package_identification:_identify(wsl.localhost/Ubuntu-22.04/home/xelf/warehouse-automation-001/orchestrator/params) by extensions ['ignore', 'ignore_ament_install']
[1.035s] Level 1:colcon.colcon_core.package_identification:_identify(wsl.localhost/Ubuntu-22.04/home/xelf/warehouse-automation-001/orchestrator/params) by extension 'ignore'
[1.035s] Level 1:colcon.colcon_core.package_identification:_identify(wsl.localhost/Ubuntu-22.04/home/xelf/warehouse-automation-001/orchestrator/params) by extension 'ignore_ament_install'
[1.035s] Level 1:colcon.colcon_core.package_identification:_identify(wsl.localhost/Ubuntu-22.04/home/xelf/warehouse-automation-001/orchestrator/params) by extensions ['colcon_pkg']
[1.035s] Level 1:colcon.colcon_core.package_identification:_identify(wsl.localhost/Ubuntu-22.04/home/xelf/warehouse-automation-001/orchestrator/params) by extension 'colcon_pkg'
[1.035s] Level 1:colcon.colcon_core.package_identification:_identify(wsl.localhost/Ubuntu-22.04/home/xelf/warehouse-automation-001/orchestrator/params) by extensions ['colcon_meta']
[1.035s] Level 1:colcon.colcon_core.package_identification:_identify(wsl.localhost/Ubuntu-22.04/home/xelf/warehouse-automation-001/orchestrator/params) by extension 'colcon_meta'
[1.035s] Level 1:colcon.colcon_core.package_identification:_identify(wsl.localhost/Ubuntu-22.04/home/xelf/warehouse-automation-001/orchestrator/params) by extensions ['ros']
[1.035s] Level 1:colcon.colcon_core.package_identification:_identify(wsl.localhost/Ubuntu-22.04/home/xelf/warehouse-automation-001/orchestrator/params) by extension 'ros'
[1.035s] Level 1:colcon.colcon_core.package_identification:_identify(wsl.localhost/Ubuntu-22.04/home/xelf/warehouse-automation-001/orchestrator/params) by extensions ['cmake', 'python']
[1.035s] Level 1:colcon.colcon_core.package_identification:_identify(wsl.localhost/Ubuntu-22.04/home/xelf/warehouse-automation-001/orchestrator/params) by extension 'cmake'
[1.035s] Level 1:colcon.colcon_core.package_identification:_identify(wsl.localhost/Ubuntu-22.04/home/xelf/warehouse-automation-001/orchestrator/params) by extension 'python'
[1.036s] Level 1:colcon.colcon_core.package_identification:_identify(wsl.localhost/Ubuntu-22.04/home/xelf/warehouse-automation-001/orchestrator/params) by extensions ['python_setup_py']
[1.036s] Level 1:colcon.colcon_core.package_identification:_identify(wsl.localhost/Ubuntu-22.04/home/xelf/warehouse-automation-001/orchestrator/params) by extension 'python_setup_py'
[1.036s] Level 1:colcon.colcon_core.package_discovery:discover_packages(recursive) using defaults
[1.036s] Level 1:colcon.colcon_core.package_discovery:discover_packages(ignore) discover
[1.036s] Level 1:colcon.colcon_core.package_discovery:discover_packages(ignore) using defaults
[1.036s] Level 1:colcon.colcon_core.package_discovery:discover_packages(path) discover
[1.036s] Level 1:colcon.colcon_core.package_discovery:discover_packages(path) using defaults
[1.083s] INFO:colcon.colcon_core.package_selection:Skipping not selected package 'amr_description' in 'amr_description'
[1.083s] INFO:colcon.colcon_core.package_selection:Skipping not selected package 'cuopt_bridge' in 'cuopt_bridge'
[1.083s] INFO:colcon.colcon_core.package_selection:Skipping not selected package 'hello_world_pkgs' in 'hello_world_pkgs'
[1.083s] INFO:colcon.colcon_core.package_selection:Skipping not selected package 'order_system' in 'order_system'
[1.083s] INFO:colcon.colcon_core.package_selection:Skipping not selected package 'warehouse_msgs' in 'warehouse_msgs'
[1.084s] Level 1:colcon.colcon_core.package_discovery:discover_packages(prefix_path) check parameters
[1.084s] Level 1:colcon.colcon_core.package_discovery:discover_packages(prefix_path) discover
[1.088s] DEBUG:colcon.colcon_installed_package_information.package_discovery:Found 383 installed packages in /opt/ros/humble
[1.091s] Level 1:colcon.colcon_core.package_discovery:discover_packages(prefix_path) using defaults
[1.163s] Level 5:colcon.colcon_core.verb:set package 'orchestrator' build argument 'cmake_args' from command line to 'None'
[1.163s] Level 5:colcon.colcon_core.verb:set package 'orchestrator' build argument 'cmake_target' from command line to 'None'
[1.163s] Level 5:colcon.colcon_core.verb:set package 'orchestrator' build argument 'cmake_target_skip_unavailable' from command line to 'False'
[1.163s] Level 5:colcon.colcon_core.verb:set package 'orchestrator' build argument 'cmake_clean_cache' from command line to 'False'
[1.163s] Level 5:colcon.colcon_core.verb:set package 'orchestrator' build argument 'cmake_clean_first' from command line to 'False'
[1.163s] Level 5:colcon.colcon_core.verb:set package 'orchestrator' build argument 'cmake_force_configure' from command line to 'False'
[1.163s] Level 5:colcon.colcon_core.verb:set package 'orchestrator' build argument 'ament_cmake_args' from command line to 'None'
[1.163s] Level 5:colcon.colcon_core.verb:set package 'orchestrator' build argument 'catkin_cmake_args' from command line to 'None'
[1.163s] Level 5:colcon.colcon_core.verb:set package 'orchestrator' build argument 'catkin_skip_building_tests' from command line to 'False'
[1.163s] DEBUG:colcon.colcon_core.verb:Building package 'orchestrator' with the following arguments: {'ament_cmake_args': None, 'build_base': '/home/xelf/warehouse-automation-001/build/orchestrator', 'catkin_cmake_args': None, 'catkin_skip_building_tests': False, 'cmake_args': None, 'cmake_clean_cache': False, 'cmake_clean_first': False, 'cmake_force_configure': False, 'cmake_target': None, 'cmake_target_skip_unavailable': False, 'install_base': '/home/xelf/warehouse-automation-001/install/orchestrator', 'merge_install': False, 'path': '/home/xelf/warehouse-automation-001/orchestrator', 'symlink_install': True, 'test_result_base': None}
[1.164s] INFO:colcon.colcon_core.executor:Executing jobs using 'parallel' executor
[1.165s] DEBUG:colcon.colcon_parallel_executor.executor.parallel:run_until_complete
[1.166s] INFO:colcon.colcon_ros.task.ament_python.build:Building ROS package in '/home/xelf/warehouse-automation-001/orchestrator' with build type 'ament_python'
[1.166s] Level 1:colcon.colcon_core.shell:create_environment_hook('orchestrator', 'ament_prefix_path')
[1.172s] INFO:colcon.colcon_core.plugin_system:Skipping extension 'colcon_core.shell.bat': Not used on non-Windows systems
[1.173s] INFO:colcon.colcon_core.shell:Creating environment hook '/home/xelf/warehouse-automation-001/install/orchestrator/share/orchestrator/hook/ament_prefix_path.ps1'
[1.175s] INFO:colcon.colcon_core.shell:Creating environment descriptor '/home/xelf/warehouse-automation-001/install/orchestrator/share/orchestrator/hook/ament_prefix_path.dsv'
[1.177s] INFO:colcon.colcon_core.shell:Creating environment hook '/home/xelf/warehouse-automation-001/install/orchestrator/share/orchestrator/hook/ament_prefix_path.sh'
[1.179s] INFO:colcon.colcon_core.shell:Skip shell extension 'powershell' for command environment: Not usable outside of PowerShell
[1.179s] DEBUG:colcon.colcon_core.shell:Skip shell extension 'dsv' for command environment
[1.638s] INFO:colcon.colcon_core.task.python.build:Building Python package in '/home/xelf/warehouse-automation-001/orchestrator'
[1.638s] INFO:colcon.colcon_core.shell:Skip shell extension 'powershell' for command environment: Not usable outside of PowerShell
[1.638s] DEBUG:colcon.colcon_core.shell:Skip shell extension 'dsv' for command environment
[2.284s] DEBUG:colcon.colcon_core.event_handler.log_command:Invoking command in '/home/xelf/warehouse-automation-001/build/orchestrator': PYTHONPATH=/home/xelf/warehouse-automation-001/build/orchestrator/prefix_override:/usr/lib/python3/dist-packages/colcon_core/task/python/colcon_distutils_commands:/home/xelf/warehouse-automation-001/install/orchestrator/lib/python3.10/site-packages:${PYTHONPATH} /usr/bin/python3 -W ignore:setup.py install is deprecated -W ignore:easy_install command is deprecated setup.py develop --editable --build-directory /home/xelf/warehouse-automation-001/build/orchestrator/build --no-deps symlink_data
[3.001s] Level 1:colcon.colcon_core.shell:create_environment_hook('orchestrator', 'pythonpath_develop')
[3.001s] INFO:colcon.colcon_core.shell:Creating environment hook '/home/xelf/warehouse-automation-001/build/orchestrator/share/orchestrator/hook/pythonpath_develop.ps1'
[3.002s] DEBUG:colcon.colcon_core.event_handler.log_command:Invoked command in '/home/xelf/warehouse-automation-001/build/orchestrator' returned '0': PYTHONPATH=/home/xelf/warehouse-automation-001/build/orchestrator/prefix_override:/usr/lib/python3/dist-packages/colcon_core/task/python/colcon_distutils_commands:/home/xelf/warehouse-automation-001/install/orchestrator/lib/python3.10/site-packages:${PYTHONPATH} /usr/bin/python3 -W ignore:setup.py install is deprecated -W ignore:easy_install command is deprecated setup.py develop --editable --build-directory /home/xelf/warehouse-automation-001/build/orchestrator/build --no-deps symlink_data
[3.003s] INFO:colcon.colcon_core.shell:Creating environment descriptor '/home/xelf/warehouse-automation-001/build/orchestrator/share/orchestrator/hook/pythonpath_develop.dsv'
[3.004s] INFO:colcon.colcon_core.shell:Creating environment hook '/home/xelf/warehouse-automation-001/build/orchestrator/share/orchestrator/hook/pythonpath_develop.sh'
[3.007s] Level 1:colcon.colcon_core.environment:checking '/home/xelf/warehouse-automation-001/install/orchestrator' for CMake module files
[3.008s] Level 1:colcon.colcon_core.environment:checking '/home/xelf/warehouse-automation-001/install/orchestrator' for CMake config files
[3.009s] Level 1:colcon.colcon_core.environment:checking '/home/xelf/warehouse-automation-001/install/orchestrator/lib'
[3.009s] Level 1:colcon.colcon_core.environment:checking '/home/xelf/warehouse-automation-001/install/orchestrator/bin'
[3.009s] Level 1:colcon.colcon_core.environment:checking '/home/xelf/warehouse-automation-001/install/orchestrator/lib/pkgconfig/orchestrator.pc'
[3.010s] Level 1:colcon.colcon_core.environment:checking '/home/xelf/warehouse-automation-001/install/orchestrator/lib/python3.10/site-packages'
[3.010s] Level 1:colcon.colcon_core.shell:create_environment_hook('orchestrator', 'pythonpath')
[3.010s] INFO:colcon.colcon_core.shell:Creating environment hook '/home/xelf/warehouse-automation-001/install/orchestrator/share/orchestrator/hook/pythonpath.ps1'
[3.011s] INFO:colcon.colcon_core.shell:Creating environment descriptor '/home/xelf/warehouse-automation-001/install/orchestrator/share/orchestrator/hook/pythonpath.dsv'
[3.012s] INFO:colcon.colcon_core.shell:Creating environment hook '/home/xelf/warehouse-automation-001/install/orchestrator/share/orchestrator/hook/pythonpath.sh'
[3.013s] Level 1:colcon.colcon_core.environment:checking '/home/xelf/warehouse-automation-001/install/orchestrator/bin'
[3.013s] Level 1:colcon.colcon_core.environment:create_environment_scripts_only(orchestrator)
[3.013s] INFO:colcon.colcon_core.shell:Creating package script '/home/xelf/warehouse-automation-001/install/orchestrator/share/orchestrator/package.ps1'
[3.015s] INFO:colcon.colcon_core.shell:Creating package descriptor '/home/xelf/warehouse-automation-001/install/orchestrator/share/orchestrator/package.dsv'
[3.015s] INFO:colcon.colcon_core.shell:Creating package script '/home/xelf/warehouse-automation-001/install/orchestrator/share/orchestrator/package.sh'
[3.017s] INFO:colcon.colcon_core.shell:Creating package script '/home/xelf/warehouse-automation-001/install/orchestrator/share/orchestrator/package.bash'
[3.018s] INFO:colcon.colcon_core.shell:Creating package script '/home/xelf/warehouse-automation-001/install/orchestrator/share/orchestrator/package.zsh'
[3.019s] Level 1:colcon.colcon_core.environment:create_file_with_runtime_dependencies(/home/xelf/warehouse-automation-001/install/orchestrator/share/colcon-core/packages/orchestrator)
[3.019s] DEBUG:colcon.colcon_parallel_executor.executor.parallel:closing loop
[3.021s] DEBUG:colcon.colcon_parallel_executor.executor.parallel:loop closed
[3.021s] DEBUG:colcon.colcon_parallel_executor.executor.parallel:run_until_complete finished with '0'
[3.021s] DEBUG:colcon.colcon_core.event_reactor:joining thread
[3.253s] INFO:colcon.colcon_core.plugin_system:Skipping extension 'colcon_notification.desktop_notification.notify_send': Could not find 'notify-send'
[3.253s] INFO:colcon.colcon_core.plugin_system:Skipping extension 'colcon_notification.desktop_notification.terminal_notifier': Not used on non-Darwin systems
[3.253s] INFO:colcon.colcon_core.plugin_system:Skipping extension 'colcon_notification.desktop_notification.win32': Not used on non-Windows systems
[3.253s] INFO:colcon.colcon_notification.desktop_notification:Sending desktop notification using 'notify2'
[3.253s] DEBUG:colcon.colcon_notification.desktop_notification.notify2:Failed to initialize notify2: org.freedesktop.DBus.Error.FileNotFound: Failed to connect to socket /run/user/1000/bus: No such file or directory
[3.254s] DEBUG:colcon.colcon_core.event_reactor:joined thread
[3.254s] INFO:colcon.colcon_core.shell:Creating prefix script '/home/xelf/warehouse-automation-001/install/local_setup.ps1'
[3.256s] INFO:colcon.colcon_core.shell:Creating prefix util module '/home/xelf/warehouse-automation-001/install/_local_setup_util_ps1.py'
[3.258s] INFO:colcon.colcon_core.shell:Creating prefix chain script '/home/xelf/warehouse-automation-001/install/setup.ps1'
[3.260s] INFO:colcon.colcon_core.shell:Creating prefix script '/home/xelf/warehouse-automation-001/install/local_setup.sh'
[3.261s] INFO:colcon.colcon_core.shell:Creating prefix util module '/home/xelf/warehouse-automation-001/install/_local_setup_util_sh.py'
[3.261s] INFO:colcon.colcon_core.shell:Creating prefix chain script '/home/xelf/warehouse-automation-001/install/setup.sh'
[3.263s] INFO:colcon.colcon_core.shell:Creating prefix script '/home/xelf/warehouse-automation-001/install/local_setup.bash'
[3.266s] INFO:colcon.colcon_core.shell:Creating prefix chain script '/home/xelf/warehouse-automation-001/install/setup.bash'
[3.268s] INFO:colcon.colcon_core.shell:Creating prefix script '/home/xelf/warehouse-automation-001/install/local_setup.zsh'
[3.269s] INFO:colcon.colcon_core.shell:Creating prefix chain script '/home/xelf/warehouse-automation-001/install/setup.zsh'
