running egg_info
creating ../build/orchestrator/orchestrator.egg-info
writing ../build/orchestrator/orchestrator.egg-info/PKG-INFO
writing dependency_links to ../build/orchestrator/orchestrator.egg-info/dependency_links.txt
writing entry points to ../build/orchestrator/orchestrator.egg-info/entry_points.txt
writing requirements to ../build/orchestrator/orchestrator.egg-info/requires.txt
writing top-level names to ../build/orchestrator/orchestrator.egg-info/top_level.txt
writing manifest file '../build/orchestrator/orchestrator.egg-info/SOURCES.txt'
reading manifest file '../build/orchestrator/orchestrator.egg-info/SOURCES.txt'
writing manifest file '../build/orchestrator/orchestrator.egg-info/SOURCES.txt'
running build
running build_py
creating /home/xelf/warehouse-automation/build/orchestrator/build
creating /home/xelf/warehouse-automation/build/orchestrator/build/lib
creating /home/xelf/warehouse-automation/build/orchestrator/build/lib/orchestrator
copying orchestrator/orchestrator.py -> /home/xelf/warehouse-automation/build/orchestrator/build/lib/orchestrator
copying orchestrator/__init__.py -> /home/xelf/warehouse-automation/build/orchestrator/build/lib/orchestrator
copying orchestrator/amr_robot.py -> /home/xelf/warehouse-automation/build/orchestrator/build/lib/orchestrator
running install
running install_lib
creating /home/xelf/warehouse-automation/install/orchestrator/lib/python3.10/site-packages/orchestrator
copying /home/xelf/warehouse-automation/build/orchestrator/build/lib/orchestrator/orchestrator.py -> /home/xelf/warehouse-automation/install/orchestrator/lib/python3.10/site-packages/orchestrator
copying /home/xelf/warehouse-automation/build/orchestrator/build/lib/orchestrator/__init__.py -> /home/xelf/warehouse-automation/install/orchestrator/lib/python3.10/site-packages/orchestrator
copying /home/xelf/warehouse-automation/build/orchestrator/build/lib/orchestrator/amr_robot.py -> /home/xelf/warehouse-automation/install/orchestrator/lib/python3.10/site-packages/orchestrator
byte-compiling /home/xelf/warehouse-automation/install/orchestrator/lib/python3.10/site-packages/orchestrator/orchestrator.py to orchestrator.cpython-310.pyc
byte-compiling /home/xelf/warehouse-automation/install/orchestrator/lib/python3.10/site-packages/orchestrator/__init__.py to __init__.cpython-310.pyc
byte-compiling /home/xelf/warehouse-automation/install/orchestrator/lib/python3.10/site-packages/orchestrator/amr_robot.py to amr_robot.cpython-310.pyc
running install_data
creating /home/xelf/warehouse-automation/install/orchestrator/share/ament_index
creating /home/xelf/warehouse-automation/install/orchestrator/share/ament_index/resource_index
creating /home/xelf/warehouse-automation/install/orchestrator/share/ament_index/resource_index/packages
copying resource/orchestrator -> /home/xelf/warehouse-automation/install/orchestrator/share/ament_index/resource_index/packages
copying package.xml -> /home/xelf/warehouse-automation/install/orchestrator/share/orchestrator
creating /home/xelf/warehouse-automation/install/orchestrator/share/orchestrator/launch
copying launch/orchestrator_launch.py -> /home/xelf/warehouse-automation/install/orchestrator/share/orchestrator/launch
running install_egg_info
Copying ../build/orchestrator/orchestrator.egg-info to /home/xelf/warehouse-automation/install/orchestrator/lib/python3.10/site-packages/orchestrator-0.0.0-py3.10.egg-info
running install_scripts
Installing amr_robot script to /home/xelf/warehouse-automation/install/orchestrator/lib/orchestrator
Installing orchestrator script to /home/xelf/warehouse-automation/install/orchestrator/lib/orchestrator
writing list of installed files to '/home/xelf/warehouse-automation/build/orchestrator/install.log'
