[1.427s] Invoking command in '/home/xelf/warehouse-automation/orchestrator': PYTHONPATH=/home/xelf/warehouse-automation/build/orchestrator/prefix_override:/usr/lib/python3/dist-packages/colcon_core/task/python/colcon_distutils_commands:/home/xelf/warehouse-automation/install/orchestrator/lib/python3.10/site-packages:${PYTHONPATH} /usr/bin/python3 -W ignore:setup.py install is deprecated -W ignore:easy_install command is deprecated setup.py egg_info --egg-base ../build/orchestrator build --build-base /home/xelf/warehouse-automation/build/orchestrator/build install --record /home/xelf/warehouse-automation/build/orchestrator/install.log --single-version-externally-managed install_data
[1.621s] running egg_info
[1.621s] creating ../build/orchestrator/orchestrator.egg-info
[1.622s] writing ../build/orchestrator/orchestrator.egg-info/PKG-INFO
[1.624s] writing dependency_links to ../build/orchestrator/orchestrator.egg-info/dependency_links.txt
[1.624s] writing entry points to ../build/orchestrator/orchestrator.egg-info/entry_points.txt
[1.624s] writing requirements to ../build/orchestrator/orchestrator.egg-info/requires.txt
[1.624s] writing top-level names to ../build/orchestrator/orchestrator.egg-info/top_level.txt
[1.624s] writing manifest file '../build/orchestrator/orchestrator.egg-info/SOURCES.txt'
[1.626s] reading manifest file '../build/orchestrator/orchestrator.egg-info/SOURCES.txt'
[1.626s] writing manifest file '../build/orchestrator/orchestrator.egg-info/SOURCES.txt'
[1.626s] running build
[1.626s] running build_py
[1.626s] creating /home/xelf/warehouse-automation/build/orchestrator/build
[1.627s] creating /home/xelf/warehouse-automation/build/orchestrator/build/lib
[1.627s] creating /home/xelf/warehouse-automation/build/orchestrator/build/lib/orchestrator
[1.627s] copying orchestrator/orchestrator.py -> /home/xelf/warehouse-automation/build/orchestrator/build/lib/orchestrator
[1.628s] copying orchestrator/__init__.py -> /home/xelf/warehouse-automation/build/orchestrator/build/lib/orchestrator
[1.628s] copying orchestrator/amr_robot.py -> /home/xelf/warehouse-automation/build/orchestrator/build/lib/orchestrator
[1.628s] running install
[1.628s] running install_lib
[1.630s] creating /home/xelf/warehouse-automation/install/orchestrator/lib/python3.10/site-packages/orchestrator
[1.630s] copying /home/xelf/warehouse-automation/build/orchestrator/build/lib/orchestrator/orchestrator.py -> /home/xelf/warehouse-automation/install/orchestrator/lib/python3.10/site-packages/orchestrator
[1.630s] copying /home/xelf/warehouse-automation/build/orchestrator/build/lib/orchestrator/__init__.py -> /home/xelf/warehouse-automation/install/orchestrator/lib/python3.10/site-packages/orchestrator
[1.630s] copying /home/xelf/warehouse-automation/build/orchestrator/build/lib/orchestrator/amr_robot.py -> /home/xelf/warehouse-automation/install/orchestrator/lib/python3.10/site-packages/orchestrator
[1.631s] byte-compiling /home/xelf/warehouse-automation/install/orchestrator/lib/python3.10/site-packages/orchestrator/orchestrator.py to orchestrator.cpython-310.pyc
[1.635s] byte-compiling /home/xelf/warehouse-automation/install/orchestrator/lib/python3.10/site-packages/orchestrator/__init__.py to __init__.cpython-310.pyc
[1.637s] byte-compiling /home/xelf/warehouse-automation/install/orchestrator/lib/python3.10/site-packages/orchestrator/amr_robot.py to amr_robot.cpython-310.pyc
[1.637s] running install_data
[1.637s] creating /home/xelf/warehouse-automation/install/orchestrator/share/ament_index
[1.637s] creating /home/xelf/warehouse-automation/install/orchestrator/share/ament_index/resource_index
[1.638s] creating /home/xelf/warehouse-automation/install/orchestrator/share/ament_index/resource_index/packages
[1.638s] copying resource/orchestrator -> /home/xelf/warehouse-automation/install/orchestrator/share/ament_index/resource_index/packages
[1.638s] copying package.xml -> /home/xelf/warehouse-automation/install/orchestrator/share/orchestrator
[1.638s] creating /home/xelf/warehouse-automation/install/orchestrator/share/orchestrator/launch
[1.638s] copying launch/orchestrator_launch.py -> /home/xelf/warehouse-automation/install/orchestrator/share/orchestrator/launch
[1.638s] running install_egg_info
[1.638s] Copying ../build/orchestrator/orchestrator.egg-info to /home/xelf/warehouse-automation/install/orchestrator/lib/python3.10/site-packages/orchestrator-0.0.0-py3.10.egg-info
[1.642s] running install_scripts
[1.656s] Installing amr_robot script to /home/xelf/warehouse-automation/install/orchestrator/lib/orchestrator
[1.656s] Installing orchestrator script to /home/xelf/warehouse-automation/install/orchestrator/lib/orchestrator
[1.656s] writing list of installed files to '/home/xelf/warehouse-automation/build/orchestrator/install.log'
[1.700s] Invoked command in '/home/xelf/warehouse-automation/orchestrator' returned '0': PYTHONPATH=/home/xelf/warehouse-automation/build/orchestrator/prefix_override:/usr/lib/python3/dist-packages/colcon_core/task/python/colcon_distutils_commands:/home/xelf/warehouse-automation/install/orchestrator/lib/python3.10/site-packages:${PYTHONPATH} /usr/bin/python3 -W ignore:setup.py install is deprecated -W ignore:easy_install command is deprecated setup.py egg_info --egg-base ../build/orchestrator build --build-base /home/xelf/warehouse-automation/build/orchestrator/build install --record /home/xelf/warehouse-automation/build/orchestrator/install.log --single-version-externally-managed install_data
