[1.466s] Invoking command in '/home/xelf/warehouse-automation-001/build/orchestrator': PYTHONPATH=/home/xelf/warehouse-automation-001/build/orchestrator/prefix_override:/usr/lib/python3/dist-packages/colcon_core/task/python/colcon_distutils_commands:/home/xelf/warehouse-automation-001/install/orchestrator/lib/python3.10/site-packages:${PYTHONPATH} /usr/bin/python3 -W ignore:setup.py install is deprecated -W ignore:easy_install command is deprecated setup.py develop --editable --build-directory /home/xelf/warehouse-automation-001/build/orchestrator/build --no-deps symlink_data --force
[1.843s] running develop
[2.072s] running egg_info
[2.072s] writing orchestrator.egg-info/PKG-INFO
[2.075s] writing dependency_links to orchestrator.egg-info/dependency_links.txt
[2.075s] writing entry points to orchestrator.egg-info/entry_points.txt
[2.075s] writing requirements to orchestrator.egg-info/requires.txt
[2.076s] writing top-level names to orchestrator.egg-info/top_level.txt
[2.078s] reading manifest file 'orchestrator.egg-info/SOURCES.txt'
[2.081s] writing manifest file 'orchestrator.egg-info/SOURCES.txt'
[2.083s] running build_ext
[2.083s] Creating /home/xelf/warehouse-automation-001/install/orchestrator/lib/python3.10/site-packages/orchestrator.egg-link (link to .)
[2.087s] Installing amr_robot script to /home/xelf/warehouse-automation-001/install/orchestrator/lib/orchestrator
[2.087s] Installing fleet_dashboard script to /home/xelf/warehouse-automation-001/install/orchestrator/lib/orchestrator
[2.087s] Installing fleet_manager script to /home/xelf/warehouse-automation-001/install/orchestrator/lib/orchestrator
[2.087s] Installing fleet_task_generator script to /home/xelf/warehouse-automation-001/install/orchestrator/lib/orchestrator
[2.088s] Installing fleet_visualization script to /home/xelf/warehouse-automation-001/install/orchestrator/lib/orchestrator
[2.088s] Installing gazebo_fleet_mover script to /home/xelf/warehouse-automation-001/install/orchestrator/lib/orchestrator
[2.089s] Installing gazebo_velocity_mover script to /home/xelf/warehouse-automation-001/install/orchestrator/lib/orchestrator
[2.090s] Installing mock_odom_publisher script to /home/xelf/warehouse-automation-001/install/orchestrator/lib/orchestrator
[2.091s] Installing orchestrator script to /home/xelf/warehouse-automation-001/install/orchestrator/lib/orchestrator
[2.091s] Installing robot_state_monitor script to /home/xelf/warehouse-automation-001/install/orchestrator/lib/orchestrator
[2.092s] Installing simple_mover script to /home/xelf/warehouse-automation-001/install/orchestrator/lib/orchestrator
[2.092s] Installing task_executor script to /home/xelf/warehouse-automation-001/install/orchestrator/lib/orchestrator
[2.095s] Installing test_gazebo_mover script to /home/xelf/warehouse-automation-001/install/orchestrator/lib/orchestrator
[2.097s] 
[2.097s] Installed /home/xelf/warehouse-automation-001/build/orchestrator
[2.097s] running symlink_data
[2.098s] symbolically linking /home/xelf/warehouse-automation-001/build/orchestrator/resource/orchestrator -> /home/xelf/warehouse-automation-001/install/orchestrator/share/ament_index/resource_index/packages
[2.099s] symbolically linking /home/xelf/warehouse-automation-001/build/orchestrator/package.xml -> /home/xelf/warehouse-automation-001/install/orchestrator/share/orchestrator
[2.101s] symbolically linking /home/xelf/warehouse-automation-001/build/orchestrator/launch/nav2_amr1.launch.py -> /home/xelf/warehouse-automation-001/install/orchestrator/share/orchestrator/launch
[2.101s] symbolically linking /home/xelf/warehouse-automation-001/build/orchestrator/launch/nav2_all.launch.py -> /home/xelf/warehouse-automation-001/install/orchestrator/share/orchestrator/launch
[2.102s] symbolically linking /home/xelf/warehouse-automation-001/build/orchestrator/launch/nav2_amr2.launch.py -> /home/xelf/warehouse-automation-001/install/orchestrator/share/orchestrator/launch
[2.103s] symbolically linking /home/xelf/warehouse-automation-001/build/orchestrator/launch/nav2_amr_simple.launch.py -> /home/xelf/warehouse-automation-001/install/orchestrator/share/orchestrator/launch
[2.103s] symbolically linking /home/xelf/warehouse-automation-001/build/orchestrator/launch/nav2_amr3.launch.py -> /home/xelf/warehouse-automation-001/install/orchestrator/share/orchestrator/launch
[2.104s] symbolically linking /home/xelf/warehouse-automation-001/build/orchestrator/launch/production_fleet.launch.py -> /home/xelf/warehouse-automation-001/install/orchestrator/share/orchestrator/launch
[2.104s] symbolically linking /home/xelf/warehouse-automation-001/build/orchestrator/launch/nav2_amr.launch.py -> /home/xelf/warehouse-automation-001/install/orchestrator/share/orchestrator/launch
[2.105s] symbolically linking /home/xelf/warehouse-automation-001/build/orchestrator/params/nav2_amr2.yaml -> /home/xelf/warehouse-automation-001/install/orchestrator/share/orchestrator/params
[2.106s] symbolically linking /home/xelf/warehouse-automation-001/build/orchestrator/params/nav2_amr1.yaml -> /home/xelf/warehouse-automation-001/install/orchestrator/share/orchestrator/params
[2.106s] symbolically linking /home/xelf/warehouse-automation-001/build/orchestrator/params/nav2_isaacsim.yaml -> /home/xelf/warehouse-automation-001/install/orchestrator/share/orchestrator/params
[2.108s] symbolically linking /home/xelf/warehouse-automation-001/build/orchestrator/params/nav2_amr1_ref.yaml -> /home/xelf/warehouse-automation-001/install/orchestrator/share/orchestrator/params
[2.109s] symbolically linking /home/xelf/warehouse-automation-001/build/orchestrator/params/nav2_gridfree.yaml -> /home/xelf/warehouse-automation-001/install/orchestrator/share/orchestrator/params
[2.110s] symbolically linking /home/xelf/warehouse-automation-001/build/orchestrator/params/nav2_amr3.yaml -> /home/xelf/warehouse-automation-001/install/orchestrator/share/orchestrator/params
[2.165s] Invoked command in '/home/xelf/warehouse-automation-001/build/orchestrator' returned '0': PYTHONPATH=/home/xelf/warehouse-automation-001/build/orchestrator/prefix_override:/usr/lib/python3/dist-packages/colcon_core/task/python/colcon_distutils_commands:/home/xelf/warehouse-automation-001/install/orchestrator/lib/python3.10/site-packages:${PYTHONPATH} /usr/bin/python3 -W ignore:setup.py install is deprecated -W ignore:easy_install command is deprecated setup.py develop --editable --build-directory /home/xelf/warehouse-automation-001/build/orchestrator/build --no-deps symlink_data --force
