[1.700s] Invoking command in '/home/ubuntu/warehouse-automation-001/order_system': PYTHONPATH=/home/ubuntu/warehouse-automation-001/build/order_system/prefix_override:/usr/lib/python3/dist-packages/colcon_core/task/python/colcon_distutils_commands:/home/ubuntu/warehouse-automation-001/install/order_system/lib/python3.10/site-packages:${PYTHONPATH} /usr/bin/python3 -W ignore:setup.py install is deprecated -W ignore:easy_install command is deprecated setup.py egg_info --egg-base ../build/order_system build --build-base /home/ubuntu/warehouse-automation-001/build/order_system/build install --record /home/ubuntu/warehouse-automation-001/build/order_system/install.log --single-version-externally-managed install_data
[1.961s] running egg_info
[1.979s] creating ../build/order_system/order_system.egg-info
[1.980s] writing ../build/order_system/order_system.egg-info/PKG-INFO
[1.980s] writing dependency_links to ../build/order_system/order_system.egg-info/dependency_links.txt
[1.980s] writing entry points to ../build/order_system/order_system.egg-info/entry_points.txt
[1.981s] writing requirements to ../build/order_system/order_system.egg-info/requires.txt
[1.981s] writing top-level names to ../build/order_system/order_system.egg-info/top_level.txt
[1.984s] writing manifest file '../build/order_system/order_system.egg-info/SOURCES.txt'
[2.022s] reading manifest file '../build/order_system/order_system.egg-info/SOURCES.txt'
[2.023s] writing manifest file '../build/order_system/order_system.egg-info/SOURCES.txt'
[2.023s] running build
[2.023s] running build_py
[2.023s] creating /home/ubuntu/warehouse-automation-001/build/order_system/build/lib/order_system
[2.023s] copying order_system/order_publisher.py -> /home/ubuntu/warehouse-automation-001/build/order_system/build/lib/order_system
[2.023s] copying order_system/__init__.py -> /home/ubuntu/warehouse-automation-001/build/order_system/build/lib/order_system
[2.024s] copying order_system/order_generator.py -> /home/ubuntu/warehouse-automation-001/build/order_system/build/lib/order_system
[2.024s] copying order_system/order_listener.py -> /home/ubuntu/warehouse-automation-001/build/order_system/build/lib/order_system
[2.024s] running install
[2.029s] running install_lib
[2.046s] creating /home/ubuntu/warehouse-automation-001/install/order_system/lib/python3.10/site-packages/order_system
[2.047s] copying /home/ubuntu/warehouse-automation-001/build/order_system/build/lib/order_system/order_publisher.py -> /home/ubuntu/warehouse-automation-001/install/order_system/lib/python3.10/site-packages/order_system
[2.047s] copying /home/ubuntu/warehouse-automation-001/build/order_system/build/lib/order_system/__init__.py -> /home/ubuntu/warehouse-automation-001/install/order_system/lib/python3.10/site-packages/order_system
[2.047s] copying /home/ubuntu/warehouse-automation-001/build/order_system/build/lib/order_system/order_generator.py -> /home/ubuntu/warehouse-automation-001/install/order_system/lib/python3.10/site-packages/order_system
[2.047s] copying /home/ubuntu/warehouse-automation-001/build/order_system/build/lib/order_system/order_listener.py -> /home/ubuntu/warehouse-automation-001/install/order_system/lib/python3.10/site-packages/order_system
[2.047s] byte-compiling /home/ubuntu/warehouse-automation-001/install/order_system/lib/python3.10/site-packages/order_system/order_publisher.py to order_publisher.cpython-310.pyc
[2.048s] byte-compiling /home/ubuntu/warehouse-automation-001/install/order_system/lib/python3.10/site-packages/order_system/__init__.py to __init__.cpython-310.pyc
[2.048s] byte-compiling /home/ubuntu/warehouse-automation-001/install/order_system/lib/python3.10/site-packages/order_system/order_generator.py to order_generator.cpython-310.pyc
[2.048s] byte-compiling /home/ubuntu/warehouse-automation-001/install/order_system/lib/python3.10/site-packages/order_system/order_listener.py to order_listener.cpython-310.pyc
[2.049s] running install_data
[2.049s] creating /home/ubuntu/warehouse-automation-001/install/order_system/share/ament_index/resource_index/packages
[2.049s] copying resource/order_system -> /home/ubuntu/warehouse-automation-001/install/order_system/share/ament_index/resource_index/packages
[2.050s] copying package.xml -> /home/ubuntu/warehouse-automation-001/install/order_system/share/order_system
[2.050s] creating /home/ubuntu/warehouse-automation-001/install/order_system/share/order_system/launch
[2.050s] copying launch/order_system_launch.py -> /home/ubuntu/warehouse-automation-001/install/order_system/share/order_system/launch
[2.050s] copying launch/warehouse_launch.py -> /home/ubuntu/warehouse-automation-001/install/order_system/share/order_system/launch
[2.050s] copying launch/complete_warehouse.launch.py -> /home/ubuntu/warehouse-automation-001/install/order_system/share/order_system/launch
[2.050s] copying launch/complete_warehouse_fleet.launch.py -> /home/ubuntu/warehouse-automation-001/install/order_system/share/order_system/launch
[2.050s] copying launch/ros_nodes.launch.py -> /home/ubuntu/warehouse-automation-001/install/order_system/share/order_system/launch
[2.051s] running install_egg_info
[2.070s] Copying ../build/order_system/order_system.egg-info to /home/ubuntu/warehouse-automation-001/install/order_system/lib/python3.10/site-packages/order_system-0.0.0-py3.10.egg-info
[2.070s] running install_scripts
[2.109s] Installing order_generator script to /home/ubuntu/warehouse-automation-001/install/order_system/lib/order_system
[2.109s] Installing order_listener script to /home/ubuntu/warehouse-automation-001/install/order_system/lib/order_system
[2.109s] writing list of installed files to '/home/ubuntu/warehouse-automation-001/build/order_system/install.log'
[2.141s] Invoked command in '/home/ubuntu/warehouse-automation-001/order_system' returned '0': PYTHONPATH=/home/ubuntu/warehouse-automation-001/build/order_system/prefix_override:/usr/lib/python3/dist-packages/colcon_core/task/python/colcon_distutils_commands:/home/ubuntu/warehouse-automation-001/install/order_system/lib/python3.10/site-packages:${PYTHONPATH} /usr/bin/python3 -W ignore:setup.py install is deprecated -W ignore:easy_install command is deprecated setup.py egg_info --egg-base ../build/order_system build --build-base /home/ubuntu/warehouse-automation-001/build/order_system/build install --record /home/ubuntu/warehouse-automation-001/build/order_system/install.log --single-version-externally-managed install_data
