[1.429s] Invoking command in '/home/xelf/warehouse-automation/build/order_system': PYTHONPATH=/home/xelf/warehouse-automation/build/order_system/prefix_override:/usr/lib/python3/dist-packages/colcon_core/task/python/colcon_distutils_commands:/home/xelf/warehouse-automation/install/order_system/lib/python3.10/site-packages:${PYTHONPATH} /usr/bin/python3 -W ignore:setup.py install is deprecated -W ignore:easy_install command is deprecated setup.py develop --editable --build-directory /home/xelf/warehouse-automation/build/order_system/build --no-deps symlink_data --force
[1.674s] running develop
[1.794s] running egg_info
[1.794s] writing order_system.egg-info/PKG-INFO
[1.795s] writing dependency_links to order_system.egg-info/dependency_links.txt
[1.795s] writing entry points to order_system.egg-info/entry_points.txt
[1.795s] writing requirements to order_system.egg-info/requires.txt
[1.796s] writing top-level names to order_system.egg-info/top_level.txt
[1.798s] reading manifest file 'order_system.egg-info/SOURCES.txt'
[1.800s] writing manifest file 'order_system.egg-info/SOURCES.txt'
[1.800s] running build_ext
[1.801s] Creating /home/xelf/warehouse-automation/install/order_system/lib/python3.10/site-packages/order-system.egg-link (link to .)
[1.802s] Installing order_generator script to /home/xelf/warehouse-automation/install/order_system/lib/order_system
[1.802s] Installing order_listener script to /home/xelf/warehouse-automation/install/order_system/lib/order_system
[1.802s] 
[1.802s] Installed /home/xelf/warehouse-automation/build/order_system
[1.803s] running symlink_data
[1.803s] symbolically linking /home/xelf/warehouse-automation/build/order_system/resource/order_system -> /home/xelf/warehouse-automation/install/order_system/share/ament_index/resource_index/packages
[1.805s] symbolically linking /home/xelf/warehouse-automation/build/order_system/package.xml -> /home/xelf/warehouse-automation/install/order_system/share/order_system
[1.806s] symbolically linking /home/xelf/warehouse-automation/build/order_system/launch/order_system_launch.py -> /home/xelf/warehouse-automation/install/order_system/share/order_system/launch
[1.807s] symbolically linking /home/xelf/warehouse-automation/build/order_system/launch/warehouse_launch.py -> /home/xelf/warehouse-automation/install/order_system/share/order_system/launch
[1.869s] Invoked command in '/home/xelf/warehouse-automation/build/order_system' returned '0': PYTHONPATH=/home/xelf/warehouse-automation/build/order_system/prefix_override:/usr/lib/python3/dist-packages/colcon_core/task/python/colcon_distutils_commands:/home/xelf/warehouse-automation/install/order_system/lib/python3.10/site-packages:${PYTHONPATH} /usr/bin/python3 -W ignore:setup.py install is deprecated -W ignore:easy_install command is deprecated setup.py develop --editable --build-directory /home/xelf/warehouse-automation/build/order_system/build --no-deps symlink_data --force
