[1.690s] Invoking command in '/home/ubuntu/warehouse-automation-001/cuopt_bridge': PYTHONPATH=/home/ubuntu/warehouse-automation-001/build/cuopt_bridge/prefix_override:/usr/lib/python3/dist-packages/colcon_core/task/python/colcon_distutils_commands:/home/ubuntu/warehouse-automation-001/install/cuopt_bridge/lib/python3.10/site-packages:${PYTHONPATH} /usr/bin/python3 -W ignore:setup.py install is deprecated -W ignore:easy_install command is deprecated setup.py egg_info --egg-base ../build/cuopt_bridge build --build-base /home/ubuntu/warehouse-automation-001/build/cuopt_bridge/build install --record /home/ubuntu/warehouse-automation-001/build/cuopt_bridge/install.log --single-version-externally-managed install_data
[1.961s] running egg_info
[1.979s] writing ../build/cuopt_bridge/cuopt_bridge.egg-info/PKG-INFO
[1.979s] writing dependency_links to ../build/cuopt_bridge/cuopt_bridge.egg-info/dependency_links.txt
[1.980s] writing entry points to ../build/cuopt_bridge/cuopt_bridge.egg-info/entry_points.txt
[1.980s] writing requirements to ../build/cuopt_bridge/cuopt_bridge.egg-info/requires.txt
[1.980s] writing top-level names to ../build/cuopt_bridge/cuopt_bridge.egg-info/top_level.txt
[2.024s] reading manifest file '../build/cuopt_bridge/cuopt_bridge.egg-info/SOURCES.txt'
[2.027s] writing manifest file '../build/cuopt_bridge/cuopt_bridge.egg-info/SOURCES.txt'
[2.027s] running build
[2.027s] running build_py
[2.027s] copying cuopt_bridge/cuopt_bridge.py -> /home/ubuntu/warehouse-automation-001/build/cuopt_bridge/build/lib/cuopt_bridge
[2.028s] copying cuopt_bridge/cuopt_client.py -> /home/ubuntu/warehouse-automation-001/build/cuopt_bridge/build/lib/cuopt_bridge
[2.029s] copying cuopt_bridge/__init__.py -> /home/ubuntu/warehouse-automation-001/build/cuopt_bridge/build/lib/cuopt_bridge
[2.029s] running install
[2.032s] running install_lib
[2.052s] running install_data
[2.053s] copying resource/cuopt_bridge -> /home/ubuntu/warehouse-automation-001/install/cuopt_bridge/share/ament_index/resource_index/packages
[2.053s] copying package.xml -> /home/ubuntu/warehouse-automation-001/install/cuopt_bridge/share/cuopt_bridge
[2.053s] copying launch/cuopt_bridge_launch.py -> /home/ubuntu/warehouse-automation-001/install/cuopt_bridge/share/cuopt_bridge/launch
[2.054s] running install_egg_info
[2.072s] removing '/home/ubuntu/warehouse-automation-001/install/cuopt_bridge/lib/python3.10/site-packages/cuopt_bridge-0.0.0-py3.10.egg-info' (and everything under it)
[2.072s] Copying ../build/cuopt_bridge/cuopt_bridge.egg-info to /home/ubuntu/warehouse-automation-001/install/cuopt_bridge/lib/python3.10/site-packages/cuopt_bridge-0.0.0-py3.10.egg-info
[2.073s] running install_scripts
[2.130s] Installing cuopt_bridge script to /home/ubuntu/warehouse-automation-001/install/cuopt_bridge/lib/cuopt_bridge
[2.130s] Installing cuopt_client script to /home/ubuntu/warehouse-automation-001/install/cuopt_bridge/lib/cuopt_bridge
[2.130s] writing list of installed files to '/home/ubuntu/warehouse-automation-001/build/cuopt_bridge/install.log'
[2.151s] Invoked command in '/home/ubuntu/warehouse-automation-001/cuopt_bridge' returned '0': PYTHONPATH=/home/ubuntu/warehouse-automation-001/build/cuopt_bridge/prefix_override:/usr/lib/python3/dist-packages/colcon_core/task/python/colcon_distutils_commands:/home/ubuntu/warehouse-automation-001/install/cuopt_bridge/lib/python3.10/site-packages:${PYTHONPATH} /usr/bin/python3 -W ignore:setup.py install is deprecated -W ignore:easy_install command is deprecated setup.py egg_info --egg-base ../build/cuopt_bridge build --build-base /home/ubuntu/warehouse-automation-001/build/cuopt_bridge/build install --record /home/ubuntu/warehouse-automation-001/build/cuopt_bridge/install.log --single-version-externally-managed install_data
