[1.533s] Invoking command in '/home/xelf/warehouse-automation-001/hello_world_pkgs': PYTHONPATH=/home/xelf/warehouse-automation-001/build/hello_world_pkgs/prefix_override:/usr/lib/python3/dist-packages/colcon_core/task/python/colcon_distutils_commands:/home/xelf/warehouse-automation-001/install/hello_world_pkgs/lib/python3.10/site-packages:${PYTHONPATH} /usr/bin/python3 -W ignore:setup.py install is deprecated -W ignore:easy_install command is deprecated setup.py egg_info --egg-base ../build/hello_world_pkgs build --build-base /home/xelf/warehouse-automation-001/build/hello_world_pkgs/build install --record /home/xelf/warehouse-automation-001/build/hello_world_pkgs/install.log --single-version-externally-managed install_data
[1.722s] running egg_info
[1.723s] writing ../build/hello_world_pkgs/hello_world_pkgs.egg-info/PKG-INFO
[1.723s] writing dependency_links to ../build/hello_world_pkgs/hello_world_pkgs.egg-info/dependency_links.txt
[1.723s] writing entry points to ../build/hello_world_pkgs/hello_world_pkgs.egg-info/entry_points.txt
[1.723s] writing requirements to ../build/hello_world_pkgs/hello_world_pkgs.egg-info/requires.txt
[1.724s] writing top-level names to ../build/hello_world_pkgs/hello_world_pkgs.egg-info/top_level.txt
[1.727s] reading manifest file '../build/hello_world_pkgs/hello_world_pkgs.egg-info/SOURCES.txt'
[1.729s] writing manifest file '../build/hello_world_pkgs/hello_world_pkgs.egg-info/SOURCES.txt'
[1.730s] running build
[1.730s] running build_py
[1.731s] running install
[1.732s] running install_lib
[1.734s] running install_data
[1.734s] running install_egg_info
[1.739s] removing '/home/xelf/warehouse-automation-001/install/hello_world_pkgs/lib/python3.10/site-packages/hello_world_pkgs-0.0.0-py3.10.egg-info' (and everything under it)
[1.740s] Copying ../build/hello_world_pkgs/hello_world_pkgs.egg-info to /home/xelf/warehouse-automation-001/install/hello_world_pkgs/lib/python3.10/site-packages/hello_world_pkgs-0.0.0-py3.10.egg-info
[1.742s] running install_scripts
[1.755s] Installing hello_listener script to /home/xelf/warehouse-automation-001/install/hello_world_pkgs/lib/hello_world_pkgs
[1.756s] Installing hello_talker script to /home/xelf/warehouse-automation-001/install/hello_world_pkgs/lib/hello_world_pkgs
[1.756s] writing list of installed files to '/home/xelf/warehouse-automation-001/build/hello_world_pkgs/install.log'
[1.823s] Invoked command in '/home/xelf/warehouse-automation-001/hello_world_pkgs' returned '0': PYTHONPATH=/home/xelf/warehouse-automation-001/build/hello_world_pkgs/prefix_override:/usr/lib/python3/dist-packages/colcon_core/task/python/colcon_distutils_commands:/home/xelf/warehouse-automation-001/install/hello_world_pkgs/lib/python3.10/site-packages:${PYTHONPATH} /usr/bin/python3 -W ignore:setup.py install is deprecated -W ignore:easy_install command is deprecated setup.py egg_info --egg-base ../build/hello_world_pkgs build --build-base /home/xelf/warehouse-automation-001/build/hello_world_pkgs/build install --record /home/xelf/warehouse-automation-001/build/hello_world_pkgs/install.log --single-version-externally-managed install_data
