[1.431s] Invoking command in '/home/xelf/warehouse-automation/build/cuopt_bridge': PYTHONPATH=/home/xelf/warehouse-automation/build/cuopt_bridge/prefix_override:/usr/lib/python3/dist-packages/colcon_core/task/python/colcon_distutils_commands:/home/xelf/warehouse-automation/install/cuopt_bridge/lib/python3.10/site-packages:${PYTHONPATH} /usr/bin/python3 -W ignore:setup.py install is deprecated -W ignore:easy_install command is deprecated setup.py develop --editable --build-directory /home/xelf/warehouse-automation/build/cuopt_bridge/build --no-deps symlink_data --force
[1.672s] running develop
[1.807s] running egg_info
[1.807s] writing cuopt_bridge.egg-info/PKG-INFO
[1.808s] writing dependency_links to cuopt_bridge.egg-info/dependency_links.txt
[1.808s] writing entry points to cuopt_bridge.egg-info/entry_points.txt
[1.809s] writing requirements to cuopt_bridge.egg-info/requires.txt
[1.809s] writing top-level names to cuopt_bridge.egg-info/top_level.txt
[1.811s] reading manifest file 'cuopt_bridge.egg-info/SOURCES.txt'
[1.812s] writing manifest file 'cuopt_bridge.egg-info/SOURCES.txt'
[1.814s] running build_ext
[1.815s] Creating /home/xelf/warehouse-automation/install/cuopt_bridge/lib/python3.10/site-packages/cuopt-bridge.egg-link (link to .)
[1.815s] Installing cuopt_bridge script to /home/xelf/warehouse-automation/install/cuopt_bridge/lib/cuopt_bridge
[1.816s] 
[1.816s] Installed /home/xelf/warehouse-automation/build/cuopt_bridge
[1.816s] running symlink_data
[1.816s] symbolically linking /home/xelf/warehouse-automation/build/cuopt_bridge/resource/cuopt_bridge -> /home/xelf/warehouse-automation/install/cuopt_bridge/share/ament_index/resource_index/packages
[1.816s] symbolically linking /home/xelf/warehouse-automation/build/cuopt_bridge/package.xml -> /home/xelf/warehouse-automation/install/cuopt_bridge/share/cuopt_bridge
[1.817s] symbolically linking /home/xelf/warehouse-automation/build/cuopt_bridge/launch/cuopt_bridge_launch.py -> /home/xelf/warehouse-automation/install/cuopt_bridge/share/cuopt_bridge/launch
[1.866s] Invoked command in '/home/xelf/warehouse-automation/build/cuopt_bridge' returned '0': PYTHONPATH=/home/xelf/warehouse-automation/build/cuopt_bridge/prefix_override:/usr/lib/python3/dist-packages/colcon_core/task/python/colcon_distutils_commands:/home/xelf/warehouse-automation/install/cuopt_bridge/lib/python3.10/site-packages:${PYTHONPATH} /usr/bin/python3 -W ignore:setup.py install is deprecated -W ignore:easy_install command is deprecated setup.py develop --editable --build-directory /home/xelf/warehouse-automation/build/cuopt_bridge/build --no-deps symlink_data --force
