running develop
Removing /home/xelf/warehouse-automation-001/install/amr_description/lib/python3.10/site-packages/amr-description.egg-link (link to .)
running egg_info
writing ../build/amr_description/amr_description.egg-info/PKG-INFO
writing dependency_links to ../build/amr_description/amr_description.egg-info/dependency_links.txt
writing entry points to ../build/amr_description/amr_description.egg-info/entry_points.txt
writing requirements to ../build/amr_description/amr_description.egg-info/requires.txt
writing top-level names to ../build/amr_description/amr_description.egg-info/top_level.txt
reading manifest file '../build/amr_description/amr_description.egg-info/SOURCES.txt'
writing manifest file '../build/amr_description/amr_description.egg-info/SOURCES.txt'
running build
running build_py
creating /home/xelf/warehouse-automation-001/build/amr_description/build
creating /home/xelf/warehouse-automation-001/build/amr_description/build/lib
creating /home/xelf/warehouse-automation-001/build/amr_description/build/lib/amr_description
copying amr_description/__init__.py -> /home/xelf/warehouse-automation-001/build/amr_description/build/lib/amr_description
copying amr_description/spawn_waypoints.py -> /home/xelf/warehouse-automation-001/build/amr_description/build/lib/amr_description
running install
running install_lib
creating /home/xelf/warehouse-automation-001/install/amr_description/lib/python3.10/site-packages/amr_description
copying /home/xelf/warehouse-automation-001/build/amr_description/build/lib/amr_description/__init__.py -> /home/xelf/warehouse-automation-001/install/amr_description/lib/python3.10/site-packages/amr_description
copying /home/xelf/warehouse-automation-001/build/amr_description/build/lib/amr_description/spawn_waypoints.py -> /home/xelf/warehouse-automation-001/install/amr_description/lib/python3.10/site-packages/amr_description
byte-compiling /home/xelf/warehouse-automation-001/install/amr_description/lib/python3.10/site-packages/amr_description/__init__.py to __init__.cpython-310.pyc
byte-compiling /home/xelf/warehouse-automation-001/install/amr_description/lib/python3.10/site-packages/amr_description/spawn_waypoints.py to spawn_waypoints.cpython-310.pyc
running install_data
copying resource/amr_description -> /home/xelf/warehouse-automation-001/install/amr_description/share/ament_index/resource_index/packages
copying package.xml -> /home/xelf/warehouse-automation-001/install/amr_description/share/amr_description
copying urdf/amr_robot.urdf -> /home/xelf/warehouse-automation-001/install/amr_description/share/amr_description/urdf
copying urdf/amr_robot_diffdrive.urdf -> /home/xelf/warehouse-automation-001/install/amr_description/share/amr_description/urdf
copying worlds/warehouse.world -> /home/xelf/warehouse-automation-001/install/amr_description/share/amr_description/worlds
copying launch/gazebo.launch.py -> /home/xelf/warehouse-automation-001/install/amr_description/share/amr_description/launch
copying launch/spawn_amr_diffdrive.launch.py -> /home/xelf/warehouse-automation-001/install/amr_description/share/amr_description/launch
copying launch/spawn_robots.launch.py -> /home/xelf/warehouse-automation-001/install/amr_description/share/amr_description/launch
copying launch/gazebo_simple.launch.py -> /home/xelf/warehouse-automation-001/install/amr_description/share/amr_description/launch
copying launch/spawn_amrs.launch.py -> /home/xelf/warehouse-automation-001/install/amr_description/share/amr_description/launch
copying launch/warehouse_gzros.launch.py -> /home/xelf/warehouse-automation-001/install/amr_description/share/amr_description/launch
copying launch/gazebo_ros.launch.py -> /home/xelf/warehouse-automation-001/install/amr_description/share/amr_description/launch
copying launch/warehouse_complete.launch.py -> /home/xelf/warehouse-automation-001/install/amr_description/share/amr_description/launch
copying config/amr_controllers.yaml -> /home/xelf/warehouse-automation-001/install/amr_description/share/amr_description/config
copying gazebo/gazebo_warehouse.launch.py -> /home/xelf/warehouse-automation-001/install/amr_description/share/amr_description/gazebo
copying gazebo/warehouse.world -> /home/xelf/warehouse-automation-001/install/amr_description/share/amr_description/gazebo
copying gazebo/spawn_waypoints.py -> /home/xelf/warehouse-automation-001/install/amr_description/share/amr_description/gazebo
copying maps/iw_hub_warehouse_navigation.yaml -> /home/xelf/warehouse-automation-001/install/amr_description/share/amr_description/maps
copying maps/iw_hub_warehouse_navigation.png -> /home/xelf/warehouse-automation-001/install/amr_description/share/amr_description/maps
copying maps/cuopt_costmap.png -> /home/xelf/warehouse-automation-001/install/amr_description/share/amr_description/maps
running install_egg_info
Copying ../build/amr_description/amr_description.egg-info to /home/xelf/warehouse-automation-001/install/amr_description/lib/python3.10/site-packages/amr_description-0.0.0-py3.10.egg-info
running install_scripts
Installing spawn_waypoints script to /home/xelf/warehouse-automation-001/install/amr_description/lib/amr_description
writing list of installed files to '/home/xelf/warehouse-automation-001/build/amr_description/install.log'
