[0.741s] Invoking command in '/home/xelf/warehouse-automation-001/build/orchestrator': PYTHONPATH=/home/xelf/warehouse-automation-001/build/orchestrator/prefix_override:/usr/lib/python3/dist-packages/colcon_core/task/python/colcon_distutils_commands:/home/xelf/warehouse-automation-001/install/orchestrator/lib/python3.10/site-packages:${PYTHONPATH} /usr/bin/python3 -W ignore:setup.py install is deprecated -W ignore:easy_install command is deprecated setup.py develop --editable --build-directory /home/xelf/warehouse-automation-001/build/orchestrator/build --no-deps symlink_data --force
[0.925s] running develop
[1.033s] running egg_info
[1.033s] writing orchestrator.egg-info/PKG-INFO
[1.033s] writing dependency_links to orchestrator.egg-info/dependency_links.txt
[1.033s] writing entry points to orchestrator.egg-info/entry_points.txt
[1.033s] writing requirements to orchestrator.egg-info/requires.txt
[1.034s] writing top-level names to orchestrator.egg-info/top_level.txt
[1.035s] reading manifest file 'orchestrator.egg-info/SOURCES.txt'
[1.038s] writing manifest file 'orchestrator.egg-info/SOURCES.txt'
[1.039s] running build_ext
[1.039s] Creating /home/xelf/warehouse-automation-001/install/orchestrator/lib/python3.10/site-packages/orchestrator.egg-link (link to .)
[1.040s] Installing amr_robot script to /home/xelf/warehouse-automation-001/install/orchestrator/lib/orchestrator
[1.040s] Installing fleet_dashboard script to /home/xelf/warehouse-automation-001/install/orchestrator/lib/orchestrator
[1.041s] Installing fleet_manager script to /home/xelf/warehouse-automation-001/install/orchestrator/lib/orchestrator
[1.041s] Installing fleet_task_generator script to /home/xelf/warehouse-automation-001/install/orchestrator/lib/orchestrator
[1.041s] Installing fleet_visualization script to /home/xelf/warehouse-automation-001/install/orchestrator/lib/orchestrator
[1.041s] Installing gazebo_fleet_mover script to /home/xelf/warehouse-automation-001/install/orchestrator/lib/orchestrator
[1.042s] Installing gazebo_velocity_mover script to /home/xelf/warehouse-automation-001/install/orchestrator/lib/orchestrator
[1.042s] Installing mock_odom_publisher script to /home/xelf/warehouse-automation-001/install/orchestrator/lib/orchestrator
[1.042s] Installing orchestrator script to /home/xelf/warehouse-automation-001/install/orchestrator/lib/orchestrator
[1.042s] Installing robot_state_monitor script to /home/xelf/warehouse-automation-001/install/orchestrator/lib/orchestrator
[1.042s] Installing simple_mover script to /home/xelf/warehouse-automation-001/install/orchestrator/lib/orchestrator
[1.042s] Installing task_executor script to /home/xelf/warehouse-automation-001/install/orchestrator/lib/orchestrator
[1.042s] Installing test_gazebo_mover script to /home/xelf/warehouse-automation-001/install/orchestrator/lib/orchestrator
[1.042s] 
[1.042s] Installed /home/xelf/warehouse-automation-001/build/orchestrator
[1.043s] running symlink_data
[1.043s] symbolically linking /home/xelf/warehouse-automation-001/build/orchestrator/resource/orchestrator -> /home/xelf/warehouse-automation-001/install/orchestrator/share/ament_index/resource_index/packages
[1.043s] symbolically linking /home/xelf/warehouse-automation-001/build/orchestrator/package.xml -> /home/xelf/warehouse-automation-001/install/orchestrator/share/orchestrator
[1.043s] symbolically linking /home/xelf/warehouse-automation-001/build/orchestrator/launch/nav2_amr1.launch.py -> /home/xelf/warehouse-automation-001/install/orchestrator/share/orchestrator/launch
[1.044s] symbolically linking /home/xelf/warehouse-automation-001/build/orchestrator/launch/nav2_all.launch.py -> /home/xelf/warehouse-automation-001/install/orchestrator/share/orchestrator/launch
[1.044s] symbolically linking /home/xelf/warehouse-automation-001/build/orchestrator/launch/nav2_amr2.launch.py -> /home/xelf/warehouse-automation-001/install/orchestrator/share/orchestrator/launch
[1.044s] symbolically linking /home/xelf/warehouse-automation-001/build/orchestrator/launch/nav2_amr3.launch.py -> /home/xelf/warehouse-automation-001/install/orchestrator/share/orchestrator/launch
[1.044s] symbolically linking /home/xelf/warehouse-automation-001/build/orchestrator/launch/production_fleet.launch.py -> /home/xelf/warehouse-automation-001/install/orchestrator/share/orchestrator/launch
[1.044s] symbolically linking /home/xelf/warehouse-automation-001/build/orchestrator/launch/nav2_amr.launch.py -> /home/xelf/warehouse-automation-001/install/orchestrator/share/orchestrator/launch
[1.044s] symbolically linking /home/xelf/warehouse-automation-001/build/orchestrator/params/nav2_amr2.yaml -> /home/xelf/warehouse-automation-001/install/orchestrator/share/orchestrator/params
[1.044s] symbolically linking /home/xelf/warehouse-automation-001/build/orchestrator/params/nav2_amr1.yaml -> /home/xelf/warehouse-automation-001/install/orchestrator/share/orchestrator/params
[1.044s] symbolically linking /home/xelf/warehouse-automation-001/build/orchestrator/params/nav2_isaacsim.yaml -> /home/xelf/warehouse-automation-001/install/orchestrator/share/orchestrator/params
[1.044s] symbolically linking /home/xelf/warehouse-automation-001/build/orchestrator/params/nav2_gridfree.yaml -> /home/xelf/warehouse-automation-001/install/orchestrator/share/orchestrator/params
[1.044s] symbolically linking /home/xelf/warehouse-automation-001/build/orchestrator/params/nav2_amr3.yaml -> /home/xelf/warehouse-automation-001/install/orchestrator/share/orchestrator/params
[1.066s] Invoked command in '/home/xelf/warehouse-automation-001/build/orchestrator' returned '0': PYTHONPATH=/home/xelf/warehouse-automation-001/build/orchestrator/prefix_override:/usr/lib/python3/dist-packages/colcon_core/task/python/colcon_distutils_commands:/home/xelf/warehouse-automation-001/install/orchestrator/lib/python3.10/site-packages:${PYTHONPATH} /usr/bin/python3 -W ignore:setup.py install is deprecated -W ignore:easy_install command is deprecated setup.py develop --editable --build-directory /home/xelf/warehouse-automation-001/build/orchestrator/build --no-deps symlink_data --force
