running develop
running egg_info
creating orchestrator.egg-info
writing orchestrator.egg-info/PKG-INFO
writing dependency_links to orchestrator.egg-info/dependency_links.txt
writing entry points to orchestrator.egg-info/entry_points.txt
writing requirements to orchestrator.egg-info/requires.txt
writing top-level names to orchestrator.egg-info/top_level.txt
writing manifest file 'orchestrator.egg-info/SOURCES.txt'
reading manifest file 'orchestrator.egg-info/SOURCES.txt'
writing manifest file 'orchestrator.egg-info/SOURCES.txt'
running build_ext
Creating /home/xelf/warehouse-automation-001/install/orchestrator/lib/python3.10/site-packages/orchestrator.egg-link (link to .)
Installing amr_robot script to /home/xelf/warehouse-automation-001/install/orchestrator/lib/orchestrator
Installing fleet_dashboard script to /home/xelf/warehouse-automation-001/install/orchestrator/lib/orchestrator
Installing fleet_manager script to /home/xelf/warehouse-automation-001/install/orchestrator/lib/orchestrator
Installing fleet_task_generator script to /home/xelf/warehouse-automation-001/install/orchestrator/lib/orchestrator
Installing fleet_visualization script to /home/xelf/warehouse-automation-001/install/orchestrator/lib/orchestrator
Installing gazebo_fleet_mover script to /home/xelf/warehouse-automation-001/install/orchestrator/lib/orchestrator
Installing gazebo_velocity_mover script to /home/xelf/warehouse-automation-001/install/orchestrator/lib/orchestrator
Installing mock_odom_publisher script to /home/xelf/warehouse-automation-001/install/orchestrator/lib/orchestrator
Installing orchestrator script to /home/xelf/warehouse-automation-001/install/orchestrator/lib/orchestrator
Installing robot_state_monitor script to /home/xelf/warehouse-automation-001/install/orchestrator/lib/orchestrator
Installing simple_mover script to /home/xelf/warehouse-automation-001/install/orchestrator/lib/orchestrator
Installing task_executor script to /home/xelf/warehouse-automation-001/install/orchestrator/lib/orchestrator
Installing test_gazebo_mover script to /home/xelf/warehouse-automation-001/install/orchestrator/lib/orchestrator

Installed /home/xelf/warehouse-automation-001/build/orchestrator
running symlink_data
creating /home/xelf/warehouse-automation-001/install/orchestrator/share/ament_index
creating /home/xelf/warehouse-automation-001/install/orchestrator/share/ament_index/resource_index
creating /home/xelf/warehouse-automation-001/install/orchestrator/share/ament_index/resource_index/packages
symbolically linking /home/xelf/warehouse-automation-001/build/orchestrator/resource/orchestrator -> /home/xelf/warehouse-automation-001/install/orchestrator/share/ament_index/resource_index/packages
symbolically linking /home/xelf/warehouse-automation-001/build/orchestrator/package.xml -> /home/xelf/warehouse-automation-001/install/orchestrator/share/orchestrator
creating /home/xelf/warehouse-automation-001/install/orchestrator/share/orchestrator/launch
symbolically linking /home/xelf/warehouse-automation-001/build/orchestrator/launch/production_fleet.launch.py -> /home/xelf/warehouse-automation-001/install/orchestrator/share/orchestrator/launch
symbolically linking /home/xelf/warehouse-automation-001/build/orchestrator/launch/nav2_amr.launch.py -> /home/xelf/warehouse-automation-001/install/orchestrator/share/orchestrator/launch
creating /home/xelf/warehouse-automation-001/install/orchestrator/share/orchestrator/params
symbolically linking /home/xelf/warehouse-automation-001/build/orchestrator/params/nav2_isaacsim.yaml -> /home/xelf/warehouse-automation-001/install/orchestrator/share/orchestrator/params
symbolically linking /home/xelf/warehouse-automation-001/build/orchestrator/params/nav2_gridfree.yaml -> /home/xelf/warehouse-automation-001/install/orchestrator/share/orchestrator/params
