[0.630s] Invoking command in '/home/xelf/warehouse-automation-001/build/orchestrator': PYTHONPATH=/home/xelf/warehouse-automation-001/build/orchestrator/prefix_override:/usr/lib/python3/dist-packages/colcon_core/task/python/colcon_distutils_commands:/home/xelf/warehouse-automation-001/install/orchestrator/lib/python3.10/site-packages:${PYTHONPATH} /usr/bin/python3 -W ignore:setup.py install is deprecated -W ignore:easy_install command is deprecated setup.py develop --editable --build-directory /home/xelf/warehouse-automation-001/build/orchestrator/build --no-deps symlink_data
[0.855s] running develop
[0.951s] running egg_info
[0.952s] creating orchestrator.egg-info
[0.953s] writing orchestrator.egg-info/PKG-INFO
[0.953s] writing dependency_links to orchestrator.egg-info/dependency_links.txt
[0.957s] writing entry points to orchestrator.egg-info/entry_points.txt
[0.957s] writing requirements to orchestrator.egg-info/requires.txt
[0.957s] writing top-level names to orchestrator.egg-info/top_level.txt
[0.957s] writing manifest file 'orchestrator.egg-info/SOURCES.txt'
[0.960s] reading manifest file 'orchestrator.egg-info/SOURCES.txt'
[0.960s] writing manifest file 'orchestrator.egg-info/SOURCES.txt'
[0.962s] running build_ext
[0.962s] Creating /home/xelf/warehouse-automation-001/install/orchestrator/lib/python3.10/site-packages/orchestrator.egg-link (link to .)
[0.965s] Installing amr_robot script to /home/xelf/warehouse-automation-001/install/orchestrator/lib/orchestrator
[0.965s] Installing fleet_dashboard script to /home/xelf/warehouse-automation-001/install/orchestrator/lib/orchestrator
[0.965s] Installing fleet_manager script to /home/xelf/warehouse-automation-001/install/orchestrator/lib/orchestrator
[0.966s] Installing fleet_task_generator script to /home/xelf/warehouse-automation-001/install/orchestrator/lib/orchestrator
[0.966s] Installing fleet_visualization script to /home/xelf/warehouse-automation-001/install/orchestrator/lib/orchestrator
[0.967s] Installing gazebo_fleet_mover script to /home/xelf/warehouse-automation-001/install/orchestrator/lib/orchestrator
[0.967s] Installing gazebo_velocity_mover script to /home/xelf/warehouse-automation-001/install/orchestrator/lib/orchestrator
[0.967s] Installing mock_odom_publisher script to /home/xelf/warehouse-automation-001/install/orchestrator/lib/orchestrator
[0.967s] Installing orchestrator script to /home/xelf/warehouse-automation-001/install/orchestrator/lib/orchestrator
[0.967s] Installing robot_state_monitor script to /home/xelf/warehouse-automation-001/install/orchestrator/lib/orchestrator
[0.967s] Installing simple_mover script to /home/xelf/warehouse-automation-001/install/orchestrator/lib/orchestrator
[0.967s] Installing task_executor script to /home/xelf/warehouse-automation-001/install/orchestrator/lib/orchestrator
[0.967s] Installing test_gazebo_mover script to /home/xelf/warehouse-automation-001/install/orchestrator/lib/orchestrator
[0.968s] 
[0.968s] Installed /home/xelf/warehouse-automation-001/build/orchestrator
[0.968s] running symlink_data
[0.969s] creating /home/xelf/warehouse-automation-001/install/orchestrator/share/ament_index
[0.969s] creating /home/xelf/warehouse-automation-001/install/orchestrator/share/ament_index/resource_index
[0.969s] creating /home/xelf/warehouse-automation-001/install/orchestrator/share/ament_index/resource_index/packages
[0.970s] symbolically linking /home/xelf/warehouse-automation-001/build/orchestrator/resource/orchestrator -> /home/xelf/warehouse-automation-001/install/orchestrator/share/ament_index/resource_index/packages
[0.970s] symbolically linking /home/xelf/warehouse-automation-001/build/orchestrator/package.xml -> /home/xelf/warehouse-automation-001/install/orchestrator/share/orchestrator
[0.970s] creating /home/xelf/warehouse-automation-001/install/orchestrator/share/orchestrator/launch
[0.971s] symbolically linking /home/xelf/warehouse-automation-001/build/orchestrator/launch/production_fleet.launch.py -> /home/xelf/warehouse-automation-001/install/orchestrator/share/orchestrator/launch
[0.972s] symbolically linking /home/xelf/warehouse-automation-001/build/orchestrator/launch/nav2_amr.launch.py -> /home/xelf/warehouse-automation-001/install/orchestrator/share/orchestrator/launch
[0.972s] creating /home/xelf/warehouse-automation-001/install/orchestrator/share/orchestrator/params
[0.974s] symbolically linking /home/xelf/warehouse-automation-001/build/orchestrator/params/nav2_isaacsim.yaml -> /home/xelf/warehouse-automation-001/install/orchestrator/share/orchestrator/params
[0.974s] symbolically linking /home/xelf/warehouse-automation-001/build/orchestrator/params/nav2_gridfree.yaml -> /home/xelf/warehouse-automation-001/install/orchestrator/share/orchestrator/params
[1.007s] Invoked command in '/home/xelf/warehouse-automation-001/build/orchestrator' returned '0': PYTHONPATH=/home/xelf/warehouse-automation-001/build/orchestrator/prefix_override:/usr/lib/python3/dist-packages/colcon_core/task/python/colcon_distutils_commands:/home/xelf/warehouse-automation-001/install/orchestrator/lib/python3.10/site-packages:${PYTHONPATH} /usr/bin/python3 -W ignore:setup.py install is deprecated -W ignore:easy_install command is deprecated setup.py develop --editable --build-directory /home/xelf/warehouse-automation-001/build/orchestrator/build --no-deps symlink_data
