[0.413s] Invoking command in '/home/xelf/warehouse-automation-001/orchestrator': PYTHONPATH=/home/xelf/warehouse-automation-001/build/orchestrator/prefix_override:/usr/lib/python3/dist-packages/colcon_core/task/python/colcon_distutils_commands:/home/xelf/warehouse-automation-001/install/orchestrator/lib/python3.10/site-packages:${PYTHONPATH} /usr/bin/python3 -W ignore:setup.py install is deprecated -W ignore:easy_install command is deprecated setup.py egg_info --egg-base ../build/orchestrator build --build-base /home/xelf/warehouse-automation-001/build/orchestrator/build install --record /home/xelf/warehouse-automation-001/build/orchestrator/install.log --single-version-externally-managed install_data
[0.557s] running egg_info
[0.557s] writing ../build/orchestrator/orchestrator.egg-info/PKG-INFO
[0.557s] writing dependency_links to ../build/orchestrator/orchestrator.egg-info/dependency_links.txt
[0.558s] writing entry points to ../build/orchestrator/orchestrator.egg-info/entry_points.txt
[0.558s] writing requirements to ../build/orchestrator/orchestrator.egg-info/requires.txt
[0.558s] writing top-level names to ../build/orchestrator/orchestrator.egg-info/top_level.txt
[0.559s] reading manifest file '../build/orchestrator/orchestrator.egg-info/SOURCES.txt'
[0.560s] writing manifest file '../build/orchestrator/orchestrator.egg-info/SOURCES.txt'
[0.560s] running build
[0.561s] running build_py
[0.561s] running install
[0.561s] running install_lib
[0.563s] running install_data
[0.563s] copying params/nav2_gridfree.yaml -> /home/xelf/warehouse-automation-001/install/orchestrator/share/orchestrator/params
[0.563s] running install_egg_info
[0.565s] removing '/home/xelf/warehouse-automation-001/install/orchestrator/lib/python3.10/site-packages/orchestrator-0.0.0-py3.10.egg-info' (and everything under it)
[0.565s] Copying ../build/orchestrator/orchestrator.egg-info to /home/xelf/warehouse-automation-001/install/orchestrator/lib/python3.10/site-packages/orchestrator-0.0.0-py3.10.egg-info
[0.566s] running install_scripts
[0.584s] Installing amr_robot script to /home/xelf/warehouse-automation-001/install/orchestrator/lib/orchestrator
[0.584s] Installing fleet_dashboard script to /home/xelf/warehouse-automation-001/install/orchestrator/lib/orchestrator
[0.585s] Installing fleet_manager script to /home/xelf/warehouse-automation-001/install/orchestrator/lib/orchestrator
[0.585s] Installing fleet_task_generator script to /home/xelf/warehouse-automation-001/install/orchestrator/lib/orchestrator
[0.585s] Installing fleet_visualization script to /home/xelf/warehouse-automation-001/install/orchestrator/lib/orchestrator
[0.585s] Installing gazebo_fleet_mover script to /home/xelf/warehouse-automation-001/install/orchestrator/lib/orchestrator
[0.585s] Installing gazebo_velocity_mover script to /home/xelf/warehouse-automation-001/install/orchestrator/lib/orchestrator
[0.585s] Installing mock_odom_publisher script to /home/xelf/warehouse-automation-001/install/orchestrator/lib/orchestrator
[0.585s] Installing orchestrator script to /home/xelf/warehouse-automation-001/install/orchestrator/lib/orchestrator
[0.586s] Installing robot_state_monitor script to /home/xelf/warehouse-automation-001/install/orchestrator/lib/orchestrator
[0.586s] Installing simple_mover script to /home/xelf/warehouse-automation-001/install/orchestrator/lib/orchestrator
[0.586s] Installing task_executor script to /home/xelf/warehouse-automation-001/install/orchestrator/lib/orchestrator
[0.586s] Installing test_gazebo_mover script to /home/xelf/warehouse-automation-001/install/orchestrator/lib/orchestrator
[0.586s] writing list of installed files to '/home/xelf/warehouse-automation-001/build/orchestrator/install.log'
[0.607s] Invoked command in '/home/xelf/warehouse-automation-001/orchestrator' returned '0': PYTHONPATH=/home/xelf/warehouse-automation-001/build/orchestrator/prefix_override:/usr/lib/python3/dist-packages/colcon_core/task/python/colcon_distutils_commands:/home/xelf/warehouse-automation-001/install/orchestrator/lib/python3.10/site-packages:${PYTHONPATH} /usr/bin/python3 -W ignore:setup.py install is deprecated -W ignore:easy_install command is deprecated setup.py egg_info --egg-base ../build/orchestrator build --build-base /home/xelf/warehouse-automation-001/build/orchestrator/build install --record /home/xelf/warehouse-automation-001/build/orchestrator/install.log --single-version-externally-managed install_data
