[0.625s] Invoking command in '/home/ubuntu/warehouse-automation-001/cuopt_bridge': PYTHONPATH=/home/ubuntu/warehouse-automation-001/build/cuopt_bridge/prefix_override:/usr/lib/python3/dist-packages/colcon_core/task/python/colcon_distutils_commands:/home/ubuntu/warehouse-automation-001/install/cuopt_bridge/lib/python3.10/site-packages:${PYTHONPATH} /usr/bin/python3 -W ignore:setup.py install is deprecated -W ignore:easy_install command is deprecated setup.py egg_info --egg-base ../build/cuopt_bridge build --build-base /home/ubuntu/warehouse-automation-001/build/cuopt_bridge/build install --record /home/ubuntu/warehouse-automation-001/build/cuopt_bridge/install.log --single-version-externally-managed install_data
[0.881s] running egg_info
[0.898s] creating ../build/cuopt_bridge/cuopt_bridge.egg-info
[0.898s] writing ../build/cuopt_bridge/cuopt_bridge.egg-info/PKG-INFO
[0.899s] writing dependency_links to ../build/cuopt_bridge/cuopt_bridge.egg-info/dependency_links.txt
[0.899s] writing entry points to ../build/cuopt_bridge/cuopt_bridge.egg-info/entry_points.txt
[0.899s] writing requirements to ../build/cuopt_bridge/cuopt_bridge.egg-info/requires.txt
[0.899s] writing top-level names to ../build/cuopt_bridge/cuopt_bridge.egg-info/top_level.txt
[0.902s] writing manifest file '../build/cuopt_bridge/cuopt_bridge.egg-info/SOURCES.txt'
[0.940s] reading manifest file '../build/cuopt_bridge/cuopt_bridge.egg-info/SOURCES.txt'
[0.941s] writing manifest file '../build/cuopt_bridge/cuopt_bridge.egg-info/SOURCES.txt'
[0.941s] running build
[0.941s] running build_py
[0.942s] creating /home/ubuntu/warehouse-automation-001/build/cuopt_bridge/build/lib/cuopt_bridge
[0.942s] copying cuopt_bridge/cuopt_bridge.py -> /home/ubuntu/warehouse-automation-001/build/cuopt_bridge/build/lib/cuopt_bridge
[0.942s] copying cuopt_bridge/cuopt_client.py -> /home/ubuntu/warehouse-automation-001/build/cuopt_bridge/build/lib/cuopt_bridge
[0.942s] copying cuopt_bridge/__init__.py -> /home/ubuntu/warehouse-automation-001/build/cuopt_bridge/build/lib/cuopt_bridge
[0.942s] running install
[0.946s] running install_lib
[0.964s] creating /home/ubuntu/warehouse-automation-001/install/cuopt_bridge/lib/python3.10/site-packages/cuopt_bridge
[0.964s] copying /home/ubuntu/warehouse-automation-001/build/cuopt_bridge/build/lib/cuopt_bridge/cuopt_bridge.py -> /home/ubuntu/warehouse-automation-001/install/cuopt_bridge/lib/python3.10/site-packages/cuopt_bridge
[0.964s] copying /home/ubuntu/warehouse-automation-001/build/cuopt_bridge/build/lib/cuopt_bridge/cuopt_client.py -> /home/ubuntu/warehouse-automation-001/install/cuopt_bridge/lib/python3.10/site-packages/cuopt_bridge
[0.965s] copying /home/ubuntu/warehouse-automation-001/build/cuopt_bridge/build/lib/cuopt_bridge/__init__.py -> /home/ubuntu/warehouse-automation-001/install/cuopt_bridge/lib/python3.10/site-packages/cuopt_bridge
[0.965s] byte-compiling /home/ubuntu/warehouse-automation-001/install/cuopt_bridge/lib/python3.10/site-packages/cuopt_bridge/cuopt_bridge.py to cuopt_bridge.cpython-310.pyc
[0.968s] byte-compiling /home/ubuntu/warehouse-automation-001/install/cuopt_bridge/lib/python3.10/site-packages/cuopt_bridge/cuopt_client.py to cuopt_client.cpython-310.pyc
[0.971s] byte-compiling /home/ubuntu/warehouse-automation-001/install/cuopt_bridge/lib/python3.10/site-packages/cuopt_bridge/__init__.py to __init__.cpython-310.pyc
[0.972s] running install_data
[0.972s] creating /home/ubuntu/warehouse-automation-001/install/cuopt_bridge/share/ament_index/resource_index/packages
[0.972s] copying resource/cuopt_bridge -> /home/ubuntu/warehouse-automation-001/install/cuopt_bridge/share/ament_index/resource_index/packages
[0.972s] copying package.xml -> /home/ubuntu/warehouse-automation-001/install/cuopt_bridge/share/cuopt_bridge
[0.972s] creating /home/ubuntu/warehouse-automation-001/install/cuopt_bridge/share/cuopt_bridge/launch
[0.972s] copying launch/cuopt_bridge_launch.py -> /home/ubuntu/warehouse-automation-001/install/cuopt_bridge/share/cuopt_bridge/launch
[0.973s] running install_egg_info
[0.992s] Copying ../build/cuopt_bridge/cuopt_bridge.egg-info to /home/ubuntu/warehouse-automation-001/install/cuopt_bridge/lib/python3.10/site-packages/cuopt_bridge-0.0.0-py3.10.egg-info
[0.993s] running install_scripts
[1.030s] Installing cuopt_bridge script to /home/ubuntu/warehouse-automation-001/install/cuopt_bridge/lib/cuopt_bridge
[1.030s] Installing cuopt_client script to /home/ubuntu/warehouse-automation-001/install/cuopt_bridge/lib/cuopt_bridge
[1.030s] writing list of installed files to '/home/ubuntu/warehouse-automation-001/build/cuopt_bridge/install.log'
[1.051s] Invoked command in '/home/ubuntu/warehouse-automation-001/cuopt_bridge' returned '0': PYTHONPATH=/home/ubuntu/warehouse-automation-001/build/cuopt_bridge/prefix_override:/usr/lib/python3/dist-packages/colcon_core/task/python/colcon_distutils_commands:/home/ubuntu/warehouse-automation-001/install/cuopt_bridge/lib/python3.10/site-packages:${PYTHONPATH} /usr/bin/python3 -W ignore:setup.py install is deprecated -W ignore:easy_install command is deprecated setup.py egg_info --egg-base ../build/cuopt_bridge build --build-base /home/ubuntu/warehouse-automation-001/build/cuopt_bridge/build install --record /home/ubuntu/warehouse-automation-001/build/cuopt_bridge/install.log --single-version-externally-managed install_data
