[2.640s] Invoking command in '/home/xelf/warehouse-automation-001/build/orchestrator': PYTHONPATH=/home/xelf/warehouse-automation-001/build/orchestrator/prefix_override:/usr/lib/python3/dist-packages/colcon_core/task/python/colcon_distutils_commands:/home/xelf/warehouse-automation-001/install/orchestrator/lib/python3.10/site-packages:${PYTHONPATH} /usr/bin/python3 -W ignore:setup.py install is deprecated -W ignore:easy_install command is deprecated setup.py develop --uninstall --editable --build-directory /home/xelf/warehouse-automation-001/build/orchestrator/build
[3.111s] running develop
[3.353s] Removing /home/xelf/warehouse-automation-001/install/orchestrator/lib/python3.10/site-packages/orchestrator.egg-link (link to .)
[3.404s] Invoked command in '/home/xelf/warehouse-automation-001/build/orchestrator' returned '0': PYTHONPATH=/home/xelf/warehouse-automation-001/build/orchestrator/prefix_override:/usr/lib/python3/dist-packages/colcon_core/task/python/colcon_distutils_commands:/home/xelf/warehouse-automation-001/install/orchestrator/lib/python3.10/site-packages:${PYTHONPATH} /usr/bin/python3 -W ignore:setup.py install is deprecated -W ignore:easy_install command is deprecated setup.py develop --uninstall --editable --build-directory /home/xelf/warehouse-automation-001/build/orchestrator/build
[3.407s] Invoking command in '/home/xelf/warehouse-automation-001/orchestrator': PYTHONPATH=/home/xelf/warehouse-automation-001/build/orchestrator/prefix_override:/usr/lib/python3/dist-packages/colcon_core/task/python/colcon_distutils_commands:/home/xelf/warehouse-automation-001/install/orchestrator/lib/python3.10/site-packages:${PYTHONPATH} /usr/bin/python3 -W ignore:setup.py install is deprecated -W ignore:easy_install command is deprecated setup.py egg_info --egg-base ../build/orchestrator build --build-base /home/xelf/warehouse-automation-001/build/orchestrator/build install --record /home/xelf/warehouse-automation-001/build/orchestrator/install.log --single-version-externally-managed install_data --force
[3.710s] running egg_info
[3.711s] writing ../build/orchestrator/orchestrator.egg-info/PKG-INFO
[3.711s] writing dependency_links to ../build/orchestrator/orchestrator.egg-info/dependency_links.txt
[3.711s] writing entry points to ../build/orchestrator/orchestrator.egg-info/entry_points.txt
[3.711s] writing requirements to ../build/orchestrator/orchestrator.egg-info/requires.txt
[3.712s] writing top-level names to ../build/orchestrator/orchestrator.egg-info/top_level.txt
[3.713s] reading manifest file '../build/orchestrator/orchestrator.egg-info/SOURCES.txt'
[3.713s] writing manifest file '../build/orchestrator/orchestrator.egg-info/SOURCES.txt'
[3.713s] running build
[3.713s] running build_py
[3.714s] running install
[3.714s] running install_lib
[3.716s] creating /home/xelf/warehouse-automation-001/install/orchestrator/lib/python3.10/site-packages/orchestrator
[3.717s] copying /home/xelf/warehouse-automation-001/build/orchestrator/build/lib/orchestrator/gazebo_fleet_controller.py -> /home/xelf/warehouse-automation-001/install/orchestrator/lib/python3.10/site-packages/orchestrator
[3.718s] copying /home/xelf/warehouse-automation-001/build/orchestrator/build/lib/orchestrator/fleet_dashboard.py -> /home/xelf/warehouse-automation-001/install/orchestrator/lib/python3.10/site-packages/orchestrator
[3.718s] copying /home/xelf/warehouse-automation-001/build/orchestrator/build/lib/orchestrator/orchestrator.py -> /home/xelf/warehouse-automation-001/install/orchestrator/lib/python3.10/site-packages/orchestrator
[3.719s] copying /home/xelf/warehouse-automation-001/build/orchestrator/build/lib/orchestrator/gazebo_velocity_mover.py -> /home/xelf/warehouse-automation-001/install/orchestrator/lib/python3.10/site-packages/orchestrator
[3.720s] copying /home/xelf/warehouse-automation-001/build/orchestrator/build/lib/orchestrator/robot_state_monitor.py -> /home/xelf/warehouse-automation-001/install/orchestrator/lib/python3.10/site-packages/orchestrator
[3.721s] copying /home/xelf/warehouse-automation-001/build/orchestrator/build/lib/orchestrator/gazebo_robot_mover.py -> /home/xelf/warehouse-automation-001/install/orchestrator/lib/python3.10/site-packages/orchestrator
[3.723s] copying /home/xelf/warehouse-automation-001/build/orchestrator/build/lib/orchestrator/fleet_manager.py -> /home/xelf/warehouse-automation-001/install/orchestrator/lib/python3.10/site-packages/orchestrator
[3.723s] copying /home/xelf/warehouse-automation-001/build/orchestrator/build/lib/orchestrator/task_executor.py -> /home/xelf/warehouse-automation-001/install/orchestrator/lib/python3.10/site-packages/orchestrator
[3.724s] copying /home/xelf/warehouse-automation-001/build/orchestrator/build/lib/orchestrator/__init__.py -> /home/xelf/warehouse-automation-001/install/orchestrator/lib/python3.10/site-packages/orchestrator
[3.725s] copying /home/xelf/warehouse-automation-001/build/orchestrator/build/lib/orchestrator/mock_odom_publisher.py -> /home/xelf/warehouse-automation-001/install/orchestrator/lib/python3.10/site-packages/orchestrator
[3.725s] copying /home/xelf/warehouse-automation-001/build/orchestrator/build/lib/orchestrator/fleet_visualization.py -> /home/xelf/warehouse-automation-001/install/orchestrator/lib/python3.10/site-packages/orchestrator
[3.726s] copying /home/xelf/warehouse-automation-001/build/orchestrator/build/lib/orchestrator/simple_mover.py -> /home/xelf/warehouse-automation-001/install/orchestrator/lib/python3.10/site-packages/orchestrator
[3.728s] copying /home/xelf/warehouse-automation-001/build/orchestrator/build/lib/orchestrator/amr_robot.py -> /home/xelf/warehouse-automation-001/install/orchestrator/lib/python3.10/site-packages/orchestrator
[3.730s] copying /home/xelf/warehouse-automation-001/build/orchestrator/build/lib/orchestrator/gazebo_fleet_viz.py -> /home/xelf/warehouse-automation-001/install/orchestrator/lib/python3.10/site-packages/orchestrator
[3.730s] copying /home/xelf/warehouse-automation-001/build/orchestrator/build/lib/orchestrator/test_gazebo_mover.py -> /home/xelf/warehouse-automation-001/install/orchestrator/lib/python3.10/site-packages/orchestrator
[3.731s] copying /home/xelf/warehouse-automation-001/build/orchestrator/build/lib/orchestrator/gazebo_fleet_mover.py -> /home/xelf/warehouse-automation-001/install/orchestrator/lib/python3.10/site-packages/orchestrator
[3.732s] copying /home/xelf/warehouse-automation-001/build/orchestrator/build/lib/orchestrator/fleet_task_generator.py -> /home/xelf/warehouse-automation-001/install/orchestrator/lib/python3.10/site-packages/orchestrator
[3.733s] byte-compiling /home/xelf/warehouse-automation-001/install/orchestrator/lib/python3.10/site-packages/orchestrator/gazebo_fleet_controller.py to gazebo_fleet_controller.cpython-310.pyc
[3.736s] byte-compiling /home/xelf/warehouse-automation-001/install/orchestrator/lib/python3.10/site-packages/orchestrator/fleet_dashboard.py to fleet_dashboard.cpython-310.pyc
[3.740s] byte-compiling /home/xelf/warehouse-automation-001/install/orchestrator/lib/python3.10/site-packages/orchestrator/orchestrator.py to orchestrator.cpython-310.pyc
[3.742s] byte-compiling /home/xelf/warehouse-automation-001/install/orchestrator/lib/python3.10/site-packages/orchestrator/gazebo_velocity_mover.py to gazebo_velocity_mover.cpython-310.pyc
[3.743s] byte-compiling /home/xelf/warehouse-automation-001/install/orchestrator/lib/python3.10/site-packages/orchestrator/robot_state_monitor.py to robot_state_monitor.cpython-310.pyc
[3.745s] byte-compiling /home/xelf/warehouse-automation-001/install/orchestrator/lib/python3.10/site-packages/orchestrator/gazebo_robot_mover.py to gazebo_robot_mover.cpython-310.pyc
[3.746s] byte-compiling /home/xelf/warehouse-automation-001/install/orchestrator/lib/python3.10/site-packages/orchestrator/fleet_manager.py to fleet_manager.cpython-310.pyc
[3.747s] byte-compiling /home/xelf/warehouse-automation-001/install/orchestrator/lib/python3.10/site-packages/orchestrator/task_executor.py to task_executor.cpython-310.pyc
[3.750s] byte-compiling /home/xelf/warehouse-automation-001/install/orchestrator/lib/python3.10/site-packages/orchestrator/__init__.py to __init__.cpython-310.pyc
[3.751s] byte-compiling /home/xelf/warehouse-automation-001/install/orchestrator/lib/python3.10/site-packages/orchestrator/mock_odom_publisher.py to mock_odom_publisher.cpython-310.pyc
[3.752s] byte-compiling /home/xelf/warehouse-automation-001/install/orchestrator/lib/python3.10/site-packages/orchestrator/fleet_visualization.py to fleet_visualization.cpython-310.pyc
[3.754s] byte-compiling /home/xelf/warehouse-automation-001/install/orchestrator/lib/python3.10/site-packages/orchestrator/simple_mover.py to simple_mover.cpython-310.pyc
[3.754s] byte-compiling /home/xelf/warehouse-automation-001/install/orchestrator/lib/python3.10/site-packages/orchestrator/amr_robot.py to amr_robot.cpython-310.pyc
[3.755s] byte-compiling /home/xelf/warehouse-automation-001/install/orchestrator/lib/python3.10/site-packages/orchestrator/gazebo_fleet_viz.py to gazebo_fleet_viz.cpython-310.pyc
[3.757s] byte-compiling /home/xelf/warehouse-automation-001/install/orchestrator/lib/python3.10/site-packages/orchestrator/test_gazebo_mover.py to test_gazebo_mover.cpython-310.pyc
[3.757s] byte-compiling /home/xelf/warehouse-automation-001/install/orchestrator/lib/python3.10/site-packages/orchestrator/gazebo_fleet_mover.py to gazebo_fleet_mover.cpython-310.pyc
[3.758s] byte-compiling /home/xelf/warehouse-automation-001/install/orchestrator/lib/python3.10/site-packages/orchestrator/fleet_task_generator.py to fleet_task_generator.cpython-310.pyc
[3.759s] running install_data
[3.759s] copying resource/orchestrator -> /home/xelf/warehouse-automation-001/install/orchestrator/share/ament_index/resource_index/packages
[3.761s] copying package.xml -> /home/xelf/warehouse-automation-001/install/orchestrator/share/orchestrator
[3.761s] copying launch/nav2_amr1.launch.py -> /home/xelf/warehouse-automation-001/install/orchestrator/share/orchestrator/launch
[3.763s] copying launch/nav2_all.launch.py -> /home/xelf/warehouse-automation-001/install/orchestrator/share/orchestrator/launch
[3.764s] copying launch/nav2_amr2.launch.py -> /home/xelf/warehouse-automation-001/install/orchestrator/share/orchestrator/launch
[3.766s] copying launch/nav2_amr_simple.launch.py -> /home/xelf/warehouse-automation-001/install/orchestrator/share/orchestrator/launch
[3.767s] copying launch/nav2_amr3.launch.py -> /home/xelf/warehouse-automation-001/install/orchestrator/share/orchestrator/launch
[3.769s] copying launch/production_fleet.launch.py -> /home/xelf/warehouse-automation-001/install/orchestrator/share/orchestrator/launch
[3.770s] copying launch/nav2_amr.launch.py -> /home/xelf/warehouse-automation-001/install/orchestrator/share/orchestrator/launch
[3.772s] copying params/nav2_amr2.yaml -> /home/xelf/warehouse-automation-001/install/orchestrator/share/orchestrator/params
[3.774s] copying params/nav2_amr1.yaml -> /home/xelf/warehouse-automation-001/install/orchestrator/share/orchestrator/params
[3.775s] copying params/nav2_isaacsim.yaml -> /home/xelf/warehouse-automation-001/install/orchestrator/share/orchestrator/params
[3.776s] copying params/nav2_amr1_ref.yaml -> /home/xelf/warehouse-automation-001/install/orchestrator/share/orchestrator/params
[3.777s] copying params/nav2_gridfree.yaml -> /home/xelf/warehouse-automation-001/install/orchestrator/share/orchestrator/params
[3.779s] copying params/nav2_amr3.yaml -> /home/xelf/warehouse-automation-001/install/orchestrator/share/orchestrator/params
[3.780s] running install_egg_info
[3.784s] Copying ../build/orchestrator/orchestrator.egg-info to /home/xelf/warehouse-automation-001/install/orchestrator/lib/python3.10/site-packages/orchestrator-0.0.0-py3.10.egg-info
[3.787s] running install_scripts
[3.811s] Installing amr_robot script to /home/xelf/warehouse-automation-001/install/orchestrator/lib/orchestrator
[3.811s] Installing fleet_dashboard script to /home/xelf/warehouse-automation-001/install/orchestrator/lib/orchestrator
[3.811s] Installing fleet_manager script to /home/xelf/warehouse-automation-001/install/orchestrator/lib/orchestrator
[3.812s] Installing fleet_task_generator script to /home/xelf/warehouse-automation-001/install/orchestrator/lib/orchestrator
[3.813s] Installing fleet_visualization script to /home/xelf/warehouse-automation-001/install/orchestrator/lib/orchestrator
[3.813s] Installing gazebo_fleet_mover script to /home/xelf/warehouse-automation-001/install/orchestrator/lib/orchestrator
[3.814s] Installing gazebo_velocity_mover script to /home/xelf/warehouse-automation-001/install/orchestrator/lib/orchestrator
[3.814s] Installing mock_odom_publisher script to /home/xelf/warehouse-automation-001/install/orchestrator/lib/orchestrator
[3.815s] Installing orchestrator script to /home/xelf/warehouse-automation-001/install/orchestrator/lib/orchestrator
[3.815s] Installing robot_state_monitor script to /home/xelf/warehouse-automation-001/install/orchestrator/lib/orchestrator
[3.815s] Installing simple_mover script to /home/xelf/warehouse-automation-001/install/orchestrator/lib/orchestrator
[3.815s] Installing task_executor script to /home/xelf/warehouse-automation-001/install/orchestrator/lib/orchestrator
[3.815s] Installing test_gazebo_mover script to /home/xelf/warehouse-automation-001/install/orchestrator/lib/orchestrator
[3.815s] writing list of installed files to '/home/xelf/warehouse-automation-001/build/orchestrator/install.log'
[3.839s] Invoked command in '/home/xelf/warehouse-automation-001/orchestrator' returned '0': PYTHONPATH=/home/xelf/warehouse-automation-001/build/orchestrator/prefix_override:/usr/lib/python3/dist-packages/colcon_core/task/python/colcon_distutils_commands:/home/xelf/warehouse-automation-001/install/orchestrator/lib/python3.10/site-packages:${PYTHONPATH} /usr/bin/python3 -W ignore:setup.py install is deprecated -W ignore:easy_install command is deprecated setup.py egg_info --egg-base ../build/orchestrator build --build-base /home/xelf/warehouse-automation-001/build/orchestrator/build install --record /home/xelf/warehouse-automation-001/build/orchestrator/install.log --single-version-externally-managed install_data --force
