[0.617s] DEBUG:colcon:Command line arguments: ['/usr/bin/colcon', 'build', '--symlink-install']
[0.618s] DEBUG:colcon:Parsed command line arguments: Namespace(log_base=None, log_level=None, verb_name='build', build_base='build', install_base='install', merge_install=False, symlink_install=True, test_result_base=None, continue_on_error=False, executor='parallel', parallel_workers=12, event_handlers=None, ignore_user_meta=False, metas=['./colcon.meta'], base_paths=['.'], packages_ignore=None, packages_ignore_regex=None, paths=None, packages_up_to=None, packages_up_to_regex=None, packages_above=None, packages_above_and_dependencies=None, packages_above_depth=None, packages_select_by_dep=None, packages_skip_by_dep=None, packages_skip_up_to=None, packages_select_build_failed=False, packages_skip_build_finished=False, packages_select_test_failures=False, packages_skip_test_passed=False, packages_select=None, packages_skip=None, packages_select_regex=None, packages_skip_regex=None, packages_start=None, packages_end=None, allow_overriding=[], cmake_args=None, cmake_target=None, cmake_target_skip_unavailable=False, cmake_clean_cache=False, cmake_clean_first=False, cmake_force_configure=False, ament_cmake_args=None, catkin_cmake_args=None, catkin_skip_building_tests=False, verb_parser=<colcon_defaults.argument_parser.defaults.DefaultArgumentsDecorator object at 0x7152e68ef430>, verb_extension=<colcon_core.verb.build.BuildVerb object at 0x7152e68eeb30>, main=<bound method BuildVerb.main of <colcon_core.verb.build.BuildVerb object at 0x7152e68eeb30>>)
[0.718s] Level 1:colcon.colcon_core.package_discovery:discover_packages(colcon_meta) check parameters
[0.719s] Level 1:colcon.colcon_core.package_discovery:discover_packages(recursive) check parameters
[0.719s] Level 1:colcon.colcon_core.package_discovery:discover_packages(ignore) check parameters
[0.719s] Level 1:colcon.colcon_core.package_discovery:discover_packages(path) check parameters
[0.719s] Level 1:colcon.colcon_core.package_discovery:discover_packages(colcon_meta) discover
[0.719s] Level 1:colcon.colcon_core.package_discovery:discover_packages(recursive) discover
[0.719s] INFO:colcon.colcon_core.package_discovery:Crawling recursively for packages in '/home/xelf/warehouse-automation'
[0.719s] Level 1:colcon.colcon_core.package_identification:_identify(.) by extensions ['ignore', 'ignore_ament_install']
[0.719s] Level 1:colcon.colcon_core.package_identification:_identify(.) by extension 'ignore'
[0.719s] Level 1:colcon.colcon_core.package_identification:_identify(.) by extension 'ignore_ament_install'
[0.719s] Level 1:colcon.colcon_core.package_identification:_identify(.) by extensions ['colcon_pkg']
[0.719s] Level 1:colcon.colcon_core.package_identification:_identify(.) by extension 'colcon_pkg'
[0.719s] Level 1:colcon.colcon_core.package_identification:_identify(.) by extensions ['colcon_meta']
[0.719s] Level 1:colcon.colcon_core.package_identification:_identify(.) by extension 'colcon_meta'
[0.719s] Level 1:colcon.colcon_core.package_identification:_identify(.) by extensions ['ros']
[0.719s] Level 1:colcon.colcon_core.package_identification:_identify(.) by extension 'ros'
[0.729s] Level 1:colcon.colcon_core.package_identification:_identify(.) by extensions ['cmake', 'python']
[0.729s] Level 1:colcon.colcon_core.package_identification:_identify(.) by extension 'cmake'
[0.729s] Level 1:colcon.colcon_core.package_identification:_identify(.) by extension 'python'
[0.729s] Level 1:colcon.colcon_core.package_identification:_identify(.) by extensions ['python_setup_py']
[0.729s] Level 1:colcon.colcon_core.package_identification:_identify(.) by extension 'python_setup_py'
[0.729s] Level 1:colcon.colcon_core.package_identification:_identify(amr_description) by extensions ['ignore', 'ignore_ament_install']
[0.729s] Level 1:colcon.colcon_core.package_identification:_identify(amr_description) by extension 'ignore'
[0.729s] Level 1:colcon.colcon_core.package_identification:_identify(amr_description) by extension 'ignore_ament_install'
[0.729s] Level 1:colcon.colcon_core.package_identification:_identify(amr_description) by extensions ['colcon_pkg']
[0.729s] Level 1:colcon.colcon_core.package_identification:_identify(amr_description) by extension 'colcon_pkg'
[0.729s] Level 1:colcon.colcon_core.package_identification:_identify(amr_description) by extensions ['colcon_meta']
[0.729s] Level 1:colcon.colcon_core.package_identification:_identify(amr_description) by extension 'colcon_meta'
[0.729s] Level 1:colcon.colcon_core.package_identification:_identify(amr_description) by extensions ['ros']
[0.729s] Level 1:colcon.colcon_core.package_identification:_identify(amr_description) by extension 'ros'
[0.731s] DEBUG:colcon.colcon_core.package_identification:Package 'amr_description' with type 'ros.ament_python' and name 'amr_description'
[0.731s] Level 1:colcon.colcon_core.package_identification:_identify(build) by extensions ['ignore', 'ignore_ament_install']
[0.731s] Level 1:colcon.colcon_core.package_identification:_identify(build) by extension 'ignore'
[0.731s] Level 1:colcon.colcon_core.package_identification:_identify(build) ignored
[0.731s] Level 1:colcon.colcon_core.package_identification:_identify(cuopt_bridge) by extensions ['ignore', 'ignore_ament_install']
[0.731s] Level 1:colcon.colcon_core.package_identification:_identify(cuopt_bridge) by extension 'ignore'
[0.731s] Level 1:colcon.colcon_core.package_identification:_identify(cuopt_bridge) by extension 'ignore_ament_install'
[0.731s] Level 1:colcon.colcon_core.package_identification:_identify(cuopt_bridge) by extensions ['colcon_pkg']
[0.731s] Level 1:colcon.colcon_core.package_identification:_identify(cuopt_bridge) by extension 'colcon_pkg'
[0.731s] Level 1:colcon.colcon_core.package_identification:_identify(cuopt_bridge) by extensions ['colcon_meta']
[0.731s] Level 1:colcon.colcon_core.package_identification:_identify(cuopt_bridge) by extension 'colcon_meta'
[0.731s] Level 1:colcon.colcon_core.package_identification:_identify(cuopt_bridge) by extensions ['ros']
[0.731s] Level 1:colcon.colcon_core.package_identification:_identify(cuopt_bridge) by extension 'ros'
[0.731s] DEBUG:colcon.colcon_core.package_identification:Package 'cuopt_bridge' with type 'ros.ament_python' and name 'cuopt_bridge'
[0.731s] Level 1:colcon.colcon_core.package_identification:_identify(hello_world_pkgs) by extensions ['ignore', 'ignore_ament_install']
[0.732s] Level 1:colcon.colcon_core.package_identification:_identify(hello_world_pkgs) by extension 'ignore'
[0.732s] Level 1:colcon.colcon_core.package_identification:_identify(hello_world_pkgs) by extension 'ignore_ament_install'
[0.732s] Level 1:colcon.colcon_core.package_identification:_identify(hello_world_pkgs) by extensions ['colcon_pkg']
[0.732s] Level 1:colcon.colcon_core.package_identification:_identify(hello_world_pkgs) by extension 'colcon_pkg'
[0.732s] Level 1:colcon.colcon_core.package_identification:_identify(hello_world_pkgs) by extensions ['colcon_meta']
[0.732s] Level 1:colcon.colcon_core.package_identification:_identify(hello_world_pkgs) by extension 'colcon_meta'
[0.732s] Level 1:colcon.colcon_core.package_identification:_identify(hello_world_pkgs) by extensions ['ros']
[0.732s] Level 1:colcon.colcon_core.package_identification:_identify(hello_world_pkgs) by extension 'ros'
[0.732s] DEBUG:colcon.colcon_core.package_identification:Package 'hello_world_pkgs' with type 'ros.ament_python' and name 'hello_world_pkgs'
[0.733s] Level 1:colcon.colcon_core.package_identification:_identify(install) by extensions ['ignore', 'ignore_ament_install']
[0.733s] Level 1:colcon.colcon_core.package_identification:_identify(install) by extension 'ignore'
[0.733s] Level 1:colcon.colcon_core.package_identification:_identify(install) ignored
[0.733s] Level 1:colcon.colcon_core.package_identification:_identify(log) by extensions ['ignore', 'ignore_ament_install']
[0.733s] Level 1:colcon.colcon_core.package_identification:_identify(log) by extension 'ignore'
[0.733s] Level 1:colcon.colcon_core.package_identification:_identify(log) ignored
[0.733s] Level 1:colcon.colcon_core.package_identification:_identify(orchestrator) by extensions ['ignore', 'ignore_ament_install']
[0.733s] Level 1:colcon.colcon_core.package_identification:_identify(orchestrator) by extension 'ignore'
[0.733s] Level 1:colcon.colcon_core.package_identification:_identify(orchestrator) by extension 'ignore_ament_install'
[0.733s] Level 1:colcon.colcon_core.package_identification:_identify(orchestrator) by extensions ['colcon_pkg']
[0.733s] Level 1:colcon.colcon_core.package_identification:_identify(orchestrator) by extension 'colcon_pkg'
[0.733s] Level 1:colcon.colcon_core.package_identification:_identify(orchestrator) by extensions ['colcon_meta']
[0.733s] Level 1:colcon.colcon_core.package_identification:_identify(orchestrator) by extension 'colcon_meta'
[0.733s] Level 1:colcon.colcon_core.package_identification:_identify(orchestrator) by extensions ['ros']
[0.733s] Level 1:colcon.colcon_core.package_identification:_identify(orchestrator) by extension 'ros'
[0.733s] DEBUG:colcon.colcon_core.package_identification:Package 'orchestrator' with type 'ros.ament_python' and name 'orchestrator'
[0.733s] Level 1:colcon.colcon_core.package_identification:_identify(order_system) by extensions ['ignore', 'ignore_ament_install']
[0.733s] Level 1:colcon.colcon_core.package_identification:_identify(order_system) by extension 'ignore'
[0.733s] Level 1:colcon.colcon_core.package_identification:_identify(order_system) by extension 'ignore_ament_install'
[0.733s] Level 1:colcon.colcon_core.package_identification:_identify(order_system) by extensions ['colcon_pkg']
[0.733s] Level 1:colcon.colcon_core.package_identification:_identify(order_system) by extension 'colcon_pkg'
[0.733s] Level 1:colcon.colcon_core.package_identification:_identify(order_system) by extensions ['colcon_meta']
[0.733s] Level 1:colcon.colcon_core.package_identification:_identify(order_system) by extension 'colcon_meta'
[0.734s] Level 1:colcon.colcon_core.package_identification:_identify(order_system) by extensions ['ros']
[0.734s] Level 1:colcon.colcon_core.package_identification:_identify(order_system) by extension 'ros'
[0.734s] DEBUG:colcon.colcon_core.package_identification:Package 'order_system' with type 'ros.ament_python' and name 'order_system'
[0.734s] Level 1:colcon.colcon_core.package_identification:_identify(warehouse_msgs) by extensions ['ignore', 'ignore_ament_install']
[0.734s] Level 1:colcon.colcon_core.package_identification:_identify(warehouse_msgs) by extension 'ignore'
[0.734s] Level 1:colcon.colcon_core.package_identification:_identify(warehouse_msgs) by extension 'ignore_ament_install'
[0.734s] Level 1:colcon.colcon_core.package_identification:_identify(warehouse_msgs) by extensions ['colcon_pkg']
[0.734s] Level 1:colcon.colcon_core.package_identification:_identify(warehouse_msgs) by extension 'colcon_pkg'
[0.734s] Level 1:colcon.colcon_core.package_identification:_identify(warehouse_msgs) by extensions ['colcon_meta']
[0.734s] Level 1:colcon.colcon_core.package_identification:_identify(warehouse_msgs) by extension 'colcon_meta'
[0.734s] Level 1:colcon.colcon_core.package_identification:_identify(warehouse_msgs) by extensions ['ros']
[0.734s] Level 1:colcon.colcon_core.package_identification:_identify(warehouse_msgs) by extension 'ros'
[0.734s] DEBUG:colcon.colcon_core.package_identification:Package 'warehouse_msgs' with type 'ros.ament_python' and name 'warehouse_msgs'
[0.734s] Level 1:colcon.colcon_core.package_discovery:discover_packages(recursive) using defaults
[0.734s] Level 1:colcon.colcon_core.package_discovery:discover_packages(ignore) discover
[0.734s] Level 1:colcon.colcon_core.package_discovery:discover_packages(ignore) using defaults
[0.734s] Level 1:colcon.colcon_core.package_discovery:discover_packages(path) discover
[0.734s] Level 1:colcon.colcon_core.package_discovery:discover_packages(path) using defaults
[0.750s] Level 1:colcon.colcon_core.package_discovery:discover_packages(prefix_path) check parameters
[0.750s] Level 1:colcon.colcon_core.package_discovery:discover_packages(prefix_path) discover
[0.752s] DEBUG:colcon.colcon_installed_package_information.package_discovery:Found 410 installed packages in /opt/ros/humble
[0.761s] Level 1:colcon.colcon_core.package_discovery:discover_packages(prefix_path) using defaults
[0.793s] Level 5:colcon.colcon_core.verb:set package 'amr_description' build argument 'cmake_args' from command line to 'None'
[0.793s] Level 5:colcon.colcon_core.verb:set package 'amr_description' build argument 'cmake_target' from command line to 'None'
[0.793s] Level 5:colcon.colcon_core.verb:set package 'amr_description' build argument 'cmake_target_skip_unavailable' from command line to 'False'
[0.793s] Level 5:colcon.colcon_core.verb:set package 'amr_description' build argument 'cmake_clean_cache' from command line to 'False'
[0.793s] Level 5:colcon.colcon_core.verb:set package 'amr_description' build argument 'cmake_clean_first' from command line to 'False'
[0.793s] Level 5:colcon.colcon_core.verb:set package 'amr_description' build argument 'cmake_force_configure' from command line to 'False'
[0.793s] Level 5:colcon.colcon_core.verb:set package 'amr_description' build argument 'ament_cmake_args' from command line to 'None'
[0.793s] Level 5:colcon.colcon_core.verb:set package 'amr_description' build argument 'catkin_cmake_args' from command line to 'None'
[0.793s] Level 5:colcon.colcon_core.verb:set package 'amr_description' build argument 'catkin_skip_building_tests' from command line to 'False'
[0.793s] DEBUG:colcon.colcon_core.verb:Building package 'amr_description' with the following arguments: {'ament_cmake_args': None, 'build_base': '/home/xelf/warehouse-automation/build/amr_description', 'catkin_cmake_args': None, 'catkin_skip_building_tests': False, 'cmake_args': None, 'cmake_clean_cache': False, 'cmake_clean_first': False, 'cmake_force_configure': False, 'cmake_target': None, 'cmake_target_skip_unavailable': False, 'install_base': '/home/xelf/warehouse-automation/install/amr_description', 'merge_install': False, 'path': '/home/xelf/warehouse-automation/amr_description', 'symlink_install': True, 'test_result_base': None}
[0.793s] Level 5:colcon.colcon_core.verb:set package 'cuopt_bridge' build argument 'cmake_args' from command line to 'None'
[0.793s] Level 5:colcon.colcon_core.verb:set package 'cuopt_bridge' build argument 'cmake_target' from command line to 'None'
[0.793s] Level 5:colcon.colcon_core.verb:set package 'cuopt_bridge' build argument 'cmake_target_skip_unavailable' from command line to 'False'
[0.793s] Level 5:colcon.colcon_core.verb:set package 'cuopt_bridge' build argument 'cmake_clean_cache' from command line to 'False'
[0.793s] Level 5:colcon.colcon_core.verb:set package 'cuopt_bridge' build argument 'cmake_clean_first' from command line to 'False'
[0.793s] Level 5:colcon.colcon_core.verb:set package 'cuopt_bridge' build argument 'cmake_force_configure' from command line to 'False'
[0.793s] Level 5:colcon.colcon_core.verb:set package 'cuopt_bridge' build argument 'ament_cmake_args' from command line to 'None'
[0.793s] Level 5:colcon.colcon_core.verb:set package 'cuopt_bridge' build argument 'catkin_cmake_args' from command line to 'None'
[0.793s] Level 5:colcon.colcon_core.verb:set package 'cuopt_bridge' build argument 'catkin_skip_building_tests' from command line to 'False'
[0.793s] DEBUG:colcon.colcon_core.verb:Building package 'cuopt_bridge' with the following arguments: {'ament_cmake_args': None, 'build_base': '/home/xelf/warehouse-automation/build/cuopt_bridge', 'catkin_cmake_args': None, 'catkin_skip_building_tests': False, 'cmake_args': None, 'cmake_clean_cache': False, 'cmake_clean_first': False, 'cmake_force_configure': False, 'cmake_target': None, 'cmake_target_skip_unavailable': False, 'install_base': '/home/xelf/warehouse-automation/install/cuopt_bridge', 'merge_install': False, 'path': '/home/xelf/warehouse-automation/cuopt_bridge', 'symlink_install': True, 'test_result_base': None}
[0.794s] Level 5:colcon.colcon_core.verb:set package 'hello_world_pkgs' build argument 'cmake_args' from command line to 'None'
[0.794s] Level 5:colcon.colcon_core.verb:set package 'hello_world_pkgs' build argument 'cmake_target' from command line to 'None'
[0.794s] Level 5:colcon.colcon_core.verb:set package 'hello_world_pkgs' build argument 'cmake_target_skip_unavailable' from command line to 'False'
[0.794s] Level 5:colcon.colcon_core.verb:set package 'hello_world_pkgs' build argument 'cmake_clean_cache' from command line to 'False'
[0.794s] Level 5:colcon.colcon_core.verb:set package 'hello_world_pkgs' build argument 'cmake_clean_first' from command line to 'False'
[0.794s] Level 5:colcon.colcon_core.verb:set package 'hello_world_pkgs' build argument 'cmake_force_configure' from command line to 'False'
[0.794s] Level 5:colcon.colcon_core.verb:set package 'hello_world_pkgs' build argument 'ament_cmake_args' from command line to 'None'
[0.794s] Level 5:colcon.colcon_core.verb:set package 'hello_world_pkgs' build argument 'catkin_cmake_args' from command line to 'None'
[0.794s] Level 5:colcon.colcon_core.verb:set package 'hello_world_pkgs' build argument 'catkin_skip_building_tests' from command line to 'False'
[0.794s] DEBUG:colcon.colcon_core.verb:Building package 'hello_world_pkgs' with the following arguments: {'ament_cmake_args': None, 'build_base': '/home/xelf/warehouse-automation/build/hello_world_pkgs', 'catkin_cmake_args': None, 'catkin_skip_building_tests': False, 'cmake_args': None, 'cmake_clean_cache': False, 'cmake_clean_first': False, 'cmake_force_configure': False, 'cmake_target': None, 'cmake_target_skip_unavailable': False, 'install_base': '/home/xelf/warehouse-automation/install/hello_world_pkgs', 'merge_install': False, 'path': '/home/xelf/warehouse-automation/hello_world_pkgs', 'symlink_install': True, 'test_result_base': None}
[0.794s] Level 5:colcon.colcon_core.verb:set package 'orchestrator' build argument 'cmake_args' from command line to 'None'
[0.794s] Level 5:colcon.colcon_core.verb:set package 'orchestrator' build argument 'cmake_target' from command line to 'None'
[0.794s] Level 5:colcon.colcon_core.verb:set package 'orchestrator' build argument 'cmake_target_skip_unavailable' from command line to 'False'
[0.794s] Level 5:colcon.colcon_core.verb:set package 'orchestrator' build argument 'cmake_clean_cache' from command line to 'False'
[0.794s] Level 5:colcon.colcon_core.verb:set package 'orchestrator' build argument 'cmake_clean_first' from command line to 'False'
[0.794s] Level 5:colcon.colcon_core.verb:set package 'orchestrator' build argument 'cmake_force_configure' from command line to 'False'
[0.794s] Level 5:colcon.colcon_core.verb:set package 'orchestrator' build argument 'ament_cmake_args' from command line to 'None'
[0.794s] Level 5:colcon.colcon_core.verb:set package 'orchestrator' build argument 'catkin_cmake_args' from command line to 'None'
[0.794s] Level 5:colcon.colcon_core.verb:set package 'orchestrator' build argument 'catkin_skip_building_tests' from command line to 'False'
[0.794s] DEBUG:colcon.colcon_core.verb:Building package 'orchestrator' with the following arguments: {'ament_cmake_args': None, 'build_base': '/home/xelf/warehouse-automation/build/orchestrator', 'catkin_cmake_args': None, 'catkin_skip_building_tests': False, 'cmake_args': None, 'cmake_clean_cache': False, 'cmake_clean_first': False, 'cmake_force_configure': False, 'cmake_target': None, 'cmake_target_skip_unavailable': False, 'install_base': '/home/xelf/warehouse-automation/install/orchestrator', 'merge_install': False, 'path': '/home/xelf/warehouse-automation/orchestrator', 'symlink_install': True, 'test_result_base': None}
[0.795s] Level 5:colcon.colcon_core.verb:set package 'order_system' build argument 'cmake_args' from command line to 'None'
[0.795s] Level 5:colcon.colcon_core.verb:set package 'order_system' build argument 'cmake_target' from command line to 'None'
[0.795s] Level 5:colcon.colcon_core.verb:set package 'order_system' build argument 'cmake_target_skip_unavailable' from command line to 'False'
[0.795s] Level 5:colcon.colcon_core.verb:set package 'order_system' build argument 'cmake_clean_cache' from command line to 'False'
[0.795s] Level 5:colcon.colcon_core.verb:set package 'order_system' build argument 'cmake_clean_first' from command line to 'False'
[0.795s] Level 5:colcon.colcon_core.verb:set package 'order_system' build argument 'cmake_force_configure' from command line to 'False'
[0.795s] Level 5:colcon.colcon_core.verb:set package 'order_system' build argument 'ament_cmake_args' from command line to 'None'
[0.795s] Level 5:colcon.colcon_core.verb:set package 'order_system' build argument 'catkin_cmake_args' from command line to 'None'
[0.795s] Level 5:colcon.colcon_core.verb:set package 'order_system' build argument 'catkin_skip_building_tests' from command line to 'False'
[0.795s] DEBUG:colcon.colcon_core.verb:Building package 'order_system' with the following arguments: {'ament_cmake_args': None, 'build_base': '/home/xelf/warehouse-automation/build/order_system', 'catkin_cmake_args': None, 'catkin_skip_building_tests': False, 'cmake_args': None, 'cmake_clean_cache': False, 'cmake_clean_first': False, 'cmake_force_configure': False, 'cmake_target': None, 'cmake_target_skip_unavailable': False, 'install_base': '/home/xelf/warehouse-automation/install/order_system', 'merge_install': False, 'path': '/home/xelf/warehouse-automation/order_system', 'symlink_install': True, 'test_result_base': None}
[0.795s] Level 5:colcon.colcon_core.verb:set package 'warehouse_msgs' build argument 'cmake_args' from command line to 'None'
[0.795s] Level 5:colcon.colcon_core.verb:set package 'warehouse_msgs' build argument 'cmake_target' from command line to 'None'
[0.795s] Level 5:colcon.colcon_core.verb:set package 'warehouse_msgs' build argument 'cmake_target_skip_unavailable' from command line to 'False'
[0.795s] Level 5:colcon.colcon_core.verb:set package 'warehouse_msgs' build argument 'cmake_clean_cache' from command line to 'False'
[0.795s] Level 5:colcon.colcon_core.verb:set package 'warehouse_msgs' build argument 'cmake_clean_first' from command line to 'False'
[0.795s] Level 5:colcon.colcon_core.verb:set package 'warehouse_msgs' build argument 'cmake_force_configure' from command line to 'False'
[0.795s] Level 5:colcon.colcon_core.verb:set package 'warehouse_msgs' build argument 'ament_cmake_args' from command line to 'None'
[0.795s] Level 5:colcon.colcon_core.verb:set package 'warehouse_msgs' build argument 'catkin_cmake_args' from command line to 'None'
[0.795s] Level 5:colcon.colcon_core.verb:set package 'warehouse_msgs' build argument 'catkin_skip_building_tests' from command line to 'False'
[0.795s] DEBUG:colcon.colcon_core.verb:Building package 'warehouse_msgs' with the following arguments: {'ament_cmake_args': None, 'build_base': '/home/xelf/warehouse-automation/build/warehouse_msgs', 'catkin_cmake_args': None, 'catkin_skip_building_tests': False, 'cmake_args': None, 'cmake_clean_cache': False, 'cmake_clean_first': False, 'cmake_force_configure': False, 'cmake_target': None, 'cmake_target_skip_unavailable': False, 'install_base': '/home/xelf/warehouse-automation/install/warehouse_msgs', 'merge_install': False, 'path': '/home/xelf/warehouse-automation/warehouse_msgs', 'symlink_install': True, 'test_result_base': None}
[0.796s] INFO:colcon.colcon_core.executor:Executing jobs using 'parallel' executor
[0.797s] DEBUG:colcon.colcon_parallel_executor.executor.parallel:run_until_complete
[0.797s] INFO:colcon.colcon_ros.task.ament_python.build:Building ROS package in '/home/xelf/warehouse-automation/amr_description' with build type 'ament_python'
[0.797s] Level 1:colcon.colcon_core.shell:create_environment_hook('amr_description', 'ament_prefix_path')
[0.799s] INFO:colcon.colcon_core.plugin_system:Skipping extension 'colcon_core.shell.bat': Not used on non-Windows systems
[0.799s] INFO:colcon.colcon_core.shell:Creating environment hook '/home/xelf/warehouse-automation/install/amr_description/share/amr_description/hook/ament_prefix_path.ps1'
[0.799s] INFO:colcon.colcon_core.shell:Creating environment descriptor '/home/xelf/warehouse-automation/install/amr_description/share/amr_description/hook/ament_prefix_path.dsv'
[0.800s] INFO:colcon.colcon_core.shell:Creating environment hook '/home/xelf/warehouse-automation/install/amr_description/share/amr_description/hook/ament_prefix_path.sh'
[0.801s] INFO:colcon.colcon_core.shell:Skip shell extension 'powershell' for command environment: Not usable outside of PowerShell
[0.801s] DEBUG:colcon.colcon_core.shell:Skip shell extension 'dsv' for command environment
[0.807s] INFO:colcon.colcon_ros.task.ament_python.build:Building ROS package in '/home/xelf/warehouse-automation/cuopt_bridge' with build type 'ament_python'
[0.807s] Level 1:colcon.colcon_core.shell:create_environment_hook('cuopt_bridge', 'ament_prefix_path')
[0.807s] INFO:colcon.colcon_core.shell:Creating environment hook '/home/xelf/warehouse-automation/install/cuopt_bridge/share/cuopt_bridge/hook/ament_prefix_path.ps1'
[0.810s] INFO:colcon.colcon_core.shell:Creating environment descriptor '/home/xelf/warehouse-automation/install/cuopt_bridge/share/cuopt_bridge/hook/ament_prefix_path.dsv'
[0.811s] INFO:colcon.colcon_core.shell:Creating environment hook '/home/xelf/warehouse-automation/install/cuopt_bridge/share/cuopt_bridge/hook/ament_prefix_path.sh'
[0.812s] INFO:colcon.colcon_core.shell:Skip shell extension 'powershell' for command environment: Not usable outside of PowerShell
[0.812s] DEBUG:colcon.colcon_core.shell:Skip shell extension 'dsv' for command environment
[0.817s] INFO:colcon.colcon_ros.task.ament_python.build:Building ROS package in '/home/xelf/warehouse-automation/hello_world_pkgs' with build type 'ament_python'
[0.817s] Level 1:colcon.colcon_core.shell:create_environment_hook('hello_world_pkgs', 'ament_prefix_path')
[0.817s] INFO:colcon.colcon_core.shell:Creating environment hook '/home/xelf/warehouse-automation/install/hello_world_pkgs/share/hello_world_pkgs/hook/ament_prefix_path.ps1'
[0.818s] INFO:colcon.colcon_core.shell:Creating environment descriptor '/home/xelf/warehouse-automation/install/hello_world_pkgs/share/hello_world_pkgs/hook/ament_prefix_path.dsv'
[0.819s] INFO:colcon.colcon_core.shell:Creating environment hook '/home/xelf/warehouse-automation/install/hello_world_pkgs/share/hello_world_pkgs/hook/ament_prefix_path.sh'
[0.819s] INFO:colcon.colcon_core.shell:Skip shell extension 'powershell' for command environment: Not usable outside of PowerShell
[0.819s] DEBUG:colcon.colcon_core.shell:Skip shell extension 'dsv' for command environment
[0.822s] INFO:colcon.colcon_ros.task.ament_python.build:Building ROS package in '/home/xelf/warehouse-automation/orchestrator' with build type 'ament_python'
[0.822s] Level 1:colcon.colcon_core.shell:create_environment_hook('orchestrator', 'ament_prefix_path')
[0.822s] INFO:colcon.colcon_core.shell:Creating environment hook '/home/xelf/warehouse-automation/install/orchestrator/share/orchestrator/hook/ament_prefix_path.ps1'
[0.824s] INFO:colcon.colcon_core.shell:Creating environment descriptor '/home/xelf/warehouse-automation/install/orchestrator/share/orchestrator/hook/ament_prefix_path.dsv'
[0.825s] INFO:colcon.colcon_core.shell:Creating environment hook '/home/xelf/warehouse-automation/install/orchestrator/share/orchestrator/hook/ament_prefix_path.sh'
[0.825s] INFO:colcon.colcon_core.shell:Skip shell extension 'powershell' for command environment: Not usable outside of PowerShell
[0.825s] DEBUG:colcon.colcon_core.shell:Skip shell extension 'dsv' for command environment
[0.828s] INFO:colcon.colcon_ros.task.ament_python.build:Building ROS package in '/home/xelf/warehouse-automation/order_system' with build type 'ament_python'
[0.829s] Level 1:colcon.colcon_core.shell:create_environment_hook('order_system', 'ament_prefix_path')
[0.830s] INFO:colcon.colcon_core.shell:Creating environment hook '/home/xelf/warehouse-automation/install/order_system/share/order_system/hook/ament_prefix_path.ps1'
[0.832s] INFO:colcon.colcon_core.shell:Creating environment descriptor '/home/xelf/warehouse-automation/install/order_system/share/order_system/hook/ament_prefix_path.dsv'
[0.832s] INFO:colcon.colcon_core.shell:Creating environment hook '/home/xelf/warehouse-automation/install/order_system/share/order_system/hook/ament_prefix_path.sh'
[0.833s] INFO:colcon.colcon_core.shell:Skip shell extension 'powershell' for command environment: Not usable outside of PowerShell
[0.833s] DEBUG:colcon.colcon_core.shell:Skip shell extension 'dsv' for command environment
[0.840s] INFO:colcon.colcon_ros.task.ament_python.build:Building ROS package in '/home/xelf/warehouse-automation/warehouse_msgs' with build type 'ament_python'
[0.840s] Level 1:colcon.colcon_core.shell:create_environment_hook('warehouse_msgs', 'ament_prefix_path')
[0.841s] INFO:colcon.colcon_core.shell:Creating environment hook '/home/xelf/warehouse-automation/install/warehouse_msgs/share/warehouse_msgs/hook/ament_prefix_path.ps1'
[0.843s] INFO:colcon.colcon_core.shell:Creating environment descriptor '/home/xelf/warehouse-automation/install/warehouse_msgs/share/warehouse_msgs/hook/ament_prefix_path.dsv'
[0.844s] INFO:colcon.colcon_core.shell:Creating environment hook '/home/xelf/warehouse-automation/install/warehouse_msgs/share/warehouse_msgs/hook/ament_prefix_path.sh'
[0.845s] INFO:colcon.colcon_core.shell:Skip shell extension 'powershell' for command environment: Not usable outside of PowerShell
[0.845s] DEBUG:colcon.colcon_core.shell:Skip shell extension 'dsv' for command environment
[1.015s] INFO:colcon.colcon_core.task.python.build:Building Python package in '/home/xelf/warehouse-automation/amr_description'
[1.015s] INFO:colcon.colcon_core.shell:Skip shell extension 'powershell' for command environment: Not usable outside of PowerShell
[1.015s] DEBUG:colcon.colcon_core.shell:Skip shell extension 'dsv' for command environment
[1.178s] INFO:colcon.colcon_core.task.python.build:Building Python package in '/home/xelf/warehouse-automation/cuopt_bridge'
[1.178s] INFO:colcon.colcon_core.shell:Skip shell extension 'powershell' for command environment: Not usable outside of PowerShell
[1.178s] DEBUG:colcon.colcon_core.shell:Skip shell extension 'dsv' for command environment
[1.333s] INFO:colcon.colcon_core.task.python.build:Building Python package in '/home/xelf/warehouse-automation/hello_world_pkgs'
[1.333s] INFO:colcon.colcon_core.shell:Skip shell extension 'powershell' for command environment: Not usable outside of PowerShell
[1.334s] DEBUG:colcon.colcon_core.shell:Skip shell extension 'dsv' for command environment
[1.487s] INFO:colcon.colcon_core.task.python.build:Building Python package in '/home/xelf/warehouse-automation/orchestrator'
[1.487s] INFO:colcon.colcon_core.shell:Skip shell extension 'powershell' for command environment: Not usable outside of PowerShell
[1.487s] DEBUG:colcon.colcon_core.shell:Skip shell extension 'dsv' for command environment
[1.641s] INFO:colcon.colcon_core.task.python.build:Building Python package in '/home/xelf/warehouse-automation/order_system'
[1.642s] INFO:colcon.colcon_core.shell:Skip shell extension 'powershell' for command environment: Not usable outside of PowerShell
[1.642s] DEBUG:colcon.colcon_core.shell:Skip shell extension 'dsv' for command environment
[1.802s] INFO:colcon.colcon_core.task.python.build:Building Python package in '/home/xelf/warehouse-automation/warehouse_msgs'
[1.802s] INFO:colcon.colcon_core.shell:Skip shell extension 'powershell' for command environment: Not usable outside of PowerShell
[1.802s] DEBUG:colcon.colcon_core.shell:Skip shell extension 'dsv' for command environment
[2.129s] DEBUG:colcon.colcon_core.event_handler.log_command:Invoking command in '/home/xelf/warehouse-automation/build/hello_world_pkgs': PYTHONPATH=/home/xelf/warehouse-automation/build/hello_world_pkgs/prefix_override:/usr/lib/python3/dist-packages/colcon_core/task/python/colcon_distutils_commands:/home/xelf/warehouse-automation/install/hello_world_pkgs/lib/python3.10/site-packages:${PYTHONPATH} /usr/bin/python3 -W ignore:setup.py install is deprecated -W ignore:easy_install command is deprecated setup.py develop --editable --build-directory /home/xelf/warehouse-automation/build/hello_world_pkgs/build --no-deps symlink_data
[2.147s] DEBUG:colcon.colcon_core.event_handler.log_command:Invoking command in '/home/xelf/warehouse-automation/build/cuopt_bridge': PYTHONPATH=/home/xelf/warehouse-automation/build/cuopt_bridge/prefix_override:/usr/lib/python3/dist-packages/colcon_core/task/python/colcon_distutils_commands:/home/xelf/warehouse-automation/install/cuopt_bridge/lib/python3.10/site-packages:${PYTHONPATH} /usr/bin/python3 -W ignore:setup.py install is deprecated -W ignore:easy_install command is deprecated setup.py develop --editable --build-directory /home/xelf/warehouse-automation/build/cuopt_bridge/build --no-deps symlink_data
[2.149s] DEBUG:colcon.colcon_core.event_handler.log_command:Invoking command in '/home/xelf/warehouse-automation/build/amr_description': PYTHONPATH=/home/xelf/warehouse-automation/build/amr_description/prefix_override:/usr/lib/python3/dist-packages/colcon_core/task/python/colcon_distutils_commands:/home/xelf/warehouse-automation/install/amr_description/lib/python3.10/site-packages:${PYTHONPATH} /usr/bin/python3 -W ignore:setup.py install is deprecated -W ignore:easy_install command is deprecated setup.py develop --editable --build-directory /home/xelf/warehouse-automation/build/amr_description/build --no-deps symlink_data
[2.156s] DEBUG:colcon.colcon_core.event_handler.log_command:Invoking command in '/home/xelf/warehouse-automation/build/orchestrator': PYTHONPATH=/home/xelf/warehouse-automation/build/orchestrator/prefix_override:/usr/lib/python3/dist-packages/colcon_core/task/python/colcon_distutils_commands:/home/xelf/warehouse-automation/install/orchestrator/lib/python3.10/site-packages:${PYTHONPATH} /usr/bin/python3 -W ignore:setup.py install is deprecated -W ignore:easy_install command is deprecated setup.py develop --editable --build-directory /home/xelf/warehouse-automation/build/orchestrator/build --no-deps symlink_data
[2.160s] DEBUG:colcon.colcon_core.event_handler.log_command:Invoking command in '/home/xelf/warehouse-automation/build/order_system': PYTHONPATH=/home/xelf/warehouse-automation/build/order_system/prefix_override:/usr/lib/python3/dist-packages/colcon_core/task/python/colcon_distutils_commands:/home/xelf/warehouse-automation/install/order_system/lib/python3.10/site-packages:${PYTHONPATH} /usr/bin/python3 -W ignore:setup.py install is deprecated -W ignore:easy_install command is deprecated setup.py develop --editable --build-directory /home/xelf/warehouse-automation/build/order_system/build --no-deps symlink_data
[2.167s] DEBUG:colcon.colcon_core.event_handler.log_command:Invoking command in '/home/xelf/warehouse-automation/build/warehouse_msgs': PYTHONPATH=/home/xelf/warehouse-automation/build/warehouse_msgs/prefix_override:/usr/lib/python3/dist-packages/colcon_core/task/python/colcon_distutils_commands:/home/xelf/warehouse-automation/install/warehouse_msgs/lib/python3.10/site-packages:${PYTHONPATH} /usr/bin/python3 -W ignore:setup.py install is deprecated -W ignore:easy_install command is deprecated setup.py develop --editable --build-directory /home/xelf/warehouse-automation/build/warehouse_msgs/build --no-deps symlink_data
[2.475s] Level 1:colcon.colcon_core.shell:create_environment_hook('hello_world_pkgs', 'pythonpath_develop')
[2.476s] DEBUG:colcon.colcon_core.event_handler.log_command:Invoked command in '/home/xelf/warehouse-automation/build/hello_world_pkgs' returned '0': PYTHONPATH=/home/xelf/warehouse-automation/build/hello_world_pkgs/prefix_override:/usr/lib/python3/dist-packages/colcon_core/task/python/colcon_distutils_commands:/home/xelf/warehouse-automation/install/hello_world_pkgs/lib/python3.10/site-packages:${PYTHONPATH} /usr/bin/python3 -W ignore:setup.py install is deprecated -W ignore:easy_install command is deprecated setup.py develop --editable --build-directory /home/xelf/warehouse-automation/build/hello_world_pkgs/build --no-deps symlink_data
[2.476s] INFO:colcon.colcon_core.shell:Creating environment hook '/home/xelf/warehouse-automation/build/hello_world_pkgs/share/hello_world_pkgs/hook/pythonpath_develop.ps1'
[2.477s] INFO:colcon.colcon_core.shell:Creating environment descriptor '/home/xelf/warehouse-automation/build/hello_world_pkgs/share/hello_world_pkgs/hook/pythonpath_develop.dsv'
[2.478s] INFO:colcon.colcon_core.shell:Creating environment hook '/home/xelf/warehouse-automation/build/hello_world_pkgs/share/hello_world_pkgs/hook/pythonpath_develop.sh'
[2.480s] Level 1:colcon.colcon_core.environment:checking '/home/xelf/warehouse-automation/install/hello_world_pkgs' for CMake module files
[2.480s] Level 1:colcon.colcon_core.environment:checking '/home/xelf/warehouse-automation/install/hello_world_pkgs' for CMake config files
[2.480s] Level 1:colcon.colcon_core.environment:checking '/home/xelf/warehouse-automation/install/hello_world_pkgs/lib'
[2.480s] Level 1:colcon.colcon_core.environment:checking '/home/xelf/warehouse-automation/install/hello_world_pkgs/bin'
[2.480s] Level 1:colcon.colcon_core.environment:checking '/home/xelf/warehouse-automation/install/hello_world_pkgs/lib/pkgconfig/hello_world_pkgs.pc'
[2.481s] Level 1:colcon.colcon_core.environment:checking '/home/xelf/warehouse-automation/install/hello_world_pkgs/lib/python3.10/site-packages'
[2.481s] Level 1:colcon.colcon_core.shell:create_environment_hook('hello_world_pkgs', 'pythonpath')
[2.481s] INFO:colcon.colcon_core.shell:Creating environment hook '/home/xelf/warehouse-automation/install/hello_world_pkgs/share/hello_world_pkgs/hook/pythonpath.ps1'
[2.481s] INFO:colcon.colcon_core.shell:Creating environment descriptor '/home/xelf/warehouse-automation/install/hello_world_pkgs/share/hello_world_pkgs/hook/pythonpath.dsv'
[2.482s] INFO:colcon.colcon_core.shell:Creating environment hook '/home/xelf/warehouse-automation/install/hello_world_pkgs/share/hello_world_pkgs/hook/pythonpath.sh'
[2.482s] Level 1:colcon.colcon_core.environment:checking '/home/xelf/warehouse-automation/install/hello_world_pkgs/bin'
[2.482s] Level 1:colcon.colcon_core.environment:create_environment_scripts_only(hello_world_pkgs)
[2.482s] INFO:colcon.colcon_core.shell:Creating package script '/home/xelf/warehouse-automation/install/hello_world_pkgs/share/hello_world_pkgs/package.ps1'
[2.483s] INFO:colcon.colcon_core.shell:Creating package descriptor '/home/xelf/warehouse-automation/install/hello_world_pkgs/share/hello_world_pkgs/package.dsv'
[2.484s] INFO:colcon.colcon_core.shell:Creating package script '/home/xelf/warehouse-automation/install/hello_world_pkgs/share/hello_world_pkgs/package.sh'
[2.485s] INFO:colcon.colcon_core.shell:Creating package script '/home/xelf/warehouse-automation/install/hello_world_pkgs/share/hello_world_pkgs/package.bash'
[2.486s] INFO:colcon.colcon_core.shell:Creating package script '/home/xelf/warehouse-automation/install/hello_world_pkgs/share/hello_world_pkgs/package.zsh'
[2.486s] Level 1:colcon.colcon_core.environment:create_file_with_runtime_dependencies(/home/xelf/warehouse-automation/install/hello_world_pkgs/share/colcon-core/packages/hello_world_pkgs)
[2.509s] Level 1:colcon.colcon_core.shell:create_environment_hook('cuopt_bridge', 'pythonpath_develop')
[2.509s] INFO:colcon.colcon_core.shell:Creating environment hook '/home/xelf/warehouse-automation/build/cuopt_bridge/share/cuopt_bridge/hook/pythonpath_develop.ps1'
[2.509s] DEBUG:colcon.colcon_core.event_handler.log_command:Invoked command in '/home/xelf/warehouse-automation/build/cuopt_bridge' returned '0': PYTHONPATH=/home/xelf/warehouse-automation/build/cuopt_bridge/prefix_override:/usr/lib/python3/dist-packages/colcon_core/task/python/colcon_distutils_commands:/home/xelf/warehouse-automation/install/cuopt_bridge/lib/python3.10/site-packages:${PYTHONPATH} /usr/bin/python3 -W ignore:setup.py install is deprecated -W ignore:easy_install command is deprecated setup.py develop --editable --build-directory /home/xelf/warehouse-automation/build/cuopt_bridge/build --no-deps symlink_data
[2.510s] INFO:colcon.colcon_core.shell:Creating environment descriptor '/home/xelf/warehouse-automation/build/cuopt_bridge/share/cuopt_bridge/hook/pythonpath_develop.dsv'
[2.511s] INFO:colcon.colcon_core.shell:Creating environment hook '/home/xelf/warehouse-automation/build/cuopt_bridge/share/cuopt_bridge/hook/pythonpath_develop.sh'
[2.511s] Level 1:colcon.colcon_core.environment:checking '/home/xelf/warehouse-automation/install/cuopt_bridge' for CMake module files
[2.512s] Level 1:colcon.colcon_core.environment:checking '/home/xelf/warehouse-automation/install/cuopt_bridge' for CMake config files
[2.512s] Level 1:colcon.colcon_core.environment:checking '/home/xelf/warehouse-automation/install/cuopt_bridge/lib'
[2.512s] Level 1:colcon.colcon_core.environment:checking '/home/xelf/warehouse-automation/install/cuopt_bridge/bin'
[2.512s] Level 1:colcon.colcon_core.environment:checking '/home/xelf/warehouse-automation/install/cuopt_bridge/lib/pkgconfig/cuopt_bridge.pc'
[2.513s] Level 1:colcon.colcon_core.environment:checking '/home/xelf/warehouse-automation/install/cuopt_bridge/lib/python3.10/site-packages'
[2.513s] Level 1:colcon.colcon_core.shell:create_environment_hook('cuopt_bridge', 'pythonpath')
[2.513s] INFO:colcon.colcon_core.shell:Creating environment hook '/home/xelf/warehouse-automation/install/cuopt_bridge/share/cuopt_bridge/hook/pythonpath.ps1'
[2.513s] INFO:colcon.colcon_core.shell:Creating environment descriptor '/home/xelf/warehouse-automation/install/cuopt_bridge/share/cuopt_bridge/hook/pythonpath.dsv'
[2.514s] INFO:colcon.colcon_core.shell:Creating environment hook '/home/xelf/warehouse-automation/install/cuopt_bridge/share/cuopt_bridge/hook/pythonpath.sh'
[2.514s] Level 1:colcon.colcon_core.environment:checking '/home/xelf/warehouse-automation/install/cuopt_bridge/bin'
[2.514s] Level 1:colcon.colcon_core.environment:create_environment_scripts_only(cuopt_bridge)
[2.514s] INFO:colcon.colcon_core.shell:Creating package script '/home/xelf/warehouse-automation/install/cuopt_bridge/share/cuopt_bridge/package.ps1'
[2.515s] INFO:colcon.colcon_core.shell:Creating package descriptor '/home/xelf/warehouse-automation/install/cuopt_bridge/share/cuopt_bridge/package.dsv'
[2.515s] INFO:colcon.colcon_core.shell:Creating package script '/home/xelf/warehouse-automation/install/cuopt_bridge/share/cuopt_bridge/package.sh'
[2.516s] INFO:colcon.colcon_core.shell:Creating package script '/home/xelf/warehouse-automation/install/cuopt_bridge/share/cuopt_bridge/package.bash'
[2.516s] INFO:colcon.colcon_core.shell:Creating package script '/home/xelf/warehouse-automation/install/cuopt_bridge/share/cuopt_bridge/package.zsh'
[2.516s] Level 1:colcon.colcon_core.environment:create_file_with_runtime_dependencies(/home/xelf/warehouse-automation/install/cuopt_bridge/share/colcon-core/packages/cuopt_bridge)
[2.532s] Level 1:colcon.colcon_core.shell:create_environment_hook('warehouse_msgs', 'pythonpath_develop')
[2.532s] INFO:colcon.colcon_core.shell:Creating environment hook '/home/xelf/warehouse-automation/build/warehouse_msgs/share/warehouse_msgs/hook/pythonpath_develop.ps1'
[2.533s] DEBUG:colcon.colcon_core.event_handler.log_command:Invoked command in '/home/xelf/warehouse-automation/build/warehouse_msgs' returned '0': PYTHONPATH=/home/xelf/warehouse-automation/build/warehouse_msgs/prefix_override:/usr/lib/python3/dist-packages/colcon_core/task/python/colcon_distutils_commands:/home/xelf/warehouse-automation/install/warehouse_msgs/lib/python3.10/site-packages:${PYTHONPATH} /usr/bin/python3 -W ignore:setup.py install is deprecated -W ignore:easy_install command is deprecated setup.py develop --editable --build-directory /home/xelf/warehouse-automation/build/warehouse_msgs/build --no-deps symlink_data
[2.534s] INFO:colcon.colcon_core.shell:Creating environment descriptor '/home/xelf/warehouse-automation/build/warehouse_msgs/share/warehouse_msgs/hook/pythonpath_develop.dsv'
[2.534s] INFO:colcon.colcon_core.shell:Creating environment hook '/home/xelf/warehouse-automation/build/warehouse_msgs/share/warehouse_msgs/hook/pythonpath_develop.sh'
[2.535s] Level 1:colcon.colcon_core.environment:checking '/home/xelf/warehouse-automation/install/warehouse_msgs' for CMake module files
[2.535s] Level 1:colcon.colcon_core.environment:checking '/home/xelf/warehouse-automation/install/warehouse_msgs' for CMake config files
[2.535s] Level 1:colcon.colcon_core.environment:checking '/home/xelf/warehouse-automation/install/warehouse_msgs/lib'
[2.535s] Level 1:colcon.colcon_core.environment:checking '/home/xelf/warehouse-automation/install/warehouse_msgs/bin'
[2.535s] Level 1:colcon.colcon_core.environment:checking '/home/xelf/warehouse-automation/install/warehouse_msgs/lib/pkgconfig/warehouse_msgs.pc'
[2.536s] Level 1:colcon.colcon_core.environment:checking '/home/xelf/warehouse-automation/install/warehouse_msgs/lib/python3.10/site-packages'
[2.536s] Level 1:colcon.colcon_core.shell:create_environment_hook('warehouse_msgs', 'pythonpath')
[2.536s] INFO:colcon.colcon_core.shell:Creating environment hook '/home/xelf/warehouse-automation/install/warehouse_msgs/share/warehouse_msgs/hook/pythonpath.ps1'
[2.536s] INFO:colcon.colcon_core.shell:Creating environment descriptor '/home/xelf/warehouse-automation/install/warehouse_msgs/share/warehouse_msgs/hook/pythonpath.dsv'
[2.536s] INFO:colcon.colcon_core.shell:Creating environment hook '/home/xelf/warehouse-automation/install/warehouse_msgs/share/warehouse_msgs/hook/pythonpath.sh'
[2.537s] Level 1:colcon.colcon_core.environment:checking '/home/xelf/warehouse-automation/install/warehouse_msgs/bin'
[2.537s] Level 1:colcon.colcon_core.environment:create_environment_scripts_only(warehouse_msgs)
[2.537s] INFO:colcon.colcon_core.shell:Creating package script '/home/xelf/warehouse-automation/install/warehouse_msgs/share/warehouse_msgs/package.ps1'
[2.538s] INFO:colcon.colcon_core.shell:Creating package descriptor '/home/xelf/warehouse-automation/install/warehouse_msgs/share/warehouse_msgs/package.dsv'
[2.538s] INFO:colcon.colcon_core.shell:Creating package script '/home/xelf/warehouse-automation/install/warehouse_msgs/share/warehouse_msgs/package.sh'
[2.539s] INFO:colcon.colcon_core.shell:Creating package script '/home/xelf/warehouse-automation/install/warehouse_msgs/share/warehouse_msgs/package.bash'
[2.539s] INFO:colcon.colcon_core.shell:Creating package script '/home/xelf/warehouse-automation/install/warehouse_msgs/share/warehouse_msgs/package.zsh'
[2.539s] Level 1:colcon.colcon_core.environment:create_file_with_runtime_dependencies(/home/xelf/warehouse-automation/install/warehouse_msgs/share/colcon-core/packages/warehouse_msgs)
[2.540s] Level 1:colcon.colcon_core.shell:create_environment_hook('order_system', 'pythonpath_develop')
[2.541s] INFO:colcon.colcon_core.shell:Creating environment hook '/home/xelf/warehouse-automation/build/order_system/share/order_system/hook/pythonpath_develop.ps1'
[2.542s] DEBUG:colcon.colcon_core.event_handler.log_command:Invoked command in '/home/xelf/warehouse-automation/build/order_system' returned '0': PYTHONPATH=/home/xelf/warehouse-automation/build/order_system/prefix_override:/usr/lib/python3/dist-packages/colcon_core/task/python/colcon_distutils_commands:/home/xelf/warehouse-automation/install/order_system/lib/python3.10/site-packages:${PYTHONPATH} /usr/bin/python3 -W ignore:setup.py install is deprecated -W ignore:easy_install command is deprecated setup.py develop --editable --build-directory /home/xelf/warehouse-automation/build/order_system/build --no-deps symlink_data
[2.542s] INFO:colcon.colcon_core.shell:Creating environment descriptor '/home/xelf/warehouse-automation/build/order_system/share/order_system/hook/pythonpath_develop.dsv'
[2.542s] INFO:colcon.colcon_core.shell:Creating environment hook '/home/xelf/warehouse-automation/build/order_system/share/order_system/hook/pythonpath_develop.sh'
[2.543s] Level 1:colcon.colcon_core.environment:checking '/home/xelf/warehouse-automation/install/order_system' for CMake module files
[2.543s] Level 1:colcon.colcon_core.environment:checking '/home/xelf/warehouse-automation/install/order_system' for CMake config files
[2.543s] Level 1:colcon.colcon_core.environment:checking '/home/xelf/warehouse-automation/install/order_system/lib'
[2.543s] Level 1:colcon.colcon_core.environment:checking '/home/xelf/warehouse-automation/install/order_system/bin'
[2.543s] Level 1:colcon.colcon_core.environment:checking '/home/xelf/warehouse-automation/install/order_system/lib/pkgconfig/order_system.pc'
[2.544s] Level 1:colcon.colcon_core.environment:checking '/home/xelf/warehouse-automation/install/order_system/lib/python3.10/site-packages'
[2.544s] Level 1:colcon.colcon_core.shell:create_environment_hook('order_system', 'pythonpath')
[2.544s] INFO:colcon.colcon_core.shell:Creating environment hook '/home/xelf/warehouse-automation/install/order_system/share/order_system/hook/pythonpath.ps1'
[2.544s] INFO:colcon.colcon_core.shell:Creating environment descriptor '/home/xelf/warehouse-automation/install/order_system/share/order_system/hook/pythonpath.dsv'
[2.545s] INFO:colcon.colcon_core.shell:Creating environment hook '/home/xelf/warehouse-automation/install/order_system/share/order_system/hook/pythonpath.sh'
[2.546s] Level 1:colcon.colcon_core.environment:checking '/home/xelf/warehouse-automation/install/order_system/bin'
[2.546s] Level 1:colcon.colcon_core.environment:create_environment_scripts_only(order_system)
[2.546s] INFO:colcon.colcon_core.shell:Creating package script '/home/xelf/warehouse-automation/install/order_system/share/order_system/package.ps1'
[2.547s] INFO:colcon.colcon_core.shell:Creating package descriptor '/home/xelf/warehouse-automation/install/order_system/share/order_system/package.dsv'
[2.547s] INFO:colcon.colcon_core.shell:Creating package script '/home/xelf/warehouse-automation/install/order_system/share/order_system/package.sh'
[2.547s] INFO:colcon.colcon_core.shell:Creating package script '/home/xelf/warehouse-automation/install/order_system/share/order_system/package.bash'
[2.548s] INFO:colcon.colcon_core.shell:Creating package script '/home/xelf/warehouse-automation/install/order_system/share/order_system/package.zsh'
[2.548s] Level 1:colcon.colcon_core.environment:create_file_with_runtime_dependencies(/home/xelf/warehouse-automation/install/order_system/share/colcon-core/packages/order_system)
[2.548s] Level 1:colcon.colcon_core.shell:create_environment_hook('amr_description', 'pythonpath_develop')
[2.548s] INFO:colcon.colcon_core.shell:Creating environment hook '/home/xelf/warehouse-automation/build/amr_description/share/amr_description/hook/pythonpath_develop.ps1'
[2.549s] INFO:colcon.colcon_core.shell:Creating environment descriptor '/home/xelf/warehouse-automation/build/amr_description/share/amr_description/hook/pythonpath_develop.dsv'
[2.550s] DEBUG:colcon.colcon_core.event_handler.log_command:Invoked command in '/home/xelf/warehouse-automation/build/amr_description' returned '0': PYTHONPATH=/home/xelf/warehouse-automation/build/amr_description/prefix_override:/usr/lib/python3/dist-packages/colcon_core/task/python/colcon_distutils_commands:/home/xelf/warehouse-automation/install/amr_description/lib/python3.10/site-packages:${PYTHONPATH} /usr/bin/python3 -W ignore:setup.py install is deprecated -W ignore:easy_install command is deprecated setup.py develop --editable --build-directory /home/xelf/warehouse-automation/build/amr_description/build --no-deps symlink_data
[2.550s] INFO:colcon.colcon_core.shell:Creating environment hook '/home/xelf/warehouse-automation/build/amr_description/share/amr_description/hook/pythonpath_develop.sh'
[2.550s] Level 1:colcon.colcon_core.environment:checking '/home/xelf/warehouse-automation/install/amr_description' for CMake module files
[2.551s] Level 1:colcon.colcon_core.environment:checking '/home/xelf/warehouse-automation/install/amr_description' for CMake config files
[2.551s] Level 1:colcon.colcon_core.environment:checking '/home/xelf/warehouse-automation/install/amr_description/lib'
[2.551s] Level 1:colcon.colcon_core.environment:checking '/home/xelf/warehouse-automation/install/amr_description/bin'
[2.551s] Level 1:colcon.colcon_core.environment:checking '/home/xelf/warehouse-automation/install/amr_description/lib/pkgconfig/amr_description.pc'
[2.551s] Level 1:colcon.colcon_core.environment:checking '/home/xelf/warehouse-automation/install/amr_description/lib/python3.10/site-packages'
[2.551s] Level 1:colcon.colcon_core.shell:create_environment_hook('amr_description', 'pythonpath')
[2.551s] INFO:colcon.colcon_core.shell:Creating environment hook '/home/xelf/warehouse-automation/install/amr_description/share/amr_description/hook/pythonpath.ps1'
[2.552s] INFO:colcon.colcon_core.shell:Creating environment descriptor '/home/xelf/warehouse-automation/install/amr_description/share/amr_description/hook/pythonpath.dsv'
[2.552s] INFO:colcon.colcon_core.shell:Creating environment hook '/home/xelf/warehouse-automation/install/amr_description/share/amr_description/hook/pythonpath.sh'
[2.553s] Level 1:colcon.colcon_core.environment:checking '/home/xelf/warehouse-automation/install/amr_description/bin'
[2.553s] Level 1:colcon.colcon_core.environment:create_environment_scripts_only(amr_description)
[2.553s] INFO:colcon.colcon_core.shell:Creating package script '/home/xelf/warehouse-automation/install/amr_description/share/amr_description/package.ps1'
[2.553s] INFO:colcon.colcon_core.shell:Creating package descriptor '/home/xelf/warehouse-automation/install/amr_description/share/amr_description/package.dsv'
[2.554s] INFO:colcon.colcon_core.shell:Creating package script '/home/xelf/warehouse-automation/install/amr_description/share/amr_description/package.sh'
[2.555s] INFO:colcon.colcon_core.shell:Creating package script '/home/xelf/warehouse-automation/install/amr_description/share/amr_description/package.bash'
[2.555s] INFO:colcon.colcon_core.shell:Creating package script '/home/xelf/warehouse-automation/install/amr_description/share/amr_description/package.zsh'
[2.555s] Level 1:colcon.colcon_core.environment:create_file_with_runtime_dependencies(/home/xelf/warehouse-automation/install/amr_description/share/colcon-core/packages/amr_description)
[2.556s] Level 1:colcon.colcon_core.shell:create_environment_hook('orchestrator', 'pythonpath_develop')
[2.556s] INFO:colcon.colcon_core.shell:Creating environment hook '/home/xelf/warehouse-automation/build/orchestrator/share/orchestrator/hook/pythonpath_develop.ps1'
[2.557s] DEBUG:colcon.colcon_core.event_handler.log_command:Invoked command in '/home/xelf/warehouse-automation/build/orchestrator' returned '0': PYTHONPATH=/home/xelf/warehouse-automation/build/orchestrator/prefix_override:/usr/lib/python3/dist-packages/colcon_core/task/python/colcon_distutils_commands:/home/xelf/warehouse-automation/install/orchestrator/lib/python3.10/site-packages:${PYTHONPATH} /usr/bin/python3 -W ignore:setup.py install is deprecated -W ignore:easy_install command is deprecated setup.py develop --editable --build-directory /home/xelf/warehouse-automation/build/orchestrator/build --no-deps symlink_data
[2.557s] INFO:colcon.colcon_core.shell:Creating environment descriptor '/home/xelf/warehouse-automation/build/orchestrator/share/orchestrator/hook/pythonpath_develop.dsv'
[2.557s] INFO:colcon.colcon_core.shell:Creating environment hook '/home/xelf/warehouse-automation/build/orchestrator/share/orchestrator/hook/pythonpath_develop.sh'
[2.558s] Level 1:colcon.colcon_core.environment:checking '/home/xelf/warehouse-automation/install/orchestrator' for CMake module files
[2.558s] Level 1:colcon.colcon_core.environment:checking '/home/xelf/warehouse-automation/install/orchestrator' for CMake config files
[2.558s] Level 1:colcon.colcon_core.environment:checking '/home/xelf/warehouse-automation/install/orchestrator/lib'
[2.558s] Level 1:colcon.colcon_core.environment:checking '/home/xelf/warehouse-automation/install/orchestrator/bin'
[2.558s] Level 1:colcon.colcon_core.environment:checking '/home/xelf/warehouse-automation/install/orchestrator/lib/pkgconfig/orchestrator.pc'
[2.559s] Level 1:colcon.colcon_core.environment:checking '/home/xelf/warehouse-automation/install/orchestrator/lib/python3.10/site-packages'
[2.559s] Level 1:colcon.colcon_core.shell:create_environment_hook('orchestrator', 'pythonpath')
[2.559s] INFO:colcon.colcon_core.shell:Creating environment hook '/home/xelf/warehouse-automation/install/orchestrator/share/orchestrator/hook/pythonpath.ps1'
[2.559s] INFO:colcon.colcon_core.shell:Creating environment descriptor '/home/xelf/warehouse-automation/install/orchestrator/share/orchestrator/hook/pythonpath.dsv'
[2.559s] INFO:colcon.colcon_core.shell:Creating environment hook '/home/xelf/warehouse-automation/install/orchestrator/share/orchestrator/hook/pythonpath.sh'
[2.560s] Level 1:colcon.colcon_core.environment:checking '/home/xelf/warehouse-automation/install/orchestrator/bin'
[2.560s] Level 1:colcon.colcon_core.environment:create_environment_scripts_only(orchestrator)
[2.560s] INFO:colcon.colcon_core.shell:Creating package script '/home/xelf/warehouse-automation/install/orchestrator/share/orchestrator/package.ps1'
[2.560s] INFO:colcon.colcon_core.shell:Creating package descriptor '/home/xelf/warehouse-automation/install/orchestrator/share/orchestrator/package.dsv'
[2.561s] INFO:colcon.colcon_core.shell:Creating package script '/home/xelf/warehouse-automation/install/orchestrator/share/orchestrator/package.sh'
[2.561s] INFO:colcon.colcon_core.shell:Creating package script '/home/xelf/warehouse-automation/install/orchestrator/share/orchestrator/package.bash'
[2.562s] INFO:colcon.colcon_core.shell:Creating package script '/home/xelf/warehouse-automation/install/orchestrator/share/orchestrator/package.zsh'
[2.562s] Level 1:colcon.colcon_core.environment:create_file_with_runtime_dependencies(/home/xelf/warehouse-automation/install/orchestrator/share/colcon-core/packages/orchestrator)
[2.562s] DEBUG:colcon.colcon_parallel_executor.executor.parallel:closing loop
[2.562s] DEBUG:colcon.colcon_parallel_executor.executor.parallel:loop closed
[2.562s] DEBUG:colcon.colcon_parallel_executor.executor.parallel:run_until_complete finished with '0'
[2.562s] DEBUG:colcon.colcon_core.event_reactor:joining thread
[2.853s] INFO:colcon.colcon_core.plugin_system:Skipping extension 'colcon_notification.desktop_notification.notify_send': Could not find 'notify-send'
[2.854s] INFO:colcon.colcon_core.plugin_system:Skipping extension 'colcon_notification.desktop_notification.terminal_notifier': Not used on non-Darwin systems
[2.854s] INFO:colcon.colcon_core.plugin_system:Skipping extension 'colcon_notification.desktop_notification.win32': Not used on non-Windows systems
[2.854s] INFO:colcon.colcon_notification.desktop_notification:Sending desktop notification using 'notify2'
[2.854s] DEBUG:colcon.colcon_notification.desktop_notification.notify2:Failed to initialize notify2: org.freedesktop.DBus.Error.FileNotFound: Failed to connect to socket /run/user/1000/bus: No such file or directory
[2.855s] DEBUG:colcon.colcon_core.event_reactor:joined thread
[2.855s] INFO:colcon.colcon_core.shell:Creating prefix script '/home/xelf/warehouse-automation/install/local_setup.ps1'
[2.857s] INFO:colcon.colcon_core.shell:Creating prefix util module '/home/xelf/warehouse-automation/install/_local_setup_util_ps1.py'
[2.860s] INFO:colcon.colcon_core.shell:Creating prefix chain script '/home/xelf/warehouse-automation/install/setup.ps1'
[2.861s] INFO:colcon.colcon_core.shell:Creating prefix script '/home/xelf/warehouse-automation/install/local_setup.sh'
[2.862s] INFO:colcon.colcon_core.shell:Creating prefix util module '/home/xelf/warehouse-automation/install/_local_setup_util_sh.py'
[2.863s] INFO:colcon.colcon_core.shell:Creating prefix chain script '/home/xelf/warehouse-automation/install/setup.sh'
[2.864s] INFO:colcon.colcon_core.shell:Creating prefix script '/home/xelf/warehouse-automation/install/local_setup.bash'
[2.866s] INFO:colcon.colcon_core.shell:Creating prefix chain script '/home/xelf/warehouse-automation/install/setup.bash'
[2.867s] INFO:colcon.colcon_core.shell:Creating prefix script '/home/xelf/warehouse-automation/install/local_setup.zsh'
[2.867s] INFO:colcon.colcon_core.shell:Creating prefix chain script '/home/xelf/warehouse-automation/install/setup.zsh'
