running egg_info
writing ../build/cuopt_bridge/cuopt_bridge.egg-info/PKG-INFO
writing dependency_links to ../build/cuopt_bridge/cuopt_bridge.egg-info/dependency_links.txt
writing entry points to ../build/cuopt_bridge/cuopt_bridge.egg-info/entry_points.txt
writing requirements to ../build/cuopt_bridge/cuopt_bridge.egg-info/requires.txt
writing top-level names to ../build/cuopt_bridge/cuopt_bridge.egg-info/top_level.txt
reading manifest file '../build/cuopt_bridge/cuopt_bridge.egg-info/SOURCES.txt'
writing manifest file '../build/cuopt_bridge/cuopt_bridge.egg-info/SOURCES.txt'
running build
running build_py
copying cuopt_bridge/cuopt_bridge.py -> /home/ubuntu/warehouse-automation-001/build/cuopt_bridge/build/lib/cuopt_bridge
copying cuopt_bridge/cuopt_client.py -> /home/ubuntu/warehouse-automation-001/build/cuopt_bridge/build/lib/cuopt_bridge
copying cuopt_bridge/__init__.py -> /home/ubuntu/warehouse-automation-001/build/cuopt_bridge/build/lib/cuopt_bridge
running install
running install_lib
running install_data
copying resource/cuopt_bridge -> /home/ubuntu/warehouse-automation-001/install/cuopt_bridge/share/ament_index/resource_index/packages
copying package.xml -> /home/ubuntu/warehouse-automation-001/install/cuopt_bridge/share/cuopt_bridge
copying launch/cuopt_bridge_launch.py -> /home/ubuntu/warehouse-automation-001/install/cuopt_bridge/share/cuopt_bridge/launch
running install_egg_info
removing '/home/ubuntu/warehouse-automation-001/install/cuopt_bridge/lib/python3.10/site-packages/cuopt_bridge-0.0.0-py3.10.egg-info' (and everything under it)
Copying ../build/cuopt_bridge/cuopt_bridge.egg-info to /home/ubuntu/warehouse-automation-001/install/cuopt_bridge/lib/python3.10/site-packages/cuopt_bridge-0.0.0-py3.10.egg-info
running install_scripts
Installing cuopt_bridge script to /home/ubuntu/warehouse-automation-001/install/cuopt_bridge/lib/cuopt_bridge
Installing cuopt_client script to /home/ubuntu/warehouse-automation-001/install/cuopt_bridge/lib/cuopt_bridge
writing list of installed files to '/home/ubuntu/warehouse-automation-001/build/cuopt_bridge/install.log'
