[0.687s] Invoking command in '/home/xelf/warehouse-automation-001/build/orchestrator': PYTHONPATH=/home/xelf/warehouse-automation-001/build/orchestrator/prefix_override:/usr/lib/python3/dist-packages/colcon_core/task/python/colcon_distutils_commands:/home/xelf/warehouse-automation-001/install/orchestrator/lib/python3.10/site-packages:${PYTHONPATH} /usr/bin/python3 -W ignore:setup.py install is deprecated -W ignore:easy_install command is deprecated setup.py develop --editable --build-directory /home/xelf/warehouse-automation-001/build/orchestrator/build --no-deps symlink_data --force
[0.989s] running develop
[1.159s] running egg_info
[1.159s] writing orchestrator.egg-info/PKG-INFO
[1.160s] writing dependency_links to orchestrator.egg-info/dependency_links.txt
[1.160s] writing entry points to orchestrator.egg-info/entry_points.txt
[1.160s] writing requirements to orchestrator.egg-info/requires.txt
[1.160s] writing top-level names to orchestrator.egg-info/top_level.txt
[1.162s] reading manifest file 'orchestrator.egg-info/SOURCES.txt'
[1.163s] writing manifest file 'orchestrator.egg-info/SOURCES.txt'
[1.164s] running build_ext
[1.165s] Creating /home/xelf/warehouse-automation-001/install/orchestrator/lib/python3.10/site-packages/orchestrator.egg-link (link to .)
[1.167s] Installing amr_robot script to /home/xelf/warehouse-automation-001/install/orchestrator/lib/orchestrator
[1.168s] Installing fleet_dashboard script to /home/xelf/warehouse-automation-001/install/orchestrator/lib/orchestrator
[1.168s] Installing fleet_manager script to /home/xelf/warehouse-automation-001/install/orchestrator/lib/orchestrator
[1.168s] Installing fleet_task_generator script to /home/xelf/warehouse-automation-001/install/orchestrator/lib/orchestrator
[1.168s] Installing fleet_visualization script to /home/xelf/warehouse-automation-001/install/orchestrator/lib/orchestrator
[1.168s] Installing gazebo_fleet_mover script to /home/xelf/warehouse-automation-001/install/orchestrator/lib/orchestrator
[1.169s] Installing gazebo_velocity_mover script to /home/xelf/warehouse-automation-001/install/orchestrator/lib/orchestrator
[1.169s] Installing orchestrator script to /home/xelf/warehouse-automation-001/install/orchestrator/lib/orchestrator
[1.169s] Installing robot_state_monitor script to /home/xelf/warehouse-automation-001/install/orchestrator/lib/orchestrator
[1.169s] Installing simple_mover script to /home/xelf/warehouse-automation-001/install/orchestrator/lib/orchestrator
[1.169s] Installing task_executor script to /home/xelf/warehouse-automation-001/install/orchestrator/lib/orchestrator
[1.170s] Installing test_gazebo_mover script to /home/xelf/warehouse-automation-001/install/orchestrator/lib/orchestrator
[1.170s] 
[1.170s] Installed /home/xelf/warehouse-automation-001/build/orchestrator
[1.170s] running symlink_data
[1.170s] symbolically linking /home/xelf/warehouse-automation-001/build/orchestrator/resource/orchestrator -> /home/xelf/warehouse-automation-001/install/orchestrator/share/ament_index/resource_index/packages
[1.170s] symbolically linking /home/xelf/warehouse-automation-001/build/orchestrator/package.xml -> /home/xelf/warehouse-automation-001/install/orchestrator/share/orchestrator
[1.171s] symbolically linking /home/xelf/warehouse-automation-001/build/orchestrator/launch/orchestrator_launch.py -> /home/xelf/warehouse-automation-001/install/orchestrator/share/orchestrator/launch
[1.171s] symbolically linking /home/xelf/warehouse-automation-001/build/orchestrator/launch/production_fleet.launch.py -> /home/xelf/warehouse-automation-001/install/orchestrator/share/orchestrator/launch
[1.207s] Invoked command in '/home/xelf/warehouse-automation-001/build/orchestrator' returned '0': PYTHONPATH=/home/xelf/warehouse-automation-001/build/orchestrator/prefix_override:/usr/lib/python3/dist-packages/colcon_core/task/python/colcon_distutils_commands:/home/xelf/warehouse-automation-001/install/orchestrator/lib/python3.10/site-packages:${PYTHONPATH} /usr/bin/python3 -W ignore:setup.py install is deprecated -W ignore:easy_install command is deprecated setup.py develop --editable --build-directory /home/xelf/warehouse-automation-001/build/orchestrator/build --no-deps symlink_data --force
