[1.079s] Invoking command in '/home/xelf/warehouse-automation/build/orchestrator': PYTHONPATH=/home/xelf/warehouse-automation/build/orchestrator/prefix_override:/usr/lib/python3/dist-packages/colcon_core/task/python/colcon_distutils_commands:/home/xelf/warehouse-automation/install/orchestrator/lib/python3.10/site-packages:${PYTHONPATH} /usr/bin/python3 -W ignore:setup.py install is deprecated -W ignore:easy_install command is deprecated setup.py develop --editable --build-directory /home/xelf/warehouse-automation/build/orchestrator/build --no-deps symlink_data
[1.290s] running develop
[1.411s] running egg_info
[1.411s] writing orchestrator.egg-info/PKG-INFO
[1.412s] writing dependency_links to orchestrator.egg-info/dependency_links.txt
[1.412s] writing entry points to orchestrator.egg-info/entry_points.txt
[1.412s] writing requirements to orchestrator.egg-info/requires.txt
[1.412s] writing top-level names to orchestrator.egg-info/top_level.txt
[1.415s] reading manifest file 'orchestrator.egg-info/SOURCES.txt'
[1.417s] writing manifest file 'orchestrator.egg-info/SOURCES.txt'
[1.419s] running build_ext
[1.419s] Creating /home/xelf/warehouse-automation/install/orchestrator/lib/python3.10/site-packages/orchestrator.egg-link (link to .)
[1.420s] Installing amr_robot script to /home/xelf/warehouse-automation/install/orchestrator/lib/orchestrator
[1.421s] Installing fleet_manager script to /home/xelf/warehouse-automation/install/orchestrator/lib/orchestrator
[1.421s] Installing fleet_task_generator script to /home/xelf/warehouse-automation/install/orchestrator/lib/orchestrator
[1.422s] Installing orchestrator script to /home/xelf/warehouse-automation/install/orchestrator/lib/orchestrator
[1.422s] Installing robot_state_monitor script to /home/xelf/warehouse-automation/install/orchestrator/lib/orchestrator
[1.422s] Installing task_executor script to /home/xelf/warehouse-automation/install/orchestrator/lib/orchestrator
[1.422s] 
[1.423s] Installed /home/xelf/warehouse-automation/build/orchestrator
[1.423s] running symlink_data
[1.423s] symbolically linking /home/xelf/warehouse-automation/build/orchestrator/launch/production_fleet.launch.py -> /home/xelf/warehouse-automation/install/orchestrator/share/orchestrator/launch
[1.490s] Invoked command in '/home/xelf/warehouse-automation/build/orchestrator' returned '0': PYTHONPATH=/home/xelf/warehouse-automation/build/orchestrator/prefix_override:/usr/lib/python3/dist-packages/colcon_core/task/python/colcon_distutils_commands:/home/xelf/warehouse-automation/install/orchestrator/lib/python3.10/site-packages:${PYTHONPATH} /usr/bin/python3 -W ignore:setup.py install is deprecated -W ignore:easy_install command is deprecated setup.py develop --editable --build-directory /home/xelf/warehouse-automation/build/orchestrator/build --no-deps symlink_data
