[2.665s] Invoking command in '/home/xelf/warehouse-automation-001/cuopt_bridge': PYTHONPATH=/home/xelf/warehouse-automation-001/build/cuopt_bridge/prefix_override:/usr/lib/python3/dist-packages/colcon_core/task/python/colcon_distutils_commands:/home/xelf/warehouse-automation-001/install/cuopt_bridge/lib/python3.10/site-packages:${PYTHONPATH} /usr/bin/python3 -W ignore:setup.py install is deprecated -W ignore:easy_install command is deprecated setup.py egg_info --egg-base ../build/cuopt_bridge build --build-base /home/xelf/warehouse-automation-001/build/cuopt_bridge/build install --record /home/xelf/warehouse-automation-001/build/cuopt_bridge/install.log --single-version-externally-managed install_data
[3.072s] running egg_info
[3.073s] writing ../build/cuopt_bridge/cuopt_bridge.egg-info/PKG-INFO
[3.074s] writing dependency_links to ../build/cuopt_bridge/cuopt_bridge.egg-info/dependency_links.txt
[3.075s] writing entry points to ../build/cuopt_bridge/cuopt_bridge.egg-info/entry_points.txt
[3.075s] writing requirements to ../build/cuopt_bridge/cuopt_bridge.egg-info/requires.txt
[3.076s] writing top-level names to ../build/cuopt_bridge/cuopt_bridge.egg-info/top_level.txt
[3.079s] reading manifest file '../build/cuopt_bridge/cuopt_bridge.egg-info/SOURCES.txt'
[3.082s] writing manifest file '../build/cuopt_bridge/cuopt_bridge.egg-info/SOURCES.txt'
[3.082s] running build
[3.082s] running build_py
[3.083s] running install
[3.083s] running install_lib
[3.087s] running install_data
[3.087s] running install_egg_info
[3.092s] removing '/home/xelf/warehouse-automation-001/install/cuopt_bridge/lib/python3.10/site-packages/cuopt_bridge-0.0.0-py3.10.egg-info' (and everything under it)
[3.095s] Copying ../build/cuopt_bridge/cuopt_bridge.egg-info to /home/xelf/warehouse-automation-001/install/cuopt_bridge/lib/python3.10/site-packages/cuopt_bridge-0.0.0-py3.10.egg-info
[3.097s] running install_scripts
[3.139s] Installing cuopt_bridge script to /home/xelf/warehouse-automation-001/install/cuopt_bridge/lib/cuopt_bridge
[3.139s] Installing cuopt_client script to /home/xelf/warehouse-automation-001/install/cuopt_bridge/lib/cuopt_bridge
[3.140s] writing list of installed files to '/home/xelf/warehouse-automation-001/build/cuopt_bridge/install.log'
[3.181s] Invoked command in '/home/xelf/warehouse-automation-001/cuopt_bridge' returned '0': PYTHONPATH=/home/xelf/warehouse-automation-001/build/cuopt_bridge/prefix_override:/usr/lib/python3/dist-packages/colcon_core/task/python/colcon_distutils_commands:/home/xelf/warehouse-automation-001/install/cuopt_bridge/lib/python3.10/site-packages:${PYTHONPATH} /usr/bin/python3 -W ignore:setup.py install is deprecated -W ignore:easy_install command is deprecated setup.py egg_info --egg-base ../build/cuopt_bridge build --build-base /home/xelf/warehouse-automation-001/build/cuopt_bridge/build install --record /home/xelf/warehouse-automation-001/build/cuopt_bridge/install.log --single-version-externally-managed install_data
