[0.971s] DEBUG:colcon:Command line arguments: ['/usr/bin/colcon', 'build', '--packages-select', 'orchestrator', '--symlink-install']
[0.971s] DEBUG:colcon:Parsed command line arguments: Namespace(log_base=None, log_level=None, verb_name='build', build_base='build', install_base='install', merge_install=False, symlink_install=True, test_result_base=None, continue_on_error=False, executor='parallel', parallel_workers=12, event_handlers=None, ignore_user_meta=False, metas=['./colcon.meta'], base_paths=['.'], packages_ignore=None, packages_ignore_regex=None, paths=None, packages_up_to=None, packages_up_to_regex=None, packages_above=None, packages_above_and_dependencies=None, packages_above_depth=None, packages_select_by_dep=None, packages_skip_by_dep=None, packages_skip_up_to=None, packages_select_build_failed=False, packages_skip_build_finished=False, packages_select_test_failures=False, packages_skip_test_passed=False, packages_select=['orchestrator'], packages_skip=None, packages_select_regex=None, packages_skip_regex=None, packages_start=None, packages_end=None, allow_overriding=[], cmake_args=None, cmake_target=None, cmake_target_skip_unavailable=False, cmake_clean_cache=False, cmake_clean_first=False, cmake_force_configure=False, ament_cmake_args=None, catkin_cmake_args=None, catkin_skip_building_tests=False, mixin_files=None, mixin=None, verb_parser=<colcon_mixin.mixin.mixin_argument.MixinArgumentDecorator object at 0x702225f418a0>, verb_extension=<colcon_core.verb.build.BuildVerb object at 0x702225f412a0>, main=<bound method BuildVerb.main of <colcon_core.verb.build.BuildVerb object at 0x702225f412a0>>, mixin_verb=('build',))
[1.688s] Level 1:colcon.colcon_core.package_discovery:discover_packages(colcon_meta) check parameters
[1.688s] Level 1:colcon.colcon_core.package_discovery:discover_packages(recursive) check parameters
[1.688s] Level 1:colcon.colcon_core.package_discovery:discover_packages(ignore) check parameters
[1.688s] Level 1:colcon.colcon_core.package_discovery:discover_packages(path) check parameters
[1.688s] Level 1:colcon.colcon_core.package_discovery:discover_packages(colcon_meta) discover
[1.688s] Level 1:colcon.colcon_core.package_discovery:discover_packages(recursive) discover
[1.688s] INFO:colcon.colcon_core.package_discovery:Crawling recursively for packages in '/home/xelf/warehouse-automation-001'
[1.688s] Level 1:colcon.colcon_core.package_identification:_identify(.) by extensions ['ignore', 'ignore_ament_install']
[1.688s] Level 1:colcon.colcon_core.package_identification:_identify(.) by extension 'ignore'
[1.688s] Level 1:colcon.colcon_core.package_identification:_identify(.) by extension 'ignore_ament_install'
[1.688s] Level 1:colcon.colcon_core.package_identification:_identify(.) by extensions ['colcon_pkg']
[1.689s] Level 1:colcon.colcon_core.package_identification:_identify(.) by extension 'colcon_pkg'
[1.689s] Level 1:colcon.colcon_core.package_identification:_identify(.) by extensions ['colcon_meta']
[1.689s] Level 1:colcon.colcon_core.package_identification:_identify(.) by extension 'colcon_meta'
[1.689s] Level 1:colcon.colcon_core.package_identification:_identify(.) by extensions ['ros']
[1.689s] Level 1:colcon.colcon_core.package_identification:_identify(.) by extension 'ros'
[1.721s] Level 1:colcon.colcon_core.package_identification:_identify(.) by extensions ['cmake', 'python']
[1.721s] Level 1:colcon.colcon_core.package_identification:_identify(.) by extension 'cmake'
[1.722s] Level 1:colcon.colcon_core.package_identification:_identify(.) by extension 'python'
[1.722s] Level 1:colcon.colcon_core.package_identification:_identify(.) by extensions ['python_setup_py']
[1.722s] Level 1:colcon.colcon_core.package_identification:_identify(.) by extension 'python_setup_py'
[1.722s] Level 1:colcon.colcon_core.package_identification:_identify(amr_description) by extensions ['ignore', 'ignore_ament_install']
[1.722s] Level 1:colcon.colcon_core.package_identification:_identify(amr_description) by extension 'ignore'
[1.722s] Level 1:colcon.colcon_core.package_identification:_identify(amr_description) by extension 'ignore_ament_install'
[1.722s] Level 1:colcon.colcon_core.package_identification:_identify(amr_description) by extensions ['colcon_pkg']
[1.722s] Level 1:colcon.colcon_core.package_identification:_identify(amr_description) by extension 'colcon_pkg'
[1.722s] Level 1:colcon.colcon_core.package_identification:_identify(amr_description) by extensions ['colcon_meta']
[1.722s] Level 1:colcon.colcon_core.package_identification:_identify(amr_description) by extension 'colcon_meta'
[1.722s] Level 1:colcon.colcon_core.package_identification:_identify(amr_description) by extensions ['ros']
[1.722s] Level 1:colcon.colcon_core.package_identification:_identify(amr_description) by extension 'ros'
[1.736s] DEBUG:colcon.colcon_core.package_identification:Package 'amr_description' with type 'ros.ament_python' and name 'amr_description'
[1.736s] Level 1:colcon.colcon_core.package_identification:_identify(build) by extensions ['ignore', 'ignore_ament_install']
[1.736s] Level 1:colcon.colcon_core.package_identification:_identify(build) by extension 'ignore'
[1.736s] Level 1:colcon.colcon_core.package_identification:_identify(build) ignored
[1.736s] Level 1:colcon.colcon_core.package_identification:_identify(cuopt_bridge) by extensions ['ignore', 'ignore_ament_install']
[1.736s] Level 1:colcon.colcon_core.package_identification:_identify(cuopt_bridge) by extension 'ignore'
[1.737s] Level 1:colcon.colcon_core.package_identification:_identify(cuopt_bridge) by extension 'ignore_ament_install'
[1.737s] Level 1:colcon.colcon_core.package_identification:_identify(cuopt_bridge) by extensions ['colcon_pkg']
[1.737s] Level 1:colcon.colcon_core.package_identification:_identify(cuopt_bridge) by extension 'colcon_pkg'
[1.737s] Level 1:colcon.colcon_core.package_identification:_identify(cuopt_bridge) by extensions ['colcon_meta']
[1.737s] Level 1:colcon.colcon_core.package_identification:_identify(cuopt_bridge) by extension 'colcon_meta'
[1.737s] Level 1:colcon.colcon_core.package_identification:_identify(cuopt_bridge) by extensions ['ros']
[1.737s] Level 1:colcon.colcon_core.package_identification:_identify(cuopt_bridge) by extension 'ros'
[1.737s] DEBUG:colcon.colcon_core.package_identification:Package 'cuopt_bridge' with type 'ros.ament_python' and name 'cuopt_bridge'
[1.738s] Level 1:colcon.colcon_core.package_identification:_identify(hello_world_pkgs) by extensions ['ignore', 'ignore_ament_install']
[1.738s] Level 1:colcon.colcon_core.package_identification:_identify(hello_world_pkgs) by extension 'ignore'
[1.738s] Level 1:colcon.colcon_core.package_identification:_identify(hello_world_pkgs) by extension 'ignore_ament_install'
[1.738s] Level 1:colcon.colcon_core.package_identification:_identify(hello_world_pkgs) by extensions ['colcon_pkg']
[1.738s] Level 1:colcon.colcon_core.package_identification:_identify(hello_world_pkgs) by extension 'colcon_pkg'
[1.738s] Level 1:colcon.colcon_core.package_identification:_identify(hello_world_pkgs) by extensions ['colcon_meta']
[1.738s] Level 1:colcon.colcon_core.package_identification:_identify(hello_world_pkgs) by extension 'colcon_meta'
[1.738s] Level 1:colcon.colcon_core.package_identification:_identify(hello_world_pkgs) by extensions ['ros']
[1.738s] Level 1:colcon.colcon_core.package_identification:_identify(hello_world_pkgs) by extension 'ros'
[1.739s] DEBUG:colcon.colcon_core.package_identification:Package 'hello_world_pkgs' with type 'ros.ament_python' and name 'hello_world_pkgs'
[1.739s] Level 1:colcon.colcon_core.package_identification:_identify(install) by extensions ['ignore', 'ignore_ament_install']
[1.739s] Level 1:colcon.colcon_core.package_identification:_identify(install) by extension 'ignore'
[1.739s] Level 1:colcon.colcon_core.package_identification:_identify(install) ignored
[1.739s] Level 1:colcon.colcon_core.package_identification:_identify(log) by extensions ['ignore', 'ignore_ament_install']
[1.739s] Level 1:colcon.colcon_core.package_identification:_identify(log) by extension 'ignore'
[1.739s] Level 1:colcon.colcon_core.package_identification:_identify(log) ignored
[1.739s] Level 1:colcon.colcon_core.package_identification:_identify(orchestrator) by extensions ['ignore', 'ignore_ament_install']
[1.739s] Level 1:colcon.colcon_core.package_identification:_identify(orchestrator) by extension 'ignore'
[1.739s] Level 1:colcon.colcon_core.package_identification:_identify(orchestrator) by extension 'ignore_ament_install'
[1.739s] Level 1:colcon.colcon_core.package_identification:_identify(orchestrator) by extensions ['colcon_pkg']
[1.739s] Level 1:colcon.colcon_core.package_identification:_identify(orchestrator) by extension 'colcon_pkg'
[1.740s] Level 1:colcon.colcon_core.package_identification:_identify(orchestrator) by extensions ['colcon_meta']
[1.740s] Level 1:colcon.colcon_core.package_identification:_identify(orchestrator) by extension 'colcon_meta'
[1.740s] Level 1:colcon.colcon_core.package_identification:_identify(orchestrator) by extensions ['ros']
[1.740s] Level 1:colcon.colcon_core.package_identification:_identify(orchestrator) by extension 'ros'
[1.742s] DEBUG:colcon.colcon_core.package_identification:Package 'orchestrator' with type 'ros.ament_python' and name 'orchestrator'
[1.742s] Level 1:colcon.colcon_core.package_identification:_identify(order_system) by extensions ['ignore', 'ignore_ament_install']
[1.742s] Level 1:colcon.colcon_core.package_identification:_identify(order_system) by extension 'ignore'
[1.742s] Level 1:colcon.colcon_core.package_identification:_identify(order_system) by extension 'ignore_ament_install'
[1.742s] Level 1:colcon.colcon_core.package_identification:_identify(order_system) by extensions ['colcon_pkg']
[1.742s] Level 1:colcon.colcon_core.package_identification:_identify(order_system) by extension 'colcon_pkg'
[1.742s] Level 1:colcon.colcon_core.package_identification:_identify(order_system) by extensions ['colcon_meta']
[1.742s] Level 1:colcon.colcon_core.package_identification:_identify(order_system) by extension 'colcon_meta'
[1.742s] Level 1:colcon.colcon_core.package_identification:_identify(order_system) by extensions ['ros']
[1.742s] Level 1:colcon.colcon_core.package_identification:_identify(order_system) by extension 'ros'
[1.743s] DEBUG:colcon.colcon_core.package_identification:Package 'order_system' with type 'ros.ament_python' and name 'order_system'
[1.743s] Level 1:colcon.colcon_core.package_identification:_identify(warehouse_msgs) by extensions ['ignore', 'ignore_ament_install']
[1.743s] Level 1:colcon.colcon_core.package_identification:_identify(warehouse_msgs) by extension 'ignore'
[1.743s] Level 1:colcon.colcon_core.package_identification:_identify(warehouse_msgs) by extension 'ignore_ament_install'
[1.743s] Level 1:colcon.colcon_core.package_identification:_identify(warehouse_msgs) by extensions ['colcon_pkg']
[1.743s] Level 1:colcon.colcon_core.package_identification:_identify(warehouse_msgs) by extension 'colcon_pkg'
[1.743s] Level 1:colcon.colcon_core.package_identification:_identify(warehouse_msgs) by extensions ['colcon_meta']
[1.743s] Level 1:colcon.colcon_core.package_identification:_identify(warehouse_msgs) by extension 'colcon_meta'
[1.743s] Level 1:colcon.colcon_core.package_identification:_identify(warehouse_msgs) by extensions ['ros']
[1.743s] Level 1:colcon.colcon_core.package_identification:_identify(warehouse_msgs) by extension 'ros'
[1.744s] DEBUG:colcon.colcon_core.package_identification:Package 'warehouse_msgs' with type 'ros.ament_python' and name 'warehouse_msgs'
[1.744s] Level 1:colcon.colcon_core.package_identification:_identify(wsl.localhost) by extensions ['ignore', 'ignore_ament_install']
[1.744s] Level 1:colcon.colcon_core.package_identification:_identify(wsl.localhost) by extension 'ignore'
[1.744s] Level 1:colcon.colcon_core.package_identification:_identify(wsl.localhost) by extension 'ignore_ament_install'
[1.745s] Level 1:colcon.colcon_core.package_identification:_identify(wsl.localhost) by extensions ['colcon_pkg']
[1.745s] Level 1:colcon.colcon_core.package_identification:_identify(wsl.localhost) by extension 'colcon_pkg'
[1.745s] Level 1:colcon.colcon_core.package_identification:_identify(wsl.localhost) by extensions ['colcon_meta']
[1.745s] Level 1:colcon.colcon_core.package_identification:_identify(wsl.localhost) by extension 'colcon_meta'
[1.745s] Level 1:colcon.colcon_core.package_identification:_identify(wsl.localhost) by extensions ['ros']
[1.745s] Level 1:colcon.colcon_core.package_identification:_identify(wsl.localhost) by extension 'ros'
[1.746s] Level 1:colcon.colcon_core.package_identification:_identify(wsl.localhost) by extensions ['cmake', 'python']
[1.747s] Level 1:colcon.colcon_core.package_identification:_identify(wsl.localhost) by extension 'cmake'
[1.747s] Level 1:colcon.colcon_core.package_identification:_identify(wsl.localhost) by extension 'python'
[1.747s] Level 1:colcon.colcon_core.package_identification:_identify(wsl.localhost) by extensions ['python_setup_py']
[1.747s] Level 1:colcon.colcon_core.package_identification:_identify(wsl.localhost) by extension 'python_setup_py'
[1.747s] Level 1:colcon.colcon_core.package_identification:_identify(wsl.localhost/Ubuntu-22.04) by extensions ['ignore', 'ignore_ament_install']
[1.747s] Level 1:colcon.colcon_core.package_identification:_identify(wsl.localhost/Ubuntu-22.04) by extension 'ignore'
[1.747s] Level 1:colcon.colcon_core.package_identification:_identify(wsl.localhost/Ubuntu-22.04) by extension 'ignore_ament_install'
[1.747s] Level 1:colcon.colcon_core.package_identification:_identify(wsl.localhost/Ubuntu-22.04) by extensions ['colcon_pkg']
[1.747s] Level 1:colcon.colcon_core.package_identification:_identify(wsl.localhost/Ubuntu-22.04) by extension 'colcon_pkg'
[1.748s] Level 1:colcon.colcon_core.package_identification:_identify(wsl.localhost/Ubuntu-22.04) by extensions ['colcon_meta']
[1.748s] Level 1:colcon.colcon_core.package_identification:_identify(wsl.localhost/Ubuntu-22.04) by extension 'colcon_meta'
[1.748s] Level 1:colcon.colcon_core.package_identification:_identify(wsl.localhost/Ubuntu-22.04) by extensions ['ros']
[1.748s] Level 1:colcon.colcon_core.package_identification:_identify(wsl.localhost/Ubuntu-22.04) by extension 'ros'
[1.748s] Level 1:colcon.colcon_core.package_identification:_identify(wsl.localhost/Ubuntu-22.04) by extensions ['cmake', 'python']
[1.748s] Level 1:colcon.colcon_core.package_identification:_identify(wsl.localhost/Ubuntu-22.04) by extension 'cmake'
[1.748s] Level 1:colcon.colcon_core.package_identification:_identify(wsl.localhost/Ubuntu-22.04) by extension 'python'
[1.748s] Level 1:colcon.colcon_core.package_identification:_identify(wsl.localhost/Ubuntu-22.04) by extensions ['python_setup_py']
[1.748s] Level 1:colcon.colcon_core.package_identification:_identify(wsl.localhost/Ubuntu-22.04) by extension 'python_setup_py'
[1.748s] Level 1:colcon.colcon_core.package_identification:_identify(wsl.localhost/Ubuntu-22.04/home) by extensions ['ignore', 'ignore_ament_install']
[1.748s] Level 1:colcon.colcon_core.package_identification:_identify(wsl.localhost/Ubuntu-22.04/home) by extension 'ignore'
[1.748s] Level 1:colcon.colcon_core.package_identification:_identify(wsl.localhost/Ubuntu-22.04/home) by extension 'ignore_ament_install'
[1.749s] Level 1:colcon.colcon_core.package_identification:_identify(wsl.localhost/Ubuntu-22.04/home) by extensions ['colcon_pkg']
[1.749s] Level 1:colcon.colcon_core.package_identification:_identify(wsl.localhost/Ubuntu-22.04/home) by extension 'colcon_pkg'
[1.749s] Level 1:colcon.colcon_core.package_identification:_identify(wsl.localhost/Ubuntu-22.04/home) by extensions ['colcon_meta']
[1.749s] Level 1:colcon.colcon_core.package_identification:_identify(wsl.localhost/Ubuntu-22.04/home) by extension 'colcon_meta'
[1.749s] Level 1:colcon.colcon_core.package_identification:_identify(wsl.localhost/Ubuntu-22.04/home) by extensions ['ros']
[1.749s] Level 1:colcon.colcon_core.package_identification:_identify(wsl.localhost/Ubuntu-22.04/home) by extension 'ros'
[1.749s] Level 1:colcon.colcon_core.package_identification:_identify(wsl.localhost/Ubuntu-22.04/home) by extensions ['cmake', 'python']
[1.749s] Level 1:colcon.colcon_core.package_identification:_identify(wsl.localhost/Ubuntu-22.04/home) by extension 'cmake'
[1.749s] Level 1:colcon.colcon_core.package_identification:_identify(wsl.localhost/Ubuntu-22.04/home) by extension 'python'
[1.749s] Level 1:colcon.colcon_core.package_identification:_identify(wsl.localhost/Ubuntu-22.04/home) by extensions ['python_setup_py']
[1.749s] Level 1:colcon.colcon_core.package_identification:_identify(wsl.localhost/Ubuntu-22.04/home) by extension 'python_setup_py'
[1.749s] Level 1:colcon.colcon_core.package_identification:_identify(wsl.localhost/Ubuntu-22.04/home/xelf) by extensions ['ignore', 'ignore_ament_install']
[1.750s] Level 1:colcon.colcon_core.package_identification:_identify(wsl.localhost/Ubuntu-22.04/home/xelf) by extension 'ignore'
[1.750s] Level 1:colcon.colcon_core.package_identification:_identify(wsl.localhost/Ubuntu-22.04/home/xelf) by extension 'ignore_ament_install'
[1.750s] Level 1:colcon.colcon_core.package_identification:_identify(wsl.localhost/Ubuntu-22.04/home/xelf) by extensions ['colcon_pkg']
[1.750s] Level 1:colcon.colcon_core.package_identification:_identify(wsl.localhost/Ubuntu-22.04/home/xelf) by extension 'colcon_pkg'
[1.750s] Level 1:colcon.colcon_core.package_identification:_identify(wsl.localhost/Ubuntu-22.04/home/xelf) by extensions ['colcon_meta']
[1.750s] Level 1:colcon.colcon_core.package_identification:_identify(wsl.localhost/Ubuntu-22.04/home/xelf) by extension 'colcon_meta'
[1.750s] Level 1:colcon.colcon_core.package_identification:_identify(wsl.localhost/Ubuntu-22.04/home/xelf) by extensions ['ros']
[1.750s] Level 1:colcon.colcon_core.package_identification:_identify(wsl.localhost/Ubuntu-22.04/home/xelf) by extension 'ros'
[1.750s] Level 1:colcon.colcon_core.package_identification:_identify(wsl.localhost/Ubuntu-22.04/home/xelf) by extensions ['cmake', 'python']
[1.750s] Level 1:colcon.colcon_core.package_identification:_identify(wsl.localhost/Ubuntu-22.04/home/xelf) by extension 'cmake'
[1.751s] Level 1:colcon.colcon_core.package_identification:_identify(wsl.localhost/Ubuntu-22.04/home/xelf) by extension 'python'
[1.751s] Level 1:colcon.colcon_core.package_identification:_identify(wsl.localhost/Ubuntu-22.04/home/xelf) by extensions ['python_setup_py']
[1.751s] Level 1:colcon.colcon_core.package_identification:_identify(wsl.localhost/Ubuntu-22.04/home/xelf) by extension 'python_setup_py'
[1.751s] Level 1:colcon.colcon_core.package_identification:_identify(wsl.localhost/Ubuntu-22.04/home/xelf/warehouse-automation-001) by extensions ['ignore', 'ignore_ament_install']
[1.751s] Level 1:colcon.colcon_core.package_identification:_identify(wsl.localhost/Ubuntu-22.04/home/xelf/warehouse-automation-001) by extension 'ignore'
[1.751s] Level 1:colcon.colcon_core.package_identification:_identify(wsl.localhost/Ubuntu-22.04/home/xelf/warehouse-automation-001) by extension 'ignore_ament_install'
[1.752s] Level 1:colcon.colcon_core.package_identification:_identify(wsl.localhost/Ubuntu-22.04/home/xelf/warehouse-automation-001) by extensions ['colcon_pkg']
[1.752s] Level 1:colcon.colcon_core.package_identification:_identify(wsl.localhost/Ubuntu-22.04/home/xelf/warehouse-automation-001) by extension 'colcon_pkg'
[1.752s] Level 1:colcon.colcon_core.package_identification:_identify(wsl.localhost/Ubuntu-22.04/home/xelf/warehouse-automation-001) by extensions ['colcon_meta']
[1.752s] Level 1:colcon.colcon_core.package_identification:_identify(wsl.localhost/Ubuntu-22.04/home/xelf/warehouse-automation-001) by extension 'colcon_meta'
[1.752s] Level 1:colcon.colcon_core.package_identification:_identify(wsl.localhost/Ubuntu-22.04/home/xelf/warehouse-automation-001) by extensions ['ros']
[1.752s] Level 1:colcon.colcon_core.package_identification:_identify(wsl.localhost/Ubuntu-22.04/home/xelf/warehouse-automation-001) by extension 'ros'
[1.752s] Level 1:colcon.colcon_core.package_identification:_identify(wsl.localhost/Ubuntu-22.04/home/xelf/warehouse-automation-001) by extensions ['cmake', 'python']
[1.752s] Level 1:colcon.colcon_core.package_identification:_identify(wsl.localhost/Ubuntu-22.04/home/xelf/warehouse-automation-001) by extension 'cmake'
[1.752s] Level 1:colcon.colcon_core.package_identification:_identify(wsl.localhost/Ubuntu-22.04/home/xelf/warehouse-automation-001) by extension 'python'
[1.752s] Level 1:colcon.colcon_core.package_identification:_identify(wsl.localhost/Ubuntu-22.04/home/xelf/warehouse-automation-001) by extensions ['python_setup_py']
[1.752s] Level 1:colcon.colcon_core.package_identification:_identify(wsl.localhost/Ubuntu-22.04/home/xelf/warehouse-automation-001) by extension 'python_setup_py'
[1.753s] Level 1:colcon.colcon_core.package_identification:_identify(wsl.localhost/Ubuntu-22.04/home/xelf/warehouse-automation-001/amr_description) by extensions ['ignore', 'ignore_ament_install']
[1.753s] Level 1:colcon.colcon_core.package_identification:_identify(wsl.localhost/Ubuntu-22.04/home/xelf/warehouse-automation-001/amr_description) by extension 'ignore'
[1.753s] Level 1:colcon.colcon_core.package_identification:_identify(wsl.localhost/Ubuntu-22.04/home/xelf/warehouse-automation-001/amr_description) by extension 'ignore_ament_install'
[1.753s] Level 1:colcon.colcon_core.package_identification:_identify(wsl.localhost/Ubuntu-22.04/home/xelf/warehouse-automation-001/amr_description) by extensions ['colcon_pkg']
[1.753s] Level 1:colcon.colcon_core.package_identification:_identify(wsl.localhost/Ubuntu-22.04/home/xelf/warehouse-automation-001/amr_description) by extension 'colcon_pkg'
[1.753s] Level 1:colcon.colcon_core.package_identification:_identify(wsl.localhost/Ubuntu-22.04/home/xelf/warehouse-automation-001/amr_description) by extensions ['colcon_meta']
[1.753s] Level 1:colcon.colcon_core.package_identification:_identify(wsl.localhost/Ubuntu-22.04/home/xelf/warehouse-automation-001/amr_description) by extension 'colcon_meta'
[1.753s] Level 1:colcon.colcon_core.package_identification:_identify(wsl.localhost/Ubuntu-22.04/home/xelf/warehouse-automation-001/amr_description) by extensions ['ros']
[1.753s] Level 1:colcon.colcon_core.package_identification:_identify(wsl.localhost/Ubuntu-22.04/home/xelf/warehouse-automation-001/amr_description) by extension 'ros'
[1.753s] Level 1:colcon.colcon_core.package_identification:_identify(wsl.localhost/Ubuntu-22.04/home/xelf/warehouse-automation-001/amr_description) by extensions ['cmake', 'python']
[1.753s] Level 1:colcon.colcon_core.package_identification:_identify(wsl.localhost/Ubuntu-22.04/home/xelf/warehouse-automation-001/amr_description) by extension 'cmake'
[1.753s] Level 1:colcon.colcon_core.package_identification:_identify(wsl.localhost/Ubuntu-22.04/home/xelf/warehouse-automation-001/amr_description) by extension 'python'
[1.753s] Level 1:colcon.colcon_core.package_identification:_identify(wsl.localhost/Ubuntu-22.04/home/xelf/warehouse-automation-001/amr_description) by extensions ['python_setup_py']
[1.753s] Level 1:colcon.colcon_core.package_identification:_identify(wsl.localhost/Ubuntu-22.04/home/xelf/warehouse-automation-001/amr_description) by extension 'python_setup_py'
[1.754s] Level 1:colcon.colcon_core.package_identification:_identify(wsl.localhost/Ubuntu-22.04/home/xelf/warehouse-automation-001/amr_description/gazebo) by extensions ['ignore', 'ignore_ament_install']
[1.754s] Level 1:colcon.colcon_core.package_identification:_identify(wsl.localhost/Ubuntu-22.04/home/xelf/warehouse-automation-001/amr_description/gazebo) by extension 'ignore'
[1.754s] Level 1:colcon.colcon_core.package_identification:_identify(wsl.localhost/Ubuntu-22.04/home/xelf/warehouse-automation-001/amr_description/gazebo) by extension 'ignore_ament_install'
[1.754s] Level 1:colcon.colcon_core.package_identification:_identify(wsl.localhost/Ubuntu-22.04/home/xelf/warehouse-automation-001/amr_description/gazebo) by extensions ['colcon_pkg']
[1.754s] Level 1:colcon.colcon_core.package_identification:_identify(wsl.localhost/Ubuntu-22.04/home/xelf/warehouse-automation-001/amr_description/gazebo) by extension 'colcon_pkg'
[1.754s] Level 1:colcon.colcon_core.package_identification:_identify(wsl.localhost/Ubuntu-22.04/home/xelf/warehouse-automation-001/amr_description/gazebo) by extensions ['colcon_meta']
[1.755s] Level 1:colcon.colcon_core.package_identification:_identify(wsl.localhost/Ubuntu-22.04/home/xelf/warehouse-automation-001/amr_description/gazebo) by extension 'colcon_meta'
[1.755s] Level 1:colcon.colcon_core.package_identification:_identify(wsl.localhost/Ubuntu-22.04/home/xelf/warehouse-automation-001/amr_description/gazebo) by extensions ['ros']
[1.755s] Level 1:colcon.colcon_core.package_identification:_identify(wsl.localhost/Ubuntu-22.04/home/xelf/warehouse-automation-001/amr_description/gazebo) by extension 'ros'
[1.755s] Level 1:colcon.colcon_core.package_identification:_identify(wsl.localhost/Ubuntu-22.04/home/xelf/warehouse-automation-001/amr_description/gazebo) by extensions ['cmake', 'python']
[1.755s] Level 1:colcon.colcon_core.package_identification:_identify(wsl.localhost/Ubuntu-22.04/home/xelf/warehouse-automation-001/amr_description/gazebo) by extension 'cmake'
[1.755s] Level 1:colcon.colcon_core.package_identification:_identify(wsl.localhost/Ubuntu-22.04/home/xelf/warehouse-automation-001/amr_description/gazebo) by extension 'python'
[1.755s] Level 1:colcon.colcon_core.package_identification:_identify(wsl.localhost/Ubuntu-22.04/home/xelf/warehouse-automation-001/amr_description/gazebo) by extensions ['python_setup_py']
[1.755s] Level 1:colcon.colcon_core.package_identification:_identify(wsl.localhost/Ubuntu-22.04/home/xelf/warehouse-automation-001/amr_description/gazebo) by extension 'python_setup_py'
[1.755s] Level 1:colcon.colcon_core.package_identification:_identify(wsl.localhost/Ubuntu-22.04/home/xelf/warehouse-automation-001/orchestrator) by extensions ['ignore', 'ignore_ament_install']
[1.756s] Level 1:colcon.colcon_core.package_identification:_identify(wsl.localhost/Ubuntu-22.04/home/xelf/warehouse-automation-001/orchestrator) by extension 'ignore'
[1.756s] Level 1:colcon.colcon_core.package_identification:_identify(wsl.localhost/Ubuntu-22.04/home/xelf/warehouse-automation-001/orchestrator) by extension 'ignore_ament_install'
[1.756s] Level 1:colcon.colcon_core.package_identification:_identify(wsl.localhost/Ubuntu-22.04/home/xelf/warehouse-automation-001/orchestrator) by extensions ['colcon_pkg']
[1.756s] Level 1:colcon.colcon_core.package_identification:_identify(wsl.localhost/Ubuntu-22.04/home/xelf/warehouse-automation-001/orchestrator) by extension 'colcon_pkg'
[1.756s] Level 1:colcon.colcon_core.package_identification:_identify(wsl.localhost/Ubuntu-22.04/home/xelf/warehouse-automation-001/orchestrator) by extensions ['colcon_meta']
[1.756s] Level 1:colcon.colcon_core.package_identification:_identify(wsl.localhost/Ubuntu-22.04/home/xelf/warehouse-automation-001/orchestrator) by extension 'colcon_meta'
[1.756s] Level 1:colcon.colcon_core.package_identification:_identify(wsl.localhost/Ubuntu-22.04/home/xelf/warehouse-automation-001/orchestrator) by extensions ['ros']
[1.756s] Level 1:colcon.colcon_core.package_identification:_identify(wsl.localhost/Ubuntu-22.04/home/xelf/warehouse-automation-001/orchestrator) by extension 'ros'
[1.756s] Level 1:colcon.colcon_core.package_identification:_identify(wsl.localhost/Ubuntu-22.04/home/xelf/warehouse-automation-001/orchestrator) by extensions ['cmake', 'python']
[1.756s] Level 1:colcon.colcon_core.package_identification:_identify(wsl.localhost/Ubuntu-22.04/home/xelf/warehouse-automation-001/orchestrator) by extension 'cmake'
[1.756s] Level 1:colcon.colcon_core.package_identification:_identify(wsl.localhost/Ubuntu-22.04/home/xelf/warehouse-automation-001/orchestrator) by extension 'python'
[1.756s] Level 1:colcon.colcon_core.package_identification:_identify(wsl.localhost/Ubuntu-22.04/home/xelf/warehouse-automation-001/orchestrator) by extensions ['python_setup_py']
[1.756s] Level 1:colcon.colcon_core.package_identification:_identify(wsl.localhost/Ubuntu-22.04/home/xelf/warehouse-automation-001/orchestrator) by extension 'python_setup_py'
[1.756s] Level 1:colcon.colcon_core.package_identification:_identify(wsl.localhost/Ubuntu-22.04/home/xelf/warehouse-automation-001/orchestrator/params) by extensions ['ignore', 'ignore_ament_install']
[1.756s] Level 1:colcon.colcon_core.package_identification:_identify(wsl.localhost/Ubuntu-22.04/home/xelf/warehouse-automation-001/orchestrator/params) by extension 'ignore'
[1.756s] Level 1:colcon.colcon_core.package_identification:_identify(wsl.localhost/Ubuntu-22.04/home/xelf/warehouse-automation-001/orchestrator/params) by extension 'ignore_ament_install'
[1.757s] Level 1:colcon.colcon_core.package_identification:_identify(wsl.localhost/Ubuntu-22.04/home/xelf/warehouse-automation-001/orchestrator/params) by extensions ['colcon_pkg']
[1.757s] Level 1:colcon.colcon_core.package_identification:_identify(wsl.localhost/Ubuntu-22.04/home/xelf/warehouse-automation-001/orchestrator/params) by extension 'colcon_pkg'
[1.757s] Level 1:colcon.colcon_core.package_identification:_identify(wsl.localhost/Ubuntu-22.04/home/xelf/warehouse-automation-001/orchestrator/params) by extensions ['colcon_meta']
[1.757s] Level 1:colcon.colcon_core.package_identification:_identify(wsl.localhost/Ubuntu-22.04/home/xelf/warehouse-automation-001/orchestrator/params) by extension 'colcon_meta'
[1.757s] Level 1:colcon.colcon_core.package_identification:_identify(wsl.localhost/Ubuntu-22.04/home/xelf/warehouse-automation-001/orchestrator/params) by extensions ['ros']
[1.757s] Level 1:colcon.colcon_core.package_identification:_identify(wsl.localhost/Ubuntu-22.04/home/xelf/warehouse-automation-001/orchestrator/params) by extension 'ros'
[1.757s] Level 1:colcon.colcon_core.package_identification:_identify(wsl.localhost/Ubuntu-22.04/home/xelf/warehouse-automation-001/orchestrator/params) by extensions ['cmake', 'python']
[1.757s] Level 1:colcon.colcon_core.package_identification:_identify(wsl.localhost/Ubuntu-22.04/home/xelf/warehouse-automation-001/orchestrator/params) by extension 'cmake'
[1.757s] Level 1:colcon.colcon_core.package_identification:_identify(wsl.localhost/Ubuntu-22.04/home/xelf/warehouse-automation-001/orchestrator/params) by extension 'python'
[1.757s] Level 1:colcon.colcon_core.package_identification:_identify(wsl.localhost/Ubuntu-22.04/home/xelf/warehouse-automation-001/orchestrator/params) by extensions ['python_setup_py']
[1.757s] Level 1:colcon.colcon_core.package_identification:_identify(wsl.localhost/Ubuntu-22.04/home/xelf/warehouse-automation-001/orchestrator/params) by extension 'python_setup_py'
[1.757s] Level 1:colcon.colcon_core.package_discovery:discover_packages(recursive) using defaults
[1.757s] Level 1:colcon.colcon_core.package_discovery:discover_packages(ignore) discover
[1.757s] Level 1:colcon.colcon_core.package_discovery:discover_packages(ignore) using defaults
[1.757s] Level 1:colcon.colcon_core.package_discovery:discover_packages(path) discover
[1.757s] Level 1:colcon.colcon_core.package_discovery:discover_packages(path) using defaults
[1.829s] INFO:colcon.colcon_core.package_selection:Skipping not selected package 'amr_description' in 'amr_description'
[1.829s] INFO:colcon.colcon_core.package_selection:Skipping not selected package 'cuopt_bridge' in 'cuopt_bridge'
[1.829s] INFO:colcon.colcon_core.package_selection:Skipping not selected package 'hello_world_pkgs' in 'hello_world_pkgs'
[1.829s] INFO:colcon.colcon_core.package_selection:Skipping not selected package 'order_system' in 'order_system'
[1.829s] INFO:colcon.colcon_core.package_selection:Skipping not selected package 'warehouse_msgs' in 'warehouse_msgs'
[1.831s] Level 1:colcon.colcon_core.package_discovery:discover_packages(prefix_path) check parameters
[1.831s] Level 1:colcon.colcon_core.package_discovery:discover_packages(prefix_path) discover
[1.840s] DEBUG:colcon.colcon_installed_package_information.package_discovery:Found 383 installed packages in /opt/ros/humble
[1.843s] Level 1:colcon.colcon_core.package_discovery:discover_packages(prefix_path) using defaults
[1.908s] Level 5:colcon.colcon_core.verb:set package 'orchestrator' build argument 'cmake_args' from command line to 'None'
[1.908s] Level 5:colcon.colcon_core.verb:set package 'orchestrator' build argument 'cmake_target' from command line to 'None'
[1.908s] Level 5:colcon.colcon_core.verb:set package 'orchestrator' build argument 'cmake_target_skip_unavailable' from command line to 'False'
[1.908s] Level 5:colcon.colcon_core.verb:set package 'orchestrator' build argument 'cmake_clean_cache' from command line to 'False'
[1.908s] Level 5:colcon.colcon_core.verb:set package 'orchestrator' build argument 'cmake_clean_first' from command line to 'False'
[1.908s] Level 5:colcon.colcon_core.verb:set package 'orchestrator' build argument 'cmake_force_configure' from command line to 'False'
[1.908s] Level 5:colcon.colcon_core.verb:set package 'orchestrator' build argument 'ament_cmake_args' from command line to 'None'
[1.908s] Level 5:colcon.colcon_core.verb:set package 'orchestrator' build argument 'catkin_cmake_args' from command line to 'None'
[1.908s] Level 5:colcon.colcon_core.verb:set package 'orchestrator' build argument 'catkin_skip_building_tests' from command line to 'False'
[1.908s] DEBUG:colcon.colcon_core.verb:Building package 'orchestrator' with the following arguments: {'ament_cmake_args': None, 'build_base': '/home/xelf/warehouse-automation-001/build/orchestrator', 'catkin_cmake_args': None, 'catkin_skip_building_tests': False, 'cmake_args': None, 'cmake_clean_cache': False, 'cmake_clean_first': False, 'cmake_force_configure': False, 'cmake_target': None, 'cmake_target_skip_unavailable': False, 'install_base': '/home/xelf/warehouse-automation-001/install/orchestrator', 'merge_install': False, 'path': '/home/xelf/warehouse-automation-001/orchestrator', 'symlink_install': True, 'test_result_base': None}
[1.909s] INFO:colcon.colcon_core.executor:Executing jobs using 'parallel' executor
[1.911s] DEBUG:colcon.colcon_parallel_executor.executor.parallel:run_until_complete
[1.911s] INFO:colcon.colcon_ros.task.ament_python.build:Building ROS package in '/home/xelf/warehouse-automation-001/orchestrator' with build type 'ament_python'
[1.911s] Level 1:colcon.colcon_core.shell:create_environment_hook('orchestrator', 'ament_prefix_path')
[1.923s] INFO:colcon.colcon_core.plugin_system:Skipping extension 'colcon_core.shell.bat': Not used on non-Windows systems
[1.924s] INFO:colcon.colcon_core.shell:Creating environment hook '/home/xelf/warehouse-automation-001/install/orchestrator/share/orchestrator/hook/ament_prefix_path.ps1'
[1.926s] INFO:colcon.colcon_core.shell:Creating environment descriptor '/home/xelf/warehouse-automation-001/install/orchestrator/share/orchestrator/hook/ament_prefix_path.dsv'
[1.928s] INFO:colcon.colcon_core.shell:Creating environment hook '/home/xelf/warehouse-automation-001/install/orchestrator/share/orchestrator/hook/ament_prefix_path.sh'
[1.931s] INFO:colcon.colcon_core.shell:Skip shell extension 'powershell' for command environment: Not usable outside of PowerShell
[1.931s] DEBUG:colcon.colcon_core.shell:Skip shell extension 'dsv' for command environment
[2.305s] INFO:colcon.colcon_core.task.python.build:Building Python package in '/home/xelf/warehouse-automation-001/orchestrator'
[2.305s] INFO:colcon.colcon_core.shell:Skip shell extension 'powershell' for command environment: Not usable outside of PowerShell
[2.305s] DEBUG:colcon.colcon_core.shell:Skip shell extension 'dsv' for command environment
[3.367s] DEBUG:colcon.colcon_core.task.python.build:While undoing a previous installation files outside the Python library path are being ignored: /home/xelf/warehouse-automation-001/install/orchestrator/share/ament_index/resource_index/packages/orchestrator
[3.367s] DEBUG:colcon.colcon_core.task.python.build:While undoing a previous installation files outside the Python library path are being ignored: /home/xelf/warehouse-automation-001/install/orchestrator/share/orchestrator/package.xml
[3.367s] DEBUG:colcon.colcon_core.task.python.build:While undoing a previous installation files outside the Python library path are being ignored: /home/xelf/warehouse-automation-001/install/orchestrator/share/orchestrator/launch/nav2_amr1.launch.py
[3.367s] DEBUG:colcon.colcon_core.task.python.build:While undoing a previous installation files outside the Python library path are being ignored: /home/xelf/warehouse-automation-001/install/orchestrator/share/orchestrator/launch/nav2_all.launch.py
[3.367s] DEBUG:colcon.colcon_core.task.python.build:While undoing a previous installation files outside the Python library path are being ignored: /home/xelf/warehouse-automation-001/install/orchestrator/share/orchestrator/launch/nav2_amr2.launch.py
[3.367s] DEBUG:colcon.colcon_core.task.python.build:While undoing a previous installation files outside the Python library path are being ignored: /home/xelf/warehouse-automation-001/install/orchestrator/share/orchestrator/launch/nav2_amr_simple.launch.py
[3.367s] DEBUG:colcon.colcon_core.task.python.build:While undoing a previous installation files outside the Python library path are being ignored: /home/xelf/warehouse-automation-001/install/orchestrator/share/orchestrator/launch/nav2_amr3.launch.py
[3.367s] DEBUG:colcon.colcon_core.task.python.build:While undoing a previous installation files outside the Python library path are being ignored: /home/xelf/warehouse-automation-001/install/orchestrator/share/orchestrator/launch/production_fleet.launch.py
[3.367s] DEBUG:colcon.colcon_core.task.python.build:While undoing a previous installation files outside the Python library path are being ignored: /home/xelf/warehouse-automation-001/install/orchestrator/share/orchestrator/launch/nav2_amr.launch.py
[3.367s] DEBUG:colcon.colcon_core.task.python.build:While undoing a previous installation files outside the Python library path are being ignored: /home/xelf/warehouse-automation-001/install/orchestrator/share/orchestrator/params/nav2_amr2.yaml
[3.367s] DEBUG:colcon.colcon_core.task.python.build:While undoing a previous installation files outside the Python library path are being ignored: /home/xelf/warehouse-automation-001/install/orchestrator/share/orchestrator/params/nav2_amr1.yaml
[3.367s] DEBUG:colcon.colcon_core.task.python.build:While undoing a previous installation files outside the Python library path are being ignored: /home/xelf/warehouse-automation-001/install/orchestrator/share/orchestrator/params/nav2_isaacsim.yaml
[3.367s] DEBUG:colcon.colcon_core.task.python.build:While undoing a previous installation files outside the Python library path are being ignored: /home/xelf/warehouse-automation-001/install/orchestrator/share/orchestrator/params/nav2_amr1_ref.yaml
[3.367s] DEBUG:colcon.colcon_core.task.python.build:While undoing a previous installation files outside the Python library path are being ignored: /home/xelf/warehouse-automation-001/install/orchestrator/share/orchestrator/params/nav2_gridfree.yaml
[3.367s] DEBUG:colcon.colcon_core.task.python.build:While undoing a previous installation files outside the Python library path are being ignored: /home/xelf/warehouse-automation-001/install/orchestrator/share/orchestrator/params/nav2_amr3.yaml
[3.369s] DEBUG:colcon.colcon_core.task.python.build:While undoing a previous installation files outside the Python library path are being ignored: /home/xelf/warehouse-automation-001/install/orchestrator/lib/orchestrator/amr_robot
[3.369s] DEBUG:colcon.colcon_core.task.python.build:While undoing a previous installation files outside the Python library path are being ignored: /home/xelf/warehouse-automation-001/install/orchestrator/lib/orchestrator/fleet_dashboard
[3.369s] DEBUG:colcon.colcon_core.task.python.build:While undoing a previous installation files outside the Python library path are being ignored: /home/xelf/warehouse-automation-001/install/orchestrator/lib/orchestrator/fleet_manager
[3.369s] DEBUG:colcon.colcon_core.task.python.build:While undoing a previous installation files outside the Python library path are being ignored: /home/xelf/warehouse-automation-001/install/orchestrator/lib/orchestrator/fleet_task_generator
[3.369s] DEBUG:colcon.colcon_core.task.python.build:While undoing a previous installation files outside the Python library path are being ignored: /home/xelf/warehouse-automation-001/install/orchestrator/lib/orchestrator/fleet_visualization
[3.369s] DEBUG:colcon.colcon_core.task.python.build:While undoing a previous installation files outside the Python library path are being ignored: /home/xelf/warehouse-automation-001/install/orchestrator/lib/orchestrator/gazebo_fleet_mover
[3.370s] DEBUG:colcon.colcon_core.task.python.build:While undoing a previous installation files outside the Python library path are being ignored: /home/xelf/warehouse-automation-001/install/orchestrator/lib/orchestrator/gazebo_velocity_mover
[3.370s] DEBUG:colcon.colcon_core.task.python.build:While undoing a previous installation files outside the Python library path are being ignored: /home/xelf/warehouse-automation-001/install/orchestrator/lib/orchestrator/mock_odom_publisher
[3.370s] DEBUG:colcon.colcon_core.task.python.build:While undoing a previous installation files outside the Python library path are being ignored: /home/xelf/warehouse-automation-001/install/orchestrator/lib/orchestrator/orchestrator
[3.370s] DEBUG:colcon.colcon_core.task.python.build:While undoing a previous installation files outside the Python library path are being ignored: /home/xelf/warehouse-automation-001/install/orchestrator/lib/orchestrator/robot_state_monitor
[3.370s] DEBUG:colcon.colcon_core.task.python.build:While undoing a previous installation files outside the Python library path are being ignored: /home/xelf/warehouse-automation-001/install/orchestrator/lib/orchestrator/simple_mover
[3.370s] DEBUG:colcon.colcon_core.task.python.build:While undoing a previous installation files outside the Python library path are being ignored: /home/xelf/warehouse-automation-001/install/orchestrator/lib/orchestrator/task_executor
[3.370s] DEBUG:colcon.colcon_core.task.python.build:While undoing a previous installation files outside the Python library path are being ignored: /home/xelf/warehouse-automation-001/install/orchestrator/lib/orchestrator/test_gazebo_mover
[3.379s] DEBUG:colcon.colcon_core.event_handler.log_command:Invoking command in '/home/xelf/warehouse-automation-001/build/orchestrator': PYTHONPATH=/home/xelf/warehouse-automation-001/build/orchestrator/prefix_override:/usr/lib/python3/dist-packages/colcon_core/task/python/colcon_distutils_commands:/home/xelf/warehouse-automation-001/install/orchestrator/lib/python3.10/site-packages:${PYTHONPATH} /usr/bin/python3 -W ignore:setup.py install is deprecated -W ignore:easy_install command is deprecated setup.py develop --editable --build-directory /home/xelf/warehouse-automation-001/build/orchestrator/build --no-deps symlink_data --force
[4.076s] Level 1:colcon.colcon_core.shell:create_environment_hook('orchestrator', 'pythonpath_develop')
[4.076s] INFO:colcon.colcon_core.shell:Creating environment hook '/home/xelf/warehouse-automation-001/build/orchestrator/share/orchestrator/hook/pythonpath_develop.ps1'
[4.077s] DEBUG:colcon.colcon_core.event_handler.log_command:Invoked command in '/home/xelf/warehouse-automation-001/build/orchestrator' returned '0': PYTHONPATH=/home/xelf/warehouse-automation-001/build/orchestrator/prefix_override:/usr/lib/python3/dist-packages/colcon_core/task/python/colcon_distutils_commands:/home/xelf/warehouse-automation-001/install/orchestrator/lib/python3.10/site-packages:${PYTHONPATH} /usr/bin/python3 -W ignore:setup.py install is deprecated -W ignore:easy_install command is deprecated setup.py develop --editable --build-directory /home/xelf/warehouse-automation-001/build/orchestrator/build --no-deps symlink_data --force
[4.078s] INFO:colcon.colcon_core.shell:Creating environment descriptor '/home/xelf/warehouse-automation-001/build/orchestrator/share/orchestrator/hook/pythonpath_develop.dsv'
[4.079s] INFO:colcon.colcon_core.shell:Creating environment hook '/home/xelf/warehouse-automation-001/build/orchestrator/share/orchestrator/hook/pythonpath_develop.sh'
[4.095s] Level 1:colcon.colcon_core.environment:checking '/home/xelf/warehouse-automation-001/install/orchestrator' for CMake module files
[4.096s] Level 1:colcon.colcon_core.environment:checking '/home/xelf/warehouse-automation-001/install/orchestrator' for CMake config files
[4.097s] Level 1:colcon.colcon_core.environment:checking '/home/xelf/warehouse-automation-001/install/orchestrator/lib'
[4.097s] Level 1:colcon.colcon_core.environment:checking '/home/xelf/warehouse-automation-001/install/orchestrator/bin'
[4.097s] Level 1:colcon.colcon_core.environment:checking '/home/xelf/warehouse-automation-001/install/orchestrator/lib/pkgconfig/orchestrator.pc'
[4.098s] Level 1:colcon.colcon_core.environment:checking '/home/xelf/warehouse-automation-001/install/orchestrator/lib/python3.10/site-packages'
[4.098s] Level 1:colcon.colcon_core.shell:create_environment_hook('orchestrator', 'pythonpath')
[4.098s] INFO:colcon.colcon_core.shell:Creating environment hook '/home/xelf/warehouse-automation-001/install/orchestrator/share/orchestrator/hook/pythonpath.ps1'
[4.099s] INFO:colcon.colcon_core.shell:Creating environment descriptor '/home/xelf/warehouse-automation-001/install/orchestrator/share/orchestrator/hook/pythonpath.dsv'
[4.100s] INFO:colcon.colcon_core.shell:Creating environment hook '/home/xelf/warehouse-automation-001/install/orchestrator/share/orchestrator/hook/pythonpath.sh'
[4.101s] Level 1:colcon.colcon_core.environment:checking '/home/xelf/warehouse-automation-001/install/orchestrator/bin'
[4.101s] Level 1:colcon.colcon_core.environment:create_environment_scripts_only(orchestrator)
[4.101s] INFO:colcon.colcon_core.shell:Creating package script '/home/xelf/warehouse-automation-001/install/orchestrator/share/orchestrator/package.ps1'
[4.104s] INFO:colcon.colcon_core.shell:Creating package descriptor '/home/xelf/warehouse-automation-001/install/orchestrator/share/orchestrator/package.dsv'
[4.105s] INFO:colcon.colcon_core.shell:Creating package script '/home/xelf/warehouse-automation-001/install/orchestrator/share/orchestrator/package.sh'
[4.107s] INFO:colcon.colcon_core.shell:Creating package script '/home/xelf/warehouse-automation-001/install/orchestrator/share/orchestrator/package.bash'
[4.109s] INFO:colcon.colcon_core.shell:Creating package script '/home/xelf/warehouse-automation-001/install/orchestrator/share/orchestrator/package.zsh'
[4.112s] Level 1:colcon.colcon_core.environment:create_file_with_runtime_dependencies(/home/xelf/warehouse-automation-001/install/orchestrator/share/colcon-core/packages/orchestrator)
[4.113s] DEBUG:colcon.colcon_parallel_executor.executor.parallel:closing loop
[4.113s] DEBUG:colcon.colcon_parallel_executor.executor.parallel:loop closed
[4.113s] DEBUG:colcon.colcon_parallel_executor.executor.parallel:run_until_complete finished with '0'
[4.113s] DEBUG:colcon.colcon_core.event_reactor:joining thread
[4.368s] INFO:colcon.colcon_core.plugin_system:Skipping extension 'colcon_notification.desktop_notification.notify_send': Could not find 'notify-send'
[4.368s] INFO:colcon.colcon_core.plugin_system:Skipping extension 'colcon_notification.desktop_notification.terminal_notifier': Not used on non-Darwin systems
[4.368s] INFO:colcon.colcon_core.plugin_system:Skipping extension 'colcon_notification.desktop_notification.win32': Not used on non-Windows systems
[4.368s] INFO:colcon.colcon_notification.desktop_notification:Sending desktop notification using 'notify2'
[4.370s] DEBUG:colcon.colcon_notification.desktop_notification.notify2:Failed to initialize notify2: org.freedesktop.DBus.Error.FileNotFound: Failed to connect to socket /run/user/1000/bus: No such file or directory
[4.370s] DEBUG:colcon.colcon_core.event_reactor:joined thread
[4.371s] INFO:colcon.colcon_core.shell:Creating prefix script '/home/xelf/warehouse-automation-001/install/local_setup.ps1'
[4.374s] INFO:colcon.colcon_core.shell:Creating prefix util module '/home/xelf/warehouse-automation-001/install/_local_setup_util_ps1.py'
[4.378s] INFO:colcon.colcon_core.shell:Creating prefix chain script '/home/xelf/warehouse-automation-001/install/setup.ps1'
[4.380s] INFO:colcon.colcon_core.shell:Creating prefix script '/home/xelf/warehouse-automation-001/install/local_setup.sh'
[4.382s] INFO:colcon.colcon_core.shell:Creating prefix util module '/home/xelf/warehouse-automation-001/install/_local_setup_util_sh.py'
[4.383s] INFO:colcon.colcon_core.shell:Creating prefix chain script '/home/xelf/warehouse-automation-001/install/setup.sh'
[4.385s] INFO:colcon.colcon_core.shell:Creating prefix script '/home/xelf/warehouse-automation-001/install/local_setup.bash'
[4.388s] INFO:colcon.colcon_core.shell:Creating prefix chain script '/home/xelf/warehouse-automation-001/install/setup.bash'
[4.390s] INFO:colcon.colcon_core.shell:Creating prefix script '/home/xelf/warehouse-automation-001/install/local_setup.zsh'
[4.391s] INFO:colcon.colcon_core.shell:Creating prefix chain script '/home/xelf/warehouse-automation-001/install/setup.zsh'
